[0.007s] Invoking command in '/home/kevin/radar_ws/build/pnp_calibration': AMENT_PREFIX_PATH=/home/kevin/radar_ws/install/camera_stream:${AMENT_PREFIX_PATH} CMAKE_PREFIX_PATH=/home/kevin/radar_ws/install/camera_stream:/opt/ros/jazzy/opt/gz_math_vendor:/opt/ros/jazzy/opt/gz_utils_vendor:/opt/ros/jazzy/opt/gz_cmake_vendor:/opt/ros/jazzy DEBUGINFOD_URLS=https://debuginfod.ubuntu.com LD_LIBRARY_PATH=/home/kevin/radar_ws/install/camera_stream/lib:${LD_LIBRARY_PATH} PYTHONPATH=/home/kevin/radar_ws/install/camera_stream/lib/python3.12/site-packages:${PYTHONPATH} /usr/bin/cmake --build /home/kevin/radar_ws/build/pnp_calibration -- -j32 -l32
[0.059s] [100%] Built target node_pnp_calibration
[0.071s] Invoked command in '/home/kevin/radar_ws/build/pnp_calibration' returned '0': AMENT_PREFIX_PATH=/home/kevin/radar_ws/install/camera_stream:${AMENT_PREFIX_PATH} CMAKE_PREFIX_PATH=/home/kevin/radar_ws/install/camera_stream:/opt/ros/jazzy/opt/gz_math_vendor:/opt/ros/jazzy/opt/gz_utils_vendor:/opt/ros/jazzy/opt/gz_cmake_vendor:/opt/ros/jazzy DEBUGINFOD_URLS=https://debuginfod.ubuntu.com LD_LIBRARY_PATH=/home/kevin/radar_ws/install/camera_stream/lib:${LD_LIBRARY_PATH} PYTHONPATH=/home/kevin/radar_ws/install/camera_stream/lib/python3.12/site-packages:${PYTHONPATH} /usr/bin/cmake --build /home/kevin/radar_ws/build/pnp_calibration -- -j32 -l32
[0.072s] Invoking command in '/home/kevin/radar_ws/build/pnp_calibration': AMENT_PREFIX_PATH=/home/kevin/radar_ws/install/camera_stream:${AMENT_PREFIX_PATH} CMAKE_PREFIX_PATH=/home/kevin/radar_ws/install/camera_stream:/opt/ros/jazzy/opt/gz_math_vendor:/opt/ros/jazzy/opt/gz_utils_vendor:/opt/ros/jazzy/opt/gz_cmake_vendor:/opt/ros/jazzy DEBUGINFOD_URLS=https://debuginfod.ubuntu.com LD_LIBRARY_PATH=/home/kevin/radar_ws/install/camera_stream/lib:${LD_LIBRARY_PATH} PYTHONPATH=/home/kevin/radar_ws/install/camera_stream/lib/python3.12/site-packages:${PYTHONPATH} /usr/bin/cmake --install /home/kevin/radar_ws/build/pnp_calibration
[0.078s] -- Install configuration: ""
[0.078s] -- Up-to-date: /home/kevin/radar_ws/install/pnp_calibration/share/ament_index/resource_index/package_run_dependencies/pnp_calibration
[0.078s] -- Up-to-date: /home/kevin/radar_ws/install/pnp_calibration/share/ament_index/resource_index/parent_prefix_path/pnp_calibration
[0.078s] -- Up-to-date: /home/kevin/radar_ws/install/pnp_calibration/share/pnp_calibration/environment/ament_prefix_path.sh
[0.078s] -- Up-to-date: /home/kevin/radar_ws/install/pnp_calibration/share/pnp_calibration/environment/ament_prefix_path.dsv
[0.079s] -- Up-to-date: /home/kevin/radar_ws/install/pnp_calibration/share/pnp_calibration/environment/path.sh
[0.079s] -- Up-to-date: /home/kevin/radar_ws/install/pnp_calibration/share/pnp_calibration/environment/path.dsv
[0.079s] -- Up-to-date: /home/kevin/radar_ws/install/pnp_calibration/share/pnp_calibration/local_setup.bash
[0.079s] -- Up-to-date: /home/kevin/radar_ws/install/pnp_calibration/share/pnp_calibration/local_setup.sh
[0.079s] -- Up-to-date: /home/kevin/radar_ws/install/pnp_calibration/share/pnp_calibration/local_setup.zsh
[0.079s] -- Up-to-date: /home/kevin/radar_ws/install/pnp_calibration/share/pnp_calibration/local_setup.dsv
[0.079s] -- Installing: /home/kevin/radar_ws/install/pnp_calibration/share/pnp_calibration/package.dsv
[0.079s] -- Up-to-date: /home/kevin/radar_ws/install/pnp_calibration/share/ament_index/resource_index/packages/pnp_calibration
[0.079s] -- Up-to-date: /home/kevin/radar_ws/install/pnp_calibration/share/pnp_calibration/cmake/pnp_calibrationConfig.cmake
[0.079s] -- Up-to-date: /home/kevin/radar_ws/install/pnp_calibration/share/pnp_calibration/cmake/pnp_calibrationConfig-version.cmake
[0.079s] -- Up-to-date: /home/kevin/radar_ws/install/pnp_calibration/share/pnp_calibration/package.xml
[0.079s] -- Up-to-date: /home/kevin/radar_ws/install/pnp_calibration/lib/pnp_calibration/node_pnp_calibration
[0.081s] Invoked command in '/home/kevin/radar_ws/build/pnp_calibration' returned '0': AMENT_PREFIX_PATH=/home/kevin/radar_ws/install/camera_stream:${AMENT_PREFIX_PATH} CMAKE_PREFIX_PATH=/home/kevin/radar_ws/install/camera_stream:/opt/ros/jazzy/opt/gz_math_vendor:/opt/ros/jazzy/opt/gz_utils_vendor:/opt/ros/jazzy/opt/gz_cmake_vendor:/opt/ros/jazzy DEBUGINFOD_URLS=https://debuginfod.ubuntu.com LD_LIBRARY_PATH=/home/kevin/radar_ws/install/camera_stream/lib:${LD_LIBRARY_PATH} PYTHONPATH=/home/kevin/radar_ws/install/camera_stream/lib/python3.12/site-packages:${PYTHONPATH} /usr/bin/cmake --install /home/kevin/radar_ws/build/pnp_calibration
