[0.064s] DEBUG:colcon:Command line arguments: ['/usr/bin/colcon', 'build']
[0.064s] DEBUG:colcon:Parsed command line arguments: Namespace(log_base=None, log_level=None, verb_name='build', build_base='build', install_base='install', merge_install=False, symlink_install=False, test_result_base=None, continue_on_error=False, executor='parallel', parallel_workers=32, event_handlers=None, ignore_user_meta=False, metas=['./colcon.meta'], base_paths=['.'], packages_ignore=None, packages_ignore_regex=None, paths=None, packages_up_to=None, packages_up_to_regex=None, packages_above=None, packages_above_and_dependencies=None, packages_above_depth=None, packages_select_by_dep=None, packages_skip_by_dep=None, packages_skip_up_to=None, packages_select_build_failed=False, packages_skip_build_finished=False, packages_select_test_failures=False, packages_skip_test_passed=False, packages_select=None, packages_skip=None, packages_select_regex=None, packages_skip_regex=None, packages_start=None, packages_end=None, allow_overriding=[], cmake_args=None, cmake_target=None, cmake_target_skip_unavailable=False, cmake_clean_cache=False, cmake_clean_first=False, cmake_force_configure=False, ament_cmake_args=None, catkin_cmake_args=None, catkin_skip_building_tests=False, verb_parser=<colcon_defaults.argument_parser.defaults.DefaultArgumentsDecorator object at 0x796d9ee61220>, verb_extension=<colcon_core.verb.build.BuildVerb object at 0x796d9f5757f0>, main=<bound method BuildVerb.main of <colcon_core.verb.build.BuildVerb object at 0x796d9f5757f0>>)
[0.088s] Level 1:colcon.colcon_core.package_discovery:discover_packages(colcon_meta) check parameters
[0.089s] Level 1:colcon.colcon_core.package_discovery:discover_packages(recursive) check parameters
[0.089s] Level 1:colcon.colcon_core.package_discovery:discover_packages(ignore) check parameters
[0.089s] Level 1:colcon.colcon_core.package_discovery:discover_packages(path) check parameters
[0.089s] Level 1:colcon.colcon_core.package_discovery:discover_packages(colcon_meta) discover
[0.089s] Level 1:colcon.colcon_core.package_discovery:discover_packages(recursive) discover
[0.089s] INFO:colcon.colcon_core.package_discovery:Crawling recursively for packages in '/home/kevin/radar_ws'
[0.089s] Level 1:colcon.colcon_core.package_identification:_identify(.) by extensions ['ignore', 'ignore_ament_install']
[0.089s] Level 1:colcon.colcon_core.package_identification:_identify(.) by extension 'ignore'
[0.089s] Level 1:colcon.colcon_core.package_identification:_identify(.) by extension 'ignore_ament_install'
[0.089s] Level 1:colcon.colcon_core.package_identification:_identify(.) by extensions ['colcon_pkg']
[0.089s] Level 1:colcon.colcon_core.package_identification:_identify(.) by extension 'colcon_pkg'
[0.089s] Level 1:colcon.colcon_core.package_identification:_identify(.) by extensions ['colcon_meta']
[0.089s] Level 1:colcon.colcon_core.package_identification:_identify(.) by extension 'colcon_meta'
[0.089s] Level 1:colcon.colcon_core.package_identification:_identify(.) by extensions ['ros']
[0.089s] Level 1:colcon.colcon_core.package_identification:_identify(.) by extension 'ros'
[0.106s] Level 1:colcon.colcon_core.package_identification:_identify(.) by extensions ['cmake', 'python']
[0.106s] Level 1:colcon.colcon_core.package_identification:_identify(.) by extension 'cmake'
[0.106s] Level 1:colcon.colcon_core.package_identification:_identify(.) by extension 'python'
[0.106s] Level 1:colcon.colcon_core.package_identification:_identify(.) by extensions ['python_setup_py']
[0.106s] Level 1:colcon.colcon_core.package_identification:_identify(.) by extension 'python_setup_py'
[0.106s] Level 1:colcon.colcon_core.package_identification:_identify(build) by extensions ['ignore', 'ignore_ament_install']
[0.106s] Level 1:colcon.colcon_core.package_identification:_identify(build) by extension 'ignore'
[0.106s] Level 1:colcon.colcon_core.package_identification:_identify(build) ignored
[0.106s] Level 1:colcon.colcon_core.package_identification:_identify(image) by extensions ['ignore', 'ignore_ament_install']
[0.106s] Level 1:colcon.colcon_core.package_identification:_identify(image) by extension 'ignore'
[0.106s] Level 1:colcon.colcon_core.package_identification:_identify(image) by extension 'ignore_ament_install'
[0.106s] Level 1:colcon.colcon_core.package_identification:_identify(image) by extensions ['colcon_pkg']
[0.106s] Level 1:colcon.colcon_core.package_identification:_identify(image) by extension 'colcon_pkg'
[0.106s] Level 1:colcon.colcon_core.package_identification:_identify(image) by extensions ['colcon_meta']
[0.106s] Level 1:colcon.colcon_core.package_identification:_identify(image) by extension 'colcon_meta'
[0.107s] Level 1:colcon.colcon_core.package_identification:_identify(image) by extensions ['ros']
[0.107s] Level 1:colcon.colcon_core.package_identification:_identify(image) by extension 'ros'
[0.107s] Level 1:colcon.colcon_core.package_identification:_identify(image) by extensions ['cmake', 'python']
[0.107s] Level 1:colcon.colcon_core.package_identification:_identify(image) by extension 'cmake'
[0.107s] Level 1:colcon.colcon_core.package_identification:_identify(image) by extension 'python'
[0.107s] Level 1:colcon.colcon_core.package_identification:_identify(image) by extensions ['python_setup_py']
[0.107s] Level 1:colcon.colcon_core.package_identification:_identify(image) by extension 'python_setup_py'
[0.107s] Level 1:colcon.colcon_core.package_identification:_identify(install) by extensions ['ignore', 'ignore_ament_install']
[0.107s] Level 1:colcon.colcon_core.package_identification:_identify(install) by extension 'ignore'
[0.107s] Level 1:colcon.colcon_core.package_identification:_identify(install) ignored
[0.107s] Level 1:colcon.colcon_core.package_identification:_identify(log) by extensions ['ignore', 'ignore_ament_install']
[0.107s] Level 1:colcon.colcon_core.package_identification:_identify(log) by extension 'ignore'
[0.107s] Level 1:colcon.colcon_core.package_identification:_identify(log) ignored
[0.107s] Level 1:colcon.colcon_core.package_identification:_identify(src) by extensions ['ignore', 'ignore_ament_install']
[0.107s] Level 1:colcon.colcon_core.package_identification:_identify(src) by extension 'ignore'
[0.107s] Level 1:colcon.colcon_core.package_identification:_identify(src) by extension 'ignore_ament_install'
[0.107s] Level 1:colcon.colcon_core.package_identification:_identify(src) by extensions ['colcon_pkg']
[0.107s] Level 1:colcon.colcon_core.package_identification:_identify(src) by extension 'colcon_pkg'
[0.107s] Level 1:colcon.colcon_core.package_identification:_identify(src) by extensions ['colcon_meta']
[0.107s] Level 1:colcon.colcon_core.package_identification:_identify(src) by extension 'colcon_meta'
[0.107s] Level 1:colcon.colcon_core.package_identification:_identify(src) by extensions ['ros']
[0.107s] Level 1:colcon.colcon_core.package_identification:_identify(src) by extension 'ros'
[0.107s] Level 1:colcon.colcon_core.package_identification:_identify(src) by extensions ['cmake', 'python']
[0.107s] Level 1:colcon.colcon_core.package_identification:_identify(src) by extension 'cmake'
[0.107s] Level 1:colcon.colcon_core.package_identification:_identify(src) by extension 'python'
[0.107s] Level 1:colcon.colcon_core.package_identification:_identify(src) by extensions ['python_setup_py']
[0.107s] Level 1:colcon.colcon_core.package_identification:_identify(src) by extension 'python_setup_py'
[0.107s] Level 1:colcon.colcon_core.package_identification:_identify(src/camera_stream) by extensions ['ignore', 'ignore_ament_install']
[0.107s] Level 1:colcon.colcon_core.package_identification:_identify(src/camera_stream) by extension 'ignore'
[0.107s] Level 1:colcon.colcon_core.package_identification:_identify(src/camera_stream) by extension 'ignore_ament_install'
[0.107s] Level 1:colcon.colcon_core.package_identification:_identify(src/camera_stream) by extensions ['colcon_pkg']
[0.107s] Level 1:colcon.colcon_core.package_identification:_identify(src/camera_stream) by extension 'colcon_pkg'
[0.107s] Level 1:colcon.colcon_core.package_identification:_identify(src/camera_stream) by extensions ['colcon_meta']
[0.107s] Level 1:colcon.colcon_core.package_identification:_identify(src/camera_stream) by extension 'colcon_meta'
[0.108s] Level 1:colcon.colcon_core.package_identification:_identify(src/camera_stream) by extensions ['ros']
[0.108s] Level 1:colcon.colcon_core.package_identification:_identify(src/camera_stream) by extension 'ros'
[0.110s] DEBUG:colcon.colcon_core.package_identification:Package 'src/camera_stream' with type 'ros.ament_cmake' and name 'camera_stream'
[0.110s] Level 1:colcon.colcon_core.package_identification:_identify(src/config) by extensions ['ignore', 'ignore_ament_install']
[0.110s] Level 1:colcon.colcon_core.package_identification:_identify(src/config) by extension 'ignore'
[0.110s] Level 1:colcon.colcon_core.package_identification:_identify(src/config) by extension 'ignore_ament_install'
[0.110s] Level 1:colcon.colcon_core.package_identification:_identify(src/config) by extensions ['colcon_pkg']
[0.110s] Level 1:colcon.colcon_core.package_identification:_identify(src/config) by extension 'colcon_pkg'
[0.110s] Level 1:colcon.colcon_core.package_identification:_identify(src/config) by extensions ['colcon_meta']
[0.110s] Level 1:colcon.colcon_core.package_identification:_identify(src/config) by extension 'colcon_meta'
[0.110s] Level 1:colcon.colcon_core.package_identification:_identify(src/config) by extensions ['ros']
[0.110s] Level 1:colcon.colcon_core.package_identification:_identify(src/config) by extension 'ros'
[0.110s] Level 1:colcon.colcon_core.package_identification:_identify(src/config) by extensions ['cmake', 'python']
[0.110s] Level 1:colcon.colcon_core.package_identification:_identify(src/config) by extension 'cmake'
[0.110s] Level 1:colcon.colcon_core.package_identification:_identify(src/config) by extension 'python'
[0.110s] Level 1:colcon.colcon_core.package_identification:_identify(src/config) by extensions ['python_setup_py']
[0.110s] Level 1:colcon.colcon_core.package_identification:_identify(src/config) by extension 'python_setup_py'
[0.110s] Level 1:colcon.colcon_core.package_identification:_identify(src/pnp_calibration) by extensions ['ignore', 'ignore_ament_install']
[0.110s] Level 1:colcon.colcon_core.package_identification:_identify(src/pnp_calibration) by extension 'ignore'
[0.110s] Level 1:colcon.colcon_core.package_identification:_identify(src/pnp_calibration) by extension 'ignore_ament_install'
[0.110s] Level 1:colcon.colcon_core.package_identification:_identify(src/pnp_calibration) by extensions ['colcon_pkg']
[0.110s] Level 1:colcon.colcon_core.package_identification:_identify(src/pnp_calibration) by extension 'colcon_pkg'
[0.110s] Level 1:colcon.colcon_core.package_identification:_identify(src/pnp_calibration) by extensions ['colcon_meta']
[0.110s] Level 1:colcon.colcon_core.package_identification:_identify(src/pnp_calibration) by extension 'colcon_meta'
[0.110s] Level 1:colcon.colcon_core.package_identification:_identify(src/pnp_calibration) by extensions ['ros']
[0.110s] Level 1:colcon.colcon_core.package_identification:_identify(src/pnp_calibration) by extension 'ros'
[0.111s] DEBUG:colcon.colcon_core.package_identification:Package 'src/pnp_calibration' with type 'ros.ament_cmake' and name 'pnp_calibration'
[0.111s] Level 1:colcon.colcon_core.package_identification:_identify(src/radar_controllers) by extensions ['ignore', 'ignore_ament_install']
[0.111s] Level 1:colcon.colcon_core.package_identification:_identify(src/radar_controllers) by extension 'ignore'
[0.111s] Level 1:colcon.colcon_core.package_identification:_identify(src/radar_controllers) by extension 'ignore_ament_install'
[0.111s] Level 1:colcon.colcon_core.package_identification:_identify(src/radar_controllers) by extensions ['colcon_pkg']
[0.111s] Level 1:colcon.colcon_core.package_identification:_identify(src/radar_controllers) by extension 'colcon_pkg'
[0.111s] Level 1:colcon.colcon_core.package_identification:_identify(src/radar_controllers) by extensions ['colcon_meta']
[0.111s] Level 1:colcon.colcon_core.package_identification:_identify(src/radar_controllers) by extension 'colcon_meta'
[0.111s] Level 1:colcon.colcon_core.package_identification:_identify(src/radar_controllers) by extensions ['ros']
[0.111s] Level 1:colcon.colcon_core.package_identification:_identify(src/radar_controllers) by extension 'ros'
[0.111s] DEBUG:colcon.colcon_core.package_identification:Package 'src/radar_controllers' with type 'ros.ament_cmake' and name 'radar_controllers'
[0.111s] Level 1:colcon.colcon_core.package_identification:_identify(src/vision_detector) by extensions ['ignore', 'ignore_ament_install']
[0.111s] Level 1:colcon.colcon_core.package_identification:_identify(src/vision_detector) by extension 'ignore'
[0.111s] Level 1:colcon.colcon_core.package_identification:_identify(src/vision_detector) by extension 'ignore_ament_install'
[0.111s] Level 1:colcon.colcon_core.package_identification:_identify(src/vision_detector) by extensions ['colcon_pkg']
[0.111s] Level 1:colcon.colcon_core.package_identification:_identify(src/vision_detector) by extension 'colcon_pkg'
[0.111s] Level 1:colcon.colcon_core.package_identification:_identify(src/vision_detector) by extensions ['colcon_meta']
[0.111s] Level 1:colcon.colcon_core.package_identification:_identify(src/vision_detector) by extension 'colcon_meta'
[0.111s] Level 1:colcon.colcon_core.package_identification:_identify(src/vision_detector) by extensions ['ros']
[0.112s] Level 1:colcon.colcon_core.package_identification:_identify(src/vision_detector) by extension 'ros'
[0.112s] DEBUG:colcon.colcon_core.package_identification:Package 'src/vision_detector' with type 'ros.ament_cmake' and name 'vision_detector'
[0.112s] Level 1:colcon.colcon_core.package_identification:_identify(tools) by extensions ['ignore', 'ignore_ament_install']
[0.112s] Level 1:colcon.colcon_core.package_identification:_identify(tools) by extension 'ignore'
[0.112s] Level 1:colcon.colcon_core.package_identification:_identify(tools) by extension 'ignore_ament_install'
[0.112s] Level 1:colcon.colcon_core.package_identification:_identify(tools) by extensions ['colcon_pkg']
[0.112s] Level 1:colcon.colcon_core.package_identification:_identify(tools) by extension 'colcon_pkg'
[0.112s] Level 1:colcon.colcon_core.package_identification:_identify(tools) by extensions ['colcon_meta']
[0.112s] Level 1:colcon.colcon_core.package_identification:_identify(tools) by extension 'colcon_meta'
[0.112s] Level 1:colcon.colcon_core.package_identification:_identify(tools) by extensions ['ros']
[0.112s] Level 1:colcon.colcon_core.package_identification:_identify(tools) by extension 'ros'
[0.112s] Level 1:colcon.colcon_core.package_identification:_identify(tools) by extensions ['cmake', 'python']
[0.112s] Level 1:colcon.colcon_core.package_identification:_identify(tools) by extension 'cmake'
[0.112s] Level 1:colcon.colcon_core.package_identification:_identify(tools) by extension 'python'
[0.112s] Level 1:colcon.colcon_core.package_identification:_identify(tools) by extensions ['python_setup_py']
[0.112s] Level 1:colcon.colcon_core.package_identification:_identify(tools) by extension 'python_setup_py'
[0.112s] Level 1:colcon.colcon_core.package_discovery:discover_packages(recursive) using defaults
[0.112s] Level 1:colcon.colcon_core.package_discovery:discover_packages(ignore) discover
[0.112s] Level 1:colcon.colcon_core.package_discovery:discover_packages(ignore) using defaults
[0.112s] Level 1:colcon.colcon_core.package_discovery:discover_packages(path) discover
[0.112s] Level 1:colcon.colcon_core.package_discovery:discover_packages(path) using defaults
[0.124s] Level 1:colcon.colcon_core.package_discovery:discover_packages(prefix_path) check parameters
[0.125s] Level 1:colcon.colcon_core.package_discovery:discover_packages(prefix_path) discover
[0.126s] DEBUG:colcon.colcon_installed_package_information.package_discovery:Found 4 installed packages in /home/kevin/radar_ws/install
[0.126s] DEBUG:colcon.colcon_installed_package_information.package_discovery:Found 287 installed packages in /opt/ros/jazzy
[0.127s] Level 1:colcon.colcon_core.package_discovery:discover_packages(prefix_path) using defaults
[0.151s] Level 5:colcon.colcon_core.verb:set package 'camera_stream' build argument 'cmake_args' from command line to 'None'
[0.151s] Level 5:colcon.colcon_core.verb:set package 'camera_stream' build argument 'cmake_target' from command line to 'None'
[0.151s] Level 5:colcon.colcon_core.verb:set package 'camera_stream' build argument 'cmake_target_skip_unavailable' from command line to 'False'
[0.151s] Level 5:colcon.colcon_core.verb:set package 'camera_stream' build argument 'cmake_clean_cache' from command line to 'False'
[0.152s] Level 5:colcon.colcon_core.verb:set package 'camera_stream' build argument 'cmake_clean_first' from command line to 'False'
[0.152s] Level 5:colcon.colcon_core.verb:set package 'camera_stream' build argument 'cmake_force_configure' from command line to 'False'
[0.152s] Level 5:colcon.colcon_core.verb:set package 'camera_stream' build argument 'ament_cmake_args' from command line to 'None'
[0.152s] Level 5:colcon.colcon_core.verb:set package 'camera_stream' build argument 'catkin_cmake_args' from command line to 'None'
[0.152s] Level 5:colcon.colcon_core.verb:set package 'camera_stream' build argument 'catkin_skip_building_tests' from command line to 'False'
[0.152s] DEBUG:colcon.colcon_core.verb:Building package 'camera_stream' with the following arguments: {'ament_cmake_args': None, 'build_base': '/home/kevin/radar_ws/build/camera_stream', 'catkin_cmake_args': None, 'catkin_skip_building_tests': False, 'cmake_args': None, 'cmake_clean_cache': False, 'cmake_clean_first': False, 'cmake_force_configure': False, 'cmake_target': None, 'cmake_target_skip_unavailable': False, 'install_base': '/home/kevin/radar_ws/install/camera_stream', 'merge_install': False, 'path': '/home/kevin/radar_ws/src/camera_stream', 'symlink_install': False, 'test_result_base': None}
[0.152s] Level 5:colcon.colcon_core.verb:set package 'pnp_calibration' build argument 'cmake_args' from command line to 'None'
[0.152s] Level 5:colcon.colcon_core.verb:set package 'pnp_calibration' build argument 'cmake_target' from command line to 'None'
[0.152s] Level 5:colcon.colcon_core.verb:set package 'pnp_calibration' build argument 'cmake_target_skip_unavailable' from command line to 'False'
[0.152s] Level 5:colcon.colcon_core.verb:set package 'pnp_calibration' build argument 'cmake_clean_cache' from command line to 'False'
[0.152s] Level 5:colcon.colcon_core.verb:set package 'pnp_calibration' build argument 'cmake_clean_first' from command line to 'False'
[0.152s] Level 5:colcon.colcon_core.verb:set package 'pnp_calibration' build argument 'cmake_force_configure' from command line to 'False'
[0.152s] Level 5:colcon.colcon_core.verb:set package 'pnp_calibration' build argument 'ament_cmake_args' from command line to 'None'
[0.152s] Level 5:colcon.colcon_core.verb:set package 'pnp_calibration' build argument 'catkin_cmake_args' from command line to 'None'
[0.152s] Level 5:colcon.colcon_core.verb:set package 'pnp_calibration' build argument 'catkin_skip_building_tests' from command line to 'False'
[0.152s] DEBUG:colcon.colcon_core.verb:Building package 'pnp_calibration' with the following arguments: {'ament_cmake_args': None, 'build_base': '/home/kevin/radar_ws/build/pnp_calibration', 'catkin_cmake_args': None, 'catkin_skip_building_tests': False, 'cmake_args': None, 'cmake_clean_cache': False, 'cmake_clean_first': False, 'cmake_force_configure': False, 'cmake_target': None, 'cmake_target_skip_unavailable': False, 'install_base': '/home/kevin/radar_ws/install/pnp_calibration', 'merge_install': False, 'path': '/home/kevin/radar_ws/src/pnp_calibration', 'symlink_install': False, 'test_result_base': None}
[0.152s] Level 5:colcon.colcon_core.verb:set package 'vision_detector' build argument 'cmake_args' from command line to 'None'
[0.152s] Level 5:colcon.colcon_core.verb:set package 'vision_detector' build argument 'cmake_target' from command line to 'None'
[0.152s] Level 5:colcon.colcon_core.verb:set package 'vision_detector' build argument 'cmake_target_skip_unavailable' from command line to 'False'
[0.152s] Level 5:colcon.colcon_core.verb:set package 'vision_detector' build argument 'cmake_clean_cache' from command line to 'False'
[0.152s] Level 5:colcon.colcon_core.verb:set package 'vision_detector' build argument 'cmake_clean_first' from command line to 'False'
[0.152s] Level 5:colcon.colcon_core.verb:set package 'vision_detector' build argument 'cmake_force_configure' from command line to 'False'
[0.152s] Level 5:colcon.colcon_core.verb:set package 'vision_detector' build argument 'ament_cmake_args' from command line to 'None'
[0.152s] Level 5:colcon.colcon_core.verb:set package 'vision_detector' build argument 'catkin_cmake_args' from command line to 'None'
[0.152s] Level 5:colcon.colcon_core.verb:set package 'vision_detector' build argument 'catkin_skip_building_tests' from command line to 'False'
[0.152s] DEBUG:colcon.colcon_core.verb:Building package 'vision_detector' with the following arguments: {'ament_cmake_args': None, 'build_base': '/home/kevin/radar_ws/build/vision_detector', 'catkin_cmake_args': None, 'catkin_skip_building_tests': False, 'cmake_args': None, 'cmake_clean_cache': False, 'cmake_clean_first': False, 'cmake_force_configure': False, 'cmake_target': None, 'cmake_target_skip_unavailable': False, 'install_base': '/home/kevin/radar_ws/install/vision_detector', 'merge_install': False, 'path': '/home/kevin/radar_ws/src/vision_detector', 'symlink_install': False, 'test_result_base': None}
[0.152s] Level 5:colcon.colcon_core.verb:set package 'radar_controllers' build argument 'cmake_args' from command line to 'None'
[0.152s] Level 5:colcon.colcon_core.verb:set package 'radar_controllers' build argument 'cmake_target' from command line to 'None'
[0.152s] Level 5:colcon.colcon_core.verb:set package 'radar_controllers' build argument 'cmake_target_skip_unavailable' from command line to 'False'
[0.152s] Level 5:colcon.colcon_core.verb:set package 'radar_controllers' build argument 'cmake_clean_cache' from command line to 'False'
[0.152s] Level 5:colcon.colcon_core.verb:set package 'radar_controllers' build argument 'cmake_clean_first' from command line to 'False'
[0.152s] Level 5:colcon.colcon_core.verb:set package 'radar_controllers' build argument 'cmake_force_configure' from command line to 'False'
[0.152s] Level 5:colcon.colcon_core.verb:set package 'radar_controllers' build argument 'ament_cmake_args' from command line to 'None'
[0.152s] Level 5:colcon.colcon_core.verb:set package 'radar_controllers' build argument 'catkin_cmake_args' from command line to 'None'
[0.152s] Level 5:colcon.colcon_core.verb:set package 'radar_controllers' build argument 'catkin_skip_building_tests' from command line to 'False'
[0.152s] DEBUG:colcon.colcon_core.verb:Building package 'radar_controllers' with the following arguments: {'ament_cmake_args': None, 'build_base': '/home/kevin/radar_ws/build/radar_controllers', 'catkin_cmake_args': None, 'catkin_skip_building_tests': False, 'cmake_args': None, 'cmake_clean_cache': False, 'cmake_clean_first': False, 'cmake_force_configure': False, 'cmake_target': None, 'cmake_target_skip_unavailable': False, 'install_base': '/home/kevin/radar_ws/install/radar_controllers', 'merge_install': False, 'path': '/home/kevin/radar_ws/src/radar_controllers', 'symlink_install': False, 'test_result_base': None}
[0.152s] INFO:colcon.colcon_core.executor:Executing jobs using 'parallel' executor
[0.153s] DEBUG:colcon.colcon_parallel_executor.executor.parallel:run_until_complete
[0.153s] INFO:colcon.colcon_ros.task.ament_cmake.build:Building ROS package in '/home/kevin/radar_ws/src/camera_stream' with build type 'ament_cmake'
[0.153s] INFO:colcon.colcon_cmake.task.cmake.build:Building CMake package in '/home/kevin/radar_ws/src/camera_stream'
[0.155s] INFO:colcon.colcon_core.plugin_system:Skipping extension 'colcon_core.shell.bat': Not used on non-Windows systems
[0.155s] INFO:colcon.colcon_core.shell:Skip shell extension 'powershell' for command environment: Not usable outside of PowerShell
[0.155s] DEBUG:colcon.colcon_core.shell:Skip shell extension 'dsv' for command environment
[0.162s] DEBUG:colcon.colcon_core.event_handler.log_command:Invoking command in '/home/kevin/radar_ws/build/camera_stream': CMAKE_PREFIX_PATH=${CMAKE_PREFIX_PATH}:/opt/ros/jazzy DEBUGINFOD_URLS=https://debuginfod.ubuntu.com /usr/bin/cmake --build /home/kevin/radar_ws/build/camera_stream -- -j32 -l32
[5.970s] DEBUG:colcon.colcon_core.event_handler.log_command:Invoked command in '/home/kevin/radar_ws/build/camera_stream' returned '0': CMAKE_PREFIX_PATH=${CMAKE_PREFIX_PATH}:/opt/ros/jazzy DEBUGINFOD_URLS=https://debuginfod.ubuntu.com /usr/bin/cmake --build /home/kevin/radar_ws/build/camera_stream -- -j32 -l32
[5.979s] DEBUG:colcon.colcon_core.event_handler.log_command:Invoking command in '/home/kevin/radar_ws/build/camera_stream': CMAKE_PREFIX_PATH=${CMAKE_PREFIX_PATH}:/opt/ros/jazzy DEBUGINFOD_URLS=https://debuginfod.ubuntu.com /usr/bin/cmake --install /home/kevin/radar_ws/build/camera_stream
[6.029s] Level 1:colcon.colcon_core.environment:create_environment_scripts_only(camera_stream)
[6.029s] DEBUG:colcon.colcon_core.event_handler.log_command:Invoked command in '/home/kevin/radar_ws/build/camera_stream' returned '0': CMAKE_PREFIX_PATH=${CMAKE_PREFIX_PATH}:/opt/ros/jazzy DEBUGINFOD_URLS=https://debuginfod.ubuntu.com /usr/bin/cmake --install /home/kevin/radar_ws/build/camera_stream
[6.030s] Level 1:colcon.colcon_core.environment:checking '/home/kevin/radar_ws/install/camera_stream' for CMake module files
[6.031s] Level 1:colcon.colcon_core.environment:checking '/home/kevin/radar_ws/install/camera_stream' for CMake config files
[6.031s] Level 1:colcon.colcon_core.shell:create_environment_hook('camera_stream', 'cmake_prefix_path')
[6.031s] INFO:colcon.colcon_core.shell:Creating environment hook '/home/kevin/radar_ws/install/camera_stream/share/camera_stream/hook/cmake_prefix_path.ps1'
[6.032s] INFO:colcon.colcon_core.shell:Creating environment descriptor '/home/kevin/radar_ws/install/camera_stream/share/camera_stream/hook/cmake_prefix_path.dsv'
[6.032s] INFO:colcon.colcon_core.shell:Creating environment hook '/home/kevin/radar_ws/install/camera_stream/share/camera_stream/hook/cmake_prefix_path.sh'
[6.032s] Level 1:colcon.colcon_core.environment:checking '/home/kevin/radar_ws/install/camera_stream/lib'
[6.032s] Level 1:colcon.colcon_core.shell:create_environment_hook('camera_stream', 'ld_library_path_lib')
[6.032s] INFO:colcon.colcon_core.shell:Creating environment hook '/home/kevin/radar_ws/install/camera_stream/share/camera_stream/hook/ld_library_path_lib.ps1'
[6.033s] INFO:colcon.colcon_core.shell:Creating environment descriptor '/home/kevin/radar_ws/install/camera_stream/share/camera_stream/hook/ld_library_path_lib.dsv'
[6.033s] INFO:colcon.colcon_core.shell:Creating environment hook '/home/kevin/radar_ws/install/camera_stream/share/camera_stream/hook/ld_library_path_lib.sh'
[6.033s] Level 1:colcon.colcon_core.environment:checking '/home/kevin/radar_ws/install/camera_stream/bin'
[6.033s] Level 1:colcon.colcon_core.environment:checking '/home/kevin/radar_ws/install/camera_stream/lib/pkgconfig/camera_stream.pc'
[6.033s] Level 1:colcon.colcon_core.environment:checking '/home/kevin/radar_ws/install/camera_stream/lib/python3.12/site-packages'
[6.033s] Level 1:colcon.colcon_core.shell:create_environment_hook('camera_stream', 'pythonpath')
[6.033s] INFO:colcon.colcon_core.shell:Creating environment hook '/home/kevin/radar_ws/install/camera_stream/share/camera_stream/hook/pythonpath.ps1'
[6.034s] INFO:colcon.colcon_core.shell:Creating environment descriptor '/home/kevin/radar_ws/install/camera_stream/share/camera_stream/hook/pythonpath.dsv'
[6.034s] INFO:colcon.colcon_core.shell:Creating environment hook '/home/kevin/radar_ws/install/camera_stream/share/camera_stream/hook/pythonpath.sh'
[6.034s] Level 1:colcon.colcon_core.environment:checking '/home/kevin/radar_ws/install/camera_stream/bin'
[6.034s] INFO:colcon.colcon_core.shell:Creating package script '/home/kevin/radar_ws/install/camera_stream/share/camera_stream/package.ps1'
[6.035s] INFO:colcon.colcon_core.shell:Creating package descriptor '/home/kevin/radar_ws/install/camera_stream/share/camera_stream/package.dsv'
[6.035s] INFO:colcon.colcon_core.shell:Creating package script '/home/kevin/radar_ws/install/camera_stream/share/camera_stream/package.sh'
[6.036s] INFO:colcon.colcon_core.shell:Creating package script '/home/kevin/radar_ws/install/camera_stream/share/camera_stream/package.bash'
[6.036s] INFO:colcon.colcon_core.shell:Creating package script '/home/kevin/radar_ws/install/camera_stream/share/camera_stream/package.zsh'
[6.037s] Level 1:colcon.colcon_core.environment:create_file_with_runtime_dependencies(/home/kevin/radar_ws/install/camera_stream/share/colcon-core/packages/camera_stream)
[6.037s] Level 1:colcon.colcon_core.environment:create_environment_scripts_only(camera_stream)
[6.037s] Level 1:colcon.colcon_core.environment:checking '/home/kevin/radar_ws/install/camera_stream' for CMake module files
[6.038s] Level 1:colcon.colcon_core.environment:checking '/home/kevin/radar_ws/install/camera_stream' for CMake config files
[6.038s] Level 1:colcon.colcon_core.shell:create_environment_hook('camera_stream', 'cmake_prefix_path')
[6.038s] INFO:colcon.colcon_core.shell:Creating environment hook '/home/kevin/radar_ws/install/camera_stream/share/camera_stream/hook/cmake_prefix_path.ps1'
[6.038s] INFO:colcon.colcon_core.shell:Creating environment descriptor '/home/kevin/radar_ws/install/camera_stream/share/camera_stream/hook/cmake_prefix_path.dsv'
[6.038s] INFO:colcon.colcon_core.shell:Creating environment hook '/home/kevin/radar_ws/install/camera_stream/share/camera_stream/hook/cmake_prefix_path.sh'
[6.039s] Level 1:colcon.colcon_core.environment:checking '/home/kevin/radar_ws/install/camera_stream/lib'
[6.039s] Level 1:colcon.colcon_core.shell:create_environment_hook('camera_stream', 'ld_library_path_lib')
[6.039s] INFO:colcon.colcon_core.shell:Creating environment hook '/home/kevin/radar_ws/install/camera_stream/share/camera_stream/hook/ld_library_path_lib.ps1'
[6.040s] INFO:colcon.colcon_core.shell:Creating environment descriptor '/home/kevin/radar_ws/install/camera_stream/share/camera_stream/hook/ld_library_path_lib.dsv'
[6.040s] INFO:colcon.colcon_core.shell:Creating environment hook '/home/kevin/radar_ws/install/camera_stream/share/camera_stream/hook/ld_library_path_lib.sh'
[6.040s] Level 1:colcon.colcon_core.environment:checking '/home/kevin/radar_ws/install/camera_stream/bin'
[6.040s] Level 1:colcon.colcon_core.environment:checking '/home/kevin/radar_ws/install/camera_stream/lib/pkgconfig/camera_stream.pc'
[6.040s] Level 1:colcon.colcon_core.environment:checking '/home/kevin/radar_ws/install/camera_stream/lib/python3.12/site-packages'
[6.041s] Level 1:colcon.colcon_core.shell:create_environment_hook('camera_stream', 'pythonpath')
[6.041s] INFO:colcon.colcon_core.shell:Creating environment hook '/home/kevin/radar_ws/install/camera_stream/share/camera_stream/hook/pythonpath.ps1'
[6.041s] INFO:colcon.colcon_core.shell:Creating environment descriptor '/home/kevin/radar_ws/install/camera_stream/share/camera_stream/hook/pythonpath.dsv'
[6.041s] INFO:colcon.colcon_core.shell:Creating environment hook '/home/kevin/radar_ws/install/camera_stream/share/camera_stream/hook/pythonpath.sh'
[6.042s] Level 1:colcon.colcon_core.environment:checking '/home/kevin/radar_ws/install/camera_stream/bin'
[6.042s] INFO:colcon.colcon_core.shell:Creating package script '/home/kevin/radar_ws/install/camera_stream/share/camera_stream/package.ps1'
[6.043s] INFO:colcon.colcon_core.shell:Creating package descriptor '/home/kevin/radar_ws/install/camera_stream/share/camera_stream/package.dsv'
[6.043s] INFO:colcon.colcon_core.shell:Creating package script '/home/kevin/radar_ws/install/camera_stream/share/camera_stream/package.sh'
[6.043s] INFO:colcon.colcon_core.shell:Creating package script '/home/kevin/radar_ws/install/camera_stream/share/camera_stream/package.bash'
[6.044s] INFO:colcon.colcon_core.shell:Creating package script '/home/kevin/radar_ws/install/camera_stream/share/camera_stream/package.zsh'
[6.044s] Level 1:colcon.colcon_core.environment:create_file_with_runtime_dependencies(/home/kevin/radar_ws/install/camera_stream/share/colcon-core/packages/camera_stream)
[6.044s] INFO:colcon.colcon_ros.task.ament_cmake.build:Building ROS package in '/home/kevin/radar_ws/src/vision_detector' with build type 'ament_cmake'
[6.044s] INFO:colcon.colcon_cmake.task.cmake.build:Building CMake package in '/home/kevin/radar_ws/src/vision_detector'
[6.045s] INFO:colcon.colcon_core.shell:Skip shell extension 'powershell' for command environment: Not usable outside of PowerShell
[6.045s] DEBUG:colcon.colcon_core.shell:Skip shell extension 'dsv' for command environment
[6.048s] INFO:colcon.colcon_ros.task.ament_cmake.build:Building ROS package in '/home/kevin/radar_ws/src/pnp_calibration' with build type 'ament_cmake'
[6.048s] INFO:colcon.colcon_cmake.task.cmake.build:Building CMake package in '/home/kevin/radar_ws/src/pnp_calibration'
[6.048s] INFO:colcon.colcon_core.shell:Skip shell extension 'powershell' for command environment: Not usable outside of PowerShell
[6.048s] DEBUG:colcon.colcon_core.shell:Skip shell extension 'dsv' for command environment
[6.054s] DEBUG:colcon.colcon_core.event_handler.log_command:Invoking command in '/home/kevin/radar_ws/build/vision_detector': CMAKE_PREFIX_PATH=/home/kevin/radar_ws/install/camera_stream:/home/kevin/radar_ws/install/radar_controllers:/home/kevin/radar_ws/install/vision_detector:/home/kevin/radar_ws/install/pnp_calibration:/opt/ros/jazzy/opt/gz_math_vendor:/opt/ros/jazzy/opt/gz_utils_vendor:/opt/ros/jazzy/opt/gz_cmake_vendor:/opt/ros/jazzy DEBUGINFOD_URLS=https://debuginfod.ubuntu.com LD_LIBRARY_PATH=/home/kevin/radar_ws/install/camera_stream/lib:/home/kevin/radar_ws/install/vision_detector/lib:/opt/MVS/lib/64:/opt/MVS/lib/32:/opt/MVS/lib/64:/opt/MVS/lib/32:/opt/MVS/lib/64:/opt/MVS/lib/32:/opt/ros/jazzy/opt/rviz_ogre_vendor/lib:/opt/ros/jazzy/lib/x86_64-linux-gnu:/opt/ros/jazzy/opt/gz_math_vendor/lib:/opt/ros/jazzy/opt/gz_utils_vendor/lib:/opt/ros/jazzy/opt/gz_cmake_vendor/lib:/opt/ros/jazzy/lib:/opt/MVS/lib/64:/opt/MVS/lib/32:/opt/MVS/lib/64:/opt/MVS/lib/32 PYTHONPATH=/home/kevin/radar_ws/install/camera_stream/lib/python3.12/site-packages:/home/kevin/radar_ws/install/vision_detector/lib/python3.12/site-packages:/opt/ros/jazzy/lib/python3.12/site-packages /usr/bin/cmake --build /home/kevin/radar_ws/build/vision_detector -- -j32 -l32
[6.056s] DEBUG:colcon.colcon_core.event_handler.log_command:Invoking command in '/home/kevin/radar_ws/build/pnp_calibration': CMAKE_PREFIX_PATH=/home/kevin/radar_ws/install/camera_stream:/home/kevin/radar_ws/install/radar_controllers:/home/kevin/radar_ws/install/vision_detector:/home/kevin/radar_ws/install/pnp_calibration:/opt/ros/jazzy/opt/gz_math_vendor:/opt/ros/jazzy/opt/gz_utils_vendor:/opt/ros/jazzy/opt/gz_cmake_vendor:/opt/ros/jazzy DEBUGINFOD_URLS=https://debuginfod.ubuntu.com LD_LIBRARY_PATH=/home/kevin/radar_ws/install/camera_stream/lib:/home/kevin/radar_ws/install/vision_detector/lib:/opt/MVS/lib/64:/opt/MVS/lib/32:/opt/MVS/lib/64:/opt/MVS/lib/32:/opt/MVS/lib/64:/opt/MVS/lib/32:/opt/ros/jazzy/opt/rviz_ogre_vendor/lib:/opt/ros/jazzy/lib/x86_64-linux-gnu:/opt/ros/jazzy/opt/gz_math_vendor/lib:/opt/ros/jazzy/opt/gz_utils_vendor/lib:/opt/ros/jazzy/opt/gz_cmake_vendor/lib:/opt/ros/jazzy/lib:/opt/MVS/lib/64:/opt/MVS/lib/32:/opt/MVS/lib/64:/opt/MVS/lib/32 PYTHONPATH=/home/kevin/radar_ws/install/camera_stream/lib/python3.12/site-packages:/home/kevin/radar_ws/install/vision_detector/lib/python3.12/site-packages:/opt/ros/jazzy/lib/python3.12/site-packages /usr/bin/cmake --build /home/kevin/radar_ws/build/pnp_calibration -- -j32 -l32
[11.790s] DEBUG:colcon.colcon_core.event_handler.log_command:Invoked command in '/home/kevin/radar_ws/build/pnp_calibration' returned '0': CMAKE_PREFIX_PATH=/home/kevin/radar_ws/install/camera_stream:/home/kevin/radar_ws/install/radar_controllers:/home/kevin/radar_ws/install/vision_detector:/home/kevin/radar_ws/install/pnp_calibration:/opt/ros/jazzy/opt/gz_math_vendor:/opt/ros/jazzy/opt/gz_utils_vendor:/opt/ros/jazzy/opt/gz_cmake_vendor:/opt/ros/jazzy DEBUGINFOD_URLS=https://debuginfod.ubuntu.com LD_LIBRARY_PATH=/home/kevin/radar_ws/install/camera_stream/lib:/home/kevin/radar_ws/install/vision_detector/lib:/opt/MVS/lib/64:/opt/MVS/lib/32:/opt/MVS/lib/64:/opt/MVS/lib/32:/opt/MVS/lib/64:/opt/MVS/lib/32:/opt/ros/jazzy/opt/rviz_ogre_vendor/lib:/opt/ros/jazzy/lib/x86_64-linux-gnu:/opt/ros/jazzy/opt/gz_math_vendor/lib:/opt/ros/jazzy/opt/gz_utils_vendor/lib:/opt/ros/jazzy/opt/gz_cmake_vendor/lib:/opt/ros/jazzy/lib:/opt/MVS/lib/64:/opt/MVS/lib/32:/opt/MVS/lib/64:/opt/MVS/lib/32 PYTHONPATH=/home/kevin/radar_ws/install/camera_stream/lib/python3.12/site-packages:/home/kevin/radar_ws/install/vision_detector/lib/python3.12/site-packages:/opt/ros/jazzy/lib/python3.12/site-packages /usr/bin/cmake --build /home/kevin/radar_ws/build/pnp_calibration -- -j32 -l32
[11.791s] DEBUG:colcon.colcon_core.event_handler.log_command:Invoking command in '/home/kevin/radar_ws/build/pnp_calibration': CMAKE_PREFIX_PATH=/home/kevin/radar_ws/install/camera_stream:/home/kevin/radar_ws/install/radar_controllers:/home/kevin/radar_ws/install/vision_detector:/home/kevin/radar_ws/install/pnp_calibration:/opt/ros/jazzy/opt/gz_math_vendor:/opt/ros/jazzy/opt/gz_utils_vendor:/opt/ros/jazzy/opt/gz_cmake_vendor:/opt/ros/jazzy DEBUGINFOD_URLS=https://debuginfod.ubuntu.com LD_LIBRARY_PATH=/home/kevin/radar_ws/install/camera_stream/lib:/home/kevin/radar_ws/install/vision_detector/lib:/opt/MVS/lib/64:/opt/MVS/lib/32:/opt/MVS/lib/64:/opt/MVS/lib/32:/opt/MVS/lib/64:/opt/MVS/lib/32:/opt/ros/jazzy/opt/rviz_ogre_vendor/lib:/opt/ros/jazzy/lib/x86_64-linux-gnu:/opt/ros/jazzy/opt/gz_math_vendor/lib:/opt/ros/jazzy/opt/gz_utils_vendor/lib:/opt/ros/jazzy/opt/gz_cmake_vendor/lib:/opt/ros/jazzy/lib:/opt/MVS/lib/64:/opt/MVS/lib/32:/opt/MVS/lib/64:/opt/MVS/lib/32 PYTHONPATH=/home/kevin/radar_ws/install/camera_stream/lib/python3.12/site-packages:/home/kevin/radar_ws/install/vision_detector/lib/python3.12/site-packages:/opt/ros/jazzy/lib/python3.12/site-packages /usr/bin/cmake --install /home/kevin/radar_ws/build/pnp_calibration
[11.800s] Level 1:colcon.colcon_core.environment:create_environment_scripts_only(pnp_calibration)
[11.800s] Level 1:colcon.colcon_core.environment:checking '/home/kevin/radar_ws/install/pnp_calibration' for CMake module files
[11.801s] DEBUG:colcon.colcon_core.event_handler.log_command:Invoked command in '/home/kevin/radar_ws/build/pnp_calibration' returned '0': CMAKE_PREFIX_PATH=/home/kevin/radar_ws/install/camera_stream:/home/kevin/radar_ws/install/radar_controllers:/home/kevin/radar_ws/install/vision_detector:/home/kevin/radar_ws/install/pnp_calibration:/opt/ros/jazzy/opt/gz_math_vendor:/opt/ros/jazzy/opt/gz_utils_vendor:/opt/ros/jazzy/opt/gz_cmake_vendor:/opt/ros/jazzy DEBUGINFOD_URLS=https://debuginfod.ubuntu.com LD_LIBRARY_PATH=/home/kevin/radar_ws/install/camera_stream/lib:/home/kevin/radar_ws/install/vision_detector/lib:/opt/MVS/lib/64:/opt/MVS/lib/32:/opt/MVS/lib/64:/opt/MVS/lib/32:/opt/MVS/lib/64:/opt/MVS/lib/32:/opt/ros/jazzy/opt/rviz_ogre_vendor/lib:/opt/ros/jazzy/lib/x86_64-linux-gnu:/opt/ros/jazzy/opt/gz_math_vendor/lib:/opt/ros/jazzy/opt/gz_utils_vendor/lib:/opt/ros/jazzy/opt/gz_cmake_vendor/lib:/opt/ros/jazzy/lib:/opt/MVS/lib/64:/opt/MVS/lib/32:/opt/MVS/lib/64:/opt/MVS/lib/32 PYTHONPATH=/home/kevin/radar_ws/install/camera_stream/lib/python3.12/site-packages:/home/kevin/radar_ws/install/vision_detector/lib/python3.12/site-packages:/opt/ros/jazzy/lib/python3.12/site-packages /usr/bin/cmake --install /home/kevin/radar_ws/build/pnp_calibration
[11.801s] Level 1:colcon.colcon_core.environment:checking '/home/kevin/radar_ws/install/pnp_calibration' for CMake config files
[11.801s] Level 1:colcon.colcon_core.shell:create_environment_hook('pnp_calibration', 'cmake_prefix_path')
[11.801s] INFO:colcon.colcon_core.shell:Creating environment hook '/home/kevin/radar_ws/install/pnp_calibration/share/pnp_calibration/hook/cmake_prefix_path.ps1'
[11.801s] INFO:colcon.colcon_core.shell:Creating environment descriptor '/home/kevin/radar_ws/install/pnp_calibration/share/pnp_calibration/hook/cmake_prefix_path.dsv'
[11.801s] INFO:colcon.colcon_core.shell:Creating environment hook '/home/kevin/radar_ws/install/pnp_calibration/share/pnp_calibration/hook/cmake_prefix_path.sh'
[11.802s] Level 1:colcon.colcon_core.environment:checking '/home/kevin/radar_ws/install/pnp_calibration/lib'
[11.802s] Level 1:colcon.colcon_core.environment:checking '/home/kevin/radar_ws/install/pnp_calibration/bin'
[11.802s] Level 1:colcon.colcon_core.environment:checking '/home/kevin/radar_ws/install/pnp_calibration/lib/pkgconfig/pnp_calibration.pc'
[11.802s] Level 1:colcon.colcon_core.environment:checking '/home/kevin/radar_ws/install/pnp_calibration/lib/python3.12/site-packages'
[11.802s] Level 1:colcon.colcon_core.environment:checking '/home/kevin/radar_ws/install/pnp_calibration/bin'
[11.802s] INFO:colcon.colcon_core.shell:Creating package script '/home/kevin/radar_ws/install/pnp_calibration/share/pnp_calibration/package.ps1'
[11.803s] INFO:colcon.colcon_core.shell:Creating package descriptor '/home/kevin/radar_ws/install/pnp_calibration/share/pnp_calibration/package.dsv'
[11.803s] INFO:colcon.colcon_core.shell:Creating package script '/home/kevin/radar_ws/install/pnp_calibration/share/pnp_calibration/package.sh'
[11.803s] INFO:colcon.colcon_core.shell:Creating package script '/home/kevin/radar_ws/install/pnp_calibration/share/pnp_calibration/package.bash'
[11.803s] INFO:colcon.colcon_core.shell:Creating package script '/home/kevin/radar_ws/install/pnp_calibration/share/pnp_calibration/package.zsh'
[11.803s] Level 1:colcon.colcon_core.environment:create_file_with_runtime_dependencies(/home/kevin/radar_ws/install/pnp_calibration/share/colcon-core/packages/pnp_calibration)
[11.804s] Level 1:colcon.colcon_core.environment:create_environment_scripts_only(pnp_calibration)
[11.804s] Level 1:colcon.colcon_core.environment:checking '/home/kevin/radar_ws/install/pnp_calibration' for CMake module files
[11.804s] Level 1:colcon.colcon_core.environment:checking '/home/kevin/radar_ws/install/pnp_calibration' for CMake config files
[11.804s] Level 1:colcon.colcon_core.shell:create_environment_hook('pnp_calibration', 'cmake_prefix_path')
[11.804s] INFO:colcon.colcon_core.shell:Creating environment hook '/home/kevin/radar_ws/install/pnp_calibration/share/pnp_calibration/hook/cmake_prefix_path.ps1'
[11.804s] INFO:colcon.colcon_core.shell:Creating environment descriptor '/home/kevin/radar_ws/install/pnp_calibration/share/pnp_calibration/hook/cmake_prefix_path.dsv'
[11.804s] INFO:colcon.colcon_core.shell:Creating environment hook '/home/kevin/radar_ws/install/pnp_calibration/share/pnp_calibration/hook/cmake_prefix_path.sh'
[11.805s] Level 1:colcon.colcon_core.environment:checking '/home/kevin/radar_ws/install/pnp_calibration/lib'
[11.805s] Level 1:colcon.colcon_core.environment:checking '/home/kevin/radar_ws/install/pnp_calibration/bin'
[11.805s] Level 1:colcon.colcon_core.environment:checking '/home/kevin/radar_ws/install/pnp_calibration/lib/pkgconfig/pnp_calibration.pc'
[11.805s] Level 1:colcon.colcon_core.environment:checking '/home/kevin/radar_ws/install/pnp_calibration/lib/python3.12/site-packages'
[11.805s] Level 1:colcon.colcon_core.environment:checking '/home/kevin/radar_ws/install/pnp_calibration/bin'
[11.805s] INFO:colcon.colcon_core.shell:Creating package script '/home/kevin/radar_ws/install/pnp_calibration/share/pnp_calibration/package.ps1'
[11.806s] INFO:colcon.colcon_core.shell:Creating package descriptor '/home/kevin/radar_ws/install/pnp_calibration/share/pnp_calibration/package.dsv'
[11.806s] INFO:colcon.colcon_core.shell:Creating package script '/home/kevin/radar_ws/install/pnp_calibration/share/pnp_calibration/package.sh'
[11.806s] INFO:colcon.colcon_core.shell:Creating package script '/home/kevin/radar_ws/install/pnp_calibration/share/pnp_calibration/package.bash'
[11.806s] INFO:colcon.colcon_core.shell:Creating package script '/home/kevin/radar_ws/install/pnp_calibration/share/pnp_calibration/package.zsh'
[11.807s] Level 1:colcon.colcon_core.environment:create_file_with_runtime_dependencies(/home/kevin/radar_ws/install/pnp_calibration/share/colcon-core/packages/pnp_calibration)
[14.182s] DEBUG:colcon.colcon_core.event_handler.log_command:Invoked command in '/home/kevin/radar_ws/build/vision_detector' returned '0': CMAKE_PREFIX_PATH=/home/kevin/radar_ws/install/camera_stream:/home/kevin/radar_ws/install/radar_controllers:/home/kevin/radar_ws/install/vision_detector:/home/kevin/radar_ws/install/pnp_calibration:/opt/ros/jazzy/opt/gz_math_vendor:/opt/ros/jazzy/opt/gz_utils_vendor:/opt/ros/jazzy/opt/gz_cmake_vendor:/opt/ros/jazzy DEBUGINFOD_URLS=https://debuginfod.ubuntu.com LD_LIBRARY_PATH=/home/kevin/radar_ws/install/camera_stream/lib:/home/kevin/radar_ws/install/vision_detector/lib:/opt/MVS/lib/64:/opt/MVS/lib/32:/opt/MVS/lib/64:/opt/MVS/lib/32:/opt/MVS/lib/64:/opt/MVS/lib/32:/opt/ros/jazzy/opt/rviz_ogre_vendor/lib:/opt/ros/jazzy/lib/x86_64-linux-gnu:/opt/ros/jazzy/opt/gz_math_vendor/lib:/opt/ros/jazzy/opt/gz_utils_vendor/lib:/opt/ros/jazzy/opt/gz_cmake_vendor/lib:/opt/ros/jazzy/lib:/opt/MVS/lib/64:/opt/MVS/lib/32:/opt/MVS/lib/64:/opt/MVS/lib/32 PYTHONPATH=/home/kevin/radar_ws/install/camera_stream/lib/python3.12/site-packages:/home/kevin/radar_ws/install/vision_detector/lib/python3.12/site-packages:/opt/ros/jazzy/lib/python3.12/site-packages /usr/bin/cmake --build /home/kevin/radar_ws/build/vision_detector -- -j32 -l32
[14.183s] DEBUG:colcon.colcon_core.event_handler.log_command:Invoking command in '/home/kevin/radar_ws/build/vision_detector': CMAKE_PREFIX_PATH=/home/kevin/radar_ws/install/camera_stream:/home/kevin/radar_ws/install/radar_controllers:/home/kevin/radar_ws/install/vision_detector:/home/kevin/radar_ws/install/pnp_calibration:/opt/ros/jazzy/opt/gz_math_vendor:/opt/ros/jazzy/opt/gz_utils_vendor:/opt/ros/jazzy/opt/gz_cmake_vendor:/opt/ros/jazzy DEBUGINFOD_URLS=https://debuginfod.ubuntu.com LD_LIBRARY_PATH=/home/kevin/radar_ws/install/camera_stream/lib:/home/kevin/radar_ws/install/vision_detector/lib:/opt/MVS/lib/64:/opt/MVS/lib/32:/opt/MVS/lib/64:/opt/MVS/lib/32:/opt/MVS/lib/64:/opt/MVS/lib/32:/opt/ros/jazzy/opt/rviz_ogre_vendor/lib:/opt/ros/jazzy/lib/x86_64-linux-gnu:/opt/ros/jazzy/opt/gz_math_vendor/lib:/opt/ros/jazzy/opt/gz_utils_vendor/lib:/opt/ros/jazzy/opt/gz_cmake_vendor/lib:/opt/ros/jazzy/lib:/opt/MVS/lib/64:/opt/MVS/lib/32:/opt/MVS/lib/64:/opt/MVS/lib/32 PYTHONPATH=/home/kevin/radar_ws/install/camera_stream/lib/python3.12/site-packages:/home/kevin/radar_ws/install/vision_detector/lib/python3.12/site-packages:/opt/ros/jazzy/lib/python3.12/site-packages /usr/bin/cmake --install /home/kevin/radar_ws/build/vision_detector
[14.229s] Level 1:colcon.colcon_core.environment:create_environment_scripts_only(vision_detector)
[14.229s] Level 1:colcon.colcon_core.environment:checking '/home/kevin/radar_ws/install/vision_detector' for CMake module files
[14.229s] DEBUG:colcon.colcon_core.event_handler.log_command:Invoked command in '/home/kevin/radar_ws/build/vision_detector' returned '0': CMAKE_PREFIX_PATH=/home/kevin/radar_ws/install/camera_stream:/home/kevin/radar_ws/install/radar_controllers:/home/kevin/radar_ws/install/vision_detector:/home/kevin/radar_ws/install/pnp_calibration:/opt/ros/jazzy/opt/gz_math_vendor:/opt/ros/jazzy/opt/gz_utils_vendor:/opt/ros/jazzy/opt/gz_cmake_vendor:/opt/ros/jazzy DEBUGINFOD_URLS=https://debuginfod.ubuntu.com LD_LIBRARY_PATH=/home/kevin/radar_ws/install/camera_stream/lib:/home/kevin/radar_ws/install/vision_detector/lib:/opt/MVS/lib/64:/opt/MVS/lib/32:/opt/MVS/lib/64:/opt/MVS/lib/32:/opt/MVS/lib/64:/opt/MVS/lib/32:/opt/ros/jazzy/opt/rviz_ogre_vendor/lib:/opt/ros/jazzy/lib/x86_64-linux-gnu:/opt/ros/jazzy/opt/gz_math_vendor/lib:/opt/ros/jazzy/opt/gz_utils_vendor/lib:/opt/ros/jazzy/opt/gz_cmake_vendor/lib:/opt/ros/jazzy/lib:/opt/MVS/lib/64:/opt/MVS/lib/32:/opt/MVS/lib/64:/opt/MVS/lib/32 PYTHONPATH=/home/kevin/radar_ws/install/camera_stream/lib/python3.12/site-packages:/home/kevin/radar_ws/install/vision_detector/lib/python3.12/site-packages:/opt/ros/jazzy/lib/python3.12/site-packages /usr/bin/cmake --install /home/kevin/radar_ws/build/vision_detector
[14.230s] Level 1:colcon.colcon_core.environment:checking '/home/kevin/radar_ws/install/vision_detector' for CMake config files
[14.230s] Level 1:colcon.colcon_core.shell:create_environment_hook('vision_detector', 'cmake_prefix_path')
[14.230s] INFO:colcon.colcon_core.shell:Creating environment hook '/home/kevin/radar_ws/install/vision_detector/share/vision_detector/hook/cmake_prefix_path.ps1'
[14.230s] INFO:colcon.colcon_core.shell:Creating environment descriptor '/home/kevin/radar_ws/install/vision_detector/share/vision_detector/hook/cmake_prefix_path.dsv'
[14.230s] INFO:colcon.colcon_core.shell:Creating environment hook '/home/kevin/radar_ws/install/vision_detector/share/vision_detector/hook/cmake_prefix_path.sh'
[14.231s] Level 1:colcon.colcon_core.environment:checking '/home/kevin/radar_ws/install/vision_detector/lib'
[14.231s] Level 1:colcon.colcon_core.shell:create_environment_hook('vision_detector', 'ld_library_path_lib')
[14.231s] INFO:colcon.colcon_core.shell:Creating environment hook '/home/kevin/radar_ws/install/vision_detector/share/vision_detector/hook/ld_library_path_lib.ps1'
[14.231s] INFO:colcon.colcon_core.shell:Creating environment descriptor '/home/kevin/radar_ws/install/vision_detector/share/vision_detector/hook/ld_library_path_lib.dsv'
[14.231s] INFO:colcon.colcon_core.shell:Creating environment hook '/home/kevin/radar_ws/install/vision_detector/share/vision_detector/hook/ld_library_path_lib.sh'
[14.232s] Level 1:colcon.colcon_core.environment:checking '/home/kevin/radar_ws/install/vision_detector/bin'
[14.232s] Level 1:colcon.colcon_core.environment:checking '/home/kevin/radar_ws/install/vision_detector/lib/pkgconfig/vision_detector.pc'
[14.232s] Level 1:colcon.colcon_core.environment:checking '/home/kevin/radar_ws/install/vision_detector/lib/python3.12/site-packages'
[14.232s] Level 1:colcon.colcon_core.shell:create_environment_hook('vision_detector', 'pythonpath')
[14.232s] INFO:colcon.colcon_core.shell:Creating environment hook '/home/kevin/radar_ws/install/vision_detector/share/vision_detector/hook/pythonpath.ps1'
[14.232s] INFO:colcon.colcon_core.shell:Creating environment descriptor '/home/kevin/radar_ws/install/vision_detector/share/vision_detector/hook/pythonpath.dsv'
[14.232s] INFO:colcon.colcon_core.shell:Creating environment hook '/home/kevin/radar_ws/install/vision_detector/share/vision_detector/hook/pythonpath.sh'
[14.233s] Level 1:colcon.colcon_core.environment:checking '/home/kevin/radar_ws/install/vision_detector/bin'
[14.233s] INFO:colcon.colcon_core.shell:Creating package script '/home/kevin/radar_ws/install/vision_detector/share/vision_detector/package.ps1'
[14.233s] INFO:colcon.colcon_core.shell:Creating package descriptor '/home/kevin/radar_ws/install/vision_detector/share/vision_detector/package.dsv'
[14.234s] INFO:colcon.colcon_core.shell:Creating package script '/home/kevin/radar_ws/install/vision_detector/share/vision_detector/package.sh'
[14.234s] INFO:colcon.colcon_core.shell:Creating package script '/home/kevin/radar_ws/install/vision_detector/share/vision_detector/package.bash'
[14.234s] INFO:colcon.colcon_core.shell:Creating package script '/home/kevin/radar_ws/install/vision_detector/share/vision_detector/package.zsh'
[14.234s] Level 1:colcon.colcon_core.environment:create_file_with_runtime_dependencies(/home/kevin/radar_ws/install/vision_detector/share/colcon-core/packages/vision_detector)
[14.235s] Level 1:colcon.colcon_core.environment:create_environment_scripts_only(vision_detector)
[14.235s] Level 1:colcon.colcon_core.environment:checking '/home/kevin/radar_ws/install/vision_detector' for CMake module files
[14.235s] Level 1:colcon.colcon_core.environment:checking '/home/kevin/radar_ws/install/vision_detector' for CMake config files
[14.235s] Level 1:colcon.colcon_core.shell:create_environment_hook('vision_detector', 'cmake_prefix_path')
[14.235s] INFO:colcon.colcon_core.shell:Creating environment hook '/home/kevin/radar_ws/install/vision_detector/share/vision_detector/hook/cmake_prefix_path.ps1'
[14.235s] INFO:colcon.colcon_core.shell:Creating environment descriptor '/home/kevin/radar_ws/install/vision_detector/share/vision_detector/hook/cmake_prefix_path.dsv'
[14.236s] INFO:colcon.colcon_core.shell:Creating environment hook '/home/kevin/radar_ws/install/vision_detector/share/vision_detector/hook/cmake_prefix_path.sh'
[14.236s] Level 1:colcon.colcon_core.environment:checking '/home/kevin/radar_ws/install/vision_detector/lib'
[14.236s] Level 1:colcon.colcon_core.shell:create_environment_hook('vision_detector', 'ld_library_path_lib')
[14.236s] INFO:colcon.colcon_core.shell:Creating environment hook '/home/kevin/radar_ws/install/vision_detector/share/vision_detector/hook/ld_library_path_lib.ps1'
[14.236s] INFO:colcon.colcon_core.shell:Creating environment descriptor '/home/kevin/radar_ws/install/vision_detector/share/vision_detector/hook/ld_library_path_lib.dsv'
[14.236s] INFO:colcon.colcon_core.shell:Creating environment hook '/home/kevin/radar_ws/install/vision_detector/share/vision_detector/hook/ld_library_path_lib.sh'
[14.237s] Level 1:colcon.colcon_core.environment:checking '/home/kevin/radar_ws/install/vision_detector/bin'
[14.237s] Level 1:colcon.colcon_core.environment:checking '/home/kevin/radar_ws/install/vision_detector/lib/pkgconfig/vision_detector.pc'
[14.237s] Level 1:colcon.colcon_core.environment:checking '/home/kevin/radar_ws/install/vision_detector/lib/python3.12/site-packages'
[14.237s] Level 1:colcon.colcon_core.shell:create_environment_hook('vision_detector', 'pythonpath')
[14.237s] INFO:colcon.colcon_core.shell:Creating environment hook '/home/kevin/radar_ws/install/vision_detector/share/vision_detector/hook/pythonpath.ps1'
[14.237s] INFO:colcon.colcon_core.shell:Creating environment descriptor '/home/kevin/radar_ws/install/vision_detector/share/vision_detector/hook/pythonpath.dsv'
[14.237s] INFO:colcon.colcon_core.shell:Creating environment hook '/home/kevin/radar_ws/install/vision_detector/share/vision_detector/hook/pythonpath.sh'
[14.238s] Level 1:colcon.colcon_core.environment:checking '/home/kevin/radar_ws/install/vision_detector/bin'
[14.238s] INFO:colcon.colcon_core.shell:Creating package script '/home/kevin/radar_ws/install/vision_detector/share/vision_detector/package.ps1'
[14.238s] INFO:colcon.colcon_core.shell:Creating package descriptor '/home/kevin/radar_ws/install/vision_detector/share/vision_detector/package.dsv'
[14.238s] INFO:colcon.colcon_core.shell:Creating package script '/home/kevin/radar_ws/install/vision_detector/share/vision_detector/package.sh'
[14.239s] INFO:colcon.colcon_core.shell:Creating package script '/home/kevin/radar_ws/install/vision_detector/share/vision_detector/package.bash'
[14.239s] INFO:colcon.colcon_core.shell:Creating package script '/home/kevin/radar_ws/install/vision_detector/share/vision_detector/package.zsh'
[14.239s] Level 1:colcon.colcon_core.environment:create_file_with_runtime_dependencies(/home/kevin/radar_ws/install/vision_detector/share/colcon-core/packages/vision_detector)
[14.239s] INFO:colcon.colcon_ros.task.ament_cmake.build:Building ROS package in '/home/kevin/radar_ws/src/radar_controllers' with build type 'ament_cmake'
[14.239s] INFO:colcon.colcon_cmake.task.cmake.build:Building CMake package in '/home/kevin/radar_ws/src/radar_controllers'
[14.239s] INFO:colcon.colcon_core.shell:Skip shell extension 'powershell' for command environment: Not usable outside of PowerShell
[14.239s] DEBUG:colcon.colcon_core.shell:Skip shell extension 'dsv' for command environment
[14.250s] DEBUG:colcon.colcon_core.event_handler.log_command:Invoking command in '/home/kevin/radar_ws/build/radar_controllers': CMAKE_PREFIX_PATH=/home/kevin/radar_ws/install/vision_detector:/home/kevin/radar_ws/install/camera_stream:/home/kevin/radar_ws/install/radar_controllers:/home/kevin/radar_ws/install/pnp_calibration:/opt/ros/jazzy/opt/gz_math_vendor:/opt/ros/jazzy/opt/gz_utils_vendor:/opt/ros/jazzy/opt/gz_cmake_vendor:/opt/ros/jazzy DEBUGINFOD_URLS=https://debuginfod.ubuntu.com LD_LIBRARY_PATH=/home/kevin/radar_ws/install/vision_detector/lib:/home/kevin/radar_ws/install/camera_stream/lib:/opt/MVS/lib/64:/opt/MVS/lib/32:/opt/MVS/lib/64:/opt/MVS/lib/32:/opt/MVS/lib/64:/opt/MVS/lib/32:/opt/ros/jazzy/opt/rviz_ogre_vendor/lib:/opt/ros/jazzy/lib/x86_64-linux-gnu:/opt/ros/jazzy/opt/gz_math_vendor/lib:/opt/ros/jazzy/opt/gz_utils_vendor/lib:/opt/ros/jazzy/opt/gz_cmake_vendor/lib:/opt/ros/jazzy/lib:/opt/MVS/lib/64:/opt/MVS/lib/32:/opt/MVS/lib/64:/opt/MVS/lib/32 /usr/bin/cmake --build /home/kevin/radar_ws/build/radar_controllers -- -j32 -l32
[19.602s] DEBUG:colcon.colcon_core.event_handler.log_command:Invoked command in '/home/kevin/radar_ws/build/radar_controllers' returned '0': CMAKE_PREFIX_PATH=/home/kevin/radar_ws/install/vision_detector:/home/kevin/radar_ws/install/camera_stream:/home/kevin/radar_ws/install/radar_controllers:/home/kevin/radar_ws/install/pnp_calibration:/opt/ros/jazzy/opt/gz_math_vendor:/opt/ros/jazzy/opt/gz_utils_vendor:/opt/ros/jazzy/opt/gz_cmake_vendor:/opt/ros/jazzy DEBUGINFOD_URLS=https://debuginfod.ubuntu.com LD_LIBRARY_PATH=/home/kevin/radar_ws/install/vision_detector/lib:/home/kevin/radar_ws/install/camera_stream/lib:/opt/MVS/lib/64:/opt/MVS/lib/32:/opt/MVS/lib/64:/opt/MVS/lib/32:/opt/MVS/lib/64:/opt/MVS/lib/32:/opt/ros/jazzy/opt/rviz_ogre_vendor/lib:/opt/ros/jazzy/lib/x86_64-linux-gnu:/opt/ros/jazzy/opt/gz_math_vendor/lib:/opt/ros/jazzy/opt/gz_utils_vendor/lib:/opt/ros/jazzy/opt/gz_cmake_vendor/lib:/opt/ros/jazzy/lib:/opt/MVS/lib/64:/opt/MVS/lib/32:/opt/MVS/lib/64:/opt/MVS/lib/32 /usr/bin/cmake --build /home/kevin/radar_ws/build/radar_controllers -- -j32 -l32
[19.603s] DEBUG:colcon.colcon_core.event_handler.log_command:Invoking command in '/home/kevin/radar_ws/build/radar_controllers': CMAKE_PREFIX_PATH=/home/kevin/radar_ws/install/vision_detector:/home/kevin/radar_ws/install/camera_stream:/home/kevin/radar_ws/install/radar_controllers:/home/kevin/radar_ws/install/pnp_calibration:/opt/ros/jazzy/opt/gz_math_vendor:/opt/ros/jazzy/opt/gz_utils_vendor:/opt/ros/jazzy/opt/gz_cmake_vendor:/opt/ros/jazzy DEBUGINFOD_URLS=https://debuginfod.ubuntu.com LD_LIBRARY_PATH=/home/kevin/radar_ws/install/vision_detector/lib:/home/kevin/radar_ws/install/camera_stream/lib:/opt/MVS/lib/64:/opt/MVS/lib/32:/opt/MVS/lib/64:/opt/MVS/lib/32:/opt/MVS/lib/64:/opt/MVS/lib/32:/opt/ros/jazzy/opt/rviz_ogre_vendor/lib:/opt/ros/jazzy/lib/x86_64-linux-gnu:/opt/ros/jazzy/opt/gz_math_vendor/lib:/opt/ros/jazzy/opt/gz_utils_vendor/lib:/opt/ros/jazzy/opt/gz_cmake_vendor/lib:/opt/ros/jazzy/lib:/opt/MVS/lib/64:/opt/MVS/lib/32:/opt/MVS/lib/64:/opt/MVS/lib/32 /usr/bin/cmake --install /home/kevin/radar_ws/build/radar_controllers
[19.619s] Level 1:colcon.colcon_core.environment:create_environment_scripts_only(radar_controllers)
[19.619s] Level 1:colcon.colcon_core.environment:checking '/home/kevin/radar_ws/install/radar_controllers' for CMake module files
[19.620s] DEBUG:colcon.colcon_core.event_handler.log_command:Invoked command in '/home/kevin/radar_ws/build/radar_controllers' returned '0': CMAKE_PREFIX_PATH=/home/kevin/radar_ws/install/vision_detector:/home/kevin/radar_ws/install/camera_stream:/home/kevin/radar_ws/install/radar_controllers:/home/kevin/radar_ws/install/pnp_calibration:/opt/ros/jazzy/opt/gz_math_vendor:/opt/ros/jazzy/opt/gz_utils_vendor:/opt/ros/jazzy/opt/gz_cmake_vendor:/opt/ros/jazzy DEBUGINFOD_URLS=https://debuginfod.ubuntu.com LD_LIBRARY_PATH=/home/kevin/radar_ws/install/vision_detector/lib:/home/kevin/radar_ws/install/camera_stream/lib:/opt/MVS/lib/64:/opt/MVS/lib/32:/opt/MVS/lib/64:/opt/MVS/lib/32:/opt/MVS/lib/64:/opt/MVS/lib/32:/opt/ros/jazzy/opt/rviz_ogre_vendor/lib:/opt/ros/jazzy/lib/x86_64-linux-gnu:/opt/ros/jazzy/opt/gz_math_vendor/lib:/opt/ros/jazzy/opt/gz_utils_vendor/lib:/opt/ros/jazzy/opt/gz_cmake_vendor/lib:/opt/ros/jazzy/lib:/opt/MVS/lib/64:/opt/MVS/lib/32:/opt/MVS/lib/64:/opt/MVS/lib/32 /usr/bin/cmake --install /home/kevin/radar_ws/build/radar_controllers
[19.620s] Level 1:colcon.colcon_core.environment:checking '/home/kevin/radar_ws/install/radar_controllers' for CMake config files
[19.620s] Level 1:colcon.colcon_core.shell:create_environment_hook('radar_controllers', 'cmake_prefix_path')
[19.620s] INFO:colcon.colcon_core.shell:Creating environment hook '/home/kevin/radar_ws/install/radar_controllers/share/radar_controllers/hook/cmake_prefix_path.ps1'
[19.620s] INFO:colcon.colcon_core.shell:Creating environment descriptor '/home/kevin/radar_ws/install/radar_controllers/share/radar_controllers/hook/cmake_prefix_path.dsv'
[19.620s] INFO:colcon.colcon_core.shell:Creating environment hook '/home/kevin/radar_ws/install/radar_controllers/share/radar_controllers/hook/cmake_prefix_path.sh'
[19.621s] Level 1:colcon.colcon_core.environment:checking '/home/kevin/radar_ws/install/radar_controllers/lib'
[19.621s] Level 1:colcon.colcon_core.environment:checking '/home/kevin/radar_ws/install/radar_controllers/bin'
[19.621s] Level 1:colcon.colcon_core.environment:checking '/home/kevin/radar_ws/install/radar_controllers/lib/pkgconfig/radar_controllers.pc'
[19.621s] Level 1:colcon.colcon_core.environment:checking '/home/kevin/radar_ws/install/radar_controllers/lib/python3.12/site-packages'
[19.622s] Level 1:colcon.colcon_core.environment:checking '/home/kevin/radar_ws/install/radar_controllers/bin'
[19.622s] INFO:colcon.colcon_core.shell:Creating package script '/home/kevin/radar_ws/install/radar_controllers/share/radar_controllers/package.ps1'
[19.622s] INFO:colcon.colcon_core.shell:Creating package descriptor '/home/kevin/radar_ws/install/radar_controllers/share/radar_controllers/package.dsv'
[19.623s] INFO:colcon.colcon_core.shell:Creating package script '/home/kevin/radar_ws/install/radar_controllers/share/radar_controllers/package.sh'
[19.623s] INFO:colcon.colcon_core.shell:Creating package script '/home/kevin/radar_ws/install/radar_controllers/share/radar_controllers/package.bash'
[19.623s] INFO:colcon.colcon_core.shell:Creating package script '/home/kevin/radar_ws/install/radar_controllers/share/radar_controllers/package.zsh'
[19.623s] Level 1:colcon.colcon_core.environment:create_file_with_runtime_dependencies(/home/kevin/radar_ws/install/radar_controllers/share/colcon-core/packages/radar_controllers)
[19.624s] Level 1:colcon.colcon_core.environment:create_environment_scripts_only(radar_controllers)
[19.624s] Level 1:colcon.colcon_core.environment:checking '/home/kevin/radar_ws/install/radar_controllers' for CMake module files
[19.624s] Level 1:colcon.colcon_core.environment:checking '/home/kevin/radar_ws/install/radar_controllers' for CMake config files
[19.624s] Level 1:colcon.colcon_core.shell:create_environment_hook('radar_controllers', 'cmake_prefix_path')
[19.624s] INFO:colcon.colcon_core.shell:Creating environment hook '/home/kevin/radar_ws/install/radar_controllers/share/radar_controllers/hook/cmake_prefix_path.ps1'
[19.625s] INFO:colcon.colcon_core.shell:Creating environment descriptor '/home/kevin/radar_ws/install/radar_controllers/share/radar_controllers/hook/cmake_prefix_path.dsv'
[19.625s] INFO:colcon.colcon_core.shell:Creating environment hook '/home/kevin/radar_ws/install/radar_controllers/share/radar_controllers/hook/cmake_prefix_path.sh'
[19.625s] Level 1:colcon.colcon_core.environment:checking '/home/kevin/radar_ws/install/radar_controllers/lib'
[19.625s] Level 1:colcon.colcon_core.environment:checking '/home/kevin/radar_ws/install/radar_controllers/bin'
[19.625s] Level 1:colcon.colcon_core.environment:checking '/home/kevin/radar_ws/install/radar_controllers/lib/pkgconfig/radar_controllers.pc'
[19.625s] Level 1:colcon.colcon_core.environment:checking '/home/kevin/radar_ws/install/radar_controllers/lib/python3.12/site-packages'
[19.626s] Level 1:colcon.colcon_core.environment:checking '/home/kevin/radar_ws/install/radar_controllers/bin'
[19.626s] INFO:colcon.colcon_core.shell:Creating package script '/home/kevin/radar_ws/install/radar_controllers/share/radar_controllers/package.ps1'
[19.626s] INFO:colcon.colcon_core.shell:Creating package descriptor '/home/kevin/radar_ws/install/radar_controllers/share/radar_controllers/package.dsv'
[19.626s] INFO:colcon.colcon_core.shell:Creating package script '/home/kevin/radar_ws/install/radar_controllers/share/radar_controllers/package.sh'
[19.626s] INFO:colcon.colcon_core.shell:Creating package script '/home/kevin/radar_ws/install/radar_controllers/share/radar_controllers/package.bash'
[19.627s] INFO:colcon.colcon_core.shell:Creating package script '/home/kevin/radar_ws/install/radar_controllers/share/radar_controllers/package.zsh'
[19.627s] Level 1:colcon.colcon_core.environment:create_file_with_runtime_dependencies(/home/kevin/radar_ws/install/radar_controllers/share/colcon-core/packages/radar_controllers)
[19.627s] DEBUG:colcon.colcon_parallel_executor.executor.parallel:closing loop
[19.627s] DEBUG:colcon.colcon_parallel_executor.executor.parallel:loop closed
[19.627s] DEBUG:colcon.colcon_parallel_executor.executor.parallel:run_until_complete finished with '0'
[19.627s] DEBUG:colcon.colcon_core.event_reactor:joining thread
[19.631s] INFO:colcon.colcon_core.plugin_system:Skipping extension 'colcon_notification.desktop_notification.terminal_notifier': Not used on non-Darwin systems
[19.631s] INFO:colcon.colcon_core.plugin_system:Skipping extension 'colcon_notification.desktop_notification.win32': Not used on non-Windows systems
[19.631s] INFO:colcon.colcon_notification.desktop_notification:Sending desktop notification using 'notify2'
[19.639s] DEBUG:colcon.colcon_core.event_reactor:joined thread
[19.640s] INFO:colcon.colcon_core.shell:Creating prefix script '/home/kevin/radar_ws/install/local_setup.ps1'
[19.640s] INFO:colcon.colcon_core.shell:Creating prefix util module '/home/kevin/radar_ws/install/_local_setup_util_ps1.py'
[19.641s] INFO:colcon.colcon_core.shell:Creating prefix chain script '/home/kevin/radar_ws/install/setup.ps1'
[19.641s] INFO:colcon.colcon_core.shell:Creating prefix script '/home/kevin/radar_ws/install/local_setup.sh'
[19.642s] INFO:colcon.colcon_core.shell:Creating prefix util module '/home/kevin/radar_ws/install/_local_setup_util_sh.py'
[19.642s] INFO:colcon.colcon_core.shell:Creating prefix chain script '/home/kevin/radar_ws/install/setup.sh'
[19.643s] INFO:colcon.colcon_core.shell:Creating prefix script '/home/kevin/radar_ws/install/local_setup.bash'
[19.643s] INFO:colcon.colcon_core.shell:Creating prefix chain script '/home/kevin/radar_ws/install/setup.bash'
[19.643s] INFO:colcon.colcon_core.shell:Creating prefix script '/home/kevin/radar_ws/install/local_setup.zsh'
[19.644s] INFO:colcon.colcon_core.shell:Creating prefix chain script '/home/kevin/radar_ws/install/setup.zsh'
