[0.008s] Invoking command in '/home/kevin/radar_ws/build/vision_detector': CMAKE_PREFIX_PATH=/home/kevin/radar_ws/install/camera_stream:/home/kevin/radar_ws/install/radar_controllers:/home/kevin/radar_ws/install/vision_detector:/home/kevin/radar_ws/install/pnp_calibration:/opt/ros/jazzy/opt/gz_math_vendor:/opt/ros/jazzy/opt/gz_utils_vendor:/opt/ros/jazzy/opt/gz_cmake_vendor:/opt/ros/jazzy DEBUGINFOD_URLS=https://debuginfod.ubuntu.com LD_LIBRARY_PATH=/home/kevin/radar_ws/install/camera_stream/lib:/home/kevin/radar_ws/install/vision_detector/lib:/opt/MVS/lib/64:/opt/MVS/lib/32:/opt/MVS/lib/64:/opt/MVS/lib/32:/opt/ros/jazzy/opt/rviz_ogre_vendor/lib:/opt/ros/jazzy/lib/x86_64-linux-gnu:/opt/ros/jazzy/opt/gz_math_vendor/lib:/opt/ros/jazzy/opt/gz_utils_vendor/lib:/opt/ros/jazzy/opt/gz_cmake_vendor/lib:/opt/ros/jazzy/lib:/opt/MVS/lib/64:/opt/MVS/lib/32:/opt/MVS/lib/64:/opt/MVS/lib/32 PYTHONPATH=/home/kevin/radar_ws/install/camera_stream/lib/python3.12/site-packages:/home/kevin/radar_ws/install/vision_detector/lib/python3.12/site-packages:/opt/ros/jazzy/lib/python3.12/site-packages /usr/bin/cmake --build /home/kevin/radar_ws/build/vision_detector -- -j32 -l32
[0.056s] [  2%] Built target vision_detector__rs
[0.059s] [  4%] Built target vision_detector__rosidl_generator_type_description
[0.066s] [  4%] Built target ament_cmake_python_copy_vision_detector
[0.074s] [  6%] Built target vision_detector__cpp
[0.076s] [ 22%] Built target vision_detector__rosidl_generator_c
[0.093s] [ 30%] Built target vision_detector__rosidl_typesupport_fastrtps_c
[0.094s] [ 44%] Built target vision_detector__rosidl_typesupport_introspection_cpp
[0.094s] [ 46%] Built target vision_detector__rosidl_typesupport_cpp
[0.094s] [ 55%] Built target vision_detector__rosidl_typesupport_fastrtps_cpp
[0.095s] [ 71%] Built target vision_detector__rosidl_typesupport_c
[0.095s] [ 71%] Built target vision_detector__rosidl_typesupport_introspection_c
[0.111s] [ 71%] Built target vision_detector
[0.128s] [ 73%] Built target vision_detector__py
[0.136s] [ 81%] Built target node_vision_drone_detector
[0.146s] [ 87%] Built target vision_detector__rosidl_generator_py
[0.167s] [ 91%] Built target vision_detector_s__rosidl_typesupport_c
[0.167s] [ 95%] Built target vision_detector_s__rosidl_typesupport_introspection_c
[0.167s] [100%] Built target vision_detector_s__rosidl_typesupport_fastrtps_c
[0.198s] running egg_info
[0.209s] writing vision_detector.egg-info/PKG-INFO
[0.209s] writing dependency_links to vision_detector.egg-info/dependency_links.txt
[0.209s] writing top-level names to vision_detector.egg-info/top_level.txt
[0.239s] reading manifest file 'vision_detector.egg-info/SOURCES.txt'
[0.239s] writing manifest file 'vision_detector.egg-info/SOURCES.txt'
[0.259s] [100%] Built target ament_cmake_python_build_vision_detector_egg
[0.271s] Invoked command in '/home/kevin/radar_ws/build/vision_detector' returned '0': CMAKE_PREFIX_PATH=/home/kevin/radar_ws/install/camera_stream:/home/kevin/radar_ws/install/radar_controllers:/home/kevin/radar_ws/install/vision_detector:/home/kevin/radar_ws/install/pnp_calibration:/opt/ros/jazzy/opt/gz_math_vendor:/opt/ros/jazzy/opt/gz_utils_vendor:/opt/ros/jazzy/opt/gz_cmake_vendor:/opt/ros/jazzy DEBUGINFOD_URLS=https://debuginfod.ubuntu.com LD_LIBRARY_PATH=/home/kevin/radar_ws/install/camera_stream/lib:/home/kevin/radar_ws/install/vision_detector/lib:/opt/MVS/lib/64:/opt/MVS/lib/32:/opt/MVS/lib/64:/opt/MVS/lib/32:/opt/ros/jazzy/opt/rviz_ogre_vendor/lib:/opt/ros/jazzy/lib/x86_64-linux-gnu:/opt/ros/jazzy/opt/gz_math_vendor/lib:/opt/ros/jazzy/opt/gz_utils_vendor/lib:/opt/ros/jazzy/opt/gz_cmake_vendor/lib:/opt/ros/jazzy/lib:/opt/MVS/lib/64:/opt/MVS/lib/32:/opt/MVS/lib/64:/opt/MVS/lib/32 PYTHONPATH=/home/kevin/radar_ws/install/camera_stream/lib/python3.12/site-packages:/home/kevin/radar_ws/install/vision_detector/lib/python3.12/site-packages:/opt/ros/jazzy/lib/python3.12/site-packages /usr/bin/cmake --build /home/kevin/radar_ws/build/vision_detector -- -j32 -l32
[0.272s] Invoking command in '/home/kevin/radar_ws/build/vision_detector': CMAKE_PREFIX_PATH=/home/kevin/radar_ws/install/camera_stream:/home/kevin/radar_ws/install/radar_controllers:/home/kevin/radar_ws/install/vision_detector:/home/kevin/radar_ws/install/pnp_calibration:/opt/ros/jazzy/opt/gz_math_vendor:/opt/ros/jazzy/opt/gz_utils_vendor:/opt/ros/jazzy/opt/gz_cmake_vendor:/opt/ros/jazzy DEBUGINFOD_URLS=https://debuginfod.ubuntu.com LD_LIBRARY_PATH=/home/kevin/radar_ws/install/camera_stream/lib:/home/kevin/radar_ws/install/vision_detector/lib:/opt/MVS/lib/64:/opt/MVS/lib/32:/opt/MVS/lib/64:/opt/MVS/lib/32:/opt/ros/jazzy/opt/rviz_ogre_vendor/lib:/opt/ros/jazzy/lib/x86_64-linux-gnu:/opt/ros/jazzy/opt/gz_math_vendor/lib:/opt/ros/jazzy/opt/gz_utils_vendor/lib:/opt/ros/jazzy/opt/gz_cmake_vendor/lib:/opt/ros/jazzy/lib:/opt/MVS/lib/64:/opt/MVS/lib/32:/opt/MVS/lib/64:/opt/MVS/lib/32 PYTHONPATH=/home/kevin/radar_ws/install/camera_stream/lib/python3.12/site-packages:/home/kevin/radar_ws/install/vision_detector/lib/python3.12/site-packages:/opt/ros/jazzy/lib/python3.12/site-packages /usr/bin/cmake --install /home/kevin/radar_ws/build/vision_detector
[0.283s] -- Install configuration: ""
[0.283s] -- Up-to-date: /home/kevin/radar_ws/install/vision_detector/share/ament_index/resource_index/rosidl_interfaces/vision_detector
[0.283s] -- Up-to-date: /home/kevin/radar_ws/install/vision_detector/share/vision_detector/msg/DroneDiff.json
[0.283s] -- Up-to-date: /home/kevin/radar_ws/install/vision_detector/share/vision_detector/msg/GimbalInfo.json
[0.283s] -- Up-to-date: /home/kevin/radar_ws/install/vision_detector/include/vision_detector/vision_detector
[0.283s] -- Up-to-date: /home/kevin/radar_ws/install/vision_detector/include/vision_detector/vision_detector/msg
[0.283s] -- Up-to-date: /home/kevin/radar_ws/install/vision_detector/include/vision_detector/vision_detector/msg/drone_diff.h
[0.283s] -- Up-to-date: /home/kevin/radar_ws/install/vision_detector/include/vision_detector/vision_detector/msg/rosidl_generator_c__visibility_control.h
[0.283s] -- Up-to-date: /home/kevin/radar_ws/install/vision_detector/include/vision_detector/vision_detector/msg/gimbal_info.h
[0.283s] -- Up-to-date: /home/kevin/radar_ws/install/vision_detector/include/vision_detector/vision_detector/msg/detail
[0.283s] -- Up-to-date: /home/kevin/radar_ws/install/vision_detector/include/vision_detector/vision_detector/msg/detail/gimbal_info__functions.c
[0.284s] -- Up-to-date: /home/kevin/radar_ws/install/vision_detector/include/vision_detector/vision_detector/msg/detail/drone_diff__functions.c
[0.284s] -- Up-to-date: /home/kevin/radar_ws/install/vision_detector/include/vision_detector/vision_detector/msg/detail/drone_diff__struct.h
[0.284s] -- Up-to-date: /home/kevin/radar_ws/install/vision_detector/include/vision_detector/vision_detector/msg/detail/drone_diff__description.c
[0.284s] -- Up-to-date: /home/kevin/radar_ws/install/vision_detector/include/vision_detector/vision_detector/msg/detail/drone_diff__functions.h
[0.284s] -- Up-to-date: /home/kevin/radar_ws/install/vision_detector/include/vision_detector/vision_detector/msg/detail/gimbal_info__functions.h
[0.284s] -- Up-to-date: /home/kevin/radar_ws/install/vision_detector/include/vision_detector/vision_detector/msg/detail/gimbal_info__type_support.h
[0.284s] -- Up-to-date: /home/kevin/radar_ws/install/vision_detector/include/vision_detector/vision_detector/msg/detail/gimbal_info__type_support.c
[0.284s] -- Up-to-date: /home/kevin/radar_ws/install/vision_detector/include/vision_detector/vision_detector/msg/detail/gimbal_info__struct.h
[0.284s] -- Up-to-date: /home/kevin/radar_ws/install/vision_detector/include/vision_detector/vision_detector/msg/detail/drone_diff__type_support.c
[0.284s] -- Up-to-date: /home/kevin/radar_ws/install/vision_detector/include/vision_detector/vision_detector/msg/detail/drone_diff__type_support.h
[0.284s] -- Up-to-date: /home/kevin/radar_ws/install/vision_detector/include/vision_detector/vision_detector/msg/detail/gimbal_info__description.c
[0.284s] -- Up-to-date: /home/kevin/radar_ws/install/vision_detector/share/vision_detector/environment/library_path.sh
[0.284s] -- Up-to-date: /home/kevin/radar_ws/install/vision_detector/share/vision_detector/environment/library_path.dsv
[0.284s] -- Up-to-date: /home/kevin/radar_ws/install/vision_detector/lib/libvision_detector__rosidl_generator_c.so
[0.284s] -- Up-to-date: /home/kevin/radar_ws/install/vision_detector/include/vision_detector/vision_detector
[0.284s] -- Up-to-date: /home/kevin/radar_ws/install/vision_detector/include/vision_detector/vision_detector/msg
[0.284s] -- Up-to-date: /home/kevin/radar_ws/install/vision_detector/include/vision_detector/vision_detector/msg/rosidl_typesupport_fastrtps_c__visibility_control.h
[0.284s] -- Up-to-date: /home/kevin/radar_ws/install/vision_detector/include/vision_detector/vision_detector/msg/detail
[0.284s] -- Up-to-date: /home/kevin/radar_ws/install/vision_detector/include/vision_detector/vision_detector/msg/detail/drone_diff__rosidl_typesupport_fastrtps_c.h
[0.284s] -- Up-to-date: /home/kevin/radar_ws/install/vision_detector/include/vision_detector/vision_detector/msg/detail/gimbal_info__rosidl_typesupport_fastrtps_c.h
[0.284s] -- Up-to-date: /home/kevin/radar_ws/install/vision_detector/lib/libvision_detector__rosidl_typesupport_fastrtps_c.so
[0.284s] -- Up-to-date: /home/kevin/radar_ws/install/vision_detector/include/vision_detector/vision_detector
[0.284s] -- Up-to-date: /home/kevin/radar_ws/install/vision_detector/include/vision_detector/vision_detector/msg
[0.284s] -- Up-to-date: /home/kevin/radar_ws/install/vision_detector/include/vision_detector/vision_detector/msg/gimbal_info.hpp
[0.285s] -- Up-to-date: /home/kevin/radar_ws/install/vision_detector/include/vision_detector/vision_detector/msg/drone_diff.hpp
[0.285s] -- Up-to-date: /home/kevin/radar_ws/install/vision_detector/include/vision_detector/vision_detector/msg/rosidl_generator_cpp__visibility_control.hpp
[0.285s] -- Up-to-date: /home/kevin/radar_ws/install/vision_detector/include/vision_detector/vision_detector/msg/detail
[0.285s] -- Up-to-date: /home/kevin/radar_ws/install/vision_detector/include/vision_detector/vision_detector/msg/detail/drone_diff__struct.hpp
[0.285s] -- Up-to-date: /home/kevin/radar_ws/install/vision_detector/include/vision_detector/vision_detector/msg/detail/drone_diff__builder.hpp
[0.285s] -- Up-to-date: /home/kevin/radar_ws/install/vision_detector/include/vision_detector/vision_detector/msg/detail/gimbal_info__type_support.hpp
[0.285s] -- Up-to-date: /home/kevin/radar_ws/install/vision_detector/include/vision_detector/vision_detector/msg/detail/gimbal_info__builder.hpp
[0.285s] -- Up-to-date: /home/kevin/radar_ws/install/vision_detector/include/vision_detector/vision_detector/msg/detail/gimbal_info__traits.hpp
[0.285s] -- Up-to-date: /home/kevin/radar_ws/install/vision_detector/include/vision_detector/vision_detector/msg/detail/drone_diff__traits.hpp
[0.285s] -- Up-to-date: /home/kevin/radar_ws/install/vision_detector/include/vision_detector/vision_detector/msg/detail/drone_diff__type_support.hpp
[0.285s] -- Up-to-date: /home/kevin/radar_ws/install/vision_detector/include/vision_detector/vision_detector/msg/detail/gimbal_info__struct.hpp
[0.285s] -- Up-to-date: /home/kevin/radar_ws/install/vision_detector/include/vision_detector/vision_detector
[0.285s] -- Up-to-date: /home/kevin/radar_ws/install/vision_detector/include/vision_detector/vision_detector/msg
[0.285s] -- Up-to-date: /home/kevin/radar_ws/install/vision_detector/include/vision_detector/vision_detector/msg/rosidl_typesupport_fastrtps_cpp__visibility_control.h
[0.285s] -- Up-to-date: /home/kevin/radar_ws/install/vision_detector/include/vision_detector/vision_detector/msg/detail
[0.285s] -- Up-to-date: /home/kevin/radar_ws/install/vision_detector/include/vision_detector/vision_detector/msg/detail/gimbal_info__rosidl_typesupport_fastrtps_cpp.hpp
[0.285s] -- Up-to-date: /home/kevin/radar_ws/install/vision_detector/include/vision_detector/vision_detector/msg/detail/dds_fastrtps
[0.285s] -- Up-to-date: /home/kevin/radar_ws/install/vision_detector/include/vision_detector/vision_detector/msg/detail/drone_diff__rosidl_typesupport_fastrtps_cpp.hpp
[0.285s] -- Up-to-date: /home/kevin/radar_ws/install/vision_detector/lib/libvision_detector__rosidl_typesupport_fastrtps_cpp.so
[0.285s] -- Up-to-date: /home/kevin/radar_ws/install/vision_detector/include/vision_detector/vision_detector
[0.285s] -- Up-to-date: /home/kevin/radar_ws/install/vision_detector/include/vision_detector/vision_detector/msg
[0.285s] -- Up-to-date: /home/kevin/radar_ws/install/vision_detector/include/vision_detector/vision_detector/msg/rosidl_typesupport_introspection_c__visibility_control.h
[0.285s] -- Up-to-date: /home/kevin/radar_ws/install/vision_detector/include/vision_detector/vision_detector/msg/detail
[0.285s] -- Up-to-date: /home/kevin/radar_ws/install/vision_detector/include/vision_detector/vision_detector/msg/detail/gimbal_info__type_support.c
[0.286s] -- Up-to-date: /home/kevin/radar_ws/install/vision_detector/include/vision_detector/vision_detector/msg/detail/drone_diff__rosidl_typesupport_introspection_c.h
[0.286s] -- Up-to-date: /home/kevin/radar_ws/install/vision_detector/include/vision_detector/vision_detector/msg/detail/drone_diff__type_support.c
[0.286s] -- Up-to-date: /home/kevin/radar_ws/install/vision_detector/include/vision_detector/vision_detector/msg/detail/gimbal_info__rosidl_typesupport_introspection_c.h
[0.286s] -- Up-to-date: /home/kevin/radar_ws/install/vision_detector/lib/libvision_detector__rosidl_typesupport_introspection_c.so
[0.286s] -- Up-to-date: /home/kevin/radar_ws/install/vision_detector/lib/libvision_detector__rosidl_typesupport_c.so
[0.286s] -- Up-to-date: /home/kevin/radar_ws/install/vision_detector/include/vision_detector/vision_detector
[0.286s] -- Up-to-date: /home/kevin/radar_ws/install/vision_detector/include/vision_detector/vision_detector/msg
[0.286s] -- Up-to-date: /home/kevin/radar_ws/install/vision_detector/include/vision_detector/vision_detector/msg/detail
[0.286s] -- Up-to-date: /home/kevin/radar_ws/install/vision_detector/include/vision_detector/vision_detector/msg/detail/drone_diff__rosidl_typesupport_introspection_cpp.hpp
[0.286s] -- Up-to-date: /home/kevin/radar_ws/install/vision_detector/include/vision_detector/vision_detector/msg/detail/gimbal_info__type_support.cpp
[0.286s] -- Up-to-date: /home/kevin/radar_ws/install/vision_detector/include/vision_detector/vision_detector/msg/detail/gimbal_info__rosidl_typesupport_introspection_cpp.hpp
[0.286s] -- Up-to-date: /home/kevin/radar_ws/install/vision_detector/include/vision_detector/vision_detector/msg/detail/drone_diff__type_support.cpp
[0.286s] -- Up-to-date: /home/kevin/radar_ws/install/vision_detector/lib/libvision_detector__rosidl_typesupport_introspection_cpp.so
[0.286s] -- Up-to-date: /home/kevin/radar_ws/install/vision_detector/lib/libvision_detector__rosidl_typesupport_cpp.so
[0.286s] -- Up-to-date: /home/kevin/radar_ws/install/vision_detector/share/vision_detector/environment/pythonpath.sh
[0.286s] -- Up-to-date: /home/kevin/radar_ws/install/vision_detector/share/vision_detector/environment/pythonpath.dsv
[0.286s] -- Up-to-date: /home/kevin/radar_ws/install/vision_detector/lib/python3.12/site-packages/vision_detector-0.0.0-py3.12.egg-info
[0.286s] -- Installing: /home/kevin/radar_ws/install/vision_detector/lib/python3.12/site-packages/vision_detector-0.0.0-py3.12.egg-info/SOURCES.txt
[0.286s] -- Installing: /home/kevin/radar_ws/install/vision_detector/lib/python3.12/site-packages/vision_detector-0.0.0-py3.12.egg-info/top_level.txt
[0.286s] -- Installing: /home/kevin/radar_ws/install/vision_detector/lib/python3.12/site-packages/vision_detector-0.0.0-py3.12.egg-info/PKG-INFO
[0.286s] -- Installing: /home/kevin/radar_ws/install/vision_detector/lib/python3.12/site-packages/vision_detector-0.0.0-py3.12.egg-info/dependency_links.txt
[0.286s] -- Up-to-date: /home/kevin/radar_ws/install/vision_detector/lib/python3.12/site-packages/vision_detector
[0.286s] -- Up-to-date: /home/kevin/radar_ws/install/vision_detector/lib/python3.12/site-packages/vision_detector/vision_detector_s__rosidl_typesupport_fastrtps_c.so
[0.286s] -- Up-to-date: /home/kevin/radar_ws/install/vision_detector/lib/python3.12/site-packages/vision_detector/__init__.py
[0.286s] -- Up-to-date: /home/kevin/radar_ws/install/vision_detector/lib/python3.12/site-packages/vision_detector/_vision_detector_s.ep.rosidl_typesupport_introspection_c.c
[0.286s] -- Up-to-date: /home/kevin/radar_ws/install/vision_detector/lib/python3.12/site-packages/vision_detector/vision_detector_s__rosidl_typesupport_c.so
[0.287s] -- Up-to-date: /home/kevin/radar_ws/install/vision_detector/lib/python3.12/site-packages/vision_detector/_vision_detector_s.ep.rosidl_typesupport_fastrtps_c.c
[0.287s] -- Up-to-date: /home/kevin/radar_ws/install/vision_detector/lib/python3.12/site-packages/vision_detector/vision_detector_s__rosidl_typesupport_introspection_c.so
[0.287s] -- Up-to-date: /home/kevin/radar_ws/install/vision_detector/lib/python3.12/site-packages/vision_detector/msg
[0.287s] -- Up-to-date: /home/kevin/radar_ws/install/vision_detector/lib/python3.12/site-packages/vision_detector/msg/__init__.py
[0.287s] -- Up-to-date: /home/kevin/radar_ws/install/vision_detector/lib/python3.12/site-packages/vision_detector/msg/_gimbal_info_s.c
[0.287s] -- Up-to-date: /home/kevin/radar_ws/install/vision_detector/lib/python3.12/site-packages/vision_detector/msg/_drone_diff_s.c
[0.287s] -- Up-to-date: /home/kevin/radar_ws/install/vision_detector/lib/python3.12/site-packages/vision_detector/msg/_drone_diff.py
[0.287s] -- Up-to-date: /home/kevin/radar_ws/install/vision_detector/lib/python3.12/site-packages/vision_detector/msg/_gimbal_info.py
[0.287s] -- Up-to-date: /home/kevin/radar_ws/install/vision_detector/lib/python3.12/site-packages/vision_detector/_vision_detector_s.ep.rosidl_typesupport_c.c
[0.313s] Listing '/home/kevin/radar_ws/install/vision_detector/lib/python3.12/site-packages/vision_detector'...
[0.314s] Listing '/home/kevin/radar_ws/install/vision_detector/lib/python3.12/site-packages/vision_detector/msg'...
[0.317s] -- Up-to-date: /home/kevin/radar_ws/install/vision_detector/lib/python3.12/site-packages/vision_detector/vision_detector_s__rosidl_typesupport_fastrtps_c.so
[0.317s] -- Up-to-date: /home/kevin/radar_ws/install/vision_detector/lib/python3.12/site-packages/vision_detector/vision_detector_s__rosidl_typesupport_introspection_c.so
[0.317s] -- Up-to-date: /home/kevin/radar_ws/install/vision_detector/lib/python3.12/site-packages/vision_detector/vision_detector_s__rosidl_typesupport_c.so
[0.317s] -- Up-to-date: /home/kevin/radar_ws/install/vision_detector/lib/libvision_detector__rosidl_generator_py.so
[0.317s] -- Up-to-date: /home/kevin/radar_ws/install/vision_detector/share/ament_index/resource_index/rust_packages/vision_detector
[0.317s] -- Up-to-date: /home/kevin/radar_ws/install/vision_detector/share/vision_detector/rust
[0.318s] -- Up-to-date: /home/kevin/radar_ws/install/vision_detector/share/vision_detector/rust/Cargo.toml
[0.318s] -- Up-to-date: /home/kevin/radar_ws/install/vision_detector/share/vision_detector/rust/src
[0.318s] -- Up-to-date: /home/kevin/radar_ws/install/vision_detector/share/vision_detector/rust/src/msg.rs
[0.318s] -- Up-to-date: /home/kevin/radar_ws/install/vision_detector/share/vision_detector/rust/src/lib.rs
[0.318s] -- Up-to-date: /home/kevin/radar_ws/install/vision_detector/share/vision_detector/rust/src/msg
[0.318s] -- Up-to-date: /home/kevin/radar_ws/install/vision_detector/share/vision_detector/rust/src/msg/rmw.rs
[0.318s] -- Up-to-date: /home/kevin/radar_ws/install/vision_detector/share/vision_detector/rust/build.rs
[0.318s] -- Up-to-date: /home/kevin/radar_ws/install/vision_detector/share/vision_detector/msg/DroneDiff.idl
[0.318s] -- Up-to-date: /home/kevin/radar_ws/install/vision_detector/share/vision_detector/msg/GimbalInfo.idl
[0.318s] -- Up-to-date: /home/kevin/radar_ws/install/vision_detector/share/vision_detector/msg/DroneDiff.msg
[0.318s] -- Up-to-date: /home/kevin/radar_ws/install/vision_detector/share/vision_detector/msg/GimbalInfo.msg
[0.318s] -- Up-to-date: /home/kevin/radar_ws/install/vision_detector/lib/vision_detector/node_vision_drone_detector
[0.318s] -- Up-to-date: /home/kevin/radar_ws/install/vision_detector/share/ament_index/resource_index/package_run_dependencies/vision_detector
[0.318s] -- Up-to-date: /home/kevin/radar_ws/install/vision_detector/share/ament_index/resource_index/parent_prefix_path/vision_detector
[0.318s] -- Up-to-date: /home/kevin/radar_ws/install/vision_detector/share/vision_detector/environment/ament_prefix_path.sh
[0.318s] -- Up-to-date: /home/kevin/radar_ws/install/vision_detector/share/vision_detector/environment/ament_prefix_path.dsv
[0.318s] -- Up-to-date: /home/kevin/radar_ws/install/vision_detector/share/vision_detector/environment/path.sh
[0.318s] -- Up-to-date: /home/kevin/radar_ws/install/vision_detector/share/vision_detector/environment/path.dsv
[0.318s] -- Up-to-date: /home/kevin/radar_ws/install/vision_detector/share/vision_detector/local_setup.bash
[0.318s] -- Up-to-date: /home/kevin/radar_ws/install/vision_detector/share/vision_detector/local_setup.sh
[0.319s] -- Up-to-date: /home/kevin/radar_ws/install/vision_detector/share/vision_detector/local_setup.zsh
[0.319s] -- Up-to-date: /home/kevin/radar_ws/install/vision_detector/share/vision_detector/local_setup.dsv
[0.319s] -- Installing: /home/kevin/radar_ws/install/vision_detector/share/vision_detector/package.dsv
[0.319s] -- Up-to-date: /home/kevin/radar_ws/install/vision_detector/share/ament_index/resource_index/packages/vision_detector
[0.319s] -- Up-to-date: /home/kevin/radar_ws/install/vision_detector/share/vision_detector/cmake/export_vision_detector__rosidl_generator_cExport.cmake
[0.319s] -- Up-to-date: /home/kevin/radar_ws/install/vision_detector/share/vision_detector/cmake/export_vision_detector__rosidl_generator_cExport-noconfig.cmake
[0.319s] -- Up-to-date: /home/kevin/radar_ws/install/vision_detector/share/vision_detector/cmake/export_vision_detector__rosidl_typesupport_fastrtps_cExport.cmake
[0.319s] -- Up-to-date: /home/kevin/radar_ws/install/vision_detector/share/vision_detector/cmake/export_vision_detector__rosidl_typesupport_fastrtps_cExport-noconfig.cmake
[0.319s] -- Up-to-date: /home/kevin/radar_ws/install/vision_detector/share/vision_detector/cmake/export_vision_detector__rosidl_generator_cppExport.cmake
[0.319s] -- Up-to-date: /home/kevin/radar_ws/install/vision_detector/share/vision_detector/cmake/export_vision_detector__rosidl_typesupport_fastrtps_cppExport.cmake
[0.319s] -- Up-to-date: /home/kevin/radar_ws/install/vision_detector/share/vision_detector/cmake/export_vision_detector__rosidl_typesupport_fastrtps_cppExport-noconfig.cmake
[0.319s] -- Up-to-date: /home/kevin/radar_ws/install/vision_detector/share/vision_detector/cmake/vision_detector__rosidl_typesupport_introspection_cExport.cmake
[0.319s] -- Up-to-date: /home/kevin/radar_ws/install/vision_detector/share/vision_detector/cmake/vision_detector__rosidl_typesupport_introspection_cExport-noconfig.cmake
[0.319s] -- Up-to-date: /home/kevin/radar_ws/install/vision_detector/share/vision_detector/cmake/vision_detector__rosidl_typesupport_cExport.cmake
[0.319s] -- Up-to-date: /home/kevin/radar_ws/install/vision_detector/share/vision_detector/cmake/vision_detector__rosidl_typesupport_cExport-noconfig.cmake
[0.319s] -- Up-to-date: /home/kevin/radar_ws/install/vision_detector/share/vision_detector/cmake/vision_detector__rosidl_typesupport_introspection_cppExport.cmake
[0.319s] -- Up-to-date: /home/kevin/radar_ws/install/vision_detector/share/vision_detector/cmake/vision_detector__rosidl_typesupport_introspection_cppExport-noconfig.cmake
[0.319s] -- Up-to-date: /home/kevin/radar_ws/install/vision_detector/share/vision_detector/cmake/vision_detector__rosidl_typesupport_cppExport.cmake
[0.319s] -- Up-to-date: /home/kevin/radar_ws/install/vision_detector/share/vision_detector/cmake/vision_detector__rosidl_typesupport_cppExport-noconfig.cmake
[0.319s] -- Up-to-date: /home/kevin/radar_ws/install/vision_detector/share/vision_detector/cmake/export_vision_detector__rosidl_generator_pyExport.cmake
[0.319s] -- Up-to-date: /home/kevin/radar_ws/install/vision_detector/share/vision_detector/cmake/export_vision_detector__rosidl_generator_pyExport-noconfig.cmake
[0.319s] -- Up-to-date: /home/kevin/radar_ws/install/vision_detector/share/vision_detector/cmake/rosidl_cmake-extras.cmake
[0.319s] -- Up-to-date: /home/kevin/radar_ws/install/vision_detector/share/vision_detector/cmake/ament_cmake_export_dependencies-extras.cmake
[0.319s] -- Up-to-date: /home/kevin/radar_ws/install/vision_detector/share/vision_detector/cmake/ament_cmake_export_include_directories-extras.cmake
[0.319s] -- Up-to-date: /home/kevin/radar_ws/install/vision_detector/share/vision_detector/cmake/ament_cmake_export_libraries-extras.cmake
[0.319s] -- Up-to-date: /home/kevin/radar_ws/install/vision_detector/share/vision_detector/cmake/ament_cmake_export_targets-extras.cmake
[0.320s] -- Up-to-date: /home/kevin/radar_ws/install/vision_detector/share/vision_detector/cmake/rosidl_cmake_export_typesupport_targets-extras.cmake
[0.320s] -- Up-to-date: /home/kevin/radar_ws/install/vision_detector/share/vision_detector/cmake/rosidl_cmake_export_typesupport_libraries-extras.cmake
[0.320s] -- Up-to-date: /home/kevin/radar_ws/install/vision_detector/share/vision_detector/cmake/vision_detectorConfig.cmake
[0.320s] -- Up-to-date: /home/kevin/radar_ws/install/vision_detector/share/vision_detector/cmake/vision_detectorConfig-version.cmake
[0.320s] -- Up-to-date: /home/kevin/radar_ws/install/vision_detector/share/vision_detector/package.xml
[0.321s] Invoked command in '/home/kevin/radar_ws/build/vision_detector' returned '0': CMAKE_PREFIX_PATH=/home/kevin/radar_ws/install/camera_stream:/home/kevin/radar_ws/install/radar_controllers:/home/kevin/radar_ws/install/vision_detector:/home/kevin/radar_ws/install/pnp_calibration:/opt/ros/jazzy/opt/gz_math_vendor:/opt/ros/jazzy/opt/gz_utils_vendor:/opt/ros/jazzy/opt/gz_cmake_vendor:/opt/ros/jazzy DEBUGINFOD_URLS=https://debuginfod.ubuntu.com LD_LIBRARY_PATH=/home/kevin/radar_ws/install/camera_stream/lib:/home/kevin/radar_ws/install/vision_detector/lib:/opt/MVS/lib/64:/opt/MVS/lib/32:/opt/MVS/lib/64:/opt/MVS/lib/32:/opt/ros/jazzy/opt/rviz_ogre_vendor/lib:/opt/ros/jazzy/lib/x86_64-linux-gnu:/opt/ros/jazzy/opt/gz_math_vendor/lib:/opt/ros/jazzy/opt/gz_utils_vendor/lib:/opt/ros/jazzy/opt/gz_cmake_vendor/lib:/opt/ros/jazzy/lib:/opt/MVS/lib/64:/opt/MVS/lib/32:/opt/MVS/lib/64:/opt/MVS/lib/32 PYTHONPATH=/home/kevin/radar_ws/install/camera_stream/lib/python3.12/site-packages:/home/kevin/radar_ws/install/vision_detector/lib/python3.12/site-packages:/opt/ros/jazzy/lib/python3.12/site-packages /usr/bin/cmake --install /home/kevin/radar_ws/build/vision_detector
