[  5%] Built target camera_stream__rosidl_generator_type_description
[  5%] Built target camera_stream__rs
[  5%] Built target ament_cmake_python_copy_camera_stream
[  7%] Built target camera_stream__cpp
[ 20%] Built target camera_stream__rosidl_generator_c
[ 27%] Built target camera_stream__rosidl_typesupport_cpp
[ 40%] Built target camera_stream__rosidl_typesupport_introspection_c
[ 42%] Built target camera_stream__rosidl_typesupport_c
[ 50%] Built target camera_stream__rosidl_typesupport_fastrtps_cpp
[ 57%] Built target camera_stream__rosidl_typesupport_fastrtps_c
[ 65%] Built target camera_stream__rosidl_typesupport_introspection_cpp
[ 65%] Built target camera_stream
[ 72%] Built target camera_stream_publisher
[ 77%] Built target camera_stream_receiver
[ 80%] Built target camera_stream__py
[ 85%] Built target camera_stream__rosidl_generator_py
[ 90%] Built target camera_stream_s__rosidl_typesupport_fastrtps_c
[ 95%] Built target camera_stream_s__rosidl_typesupport_c
[100%] Built target camera_stream_s__rosidl_typesupport_introspection_c
running egg_info
writing camera_stream.egg-info/PKG-INFO
writing dependency_links to camera_stream.egg-info/dependency_links.txt
writing top-level names to camera_stream.egg-info/top_level.txt
reading manifest file 'camera_stream.egg-info/SOURCES.txt'
writing manifest file 'camera_stream.egg-info/SOURCES.txt'
[100%] Built target ament_cmake_python_build_camera_stream_egg
-- Install configuration: ""
-- Up-to-date: /home/kevin/radar_ws/install/camera_stream/share/ament_index/resource_index/rosidl_interfaces/camera_stream
-- Up-to-date: /home/kevin/radar_ws/install/camera_stream/share/camera_stream/msg/ShareImage.json
-- Up-to-date: /home/kevin/radar_ws/install/camera_stream/include/camera_stream/camera_stream
-- Up-to-date: /home/kevin/radar_ws/install/camera_stream/include/camera_stream/camera_stream/msg
-- Up-to-date: /home/kevin/radar_ws/install/camera_stream/include/camera_stream/camera_stream/msg/rosidl_generator_c__visibility_control.h
-- Up-to-date: /home/kevin/radar_ws/install/camera_stream/include/camera_stream/camera_stream/msg/share_image.h
-- Up-to-date: /home/kevin/radar_ws/install/camera_stream/include/camera_stream/camera_stream/msg/detail
-- Up-to-date: /home/kevin/radar_ws/install/camera_stream/include/camera_stream/camera_stream/msg/detail/share_image__type_support.h
-- Up-to-date: /home/kevin/radar_ws/install/camera_stream/include/camera_stream/camera_stream/msg/detail/share_image__functions.c
-- Up-to-date: /home/kevin/radar_ws/install/camera_stream/include/camera_stream/camera_stream/msg/detail/share_image__description.c
-- Up-to-date: /home/kevin/radar_ws/install/camera_stream/include/camera_stream/camera_stream/msg/detail/share_image__functions.h
-- Up-to-date: /home/kevin/radar_ws/install/camera_stream/include/camera_stream/camera_stream/msg/detail/share_image__type_support.c
-- Up-to-date: /home/kevin/radar_ws/install/camera_stream/include/camera_stream/camera_stream/msg/detail/share_image__struct.h
-- Up-to-date: /home/kevin/radar_ws/install/camera_stream/share/camera_stream/environment/library_path.sh
-- Up-to-date: /home/kevin/radar_ws/install/camera_stream/share/camera_stream/environment/library_path.dsv
-- Up-to-date: /home/kevin/radar_ws/install/camera_stream/lib/libcamera_stream__rosidl_generator_c.so
-- Up-to-date: /home/kevin/radar_ws/install/camera_stream/include/camera_stream/camera_stream
-- Up-to-date: /home/kevin/radar_ws/install/camera_stream/include/camera_stream/camera_stream/msg
-- Up-to-date: /home/kevin/radar_ws/install/camera_stream/include/camera_stream/camera_stream/msg/rosidl_typesupport_fastrtps_c__visibility_control.h
-- Up-to-date: /home/kevin/radar_ws/install/camera_stream/include/camera_stream/camera_stream/msg/detail
-- Up-to-date: /home/kevin/radar_ws/install/camera_stream/include/camera_stream/camera_stream/msg/detail/share_image__rosidl_typesupport_fastrtps_c.h
-- Up-to-date: /home/kevin/radar_ws/install/camera_stream/lib/libcamera_stream__rosidl_typesupport_fastrtps_c.so
-- Up-to-date: /home/kevin/radar_ws/install/camera_stream/include/camera_stream/camera_stream
-- Up-to-date: /home/kevin/radar_ws/install/camera_stream/include/camera_stream/camera_stream/msg
-- Up-to-date: /home/kevin/radar_ws/install/camera_stream/include/camera_stream/camera_stream/msg/rosidl_generator_cpp__visibility_control.hpp
-- Up-to-date: /home/kevin/radar_ws/install/camera_stream/include/camera_stream/camera_stream/msg/share_image.hpp
-- Up-to-date: /home/kevin/radar_ws/install/camera_stream/include/camera_stream/camera_stream/msg/detail
-- Up-to-date: /home/kevin/radar_ws/install/camera_stream/include/camera_stream/camera_stream/msg/detail/share_image__builder.hpp
-- Up-to-date: /home/kevin/radar_ws/install/camera_stream/include/camera_stream/camera_stream/msg/detail/share_image__struct.hpp
-- Up-to-date: /home/kevin/radar_ws/install/camera_stream/include/camera_stream/camera_stream/msg/detail/share_image__type_support.hpp
-- Up-to-date: /home/kevin/radar_ws/install/camera_stream/include/camera_stream/camera_stream/msg/detail/share_image__traits.hpp
-- Up-to-date: /home/kevin/radar_ws/install/camera_stream/include/camera_stream/camera_stream
-- Up-to-date: /home/kevin/radar_ws/install/camera_stream/include/camera_stream/camera_stream/msg
-- Up-to-date: /home/kevin/radar_ws/install/camera_stream/include/camera_stream/camera_stream/msg/rosidl_typesupport_fastrtps_cpp__visibility_control.h
-- Up-to-date: /home/kevin/radar_ws/install/camera_stream/include/camera_stream/camera_stream/msg/detail
-- Up-to-date: /home/kevin/radar_ws/install/camera_stream/include/camera_stream/camera_stream/msg/detail/share_image__rosidl_typesupport_fastrtps_cpp.hpp
-- Up-to-date: /home/kevin/radar_ws/install/camera_stream/include/camera_stream/camera_stream/msg/detail/dds_fastrtps
-- Up-to-date: /home/kevin/radar_ws/install/camera_stream/lib/libcamera_stream__rosidl_typesupport_fastrtps_cpp.so
-- Up-to-date: /home/kevin/radar_ws/install/camera_stream/include/camera_stream/camera_stream
-- Up-to-date: /home/kevin/radar_ws/install/camera_stream/include/camera_stream/camera_stream/msg
-- Up-to-date: /home/kevin/radar_ws/install/camera_stream/include/camera_stream/camera_stream/msg/rosidl_typesupport_introspection_c__visibility_control.h
-- Up-to-date: /home/kevin/radar_ws/install/camera_stream/include/camera_stream/camera_stream/msg/detail
-- Up-to-date: /home/kevin/radar_ws/install/camera_stream/include/camera_stream/camera_stream/msg/detail/share_image__rosidl_typesupport_introspection_c.h
-- Up-to-date: /home/kevin/radar_ws/install/camera_stream/include/camera_stream/camera_stream/msg/detail/share_image__type_support.c
-- Up-to-date: /home/kevin/radar_ws/install/camera_stream/lib/libcamera_stream__rosidl_typesupport_introspection_c.so
-- Up-to-date: /home/kevin/radar_ws/install/camera_stream/lib/libcamera_stream__rosidl_typesupport_c.so
-- Up-to-date: /home/kevin/radar_ws/install/camera_stream/include/camera_stream/camera_stream
-- Up-to-date: /home/kevin/radar_ws/install/camera_stream/include/camera_stream/camera_stream/msg
-- Up-to-date: /home/kevin/radar_ws/install/camera_stream/include/camera_stream/camera_stream/msg/detail
-- Up-to-date: /home/kevin/radar_ws/install/camera_stream/include/camera_stream/camera_stream/msg/detail/share_image__rosidl_typesupport_introspection_cpp.hpp
-- Up-to-date: /home/kevin/radar_ws/install/camera_stream/include/camera_stream/camera_stream/msg/detail/share_image__type_support.cpp
-- Up-to-date: /home/kevin/radar_ws/install/camera_stream/lib/libcamera_stream__rosidl_typesupport_introspection_cpp.so
-- Up-to-date: /home/kevin/radar_ws/install/camera_stream/lib/libcamera_stream__rosidl_typesupport_cpp.so
-- Up-to-date: /home/kevin/radar_ws/install/camera_stream/share/camera_stream/environment/pythonpath.sh
-- Up-to-date: /home/kevin/radar_ws/install/camera_stream/share/camera_stream/environment/pythonpath.dsv
-- Up-to-date: /home/kevin/radar_ws/install/camera_stream/lib/python3.12/site-packages/camera_stream-0.0.0-py3.12.egg-info
-- Installing: /home/kevin/radar_ws/install/camera_stream/lib/python3.12/site-packages/camera_stream-0.0.0-py3.12.egg-info/SOURCES.txt
-- Installing: /home/kevin/radar_ws/install/camera_stream/lib/python3.12/site-packages/camera_stream-0.0.0-py3.12.egg-info/top_level.txt
-- Installing: /home/kevin/radar_ws/install/camera_stream/lib/python3.12/site-packages/camera_stream-0.0.0-py3.12.egg-info/PKG-INFO
-- Installing: /home/kevin/radar_ws/install/camera_stream/lib/python3.12/site-packages/camera_stream-0.0.0-py3.12.egg-info/dependency_links.txt
-- Up-to-date: /home/kevin/radar_ws/install/camera_stream/lib/python3.12/site-packages/camera_stream
-- Up-to-date: /home/kevin/radar_ws/install/camera_stream/lib/python3.12/site-packages/camera_stream/camera_stream_s__rosidl_typesupport_c.so
-- Up-to-date: /home/kevin/radar_ws/install/camera_stream/lib/python3.12/site-packages/camera_stream/_camera_stream_s.ep.rosidl_typesupport_c.c
-- Up-to-date: /home/kevin/radar_ws/install/camera_stream/lib/python3.12/site-packages/camera_stream/_camera_stream_s.ep.rosidl_typesupport_introspection_c.c
-- Up-to-date: /home/kevin/radar_ws/install/camera_stream/lib/python3.12/site-packages/camera_stream/__init__.py
-- Up-to-date: /home/kevin/radar_ws/install/camera_stream/lib/python3.12/site-packages/camera_stream/_camera_stream_s.ep.rosidl_typesupport_fastrtps_c.c
-- Up-to-date: /home/kevin/radar_ws/install/camera_stream/lib/python3.12/site-packages/camera_stream/camera_stream_s__rosidl_typesupport_fastrtps_c.so
-- Up-to-date: /home/kevin/radar_ws/install/camera_stream/lib/python3.12/site-packages/camera_stream/msg
-- Up-to-date: /home/kevin/radar_ws/install/camera_stream/lib/python3.12/site-packages/camera_stream/msg/_share_image.py
-- Up-to-date: /home/kevin/radar_ws/install/camera_stream/lib/python3.12/site-packages/camera_stream/msg/__init__.py
-- Up-to-date: /home/kevin/radar_ws/install/camera_stream/lib/python3.12/site-packages/camera_stream/msg/_share_image_s.c
-- Up-to-date: /home/kevin/radar_ws/install/camera_stream/lib/python3.12/site-packages/camera_stream/camera_stream_s__rosidl_typesupport_introspection_c.so
Listing '/home/kevin/radar_ws/install/camera_stream/lib/python3.12/site-packages/camera_stream'...
Listing '/home/kevin/radar_ws/install/camera_stream/lib/python3.12/site-packages/camera_stream/msg'...
-- Up-to-date: /home/kevin/radar_ws/install/camera_stream/lib/python3.12/site-packages/camera_stream/camera_stream_s__rosidl_typesupport_fastrtps_c.so
-- Up-to-date: /home/kevin/radar_ws/install/camera_stream/lib/python3.12/site-packages/camera_stream/camera_stream_s__rosidl_typesupport_introspection_c.so
-- Up-to-date: /home/kevin/radar_ws/install/camera_stream/lib/python3.12/site-packages/camera_stream/camera_stream_s__rosidl_typesupport_c.so
-- Up-to-date: /home/kevin/radar_ws/install/camera_stream/lib/libcamera_stream__rosidl_generator_py.so
-- Up-to-date: /home/kevin/radar_ws/install/camera_stream/share/ament_index/resource_index/rust_packages/camera_stream
-- Up-to-date: /home/kevin/radar_ws/install/camera_stream/share/camera_stream/rust
-- Up-to-date: /home/kevin/radar_ws/install/camera_stream/share/camera_stream/rust/Cargo.toml
-- Up-to-date: /home/kevin/radar_ws/install/camera_stream/share/camera_stream/rust/src
-- Up-to-date: /home/kevin/radar_ws/install/camera_stream/share/camera_stream/rust/src/msg.rs
-- Up-to-date: /home/kevin/radar_ws/install/camera_stream/share/camera_stream/rust/src/lib.rs
-- Up-to-date: /home/kevin/radar_ws/install/camera_stream/share/camera_stream/rust/src/msg
-- Up-to-date: /home/kevin/radar_ws/install/camera_stream/share/camera_stream/rust/src/msg/rmw.rs
-- Up-to-date: /home/kevin/radar_ws/install/camera_stream/share/camera_stream/rust/build.rs
-- Up-to-date: /home/kevin/radar_ws/install/camera_stream/share/camera_stream/msg/ShareImage.idl
-- Up-to-date: /home/kevin/radar_ws/install/camera_stream/share/camera_stream/msg/ShareImage.msg
-- Up-to-date: /home/kevin/radar_ws/install/camera_stream/lib/camera_stream/camera_stream_publisher
-- Up-to-date: /home/kevin/radar_ws/install/camera_stream/lib/camera_stream/camera_stream_receiver
-- Up-to-date: /home/kevin/radar_ws/install/camera_stream/include/
-- Up-to-date: /home/kevin/radar_ws/install/camera_stream/include//MvCameraControl.h
-- Up-to-date: /home/kevin/radar_ws/install/camera_stream/include//CameraParams.h
-- Up-to-date: /home/kevin/radar_ws/install/camera_stream/include//MvISPErrorDefine.h
-- Up-to-date: /home/kevin/radar_ws/install/camera_stream/include//MvErrorDefine.h
-- Up-to-date: /home/kevin/radar_ws/install/camera_stream/include//HKCamera.h
-- Up-to-date: /home/kevin/radar_ws/install/camera_stream/include//MvObsoleteInterfaces.h
-- Up-to-date: /home/kevin/radar_ws/install/camera_stream/include//ObsoleteCamParams.h
-- Up-to-date: /home/kevin/radar_ws/install/camera_stream/include//PixelType.h
-- Up-to-date: /home/kevin/radar_ws/install/camera_stream/lib/camera_stream/libMvCameraControl.so
-- Up-to-date: /home/kevin/radar_ws/install/camera_stream/share/ament_index/resource_index/package_run_dependencies/camera_stream
-- Up-to-date: /home/kevin/radar_ws/install/camera_stream/share/ament_index/resource_index/parent_prefix_path/camera_stream
-- Up-to-date: /home/kevin/radar_ws/install/camera_stream/share/camera_stream/environment/ament_prefix_path.sh
-- Up-to-date: /home/kevin/radar_ws/install/camera_stream/share/camera_stream/environment/ament_prefix_path.dsv
-- Up-to-date: /home/kevin/radar_ws/install/camera_stream/share/camera_stream/environment/path.sh
-- Up-to-date: /home/kevin/radar_ws/install/camera_stream/share/camera_stream/environment/path.dsv
-- Up-to-date: /home/kevin/radar_ws/install/camera_stream/share/camera_stream/local_setup.bash
-- Up-to-date: /home/kevin/radar_ws/install/camera_stream/share/camera_stream/local_setup.sh
-- Up-to-date: /home/kevin/radar_ws/install/camera_stream/share/camera_stream/local_setup.zsh
-- Up-to-date: /home/kevin/radar_ws/install/camera_stream/share/camera_stream/local_setup.dsv
-- Installing: /home/kevin/radar_ws/install/camera_stream/share/camera_stream/package.dsv
-- Up-to-date: /home/kevin/radar_ws/install/camera_stream/share/ament_index/resource_index/packages/camera_stream
-- Up-to-date: /home/kevin/radar_ws/install/camera_stream/share/camera_stream/cmake/export_camera_stream__rosidl_generator_cExport.cmake
-- Up-to-date: /home/kevin/radar_ws/install/camera_stream/share/camera_stream/cmake/export_camera_stream__rosidl_generator_cExport-noconfig.cmake
-- Up-to-date: /home/kevin/radar_ws/install/camera_stream/share/camera_stream/cmake/export_camera_stream__rosidl_typesupport_fastrtps_cExport.cmake
-- Up-to-date: /home/kevin/radar_ws/install/camera_stream/share/camera_stream/cmake/export_camera_stream__rosidl_typesupport_fastrtps_cExport-noconfig.cmake
-- Up-to-date: /home/kevin/radar_ws/install/camera_stream/share/camera_stream/cmake/export_camera_stream__rosidl_generator_cppExport.cmake
-- Up-to-date: /home/kevin/radar_ws/install/camera_stream/share/camera_stream/cmake/export_camera_stream__rosidl_typesupport_fastrtps_cppExport.cmake
-- Up-to-date: /home/kevin/radar_ws/install/camera_stream/share/camera_stream/cmake/export_camera_stream__rosidl_typesupport_fastrtps_cppExport-noconfig.cmake
-- Up-to-date: /home/kevin/radar_ws/install/camera_stream/share/camera_stream/cmake/camera_stream__rosidl_typesupport_introspection_cExport.cmake
-- Up-to-date: /home/kevin/radar_ws/install/camera_stream/share/camera_stream/cmake/camera_stream__rosidl_typesupport_introspection_cExport-noconfig.cmake
-- Up-to-date: /home/kevin/radar_ws/install/camera_stream/share/camera_stream/cmake/camera_stream__rosidl_typesupport_cExport.cmake
-- Up-to-date: /home/kevin/radar_ws/install/camera_stream/share/camera_stream/cmake/camera_stream__rosidl_typesupport_cExport-noconfig.cmake
-- Up-to-date: /home/kevin/radar_ws/install/camera_stream/share/camera_stream/cmake/camera_stream__rosidl_typesupport_introspection_cppExport.cmake
-- Up-to-date: /home/kevin/radar_ws/install/camera_stream/share/camera_stream/cmake/camera_stream__rosidl_typesupport_introspection_cppExport-noconfig.cmake
-- Up-to-date: /home/kevin/radar_ws/install/camera_stream/share/camera_stream/cmake/camera_stream__rosidl_typesupport_cppExport.cmake
-- Up-to-date: /home/kevin/radar_ws/install/camera_stream/share/camera_stream/cmake/camera_stream__rosidl_typesupport_cppExport-noconfig.cmake
-- Up-to-date: /home/kevin/radar_ws/install/camera_stream/share/camera_stream/cmake/export_camera_stream__rosidl_generator_pyExport.cmake
-- Up-to-date: /home/kevin/radar_ws/install/camera_stream/share/camera_stream/cmake/export_camera_stream__rosidl_generator_pyExport-noconfig.cmake
-- Up-to-date: /home/kevin/radar_ws/install/camera_stream/share/camera_stream/cmake/rosidl_cmake-extras.cmake
-- Up-to-date: /home/kevin/radar_ws/install/camera_stream/share/camera_stream/cmake/ament_cmake_export_dependencies-extras.cmake
-- Up-to-date: /home/kevin/radar_ws/install/camera_stream/share/camera_stream/cmake/ament_cmake_export_include_directories-extras.cmake
-- Up-to-date: /home/kevin/radar_ws/install/camera_stream/share/camera_stream/cmake/ament_cmake_export_libraries-extras.cmake
-- Up-to-date: /home/kevin/radar_ws/install/camera_stream/share/camera_stream/cmake/ament_cmake_export_targets-extras.cmake
-- Up-to-date: /home/kevin/radar_ws/install/camera_stream/share/camera_stream/cmake/rosidl_cmake_export_typesupport_targets-extras.cmake
-- Up-to-date: /home/kevin/radar_ws/install/camera_stream/share/camera_stream/cmake/rosidl_cmake_export_typesupport_libraries-extras.cmake
-- Up-to-date: /home/kevin/radar_ws/install/camera_stream/share/camera_stream/cmake/camera_streamConfig.cmake
-- Up-to-date: /home/kevin/radar_ws/install/camera_stream/share/camera_stream/cmake/camera_streamConfig-version.cmake
-- Up-to-date: /home/kevin/radar_ws/install/camera_stream/share/camera_stream/package.xml
