[0.007s] Invoking command in '/home/kevin/radar_ws/build/pnp_calibration': AMENT_PREFIX_PATH=/home/kevin/radar_ws/install/camera_stream:${AMENT_PREFIX_PATH} CMAKE_PREFIX_PATH=/home/kevin/radar_ws/install/camera_stream:/opt/ros/jazzy/opt/gz_math_vendor:/opt/ros/jazzy/opt/gz_utils_vendor:/opt/ros/jazzy/opt/gz_cmake_vendor:/opt/ros/jazzy DEBUGINFOD_URLS=https://debuginfod.ubuntu.com LD_LIBRARY_PATH=/home/kevin/radar_ws/install/camera_stream/lib:${LD_LIBRARY_PATH} PYTHONPATH=/home/kevin/radar_ws/install/camera_stream/lib/python3.12/site-packages:${PYTHONPATH} /usr/bin/cmake /home/kevin/radar_ws/src/pnp_calibration -DCMAKE_INSTALL_PREFIX=/home/kevin/radar_ws/install/pnp_calibration
[0.051s] -- The C compiler identification is GNU 13.3.0
[0.101s] -- The CXX compiler identification is GNU 13.3.0
[0.118s] -- Detecting C compiler ABI info
[0.227s] -- Detecting C compiler ABI info - done
[0.235s] -- Check for working C compiler: /usr/bin/cc - skipped
[0.235s] -- Detecting C compile features
[0.236s] -- Detecting C compile features - done
[0.244s] -- Detecting CXX compiler ABI info
[0.355s] -- Detecting CXX compiler ABI info - done
[0.362s] -- Check for working CXX compiler: /usr/bin/c++ - skipped
[0.362s] -- Detecting CXX compile features
[0.363s] -- Detecting CXX compile features - done
[0.364s] -- Found ament_cmake: 2.5.6 (/opt/ros/jazzy/share/ament_cmake/cmake)
[0.471s] -- Found Python3: /usr/bin/python3 (found version "3.12.3") found components: Interpreter 
[0.542s] -- Found rclcpp: 28.1.18 (/opt/ros/jazzy/share/rclcpp/cmake)
[0.567s] -- Found rosidl_generator_c: 4.6.7 (/opt/ros/jazzy/share/rosidl_generator_c/cmake)
[0.575s] -- Found rosidl_generator_cpp: 4.6.7 (/opt/ros/jazzy/share/rosidl_generator_cpp/cmake)
[0.585s] -- Using all available rosidl_typesupport_c: rosidl_typesupport_fastrtps_c;rosidl_typesupport_introspection_c
[0.598s] -- Using all available rosidl_typesupport_cpp: rosidl_typesupport_fastrtps_cpp;rosidl_typesupport_introspection_cpp
[0.652s] -- Found rmw_implementation_cmake: 7.3.3 (/opt/ros/jazzy/share/rmw_implementation_cmake/cmake)
[0.654s] -- Found rmw_fastrtps_cpp: 8.4.3 (/opt/ros/jazzy/share/rmw_fastrtps_cpp/cmake)
[0.719s] -- Found OpenSSL: /usr/lib/x86_64-linux-gnu/libcrypto.so (found version "3.0.13")  
[0.742s] -- Found FastRTPS: /opt/ros/jazzy/include (Required is at least version "2.13") 
[0.764s] -- Using RMW implementation 'rmw_fastrtps_cpp' as default
[0.820s] -- Found OpenCV: /usr (found version "4.6.0") 
[0.820s] -- Found camera_stream: 0.0.0 (/home/kevin/radar_ws/install/camera_stream/share/camera_stream/cmake)
[0.843s] -- Found ament_lint_auto: 0.17.5 (/opt/ros/jazzy/share/ament_lint_auto/cmake)
[0.913s] -- Added test 'cppcheck' to perform static code analysis on C / C++ code
[0.913s] -- Configured cppcheck include dirs: 
[0.913s] -- Configured cppcheck exclude dirs and/or files: 
[0.913s] -- Added test 'lint_cmake' to check CMake code style
[0.914s] -- Added test 'uncrustify' to check C / C++ code style
[0.914s] -- Configured uncrustify additional arguments: 
[0.914s] -- Added test 'xmllint' to check XML markup files
[0.916s] -- Configuring done (0.9s)
[0.925s] -- Generating done (0.0s)
[0.928s] -- Build files have been written to: /home/kevin/radar_ws/build/pnp_calibration
[0.935s] Invoked command in '/home/kevin/radar_ws/build/pnp_calibration' returned '0': AMENT_PREFIX_PATH=/home/kevin/radar_ws/install/camera_stream:${AMENT_PREFIX_PATH} CMAKE_PREFIX_PATH=/home/kevin/radar_ws/install/camera_stream:/opt/ros/jazzy/opt/gz_math_vendor:/opt/ros/jazzy/opt/gz_utils_vendor:/opt/ros/jazzy/opt/gz_cmake_vendor:/opt/ros/jazzy DEBUGINFOD_URLS=https://debuginfod.ubuntu.com LD_LIBRARY_PATH=/home/kevin/radar_ws/install/camera_stream/lib:${LD_LIBRARY_PATH} PYTHONPATH=/home/kevin/radar_ws/install/camera_stream/lib/python3.12/site-packages:${PYTHONPATH} /usr/bin/cmake /home/kevin/radar_ws/src/pnp_calibration -DCMAKE_INSTALL_PREFIX=/home/kevin/radar_ws/install/pnp_calibration
[0.935s] Invoking command in '/home/kevin/radar_ws/build/pnp_calibration': AMENT_PREFIX_PATH=/home/kevin/radar_ws/install/camera_stream:${AMENT_PREFIX_PATH} CMAKE_PREFIX_PATH=/home/kevin/radar_ws/install/camera_stream:/opt/ros/jazzy/opt/gz_math_vendor:/opt/ros/jazzy/opt/gz_utils_vendor:/opt/ros/jazzy/opt/gz_cmake_vendor:/opt/ros/jazzy DEBUGINFOD_URLS=https://debuginfod.ubuntu.com LD_LIBRARY_PATH=/home/kevin/radar_ws/install/camera_stream/lib:${LD_LIBRARY_PATH} PYTHONPATH=/home/kevin/radar_ws/install/camera_stream/lib/python3.12/site-packages:${PYTHONPATH} /usr/bin/cmake --build /home/kevin/radar_ws/build/pnp_calibration -- -j32 -l32
[0.979s] [ 25%] [32mBuilding CXX object CMakeFiles/node_pnp_calibration.dir/src/node_pnp_calibration.cpp.o[0m
[0.979s] [ 50%] [32mBuilding CXX object CMakeFiles/node_pnp_calibration.dir/src/ui.cpp.o[0m
[0.979s] [ 75%] [32mBuilding CXX object CMakeFiles/node_pnp_calibration.dir/src/calibration.cpp.o[0m
[1.698s] [01m[K/home/kevin/radar_ws/src/pnp_calibration/src/ui.cpp:[m[K In function ‘[01m[Kvoid[01;32m[K cameraMouseCallback[m[K(int, int, int, int, void*)[m[K’:
[1.699s] [01m[K/home/kevin/radar_ws/src/pnp_calibration/src/ui.cpp:6:62:[m[K [01;35m[Kwarning: [m[Kunused parameter ‘[01m[Kflags[m[K’ [[01;35m[K]8;;https://gcc.gnu.org/onlinedocs/gcc/Warning-Options.html#index-Wunused-parameter-Wunused-parameter]8;;[m[K]
[1.699s]     6 | static void cameraMouseCallback(int event, int x, int y, [01;35m[Kint flags[m[K, void* userdata) {
[1.699s]       |                                                          [01;35m[K~~~~^~~~~[m[K
[1.699s] [01m[K/home/kevin/radar_ws/src/pnp_calibration/src/ui.cpp:[m[K In function ‘[01m[Kvoid[01;32m[K mapMouseCallback[m[K(int, int, int, int, void*)[m[K’:
[1.699s] [01m[K/home/kevin/radar_ws/src/pnp_calibration/src/ui.cpp:16:59:[m[K [01;35m[Kwarning: [m[Kunused parameter ‘[01m[Kflags[m[K’ [[01;35m[K]8;;https://gcc.gnu.org/onlinedocs/gcc/Warning-Options.html#index-Wunused-parameter-Wunused-parameter]8;;[m[K]
[1.699s]    16 | static void mapMouseCallback(int event, int x, int y, [01;35m[Kint flags[m[K, void* userdata) {
[1.699s]       |                                                       [01;35m[K~~~~^~~~~[m[K
[6.195s] [100%] [32m[1mLinking CXX executable node_pnp_calibration[0m
[6.641s] [100%] Built target node_pnp_calibration
[6.651s] Invoked command in '/home/kevin/radar_ws/build/pnp_calibration' returned '0': AMENT_PREFIX_PATH=/home/kevin/radar_ws/install/camera_stream:${AMENT_PREFIX_PATH} CMAKE_PREFIX_PATH=/home/kevin/radar_ws/install/camera_stream:/opt/ros/jazzy/opt/gz_math_vendor:/opt/ros/jazzy/opt/gz_utils_vendor:/opt/ros/jazzy/opt/gz_cmake_vendor:/opt/ros/jazzy DEBUGINFOD_URLS=https://debuginfod.ubuntu.com LD_LIBRARY_PATH=/home/kevin/radar_ws/install/camera_stream/lib:${LD_LIBRARY_PATH} PYTHONPATH=/home/kevin/radar_ws/install/camera_stream/lib/python3.12/site-packages:${PYTHONPATH} /usr/bin/cmake --build /home/kevin/radar_ws/build/pnp_calibration -- -j32 -l32
[6.652s] Invoking command in '/home/kevin/radar_ws/build/pnp_calibration': AMENT_PREFIX_PATH=/home/kevin/radar_ws/install/camera_stream:${AMENT_PREFIX_PATH} CMAKE_PREFIX_PATH=/home/kevin/radar_ws/install/camera_stream:/opt/ros/jazzy/opt/gz_math_vendor:/opt/ros/jazzy/opt/gz_utils_vendor:/opt/ros/jazzy/opt/gz_cmake_vendor:/opt/ros/jazzy DEBUGINFOD_URLS=https://debuginfod.ubuntu.com LD_LIBRARY_PATH=/home/kevin/radar_ws/install/camera_stream/lib:${LD_LIBRARY_PATH} PYTHONPATH=/home/kevin/radar_ws/install/camera_stream/lib/python3.12/site-packages:${PYTHONPATH} /usr/bin/cmake --install /home/kevin/radar_ws/build/pnp_calibration
[6.657s] -- Install configuration: ""
[6.657s] -- Installing: /home/kevin/radar_ws/install/pnp_calibration/share/ament_index/resource_index/package_run_dependencies/pnp_calibration
[6.657s] -- Installing: /home/kevin/radar_ws/install/pnp_calibration/share/ament_index/resource_index/parent_prefix_path/pnp_calibration
[6.658s] -- Installing: /home/kevin/radar_ws/install/pnp_calibration/share/pnp_calibration/environment/ament_prefix_path.sh
[6.658s] -- Installing: /home/kevin/radar_ws/install/pnp_calibration/share/pnp_calibration/environment/ament_prefix_path.dsv
[6.658s] -- Installing: /home/kevin/radar_ws/install/pnp_calibration/share/pnp_calibration/environment/path.sh
[6.658s] -- Installing: /home/kevin/radar_ws/install/pnp_calibration/share/pnp_calibration/environment/path.dsv
[6.658s] -- Installing: /home/kevin/radar_ws/install/pnp_calibration/share/pnp_calibration/local_setup.bash
[6.658s] -- Installing: /home/kevin/radar_ws/install/pnp_calibration/share/pnp_calibration/local_setup.sh
[6.658s] -- Installing: /home/kevin/radar_ws/install/pnp_calibration/share/pnp_calibration/local_setup.zsh
[6.658s] -- Installing: /home/kevin/radar_ws/install/pnp_calibration/share/pnp_calibration/local_setup.dsv
[6.658s] -- Installing: /home/kevin/radar_ws/install/pnp_calibration/share/pnp_calibration/package.dsv
[6.658s] -- Installing: /home/kevin/radar_ws/install/pnp_calibration/share/ament_index/resource_index/packages/pnp_calibration
[6.658s] -- Installing: /home/kevin/radar_ws/install/pnp_calibration/share/pnp_calibration/cmake/pnp_calibrationConfig.cmake
[6.658s] -- Installing: /home/kevin/radar_ws/install/pnp_calibration/share/pnp_calibration/cmake/pnp_calibrationConfig-version.cmake
[6.658s] -- Installing: /home/kevin/radar_ws/install/pnp_calibration/share/pnp_calibration/package.xml
[6.658s] -- Installing: /home/kevin/radar_ws/install/pnp_calibration/lib/pnp_calibration/node_pnp_calibration
[6.660s] -- Set non-toolchain portion of runtime path of "/home/kevin/radar_ws/install/pnp_calibration/lib/pnp_calibration/node_pnp_calibration" to ""
[6.661s] Invoked command in '/home/kevin/radar_ws/build/pnp_calibration' returned '0': AMENT_PREFIX_PATH=/home/kevin/radar_ws/install/camera_stream:${AMENT_PREFIX_PATH} CMAKE_PREFIX_PATH=/home/kevin/radar_ws/install/camera_stream:/opt/ros/jazzy/opt/gz_math_vendor:/opt/ros/jazzy/opt/gz_utils_vendor:/opt/ros/jazzy/opt/gz_cmake_vendor:/opt/ros/jazzy DEBUGINFOD_URLS=https://debuginfod.ubuntu.com LD_LIBRARY_PATH=/home/kevin/radar_ws/install/camera_stream/lib:${LD_LIBRARY_PATH} PYTHONPATH=/home/kevin/radar_ws/install/camera_stream/lib/python3.12/site-packages:${PYTHONPATH} /usr/bin/cmake --install /home/kevin/radar_ws/build/pnp_calibration
