-- Found ament_cmake: 2.5.6 (/opt/ros/jazzy/share/ament_cmake/cmake)
-- Found rclcpp: 28.1.18 (/opt/ros/jazzy/share/rclcpp/cmake)
-- Found rosidl_generator_c: 4.6.7 (/opt/ros/jazzy/share/rosidl_generator_c/cmake)
-- Found rosidl_generator_cpp: 4.6.7 (/opt/ros/jazzy/share/rosidl_generator_cpp/cmake)
-- Using all available rosidl_typesupport_c: rosidl_typesupport_fastrtps_c;rosidl_typesupport_introspection_c
-- Using all available rosidl_typesupport_cpp: rosidl_typesupport_fastrtps_cpp;rosidl_typesupport_introspection_cpp
-- Found rmw_implementation_cmake: 7.3.3 (/opt/ros/jazzy/share/rmw_implementation_cmake/cmake)
-- Found rmw_fastrtps_cpp: 8.4.3 (/opt/ros/jazzy/share/rmw_fastrtps_cpp/cmake)
-- Using RMW implementation 'rmw_fastrtps_cpp' as default
-- Found camera_stream: 0.0.0 (/home/kevin/radar_ws/install/camera_stream/share/camera_stream/cmake)
-- Found rosidl_default_generators: 1.6.0 (/opt/ros/jazzy/share/rosidl_default_generators/cmake)
-- Found rosidl_adapter: 4.6.7 (/opt/ros/jazzy/share/rosidl_adapter/cmake)
-- Found ament_lint_auto: 0.17.5 (/opt/ros/jazzy/share/ament_lint_auto/cmake)
-- Found ament_cmake_ros: 0.12.0 (/opt/ros/jazzy/share/ament_cmake_ros/cmake)
-- Using all available rosidl_typesupport_c: rosidl_typesupport_fastrtps_c;rosidl_typesupport_introspection_c
-- Using all available rosidl_typesupport_cpp: rosidl_typesupport_fastrtps_cpp;rosidl_typesupport_introspection_cpp
-- Found python_cmake_module: 0.11.1 (/opt/ros/jazzy/share/python_cmake_module/cmake)
-- Found Python3: /usr/bin/python3 (found version "3.12.3") found components: Interpreter Development NumPy Development.Module Development.Embed 
-- Found Python3: /usr/bin/python3 (found version "3.12.3") found components: Interpreter 
[0mCMake Deprecation Warning at /opt/ros/jazzy/share/rosidl_cmake/cmake/rosidl_target_interfaces.cmake:32 (message):
  Use rosidl_get_typesupport_target() and target_link_libraries() instead of
  rosidl_target_interfaces().  i.e:

    rosidl_get_typesupport_target(cpp_typesupport_target "${PROJECT_NAME}" "rosidl_typesupport_cpp")
    target_link_libraries(${PROJECT_NAME}_node "${cpp_typesupport_target}")

Call Stack (most recent call first):
  CMakeLists.txt:57 (rosidl_target_interfaces)

[0m
-- Added test 'cppcheck' to perform static code analysis on C / C++ code
-- Configured cppcheck include dirs: /home/kevin/radar_ws/src/vision_detector/include;/home/kevin/radar_ws/src/vision_detector/..
-- Configured cppcheck exclude dirs and/or files: 
-- Added test 'lint_cmake' to check CMake code style
-- Added test 'uncrustify' to check C / C++ code style
-- Configured uncrustify additional arguments: 
-- Added test 'xmllint' to check XML markup files
-- Configuring done (1.0s)
-- Generating done (0.0s)
-- Build files have been written to: /home/kevin/radar_ws/build/vision_detector
[  2%] Built target vision_detector__rs
[  4%] Built target vision_detector__rosidl_generator_type_description
[  4%] Built target ament_cmake_python_copy_vision_detector
[  6%] Built target vision_detector__cpp
[ 22%] Built target vision_detector__rosidl_generator_c
[ 30%] Built target vision_detector__rosidl_typesupport_c
[ 38%] Built target vision_detector__rosidl_typesupport_fastrtps_cpp
[ 46%] Built target vision_detector__rosidl_typesupport_introspection_c
[ 55%] Built target vision_detector__rosidl_typesupport_introspection_cpp
[ 63%] Built target vision_detector__rosidl_typesupport_fastrtps_c
[ 71%] Built target vision_detector__rosidl_typesupport_cpp
[ 71%] Built target vision_detector
[ 73%] Built target vision_detector__py
[ 75%] [32mBuilding CXX object CMakeFiles/node_vision_drone_detector.dir/src/target_detector.cpp.o[0m
[ 77%] [32mBuilding CXX object CMakeFiles/node_vision_drone_detector.dir/src/ekf_tracker.cpp.o[0m
[ 79%] [32mBuilding CXX object CMakeFiles/node_vision_drone_detector.dir/src/node_vision_drone_detector.cpp.o[0m
[ 85%] Built target vision_detector__rosidl_generator_py
[ 89%] Built target vision_detector_s__rosidl_typesupport_c
[ 93%] Built target vision_detector_s__rosidl_typesupport_introspection_c
[ 97%] Built target vision_detector_s__rosidl_typesupport_fastrtps_c
running egg_info
writing vision_detector.egg-info/PKG-INFO
writing dependency_links to vision_detector.egg-info/dependency_links.txt
writing top-level names to vision_detector.egg-info/top_level.txt
reading manifest file 'vision_detector.egg-info/SOURCES.txt'
writing manifest file 'vision_detector.egg-info/SOURCES.txt'
[ 97%] Built target ament_cmake_python_build_vision_detector_egg
[01m[K/home/kevin/radar_ws/src/vision_detector/src/target_detector.cpp:[m[K In function ‘[01m[Kstd::vector<cv::Point_<float> >[01;32m[K detectLaserModule[m[K(const cv::Mat&)[m[K’:
[01m[K/home/kevin/radar_ws/src/vision_detector/src/target_detector.cpp:276:9:[m[K [01;35m[Kwarning: [m[Kunused variable ‘[01m[Kmax_area[m[K’ [[01;35m[K]8;;https://gcc.gnu.org/onlinedocs/gcc/Warning-Options.html#index-Wunused-variable-Wunused-variable]8;;[m[K]
  276 |     int [01;35m[Kmax_area[m[K = (motion > 2.0f) ? 320 : 220;  // 原 260/180
      |         [01;35m[K^~~~~~~~[m[K
[01m[K/home/kevin/radar_ws/src/vision_detector/src/node_vision_drone_detector.cpp:[m[K In function ‘[01m[Kvoid[01;32m[K mouseCallback[m[K(int, int, int, int, void*)[m[K’:
[01m[K/home/kevin/radar_ws/src/vision_detector/src/node_vision_drone_detector.cpp:561:56:[m[K [01;35m[Kwarning: [m[Kunused parameter ‘[01m[Kflags[m[K’ [[01;35m[K]8;;https://gcc.gnu.org/onlinedocs/gcc/Warning-Options.html#index-Wunused-parameter-Wunused-parameter]8;;[m[K]
  561 | static void mouseCallback(int event, int x, int y, [01;35m[Kint flags[m[K, void* userdata) {
      |                                                    [01;35m[K~~~~^~~~~[m[K
[100%] [32m[1mLinking CXX executable node_vision_drone_detector[0m
[100%] Built target node_vision_drone_detector
-- Install configuration: ""
-- Installing: /home/kevin/radar_ws/install/vision_detector/share/ament_index/resource_index/rosidl_interfaces/vision_detector
-- Installing: /home/kevin/radar_ws/install/vision_detector/share/vision_detector/msg/DroneDiff.json
-- Installing: /home/kevin/radar_ws/install/vision_detector/share/vision_detector/msg/GimbalInfo.json
-- Installing: /home/kevin/radar_ws/install/vision_detector/include/vision_detector/vision_detector
-- Installing: /home/kevin/radar_ws/install/vision_detector/include/vision_detector/vision_detector/msg
-- Installing: /home/kevin/radar_ws/install/vision_detector/include/vision_detector/vision_detector/msg/drone_diff.h
-- Installing: /home/kevin/radar_ws/install/vision_detector/include/vision_detector/vision_detector/msg/rosidl_generator_c__visibility_control.h
-- Installing: /home/kevin/radar_ws/install/vision_detector/include/vision_detector/vision_detector/msg/gimbal_info.h
-- Installing: /home/kevin/radar_ws/install/vision_detector/include/vision_detector/vision_detector/msg/detail
-- Installing: /home/kevin/radar_ws/install/vision_detector/include/vision_detector/vision_detector/msg/detail/gimbal_info__functions.c
-- Installing: /home/kevin/radar_ws/install/vision_detector/include/vision_detector/vision_detector/msg/detail/drone_diff__functions.c
-- Installing: /home/kevin/radar_ws/install/vision_detector/include/vision_detector/vision_detector/msg/detail/drone_diff__struct.h
-- Installing: /home/kevin/radar_ws/install/vision_detector/include/vision_detector/vision_detector/msg/detail/drone_diff__description.c
-- Installing: /home/kevin/radar_ws/install/vision_detector/include/vision_detector/vision_detector/msg/detail/drone_diff__functions.h
-- Installing: /home/kevin/radar_ws/install/vision_detector/include/vision_detector/vision_detector/msg/detail/gimbal_info__functions.h
-- Installing: /home/kevin/radar_ws/install/vision_detector/include/vision_detector/vision_detector/msg/detail/gimbal_info__type_support.h
-- Installing: /home/kevin/radar_ws/install/vision_detector/include/vision_detector/vision_detector/msg/detail/gimbal_info__type_support.c
-- Installing: /home/kevin/radar_ws/install/vision_detector/include/vision_detector/vision_detector/msg/detail/gimbal_info__struct.h
-- Installing: /home/kevin/radar_ws/install/vision_detector/include/vision_detector/vision_detector/msg/detail/drone_diff__type_support.c
-- Installing: /home/kevin/radar_ws/install/vision_detector/include/vision_detector/vision_detector/msg/detail/drone_diff__type_support.h
-- Installing: /home/kevin/radar_ws/install/vision_detector/include/vision_detector/vision_detector/msg/detail/gimbal_info__description.c
-- Installing: /home/kevin/radar_ws/install/vision_detector/share/vision_detector/environment/library_path.sh
-- Installing: /home/kevin/radar_ws/install/vision_detector/share/vision_detector/environment/library_path.dsv
-- Installing: /home/kevin/radar_ws/install/vision_detector/lib/libvision_detector__rosidl_generator_c.so
-- Set non-toolchain portion of runtime path of "/home/kevin/radar_ws/install/vision_detector/lib/libvision_detector__rosidl_generator_c.so" to ""
-- Up-to-date: /home/kevin/radar_ws/install/vision_detector/include/vision_detector/vision_detector
-- Up-to-date: /home/kevin/radar_ws/install/vision_detector/include/vision_detector/vision_detector/msg
-- Installing: /home/kevin/radar_ws/install/vision_detector/include/vision_detector/vision_detector/msg/rosidl_typesupport_fastrtps_c__visibility_control.h
-- Up-to-date: /home/kevin/radar_ws/install/vision_detector/include/vision_detector/vision_detector/msg/detail
-- Installing: /home/kevin/radar_ws/install/vision_detector/include/vision_detector/vision_detector/msg/detail/drone_diff__rosidl_typesupport_fastrtps_c.h
-- Installing: /home/kevin/radar_ws/install/vision_detector/include/vision_detector/vision_detector/msg/detail/gimbal_info__rosidl_typesupport_fastrtps_c.h
-- Installing: /home/kevin/radar_ws/install/vision_detector/lib/libvision_detector__rosidl_typesupport_fastrtps_c.so
-- Set non-toolchain portion of runtime path of "/home/kevin/radar_ws/install/vision_detector/lib/libvision_detector__rosidl_typesupport_fastrtps_c.so" to ""
-- Up-to-date: /home/kevin/radar_ws/install/vision_detector/include/vision_detector/vision_detector
-- Up-to-date: /home/kevin/radar_ws/install/vision_detector/include/vision_detector/vision_detector/msg
-- Installing: /home/kevin/radar_ws/install/vision_detector/include/vision_detector/vision_detector/msg/gimbal_info.hpp
-- Installing: /home/kevin/radar_ws/install/vision_detector/include/vision_detector/vision_detector/msg/drone_diff.hpp
-- Installing: /home/kevin/radar_ws/install/vision_detector/include/vision_detector/vision_detector/msg/rosidl_generator_cpp__visibility_control.hpp
-- Up-to-date: /home/kevin/radar_ws/install/vision_detector/include/vision_detector/vision_detector/msg/detail
-- Installing: /home/kevin/radar_ws/install/vision_detector/include/vision_detector/vision_detector/msg/detail/drone_diff__struct.hpp
-- Installing: /home/kevin/radar_ws/install/vision_detector/include/vision_detector/vision_detector/msg/detail/drone_diff__builder.hpp
-- Installing: /home/kevin/radar_ws/install/vision_detector/include/vision_detector/vision_detector/msg/detail/gimbal_info__type_support.hpp
-- Installing: /home/kevin/radar_ws/install/vision_detector/include/vision_detector/vision_detector/msg/detail/gimbal_info__builder.hpp
-- Installing: /home/kevin/radar_ws/install/vision_detector/include/vision_detector/vision_detector/msg/detail/gimbal_info__traits.hpp
-- Installing: /home/kevin/radar_ws/install/vision_detector/include/vision_detector/vision_detector/msg/detail/drone_diff__traits.hpp
-- Installing: /home/kevin/radar_ws/install/vision_detector/include/vision_detector/vision_detector/msg/detail/drone_diff__type_support.hpp
-- Installing: /home/kevin/radar_ws/install/vision_detector/include/vision_detector/vision_detector/msg/detail/gimbal_info__struct.hpp
-- Up-to-date: /home/kevin/radar_ws/install/vision_detector/include/vision_detector/vision_detector
-- Up-to-date: /home/kevin/radar_ws/install/vision_detector/include/vision_detector/vision_detector/msg
-- Installing: /home/kevin/radar_ws/install/vision_detector/include/vision_detector/vision_detector/msg/rosidl_typesupport_fastrtps_cpp__visibility_control.h
-- Up-to-date: /home/kevin/radar_ws/install/vision_detector/include/vision_detector/vision_detector/msg/detail
-- Installing: /home/kevin/radar_ws/install/vision_detector/include/vision_detector/vision_detector/msg/detail/gimbal_info__rosidl_typesupport_fastrtps_cpp.hpp
-- Installing: /home/kevin/radar_ws/install/vision_detector/include/vision_detector/vision_detector/msg/detail/dds_fastrtps
-- Installing: /home/kevin/radar_ws/install/vision_detector/include/vision_detector/vision_detector/msg/detail/drone_diff__rosidl_typesupport_fastrtps_cpp.hpp
-- Installing: /home/kevin/radar_ws/install/vision_detector/lib/libvision_detector__rosidl_typesupport_fastrtps_cpp.so
-- Set non-toolchain portion of runtime path of "/home/kevin/radar_ws/install/vision_detector/lib/libvision_detector__rosidl_typesupport_fastrtps_cpp.so" to ""
-- Up-to-date: /home/kevin/radar_ws/install/vision_detector/include/vision_detector/vision_detector
-- Up-to-date: /home/kevin/radar_ws/install/vision_detector/include/vision_detector/vision_detector/msg
-- Installing: /home/kevin/radar_ws/install/vision_detector/include/vision_detector/vision_detector/msg/rosidl_typesupport_introspection_c__visibility_control.h
-- Up-to-date: /home/kevin/radar_ws/install/vision_detector/include/vision_detector/vision_detector/msg/detail
-- Installing: /home/kevin/radar_ws/install/vision_detector/include/vision_detector/vision_detector/msg/detail/gimbal_info__type_support.c
-- Installing: /home/kevin/radar_ws/install/vision_detector/include/vision_detector/vision_detector/msg/detail/drone_diff__rosidl_typesupport_introspection_c.h
-- Installing: /home/kevin/radar_ws/install/vision_detector/include/vision_detector/vision_detector/msg/detail/drone_diff__type_support.c
-- Installing: /home/kevin/radar_ws/install/vision_detector/include/vision_detector/vision_detector/msg/detail/gimbal_info__rosidl_typesupport_introspection_c.h
-- Installing: /home/kevin/radar_ws/install/vision_detector/lib/libvision_detector__rosidl_typesupport_introspection_c.so
-- Set non-toolchain portion of runtime path of "/home/kevin/radar_ws/install/vision_detector/lib/libvision_detector__rosidl_typesupport_introspection_c.so" to ""
-- Installing: /home/kevin/radar_ws/install/vision_detector/lib/libvision_detector__rosidl_typesupport_c.so
-- Set non-toolchain portion of runtime path of "/home/kevin/radar_ws/install/vision_detector/lib/libvision_detector__rosidl_typesupport_c.so" to ""
-- Up-to-date: /home/kevin/radar_ws/install/vision_detector/include/vision_detector/vision_detector
-- Up-to-date: /home/kevin/radar_ws/install/vision_detector/include/vision_detector/vision_detector/msg
-- Up-to-date: /home/kevin/radar_ws/install/vision_detector/include/vision_detector/vision_detector/msg/detail
-- Installing: /home/kevin/radar_ws/install/vision_detector/include/vision_detector/vision_detector/msg/detail/drone_diff__rosidl_typesupport_introspection_cpp.hpp
-- Installing: /home/kevin/radar_ws/install/vision_detector/include/vision_detector/vision_detector/msg/detail/gimbal_info__type_support.cpp
-- Installing: /home/kevin/radar_ws/install/vision_detector/include/vision_detector/vision_detector/msg/detail/gimbal_info__rosidl_typesupport_introspection_cpp.hpp
-- Installing: /home/kevin/radar_ws/install/vision_detector/include/vision_detector/vision_detector/msg/detail/drone_diff__type_support.cpp
-- Installing: /home/kevin/radar_ws/install/vision_detector/lib/libvision_detector__rosidl_typesupport_introspection_cpp.so
-- Set non-toolchain portion of runtime path of "/home/kevin/radar_ws/install/vision_detector/lib/libvision_detector__rosidl_typesupport_introspection_cpp.so" to ""
-- Installing: /home/kevin/radar_ws/install/vision_detector/lib/libvision_detector__rosidl_typesupport_cpp.so
-- Set non-toolchain portion of runtime path of "/home/kevin/radar_ws/install/vision_detector/lib/libvision_detector__rosidl_typesupport_cpp.so" to ""
-- Installing: /home/kevin/radar_ws/install/vision_detector/share/vision_detector/environment/pythonpath.sh
-- Installing: /home/kevin/radar_ws/install/vision_detector/share/vision_detector/environment/pythonpath.dsv
-- Installing: /home/kevin/radar_ws/install/vision_detector/lib/python3.12/site-packages/vision_detector-0.0.0-py3.12.egg-info
-- Installing: /home/kevin/radar_ws/install/vision_detector/lib/python3.12/site-packages/vision_detector-0.0.0-py3.12.egg-info/SOURCES.txt
-- Installing: /home/kevin/radar_ws/install/vision_detector/lib/python3.12/site-packages/vision_detector-0.0.0-py3.12.egg-info/top_level.txt
-- Installing: /home/kevin/radar_ws/install/vision_detector/lib/python3.12/site-packages/vision_detector-0.0.0-py3.12.egg-info/PKG-INFO
-- Installing: /home/kevin/radar_ws/install/vision_detector/lib/python3.12/site-packages/vision_detector-0.0.0-py3.12.egg-info/dependency_links.txt
-- Installing: /home/kevin/radar_ws/install/vision_detector/lib/python3.12/site-packages/vision_detector
-- Installing: /home/kevin/radar_ws/install/vision_detector/lib/python3.12/site-packages/vision_detector/vision_detector_s__rosidl_typesupport_fastrtps_c.so
-- Installing: /home/kevin/radar_ws/install/vision_detector/lib/python3.12/site-packages/vision_detector/__init__.py
-- Installing: /home/kevin/radar_ws/install/vision_detector/lib/python3.12/site-packages/vision_detector/_vision_detector_s.ep.rosidl_typesupport_introspection_c.c
-- Installing: /home/kevin/radar_ws/install/vision_detector/lib/python3.12/site-packages/vision_detector/vision_detector_s__rosidl_typesupport_c.so
-- Installing: /home/kevin/radar_ws/install/vision_detector/lib/python3.12/site-packages/vision_detector/_vision_detector_s.ep.rosidl_typesupport_fastrtps_c.c
-- Installing: /home/kevin/radar_ws/install/vision_detector/lib/python3.12/site-packages/vision_detector/vision_detector_s__rosidl_typesupport_introspection_c.so
-- Installing: /home/kevin/radar_ws/install/vision_detector/lib/python3.12/site-packages/vision_detector/msg
-- Installing: /home/kevin/radar_ws/install/vision_detector/lib/python3.12/site-packages/vision_detector/msg/__init__.py
-- Installing: /home/kevin/radar_ws/install/vision_detector/lib/python3.12/site-packages/vision_detector/msg/_gimbal_info_s.c
-- Installing: /home/kevin/radar_ws/install/vision_detector/lib/python3.12/site-packages/vision_detector/msg/_drone_diff_s.c
-- Installing: /home/kevin/radar_ws/install/vision_detector/lib/python3.12/site-packages/vision_detector/msg/_drone_diff.py
-- Installing: /home/kevin/radar_ws/install/vision_detector/lib/python3.12/site-packages/vision_detector/msg/_gimbal_info.py
-- Installing: /home/kevin/radar_ws/install/vision_detector/lib/python3.12/site-packages/vision_detector/_vision_detector_s.ep.rosidl_typesupport_c.c
Listing '/home/kevin/radar_ws/install/vision_detector/lib/python3.12/site-packages/vision_detector'...
Compiling '/home/kevin/radar_ws/install/vision_detector/lib/python3.12/site-packages/vision_detector/__init__.py'...
Listing '/home/kevin/radar_ws/install/vision_detector/lib/python3.12/site-packages/vision_detector/msg'...
Compiling '/home/kevin/radar_ws/install/vision_detector/lib/python3.12/site-packages/vision_detector/msg/__init__.py'...
Compiling '/home/kevin/radar_ws/install/vision_detector/lib/python3.12/site-packages/vision_detector/msg/_drone_diff.py'...
Compiling '/home/kevin/radar_ws/install/vision_detector/lib/python3.12/site-packages/vision_detector/msg/_gimbal_info.py'...
-- Installing: /home/kevin/radar_ws/install/vision_detector/lib/python3.12/site-packages/vision_detector/vision_detector_s__rosidl_typesupport_fastrtps_c.so
-- Set non-toolchain portion of runtime path of "/home/kevin/radar_ws/install/vision_detector/lib/python3.12/site-packages/vision_detector/vision_detector_s__rosidl_typesupport_fastrtps_c.so" to ""
-- Installing: /home/kevin/radar_ws/install/vision_detector/lib/python3.12/site-packages/vision_detector/vision_detector_s__rosidl_typesupport_introspection_c.so
-- Set non-toolchain portion of runtime path of "/home/kevin/radar_ws/install/vision_detector/lib/python3.12/site-packages/vision_detector/vision_detector_s__rosidl_typesupport_introspection_c.so" to ""
-- Installing: /home/kevin/radar_ws/install/vision_detector/lib/python3.12/site-packages/vision_detector/vision_detector_s__rosidl_typesupport_c.so
-- Set non-toolchain portion of runtime path of "/home/kevin/radar_ws/install/vision_detector/lib/python3.12/site-packages/vision_detector/vision_detector_s__rosidl_typesupport_c.so" to ""
-- Installing: /home/kevin/radar_ws/install/vision_detector/lib/libvision_detector__rosidl_generator_py.so
-- Set non-toolchain portion of runtime path of "/home/kevin/radar_ws/install/vision_detector/lib/libvision_detector__rosidl_generator_py.so" to ""
-- Installing: /home/kevin/radar_ws/install/vision_detector/share/ament_index/resource_index/rust_packages/vision_detector
-- Installing: /home/kevin/radar_ws/install/vision_detector/share/vision_detector/rust
-- Installing: /home/kevin/radar_ws/install/vision_detector/share/vision_detector/rust/Cargo.toml
-- Installing: /home/kevin/radar_ws/install/vision_detector/share/vision_detector/rust/src
-- Installing: /home/kevin/radar_ws/install/vision_detector/share/vision_detector/rust/src/msg.rs
-- Installing: /home/kevin/radar_ws/install/vision_detector/share/vision_detector/rust/src/lib.rs
-- Installing: /home/kevin/radar_ws/install/vision_detector/share/vision_detector/rust/src/msg
-- Installing: /home/kevin/radar_ws/install/vision_detector/share/vision_detector/rust/src/msg/rmw.rs
-- Installing: /home/kevin/radar_ws/install/vision_detector/share/vision_detector/rust/build.rs
-- Installing: /home/kevin/radar_ws/install/vision_detector/share/vision_detector/msg/DroneDiff.idl
-- Installing: /home/kevin/radar_ws/install/vision_detector/share/vision_detector/msg/GimbalInfo.idl
-- Installing: /home/kevin/radar_ws/install/vision_detector/share/vision_detector/msg/DroneDiff.msg
-- Installing: /home/kevin/radar_ws/install/vision_detector/share/vision_detector/msg/GimbalInfo.msg
-- Installing: /home/kevin/radar_ws/install/vision_detector/lib/vision_detector/node_vision_drone_detector
-- Set non-toolchain portion of runtime path of "/home/kevin/radar_ws/install/vision_detector/lib/vision_detector/node_vision_drone_detector" to ""
-- Installing: /home/kevin/radar_ws/install/vision_detector/share/ament_index/resource_index/package_run_dependencies/vision_detector
-- Installing: /home/kevin/radar_ws/install/vision_detector/share/ament_index/resource_index/parent_prefix_path/vision_detector
-- Installing: /home/kevin/radar_ws/install/vision_detector/share/vision_detector/environment/ament_prefix_path.sh
-- Installing: /home/kevin/radar_ws/install/vision_detector/share/vision_detector/environment/ament_prefix_path.dsv
-- Installing: /home/kevin/radar_ws/install/vision_detector/share/vision_detector/environment/path.sh
-- Installing: /home/kevin/radar_ws/install/vision_detector/share/vision_detector/environment/path.dsv
-- Installing: /home/kevin/radar_ws/install/vision_detector/share/vision_detector/local_setup.bash
-- Installing: /home/kevin/radar_ws/install/vision_detector/share/vision_detector/local_setup.sh
-- Installing: /home/kevin/radar_ws/install/vision_detector/share/vision_detector/local_setup.zsh
-- Installing: /home/kevin/radar_ws/install/vision_detector/share/vision_detector/local_setup.dsv
-- Installing: /home/kevin/radar_ws/install/vision_detector/share/vision_detector/package.dsv
-- Installing: /home/kevin/radar_ws/install/vision_detector/share/ament_index/resource_index/packages/vision_detector
-- Installing: /home/kevin/radar_ws/install/vision_detector/share/vision_detector/cmake/export_vision_detector__rosidl_generator_cExport.cmake
-- Installing: /home/kevin/radar_ws/install/vision_detector/share/vision_detector/cmake/export_vision_detector__rosidl_generator_cExport-noconfig.cmake
-- Installing: /home/kevin/radar_ws/install/vision_detector/share/vision_detector/cmake/export_vision_detector__rosidl_typesupport_fastrtps_cExport.cmake
-- Installing: /home/kevin/radar_ws/install/vision_detector/share/vision_detector/cmake/export_vision_detector__rosidl_typesupport_fastrtps_cExport-noconfig.cmake
-- Installing: /home/kevin/radar_ws/install/vision_detector/share/vision_detector/cmake/export_vision_detector__rosidl_generator_cppExport.cmake
-- Installing: /home/kevin/radar_ws/install/vision_detector/share/vision_detector/cmake/export_vision_detector__rosidl_typesupport_fastrtps_cppExport.cmake
-- Installing: /home/kevin/radar_ws/install/vision_detector/share/vision_detector/cmake/export_vision_detector__rosidl_typesupport_fastrtps_cppExport-noconfig.cmake
-- Installing: /home/kevin/radar_ws/install/vision_detector/share/vision_detector/cmake/vision_detector__rosidl_typesupport_introspection_cExport.cmake
-- Installing: /home/kevin/radar_ws/install/vision_detector/share/vision_detector/cmake/vision_detector__rosidl_typesupport_introspection_cExport-noconfig.cmake
-- Installing: /home/kevin/radar_ws/install/vision_detector/share/vision_detector/cmake/vision_detector__rosidl_typesupport_cExport.cmake
-- Installing: /home/kevin/radar_ws/install/vision_detector/share/vision_detector/cmake/vision_detector__rosidl_typesupport_cExport-noconfig.cmake
-- Installing: /home/kevin/radar_ws/install/vision_detector/share/vision_detector/cmake/vision_detector__rosidl_typesupport_introspection_cppExport.cmake
-- Installing: /home/kevin/radar_ws/install/vision_detector/share/vision_detector/cmake/vision_detector__rosidl_typesupport_introspection_cppExport-noconfig.cmake
-- Installing: /home/kevin/radar_ws/install/vision_detector/share/vision_detector/cmake/vision_detector__rosidl_typesupport_cppExport.cmake
-- Installing: /home/kevin/radar_ws/install/vision_detector/share/vision_detector/cmake/vision_detector__rosidl_typesupport_cppExport-noconfig.cmake
-- Installing: /home/kevin/radar_ws/install/vision_detector/share/vision_detector/cmake/export_vision_detector__rosidl_generator_pyExport.cmake
-- Installing: /home/kevin/radar_ws/install/vision_detector/share/vision_detector/cmake/export_vision_detector__rosidl_generator_pyExport-noconfig.cmake
-- Installing: /home/kevin/radar_ws/install/vision_detector/share/vision_detector/cmake/rosidl_cmake-extras.cmake
-- Installing: /home/kevin/radar_ws/install/vision_detector/share/vision_detector/cmake/ament_cmake_export_dependencies-extras.cmake
-- Installing: /home/kevin/radar_ws/install/vision_detector/share/vision_detector/cmake/ament_cmake_export_include_directories-extras.cmake
-- Installing: /home/kevin/radar_ws/install/vision_detector/share/vision_detector/cmake/ament_cmake_export_libraries-extras.cmake
-- Installing: /home/kevin/radar_ws/install/vision_detector/share/vision_detector/cmake/ament_cmake_export_targets-extras.cmake
-- Installing: /home/kevin/radar_ws/install/vision_detector/share/vision_detector/cmake/rosidl_cmake_export_typesupport_targets-extras.cmake
-- Installing: /home/kevin/radar_ws/install/vision_detector/share/vision_detector/cmake/rosidl_cmake_export_typesupport_libraries-extras.cmake
-- Installing: /home/kevin/radar_ws/install/vision_detector/share/vision_detector/cmake/vision_detectorConfig.cmake
-- Installing: /home/kevin/radar_ws/install/vision_detector/share/vision_detector/cmake/vision_detectorConfig-version.cmake
-- Installing: /home/kevin/radar_ws/install/vision_detector/share/vision_detector/package.xml
