[0.065s] DEBUG:colcon:Command line arguments: ['/usr/bin/colcon', 'build']
[0.065s] DEBUG:colcon:Parsed command line arguments: Namespace(log_base=None, log_level=None, verb_name='build', build_base='build', install_base='install', merge_install=False, symlink_install=False, test_result_base=None, continue_on_error=False, executor='parallel', parallel_workers=32, event_handlers=None, ignore_user_meta=False, metas=['./colcon.meta'], base_paths=['.'], packages_ignore=None, packages_ignore_regex=None, paths=None, packages_up_to=None, packages_up_to_regex=None, packages_above=None, packages_above_and_dependencies=None, packages_above_depth=None, packages_select_by_dep=None, packages_skip_by_dep=None, packages_skip_up_to=None, packages_select_build_failed=False, packages_skip_build_finished=False, packages_select_test_failures=False, packages_skip_test_passed=False, packages_select=None, packages_skip=None, packages_select_regex=None, packages_skip_regex=None, packages_start=None, packages_end=None, allow_overriding=[], cmake_args=None, cmake_target=None, cmake_target_skip_unavailable=False, cmake_clean_cache=False, cmake_clean_first=False, cmake_force_configure=False, ament_cmake_args=None, catkin_cmake_args=None, catkin_skip_building_tests=False, verb_parser=<colcon_defaults.argument_parser.defaults.DefaultArgumentsDecorator object at 0x7b2ff9461160>, verb_extension=<colcon_core.verb.build.BuildVerb object at 0x7b2ff95ad340>, main=<bound method BuildVerb.main of <colcon_core.verb.build.BuildVerb object at 0x7b2ff95ad340>>)
[0.090s] Level 1:colcon.colcon_core.package_discovery:discover_packages(colcon_meta) check parameters
[0.090s] Level 1:colcon.colcon_core.package_discovery:discover_packages(recursive) check parameters
[0.090s] Level 1:colcon.colcon_core.package_discovery:discover_packages(ignore) check parameters
[0.090s] Level 1:colcon.colcon_core.package_discovery:discover_packages(path) check parameters
[0.090s] Level 1:colcon.colcon_core.package_discovery:discover_packages(colcon_meta) discover
[0.090s] Level 1:colcon.colcon_core.package_discovery:discover_packages(recursive) discover
[0.090s] INFO:colcon.colcon_core.package_discovery:Crawling recursively for packages in '/home/kevin/radar_ws'
[0.090s] Level 1:colcon.colcon_core.package_identification:_identify(.) by extensions ['ignore', 'ignore_ament_install']
[0.090s] Level 1:colcon.colcon_core.package_identification:_identify(.) by extension 'ignore'
[0.090s] Level 1:colcon.colcon_core.package_identification:_identify(.) by extension 'ignore_ament_install'
[0.090s] Level 1:colcon.colcon_core.package_identification:_identify(.) by extensions ['colcon_pkg']
[0.090s] Level 1:colcon.colcon_core.package_identification:_identify(.) by extension 'colcon_pkg'
[0.090s] Level 1:colcon.colcon_core.package_identification:_identify(.) by extensions ['colcon_meta']
[0.090s] Level 1:colcon.colcon_core.package_identification:_identify(.) by extension 'colcon_meta'
[0.090s] Level 1:colcon.colcon_core.package_identification:_identify(.) by extensions ['ros']
[0.090s] Level 1:colcon.colcon_core.package_identification:_identify(.) by extension 'ros'
[0.108s] Level 1:colcon.colcon_core.package_identification:_identify(.) by extensions ['cmake', 'python']
[0.108s] Level 1:colcon.colcon_core.package_identification:_identify(.) by extension 'cmake'
[0.108s] Level 1:colcon.colcon_core.package_identification:_identify(.) by extension 'python'
[0.108s] Level 1:colcon.colcon_core.package_identification:_identify(.) by extensions ['python_setup_py']
[0.108s] Level 1:colcon.colcon_core.package_identification:_identify(.) by extension 'python_setup_py'
[0.108s] Level 1:colcon.colcon_core.package_identification:_identify(build) by extensions ['ignore', 'ignore_ament_install']
[0.108s] Level 1:colcon.colcon_core.package_identification:_identify(build) by extension 'ignore'
[0.108s] Level 1:colcon.colcon_core.package_identification:_identify(build) ignored
[0.108s] Level 1:colcon.colcon_core.package_identification:_identify(image) by extensions ['ignore', 'ignore_ament_install']
[0.108s] Level 1:colcon.colcon_core.package_identification:_identify(image) by extension 'ignore'
[0.108s] Level 1:colcon.colcon_core.package_identification:_identify(image) by extension 'ignore_ament_install'
[0.108s] Level 1:colcon.colcon_core.package_identification:_identify(image) by extensions ['colcon_pkg']
[0.108s] Level 1:colcon.colcon_core.package_identification:_identify(image) by extension 'colcon_pkg'
[0.108s] Level 1:colcon.colcon_core.package_identification:_identify(image) by extensions ['colcon_meta']
[0.108s] Level 1:colcon.colcon_core.package_identification:_identify(image) by extension 'colcon_meta'
[0.108s] Level 1:colcon.colcon_core.package_identification:_identify(image) by extensions ['ros']
[0.108s] Level 1:colcon.colcon_core.package_identification:_identify(image) by extension 'ros'
[0.108s] Level 1:colcon.colcon_core.package_identification:_identify(image) by extensions ['cmake', 'python']
[0.108s] Level 1:colcon.colcon_core.package_identification:_identify(image) by extension 'cmake'
[0.108s] Level 1:colcon.colcon_core.package_identification:_identify(image) by extension 'python'
[0.108s] Level 1:colcon.colcon_core.package_identification:_identify(image) by extensions ['python_setup_py']
[0.108s] Level 1:colcon.colcon_core.package_identification:_identify(image) by extension 'python_setup_py'
[0.108s] Level 1:colcon.colcon_core.package_identification:_identify(install) by extensions ['ignore', 'ignore_ament_install']
[0.108s] Level 1:colcon.colcon_core.package_identification:_identify(install) by extension 'ignore'
[0.108s] Level 1:colcon.colcon_core.package_identification:_identify(install) ignored
[0.108s] Level 1:colcon.colcon_core.package_identification:_identify(log) by extensions ['ignore', 'ignore_ament_install']
[0.109s] Level 1:colcon.colcon_core.package_identification:_identify(log) by extension 'ignore'
[0.109s] Level 1:colcon.colcon_core.package_identification:_identify(log) ignored
[0.109s] Level 1:colcon.colcon_core.package_identification:_identify(src) by extensions ['ignore', 'ignore_ament_install']
[0.109s] Level 1:colcon.colcon_core.package_identification:_identify(src) by extension 'ignore'
[0.109s] Level 1:colcon.colcon_core.package_identification:_identify(src) by extension 'ignore_ament_install'
[0.109s] Level 1:colcon.colcon_core.package_identification:_identify(src) by extensions ['colcon_pkg']
[0.109s] Level 1:colcon.colcon_core.package_identification:_identify(src) by extension 'colcon_pkg'
[0.109s] Level 1:colcon.colcon_core.package_identification:_identify(src) by extensions ['colcon_meta']
[0.109s] Level 1:colcon.colcon_core.package_identification:_identify(src) by extension 'colcon_meta'
[0.109s] Level 1:colcon.colcon_core.package_identification:_identify(src) by extensions ['ros']
[0.109s] Level 1:colcon.colcon_core.package_identification:_identify(src) by extension 'ros'
[0.109s] Level 1:colcon.colcon_core.package_identification:_identify(src) by extensions ['cmake', 'python']
[0.109s] Level 1:colcon.colcon_core.package_identification:_identify(src) by extension 'cmake'
[0.109s] Level 1:colcon.colcon_core.package_identification:_identify(src) by extension 'python'
[0.109s] Level 1:colcon.colcon_core.package_identification:_identify(src) by extensions ['python_setup_py']
[0.109s] Level 1:colcon.colcon_core.package_identification:_identify(src) by extension 'python_setup_py'
[0.109s] Level 1:colcon.colcon_core.package_identification:_identify(src/camera_stream) by extensions ['ignore', 'ignore_ament_install']
[0.109s] Level 1:colcon.colcon_core.package_identification:_identify(src/camera_stream) by extension 'ignore'
[0.109s] Level 1:colcon.colcon_core.package_identification:_identify(src/camera_stream) by extension 'ignore_ament_install'
[0.109s] Level 1:colcon.colcon_core.package_identification:_identify(src/camera_stream) by extensions ['colcon_pkg']
[0.109s] Level 1:colcon.colcon_core.package_identification:_identify(src/camera_stream) by extension 'colcon_pkg'
[0.109s] Level 1:colcon.colcon_core.package_identification:_identify(src/camera_stream) by extensions ['colcon_meta']
[0.109s] Level 1:colcon.colcon_core.package_identification:_identify(src/camera_stream) by extension 'colcon_meta'
[0.109s] Level 1:colcon.colcon_core.package_identification:_identify(src/camera_stream) by extensions ['ros']
[0.109s] Level 1:colcon.colcon_core.package_identification:_identify(src/camera_stream) by extension 'ros'
[0.111s] DEBUG:colcon.colcon_core.package_identification:Package 'src/camera_stream' with type 'ros.ament_cmake' and name 'camera_stream'
[0.112s] Level 1:colcon.colcon_core.package_identification:_identify(src/config) by extensions ['ignore', 'ignore_ament_install']
[0.112s] Level 1:colcon.colcon_core.package_identification:_identify(src/config) by extension 'ignore'
[0.112s] Level 1:colcon.colcon_core.package_identification:_identify(src/config) by extension 'ignore_ament_install'
[0.112s] Level 1:colcon.colcon_core.package_identification:_identify(src/config) by extensions ['colcon_pkg']
[0.112s] Level 1:colcon.colcon_core.package_identification:_identify(src/config) by extension 'colcon_pkg'
[0.112s] Level 1:colcon.colcon_core.package_identification:_identify(src/config) by extensions ['colcon_meta']
[0.112s] Level 1:colcon.colcon_core.package_identification:_identify(src/config) by extension 'colcon_meta'
[0.112s] Level 1:colcon.colcon_core.package_identification:_identify(src/config) by extensions ['ros']
[0.112s] Level 1:colcon.colcon_core.package_identification:_identify(src/config) by extension 'ros'
[0.112s] Level 1:colcon.colcon_core.package_identification:_identify(src/config) by extensions ['cmake', 'python']
[0.112s] Level 1:colcon.colcon_core.package_identification:_identify(src/config) by extension 'cmake'
[0.112s] Level 1:colcon.colcon_core.package_identification:_identify(src/config) by extension 'python'
[0.112s] Level 1:colcon.colcon_core.package_identification:_identify(src/config) by extensions ['python_setup_py']
[0.112s] Level 1:colcon.colcon_core.package_identification:_identify(src/config) by extension 'python_setup_py'
[0.112s] Level 1:colcon.colcon_core.package_identification:_identify(src/pnp_calibration) by extensions ['ignore', 'ignore_ament_install']
[0.112s] Level 1:colcon.colcon_core.package_identification:_identify(src/pnp_calibration) by extension 'ignore'
[0.112s] Level 1:colcon.colcon_core.package_identification:_identify(src/pnp_calibration) by extension 'ignore_ament_install'
[0.112s] Level 1:colcon.colcon_core.package_identification:_identify(src/pnp_calibration) by extensions ['colcon_pkg']
[0.112s] Level 1:colcon.colcon_core.package_identification:_identify(src/pnp_calibration) by extension 'colcon_pkg'
[0.112s] Level 1:colcon.colcon_core.package_identification:_identify(src/pnp_calibration) by extensions ['colcon_meta']
[0.112s] Level 1:colcon.colcon_core.package_identification:_identify(src/pnp_calibration) by extension 'colcon_meta'
[0.112s] Level 1:colcon.colcon_core.package_identification:_identify(src/pnp_calibration) by extensions ['ros']
[0.112s] Level 1:colcon.colcon_core.package_identification:_identify(src/pnp_calibration) by extension 'ros'
[0.113s] DEBUG:colcon.colcon_core.package_identification:Package 'src/pnp_calibration' with type 'ros.ament_cmake' and name 'pnp_calibration'
[0.113s] Level 1:colcon.colcon_core.package_identification:_identify(src/radar_controllers) by extensions ['ignore', 'ignore_ament_install']
[0.113s] Level 1:colcon.colcon_core.package_identification:_identify(src/radar_controllers) by extension 'ignore'
[0.113s] Level 1:colcon.colcon_core.package_identification:_identify(src/radar_controllers) by extension 'ignore_ament_install'
[0.113s] Level 1:colcon.colcon_core.package_identification:_identify(src/radar_controllers) by extensions ['colcon_pkg']
[0.113s] Level 1:colcon.colcon_core.package_identification:_identify(src/radar_controllers) by extension 'colcon_pkg'
[0.113s] Level 1:colcon.colcon_core.package_identification:_identify(src/radar_controllers) by extensions ['colcon_meta']
[0.113s] Level 1:colcon.colcon_core.package_identification:_identify(src/radar_controllers) by extension 'colcon_meta'
[0.113s] Level 1:colcon.colcon_core.package_identification:_identify(src/radar_controllers) by extensions ['ros']
[0.113s] Level 1:colcon.colcon_core.package_identification:_identify(src/radar_controllers) by extension 'ros'
[0.113s] DEBUG:colcon.colcon_core.package_identification:Package 'src/radar_controllers' with type 'ros.ament_cmake' and name 'radar_controllers'
[0.113s] Level 1:colcon.colcon_core.package_identification:_identify(src/vision_detector) by extensions ['ignore', 'ignore_ament_install']
[0.113s] Level 1:colcon.colcon_core.package_identification:_identify(src/vision_detector) by extension 'ignore'
[0.113s] Level 1:colcon.colcon_core.package_identification:_identify(src/vision_detector) by extension 'ignore_ament_install'
[0.113s] Level 1:colcon.colcon_core.package_identification:_identify(src/vision_detector) by extensions ['colcon_pkg']
[0.113s] Level 1:colcon.colcon_core.package_identification:_identify(src/vision_detector) by extension 'colcon_pkg'
[0.113s] Level 1:colcon.colcon_core.package_identification:_identify(src/vision_detector) by extensions ['colcon_meta']
[0.113s] Level 1:colcon.colcon_core.package_identification:_identify(src/vision_detector) by extension 'colcon_meta'
[0.113s] Level 1:colcon.colcon_core.package_identification:_identify(src/vision_detector) by extensions ['ros']
[0.113s] Level 1:colcon.colcon_core.package_identification:_identify(src/vision_detector) by extension 'ros'
[0.114s] DEBUG:colcon.colcon_core.package_identification:Package 'src/vision_detector' with type 'ros.ament_cmake' and name 'vision_detector'
[0.114s] Level 1:colcon.colcon_core.package_identification:_identify(tools) by extensions ['ignore', 'ignore_ament_install']
[0.114s] Level 1:colcon.colcon_core.package_identification:_identify(tools) by extension 'ignore'
[0.114s] Level 1:colcon.colcon_core.package_identification:_identify(tools) by extension 'ignore_ament_install'
[0.114s] Level 1:colcon.colcon_core.package_identification:_identify(tools) by extensions ['colcon_pkg']
[0.114s] Level 1:colcon.colcon_core.package_identification:_identify(tools) by extension 'colcon_pkg'
[0.114s] Level 1:colcon.colcon_core.package_identification:_identify(tools) by extensions ['colcon_meta']
[0.114s] Level 1:colcon.colcon_core.package_identification:_identify(tools) by extension 'colcon_meta'
[0.114s] Level 1:colcon.colcon_core.package_identification:_identify(tools) by extensions ['ros']
[0.114s] Level 1:colcon.colcon_core.package_identification:_identify(tools) by extension 'ros'
[0.114s] Level 1:colcon.colcon_core.package_identification:_identify(tools) by extensions ['cmake', 'python']
[0.114s] Level 1:colcon.colcon_core.package_identification:_identify(tools) by extension 'cmake'
[0.114s] Level 1:colcon.colcon_core.package_identification:_identify(tools) by extension 'python'
[0.114s] Level 1:colcon.colcon_core.package_identification:_identify(tools) by extensions ['python_setup_py']
[0.114s] Level 1:colcon.colcon_core.package_identification:_identify(tools) by extension 'python_setup_py'
[0.114s] Level 1:colcon.colcon_core.package_discovery:discover_packages(recursive) using defaults
[0.114s] Level 1:colcon.colcon_core.package_discovery:discover_packages(ignore) discover
[0.114s] Level 1:colcon.colcon_core.package_discovery:discover_packages(ignore) using defaults
[0.114s] Level 1:colcon.colcon_core.package_discovery:discover_packages(path) discover
[0.114s] Level 1:colcon.colcon_core.package_discovery:discover_packages(path) using defaults
[0.126s] Level 1:colcon.colcon_core.package_discovery:discover_packages(prefix_path) check parameters
[0.126s] Level 1:colcon.colcon_core.package_discovery:discover_packages(prefix_path) discover
[0.128s] DEBUG:colcon.colcon_installed_package_information.package_discovery:Found 4 installed packages in /home/kevin/radar_ws/install
[0.128s] DEBUG:colcon.colcon_installed_package_information.package_discovery:Found 287 installed packages in /opt/ros/jazzy
[0.129s] Level 1:colcon.colcon_core.package_discovery:discover_packages(prefix_path) using defaults
[0.152s] Level 5:colcon.colcon_core.verb:set package 'camera_stream' build argument 'cmake_args' from command line to 'None'
[0.152s] Level 5:colcon.colcon_core.verb:set package 'camera_stream' build argument 'cmake_target' from command line to 'None'
[0.152s] Level 5:colcon.colcon_core.verb:set package 'camera_stream' build argument 'cmake_target_skip_unavailable' from command line to 'False'
[0.152s] Level 5:colcon.colcon_core.verb:set package 'camera_stream' build argument 'cmake_clean_cache' from command line to 'False'
[0.152s] Level 5:colcon.colcon_core.verb:set package 'camera_stream' build argument 'cmake_clean_first' from command line to 'False'
[0.152s] Level 5:colcon.colcon_core.verb:set package 'camera_stream' build argument 'cmake_force_configure' from command line to 'False'
[0.152s] Level 5:colcon.colcon_core.verb:set package 'camera_stream' build argument 'ament_cmake_args' from command line to 'None'
[0.152s] Level 5:colcon.colcon_core.verb:set package 'camera_stream' build argument 'catkin_cmake_args' from command line to 'None'
[0.152s] Level 5:colcon.colcon_core.verb:set package 'camera_stream' build argument 'catkin_skip_building_tests' from command line to 'False'
[0.152s] DEBUG:colcon.colcon_core.verb:Building package 'camera_stream' with the following arguments: {'ament_cmake_args': None, 'build_base': '/home/kevin/radar_ws/build/camera_stream', 'catkin_cmake_args': None, 'catkin_skip_building_tests': False, 'cmake_args': None, 'cmake_clean_cache': False, 'cmake_clean_first': False, 'cmake_force_configure': False, 'cmake_target': None, 'cmake_target_skip_unavailable': False, 'install_base': '/home/kevin/radar_ws/install/camera_stream', 'merge_install': False, 'path': '/home/kevin/radar_ws/src/camera_stream', 'symlink_install': False, 'test_result_base': None}
[0.153s] Level 5:colcon.colcon_core.verb:set package 'pnp_calibration' build argument 'cmake_args' from command line to 'None'
[0.153s] Level 5:colcon.colcon_core.verb:set package 'pnp_calibration' build argument 'cmake_target' from command line to 'None'
[0.153s] Level 5:colcon.colcon_core.verb:set package 'pnp_calibration' build argument 'cmake_target_skip_unavailable' from command line to 'False'
[0.153s] Level 5:colcon.colcon_core.verb:set package 'pnp_calibration' build argument 'cmake_clean_cache' from command line to 'False'
[0.153s] Level 5:colcon.colcon_core.verb:set package 'pnp_calibration' build argument 'cmake_clean_first' from command line to 'False'
[0.153s] Level 5:colcon.colcon_core.verb:set package 'pnp_calibration' build argument 'cmake_force_configure' from command line to 'False'
[0.153s] Level 5:colcon.colcon_core.verb:set package 'pnp_calibration' build argument 'ament_cmake_args' from command line to 'None'
[0.153s] Level 5:colcon.colcon_core.verb:set package 'pnp_calibration' build argument 'catkin_cmake_args' from command line to 'None'
[0.153s] Level 5:colcon.colcon_core.verb:set package 'pnp_calibration' build argument 'catkin_skip_building_tests' from command line to 'False'
[0.153s] DEBUG:colcon.colcon_core.verb:Building package 'pnp_calibration' with the following arguments: {'ament_cmake_args': None, 'build_base': '/home/kevin/radar_ws/build/pnp_calibration', 'catkin_cmake_args': None, 'catkin_skip_building_tests': False, 'cmake_args': None, 'cmake_clean_cache': False, 'cmake_clean_first': False, 'cmake_force_configure': False, 'cmake_target': None, 'cmake_target_skip_unavailable': False, 'install_base': '/home/kevin/radar_ws/install/pnp_calibration', 'merge_install': False, 'path': '/home/kevin/radar_ws/src/pnp_calibration', 'symlink_install': False, 'test_result_base': None}
[0.153s] Level 5:colcon.colcon_core.verb:set package 'vision_detector' build argument 'cmake_args' from command line to 'None'
[0.153s] Level 5:colcon.colcon_core.verb:set package 'vision_detector' build argument 'cmake_target' from command line to 'None'
[0.153s] Level 5:colcon.colcon_core.verb:set package 'vision_detector' build argument 'cmake_target_skip_unavailable' from command line to 'False'
[0.153s] Level 5:colcon.colcon_core.verb:set package 'vision_detector' build argument 'cmake_clean_cache' from command line to 'False'
[0.153s] Level 5:colcon.colcon_core.verb:set package 'vision_detector' build argument 'cmake_clean_first' from command line to 'False'
[0.153s] Level 5:colcon.colcon_core.verb:set package 'vision_detector' build argument 'cmake_force_configure' from command line to 'False'
[0.153s] Level 5:colcon.colcon_core.verb:set package 'vision_detector' build argument 'ament_cmake_args' from command line to 'None'
[0.153s] Level 5:colcon.colcon_core.verb:set package 'vision_detector' build argument 'catkin_cmake_args' from command line to 'None'
[0.153s] Level 5:colcon.colcon_core.verb:set package 'vision_detector' build argument 'catkin_skip_building_tests' from command line to 'False'
[0.153s] DEBUG:colcon.colcon_core.verb:Building package 'vision_detector' with the following arguments: {'ament_cmake_args': None, 'build_base': '/home/kevin/radar_ws/build/vision_detector', 'catkin_cmake_args': None, 'catkin_skip_building_tests': False, 'cmake_args': None, 'cmake_clean_cache': False, 'cmake_clean_first': False, 'cmake_force_configure': False, 'cmake_target': None, 'cmake_target_skip_unavailable': False, 'install_base': '/home/kevin/radar_ws/install/vision_detector', 'merge_install': False, 'path': '/home/kevin/radar_ws/src/vision_detector', 'symlink_install': False, 'test_result_base': None}
[0.153s] Level 5:colcon.colcon_core.verb:set package 'radar_controllers' build argument 'cmake_args' from command line to 'None'
[0.153s] Level 5:colcon.colcon_core.verb:set package 'radar_controllers' build argument 'cmake_target' from command line to 'None'
[0.153s] Level 5:colcon.colcon_core.verb:set package 'radar_controllers' build argument 'cmake_target_skip_unavailable' from command line to 'False'
[0.153s] Level 5:colcon.colcon_core.verb:set package 'radar_controllers' build argument 'cmake_clean_cache' from command line to 'False'
[0.153s] Level 5:colcon.colcon_core.verb:set package 'radar_controllers' build argument 'cmake_clean_first' from command line to 'False'
[0.153s] Level 5:colcon.colcon_core.verb:set package 'radar_controllers' build argument 'cmake_force_configure' from command line to 'False'
[0.153s] Level 5:colcon.colcon_core.verb:set package 'radar_controllers' build argument 'ament_cmake_args' from command line to 'None'
[0.153s] Level 5:colcon.colcon_core.verb:set package 'radar_controllers' build argument 'catkin_cmake_args' from command line to 'None'
[0.153s] Level 5:colcon.colcon_core.verb:set package 'radar_controllers' build argument 'catkin_skip_building_tests' from command line to 'False'
[0.153s] DEBUG:colcon.colcon_core.verb:Building package 'radar_controllers' with the following arguments: {'ament_cmake_args': None, 'build_base': '/home/kevin/radar_ws/build/radar_controllers', 'catkin_cmake_args': None, 'catkin_skip_building_tests': False, 'cmake_args': None, 'cmake_clean_cache': False, 'cmake_clean_first': False, 'cmake_force_configure': False, 'cmake_target': None, 'cmake_target_skip_unavailable': False, 'install_base': '/home/kevin/radar_ws/install/radar_controllers', 'merge_install': False, 'path': '/home/kevin/radar_ws/src/radar_controllers', 'symlink_install': False, 'test_result_base': None}
[0.153s] INFO:colcon.colcon_core.executor:Executing jobs using 'parallel' executor
[0.154s] DEBUG:colcon.colcon_parallel_executor.executor.parallel:run_until_complete
[0.154s] INFO:colcon.colcon_ros.task.ament_cmake.build:Building ROS package in '/home/kevin/radar_ws/src/camera_stream' with build type 'ament_cmake'
[0.155s] INFO:colcon.colcon_cmake.task.cmake.build:Building CMake package in '/home/kevin/radar_ws/src/camera_stream'
[0.156s] INFO:colcon.colcon_core.plugin_system:Skipping extension 'colcon_core.shell.bat': Not used on non-Windows systems
[0.156s] INFO:colcon.colcon_core.shell:Skip shell extension 'powershell' for command environment: Not usable outside of PowerShell
[0.156s] DEBUG:colcon.colcon_core.shell:Skip shell extension 'dsv' for command environment
[0.162s] DEBUG:colcon.colcon_core.event_handler.log_command:Invoking command in '/home/kevin/radar_ws/build/camera_stream': CMAKE_PREFIX_PATH=${CMAKE_PREFIX_PATH}:/opt/ros/jazzy DEBUGINFOD_URLS=https://debuginfod.ubuntu.com /usr/bin/cmake --build /home/kevin/radar_ws/build/camera_stream -- -j32 -l32
[2.942s] DEBUG:colcon.colcon_core.event_handler.log_command:Invoked command in '/home/kevin/radar_ws/build/camera_stream' returned '2': CMAKE_PREFIX_PATH=${CMAKE_PREFIX_PATH}:/opt/ros/jazzy DEBUGINFOD_URLS=https://debuginfod.ubuntu.com /usr/bin/cmake --build /home/kevin/radar_ws/build/camera_stream -- -j32 -l32
[2.942s] Level 1:colcon.colcon_core.environment:create_environment_scripts_only(camera_stream)
[2.943s] Level 1:colcon.colcon_core.environment:checking '/home/kevin/radar_ws/install/camera_stream' for CMake module files
[2.944s] Level 1:colcon.colcon_core.environment:checking '/home/kevin/radar_ws/install/camera_stream' for CMake config files
[2.944s] Level 1:colcon.colcon_core.shell:create_environment_hook('camera_stream', 'cmake_prefix_path')
[2.944s] INFO:colcon.colcon_core.shell:Creating environment hook '/home/kevin/radar_ws/install/camera_stream/share/camera_stream/hook/cmake_prefix_path.ps1'
[2.944s] INFO:colcon.colcon_core.shell:Creating environment descriptor '/home/kevin/radar_ws/install/camera_stream/share/camera_stream/hook/cmake_prefix_path.dsv'
[2.945s] INFO:colcon.colcon_core.shell:Creating environment hook '/home/kevin/radar_ws/install/camera_stream/share/camera_stream/hook/cmake_prefix_path.sh'
[2.945s] Level 1:colcon.colcon_core.environment:checking '/home/kevin/radar_ws/install/camera_stream/lib'
[2.945s] Level 1:colcon.colcon_core.shell:create_environment_hook('camera_stream', 'ld_library_path_lib')
[2.945s] INFO:colcon.colcon_core.shell:Creating environment hook '/home/kevin/radar_ws/install/camera_stream/share/camera_stream/hook/ld_library_path_lib.ps1'
[2.946s] INFO:colcon.colcon_core.shell:Creating environment descriptor '/home/kevin/radar_ws/install/camera_stream/share/camera_stream/hook/ld_library_path_lib.dsv'
[2.946s] INFO:colcon.colcon_core.shell:Creating environment hook '/home/kevin/radar_ws/install/camera_stream/share/camera_stream/hook/ld_library_path_lib.sh'
[2.946s] Level 1:colcon.colcon_core.environment:checking '/home/kevin/radar_ws/install/camera_stream/bin'
[2.946s] Level 1:colcon.colcon_core.environment:checking '/home/kevin/radar_ws/install/camera_stream/lib/pkgconfig/camera_stream.pc'
[2.946s] Level 1:colcon.colcon_core.environment:checking '/home/kevin/radar_ws/install/camera_stream/lib/python3.12/site-packages'
[2.946s] Level 1:colcon.colcon_core.shell:create_environment_hook('camera_stream', 'pythonpath')
[2.946s] INFO:colcon.colcon_core.shell:Creating environment hook '/home/kevin/radar_ws/install/camera_stream/share/camera_stream/hook/pythonpath.ps1'
[2.946s] INFO:colcon.colcon_core.shell:Creating environment descriptor '/home/kevin/radar_ws/install/camera_stream/share/camera_stream/hook/pythonpath.dsv'
[2.947s] INFO:colcon.colcon_core.shell:Creating environment hook '/home/kevin/radar_ws/install/camera_stream/share/camera_stream/hook/pythonpath.sh'
[2.947s] Level 1:colcon.colcon_core.environment:checking '/home/kevin/radar_ws/install/camera_stream/bin'
[2.947s] INFO:colcon.colcon_core.shell:Creating package script '/home/kevin/radar_ws/install/camera_stream/share/camera_stream/package.ps1'
[2.948s] INFO:colcon.colcon_core.shell:Creating package descriptor '/home/kevin/radar_ws/install/camera_stream/share/camera_stream/package.dsv'
[2.948s] INFO:colcon.colcon_core.shell:Creating package script '/home/kevin/radar_ws/install/camera_stream/share/camera_stream/package.sh'
[2.949s] INFO:colcon.colcon_core.shell:Creating package script '/home/kevin/radar_ws/install/camera_stream/share/camera_stream/package.bash'
[2.949s] INFO:colcon.colcon_core.shell:Creating package script '/home/kevin/radar_ws/install/camera_stream/share/camera_stream/package.zsh'
[2.949s] Level 1:colcon.colcon_core.environment:create_file_with_runtime_dependencies(/home/kevin/radar_ws/install/camera_stream/share/colcon-core/packages/camera_stream)
[2.960s] DEBUG:colcon.colcon_parallel_executor.executor.parallel:closing loop
[2.960s] DEBUG:colcon.colcon_parallel_executor.executor.parallel:loop closed
[2.960s] DEBUG:colcon.colcon_parallel_executor.executor.parallel:run_until_complete finished with '2'
[2.960s] DEBUG:colcon.colcon_core.event_reactor:joining thread
[2.966s] INFO:colcon.colcon_core.plugin_system:Skipping extension 'colcon_notification.desktop_notification.terminal_notifier': Not used on non-Darwin systems
[2.966s] INFO:colcon.colcon_core.plugin_system:Skipping extension 'colcon_notification.desktop_notification.win32': Not used on non-Windows systems
[2.966s] INFO:colcon.colcon_notification.desktop_notification:Sending desktop notification using 'notify2'
[2.980s] DEBUG:colcon.colcon_core.event_reactor:joined thread
[2.981s] INFO:colcon.colcon_core.shell:Creating prefix script '/home/kevin/radar_ws/install/local_setup.ps1'
[2.982s] INFO:colcon.colcon_core.shell:Creating prefix util module '/home/kevin/radar_ws/install/_local_setup_util_ps1.py'
[2.983s] INFO:colcon.colcon_core.shell:Creating prefix chain script '/home/kevin/radar_ws/install/setup.ps1'
[2.984s] INFO:colcon.colcon_core.shell:Creating prefix script '/home/kevin/radar_ws/install/local_setup.sh'
[2.984s] INFO:colcon.colcon_core.shell:Creating prefix util module '/home/kevin/radar_ws/install/_local_setup_util_sh.py'
[2.985s] INFO:colcon.colcon_core.shell:Creating prefix chain script '/home/kevin/radar_ws/install/setup.sh'
[2.985s] INFO:colcon.colcon_core.shell:Creating prefix script '/home/kevin/radar_ws/install/local_setup.bash'
[2.986s] INFO:colcon.colcon_core.shell:Creating prefix chain script '/home/kevin/radar_ws/install/setup.bash'
[2.986s] INFO:colcon.colcon_core.shell:Creating prefix script '/home/kevin/radar_ws/install/local_setup.zsh'
[2.987s] INFO:colcon.colcon_core.shell:Creating prefix chain script '/home/kevin/radar_ws/install/setup.zsh'
