[0.010s] Invoking command in '/home/kevin/radar_ws/build/radar_controllers': CMAKE_PREFIX_PATH=/home/kevin/radar_ws/install/vision_detector:/home/kevin/radar_ws/install/camera_stream:/home/kevin/radar_ws/install/radar_controllers:/home/kevin/radar_ws/install/pnp_calibration:/opt/ros/jazzy/opt/gz_math_vendor:/opt/ros/jazzy/opt/gz_utils_vendor:/opt/ros/jazzy/opt/gz_cmake_vendor:/opt/ros/jazzy DEBUGINFOD_URLS=https://debuginfod.ubuntu.com LD_LIBRARY_PATH=/home/kevin/radar_ws/install/vision_detector/lib:/home/kevin/radar_ws/install/camera_stream/lib:/opt/MVS/lib/64:/opt/MVS/lib/32:/opt/MVS/lib/64:/opt/MVS/lib/32:/opt/MVS/lib/64:/opt/MVS/lib/32:/opt/ros/jazzy/opt/rviz_ogre_vendor/lib:/opt/ros/jazzy/lib/x86_64-linux-gnu:/opt/ros/jazzy/opt/gz_math_vendor/lib:/opt/ros/jazzy/opt/gz_utils_vendor/lib:/opt/ros/jazzy/opt/gz_cmake_vendor/lib:/opt/ros/jazzy/lib:/opt/MVS/lib/64:/opt/MVS/lib/32:/opt/MVS/lib/64:/opt/MVS/lib/32 /usr/bin/cmake --build /home/kevin/radar_ws/build/radar_controllers -- -j32 -l32
[0.061s] [ 25%] [32mBuilding CXX object CMakeFiles/node_stm_serial.dir/src/node_stm_serial.cpp.o[0m
[5.153s] [ 50%] [32m[1mLinking CXX executable node_stm_serial[0m
[5.352s] [100%] Built target node_stm_serial
[5.362s] Invoked command in '/home/kevin/radar_ws/build/radar_controllers' returned '0': CMAKE_PREFIX_PATH=/home/kevin/radar_ws/install/vision_detector:/home/kevin/radar_ws/install/camera_stream:/home/kevin/radar_ws/install/radar_controllers:/home/kevin/radar_ws/install/pnp_calibration:/opt/ros/jazzy/opt/gz_math_vendor:/opt/ros/jazzy/opt/gz_utils_vendor:/opt/ros/jazzy/opt/gz_cmake_vendor:/opt/ros/jazzy DEBUGINFOD_URLS=https://debuginfod.ubuntu.com LD_LIBRARY_PATH=/home/kevin/radar_ws/install/vision_detector/lib:/home/kevin/radar_ws/install/camera_stream/lib:/opt/MVS/lib/64:/opt/MVS/lib/32:/opt/MVS/lib/64:/opt/MVS/lib/32:/opt/MVS/lib/64:/opt/MVS/lib/32:/opt/ros/jazzy/opt/rviz_ogre_vendor/lib:/opt/ros/jazzy/lib/x86_64-linux-gnu:/opt/ros/jazzy/opt/gz_math_vendor/lib:/opt/ros/jazzy/opt/gz_utils_vendor/lib:/opt/ros/jazzy/opt/gz_cmake_vendor/lib:/opt/ros/jazzy/lib:/opt/MVS/lib/64:/opt/MVS/lib/32:/opt/MVS/lib/64:/opt/MVS/lib/32 /usr/bin/cmake --build /home/kevin/radar_ws/build/radar_controllers -- -j32 -l32
[5.363s] Invoking command in '/home/kevin/radar_ws/build/radar_controllers': CMAKE_PREFIX_PATH=/home/kevin/radar_ws/install/vision_detector:/home/kevin/radar_ws/install/camera_stream:/home/kevin/radar_ws/install/radar_controllers:/home/kevin/radar_ws/install/pnp_calibration:/opt/ros/jazzy/opt/gz_math_vendor:/opt/ros/jazzy/opt/gz_utils_vendor:/opt/ros/jazzy/opt/gz_cmake_vendor:/opt/ros/jazzy DEBUGINFOD_URLS=https://debuginfod.ubuntu.com LD_LIBRARY_PATH=/home/kevin/radar_ws/install/vision_detector/lib:/home/kevin/radar_ws/install/camera_stream/lib:/opt/MVS/lib/64:/opt/MVS/lib/32:/opt/MVS/lib/64:/opt/MVS/lib/32:/opt/MVS/lib/64:/opt/MVS/lib/32:/opt/ros/jazzy/opt/rviz_ogre_vendor/lib:/opt/ros/jazzy/lib/x86_64-linux-gnu:/opt/ros/jazzy/opt/gz_math_vendor/lib:/opt/ros/jazzy/opt/gz_utils_vendor/lib:/opt/ros/jazzy/opt/gz_cmake_vendor/lib:/opt/ros/jazzy/lib:/opt/MVS/lib/64:/opt/MVS/lib/32:/opt/MVS/lib/64:/opt/MVS/lib/32 /usr/bin/cmake --install /home/kevin/radar_ws/build/radar_controllers
[5.373s] -- Install configuration: ""
[5.373s] -- Installing: /home/kevin/radar_ws/install/radar_controllers/lib/radar_controllers/node_stm_serial
[5.378s] -- Set non-toolchain portion of runtime path of "/home/kevin/radar_ws/install/radar_controllers/lib/radar_controllers/node_stm_serial" to ""
[5.378s] -- Up-to-date: /home/kevin/radar_ws/install/radar_controllers/share/ament_index/resource_index/package_run_dependencies/radar_controllers
[5.378s] -- Up-to-date: /home/kevin/radar_ws/install/radar_controllers/share/ament_index/resource_index/parent_prefix_path/radar_controllers
[5.378s] -- Up-to-date: /home/kevin/radar_ws/install/radar_controllers/share/radar_controllers/environment/ament_prefix_path.sh
[5.378s] -- Up-to-date: /home/kevin/radar_ws/install/radar_controllers/share/radar_controllers/environment/ament_prefix_path.dsv
[5.378s] -- Up-to-date: /home/kevin/radar_ws/install/radar_controllers/share/radar_controllers/environment/path.sh
[5.378s] -- Up-to-date: /home/kevin/radar_ws/install/radar_controllers/share/radar_controllers/environment/path.dsv
[5.378s] -- Up-to-date: /home/kevin/radar_ws/install/radar_controllers/share/radar_controllers/local_setup.bash
[5.378s] -- Up-to-date: /home/kevin/radar_ws/install/radar_controllers/share/radar_controllers/local_setup.sh
[5.378s] -- Up-to-date: /home/kevin/radar_ws/install/radar_controllers/share/radar_controllers/local_setup.zsh
[5.378s] -- Up-to-date: /home/kevin/radar_ws/install/radar_controllers/share/radar_controllers/local_setup.dsv
[5.378s] -- Installing: /home/kevin/radar_ws/install/radar_controllers/share/radar_controllers/package.dsv
[5.378s] -- Up-to-date: /home/kevin/radar_ws/install/radar_controllers/share/ament_index/resource_index/packages/radar_controllers
[5.378s] -- Up-to-date: /home/kevin/radar_ws/install/radar_controllers/share/radar_controllers/cmake/radar_controllersConfig.cmake
[5.378s] -- Up-to-date: /home/kevin/radar_ws/install/radar_controllers/share/radar_controllers/cmake/radar_controllersConfig-version.cmake
[5.378s] -- Up-to-date: /home/kevin/radar_ws/install/radar_controllers/share/radar_controllers/package.xml
[5.379s] Invoked command in '/home/kevin/radar_ws/build/radar_controllers' returned '0': CMAKE_PREFIX_PATH=/home/kevin/radar_ws/install/vision_detector:/home/kevin/radar_ws/install/camera_stream:/home/kevin/radar_ws/install/radar_controllers:/home/kevin/radar_ws/install/pnp_calibration:/opt/ros/jazzy/opt/gz_math_vendor:/opt/ros/jazzy/opt/gz_utils_vendor:/opt/ros/jazzy/opt/gz_cmake_vendor:/opt/ros/jazzy DEBUGINFOD_URLS=https://debuginfod.ubuntu.com LD_LIBRARY_PATH=/home/kevin/radar_ws/install/vision_detector/lib:/home/kevin/radar_ws/install/camera_stream/lib:/opt/MVS/lib/64:/opt/MVS/lib/32:/opt/MVS/lib/64:/opt/MVS/lib/32:/opt/MVS/lib/64:/opt/MVS/lib/32:/opt/ros/jazzy/opt/rviz_ogre_vendor/lib:/opt/ros/jazzy/lib/x86_64-linux-gnu:/opt/ros/jazzy/opt/gz_math_vendor/lib:/opt/ros/jazzy/opt/gz_utils_vendor/lib:/opt/ros/jazzy/opt/gz_cmake_vendor/lib:/opt/ros/jazzy/lib:/opt/MVS/lib/64:/opt/MVS/lib/32:/opt/MVS/lib/64:/opt/MVS/lib/32 /usr/bin/cmake --install /home/kevin/radar_ws/build/radar_controllers
