[0.010s] Invoking command in '/home/kevin/radar_ws/build/radar_controllers': CMAKE_PREFIX_PATH=/home/kevin/radar_ws/install/vision_detector:/home/kevin/radar_ws/install/camera_stream:/home/kevin/radar_ws/install/radar_controllers:/home/kevin/radar_ws/install/pnp_calibration:/opt/ros/jazzy/opt/gz_math_vendor:/opt/ros/jazzy/opt/gz_utils_vendor:/opt/ros/jazzy/opt/gz_cmake_vendor:/opt/ros/jazzy DEBUGINFOD_URLS=https://debuginfod.ubuntu.com /usr/bin/cmake --build /home/kevin/radar_ws/build/radar_controllers -- -j32 -l32
[0.077s] [100%] Built target node_stm_serial
[0.089s] Invoked command in '/home/kevin/radar_ws/build/radar_controllers' returned '0': CMAKE_PREFIX_PATH=/home/kevin/radar_ws/install/vision_detector:/home/kevin/radar_ws/install/camera_stream:/home/kevin/radar_ws/install/radar_controllers:/home/kevin/radar_ws/install/pnp_calibration:/opt/ros/jazzy/opt/gz_math_vendor:/opt/ros/jazzy/opt/gz_utils_vendor:/opt/ros/jazzy/opt/gz_cmake_vendor:/opt/ros/jazzy DEBUGINFOD_URLS=https://debuginfod.ubuntu.com /usr/bin/cmake --build /home/kevin/radar_ws/build/radar_controllers -- -j32 -l32
[0.090s] Invoking command in '/home/kevin/radar_ws/build/radar_controllers': CMAKE_PREFIX_PATH=/home/kevin/radar_ws/install/vision_detector:/home/kevin/radar_ws/install/camera_stream:/home/kevin/radar_ws/install/radar_controllers:/home/kevin/radar_ws/install/pnp_calibration:/opt/ros/jazzy/opt/gz_math_vendor:/opt/ros/jazzy/opt/gz_utils_vendor:/opt/ros/jazzy/opt/gz_cmake_vendor:/opt/ros/jazzy DEBUGINFOD_URLS=https://debuginfod.ubuntu.com /usr/bin/cmake --install /home/kevin/radar_ws/build/radar_controllers
[0.100s] -- Install configuration: ""
[0.100s] -- Up-to-date: /home/kevin/radar_ws/install/radar_controllers/lib/radar_controllers/node_stm_serial
[0.101s] -- Up-to-date: /home/kevin/radar_ws/install/radar_controllers/share/ament_index/resource_index/package_run_dependencies/radar_controllers
[0.101s] -- Up-to-date: /home/kevin/radar_ws/install/radar_controllers/share/ament_index/resource_index/parent_prefix_path/radar_controllers
[0.101s] -- Up-to-date: /home/kevin/radar_ws/install/radar_controllers/share/radar_controllers/environment/ament_prefix_path.sh
[0.101s] -- Up-to-date: /home/kevin/radar_ws/install/radar_controllers/share/radar_controllers/environment/ament_prefix_path.dsv
[0.101s] -- Up-to-date: /home/kevin/radar_ws/install/radar_controllers/share/radar_controllers/environment/path.sh
[0.101s] -- Up-to-date: /home/kevin/radar_ws/install/radar_controllers/share/radar_controllers/environment/path.dsv
[0.101s] -- Up-to-date: /home/kevin/radar_ws/install/radar_controllers/share/radar_controllers/local_setup.bash
[0.101s] -- Up-to-date: /home/kevin/radar_ws/install/radar_controllers/share/radar_controllers/local_setup.sh
[0.101s] -- Up-to-date: /home/kevin/radar_ws/install/radar_controllers/share/radar_controllers/local_setup.zsh
[0.101s] -- Up-to-date: /home/kevin/radar_ws/install/radar_controllers/share/radar_controllers/local_setup.dsv
[0.101s] -- Installing: /home/kevin/radar_ws/install/radar_controllers/share/radar_controllers/package.dsv
[0.101s] -- Up-to-date: /home/kevin/radar_ws/install/radar_controllers/share/ament_index/resource_index/packages/radar_controllers
[0.101s] -- Up-to-date: /home/kevin/radar_ws/install/radar_controllers/share/radar_controllers/cmake/radar_controllersConfig.cmake
[0.102s] -- Up-to-date: /home/kevin/radar_ws/install/radar_controllers/share/radar_controllers/cmake/radar_controllersConfig-version.cmake
[0.102s] -- Up-to-date: /home/kevin/radar_ws/install/radar_controllers/share/radar_controllers/package.xml
[0.103s] Invoked command in '/home/kevin/radar_ws/build/radar_controllers' returned '0': CMAKE_PREFIX_PATH=/home/kevin/radar_ws/install/vision_detector:/home/kevin/radar_ws/install/camera_stream:/home/kevin/radar_ws/install/radar_controllers:/home/kevin/radar_ws/install/pnp_calibration:/opt/ros/jazzy/opt/gz_math_vendor:/opt/ros/jazzy/opt/gz_utils_vendor:/opt/ros/jazzy/opt/gz_cmake_vendor:/opt/ros/jazzy DEBUGINFOD_URLS=https://debuginfod.ubuntu.com /usr/bin/cmake --install /home/kevin/radar_ws/build/radar_controllers
