-- The C compiler identification is GNU 13.3.0
-- The CXX compiler identification is GNU 13.3.0
-- Detecting C compiler ABI info
-- Detecting C compiler ABI info - done
-- Check for working C compiler: /usr/bin/cc - skipped
-- Detecting C compile features
-- Detecting C compile features - done
-- Detecting CXX compiler ABI info
-- Detecting CXX compiler ABI info - done
-- Check for working CXX compiler: /usr/bin/c++ - skipped
-- Detecting CXX compile features
-- Detecting CXX compile features - done
-- Found ament_cmake: 2.5.6 (/opt/ros/jazzy/share/ament_cmake/cmake)
-- Found Python3: /usr/bin/python3 (found version "3.12.3") found components: Interpreter 
-- Found rclcpp: 28.1.18 (/opt/ros/jazzy/share/rclcpp/cmake)
-- Found rosidl_generator_c: 4.6.7 (/opt/ros/jazzy/share/rosidl_generator_c/cmake)
-- Found rosidl_generator_cpp: 4.6.7 (/opt/ros/jazzy/share/rosidl_generator_cpp/cmake)
-- Using all available rosidl_typesupport_c: rosidl_typesupport_fastrtps_c;rosidl_typesupport_introspection_c
-- Using all available rosidl_typesupport_cpp: rosidl_typesupport_fastrtps_cpp;rosidl_typesupport_introspection_cpp
-- Found rmw_implementation_cmake: 7.3.3 (/opt/ros/jazzy/share/rmw_implementation_cmake/cmake)
-- Found rmw_fastrtps_cpp: 8.4.3 (/opt/ros/jazzy/share/rmw_fastrtps_cpp/cmake)
-- Found OpenSSL: /usr/lib/x86_64-linux-gnu/libcrypto.so (found version "3.0.13")  
-- Found FastRTPS: /opt/ros/jazzy/include (Required is at least version "2.13") 
-- Using RMW implementation 'rmw_fastrtps_cpp' as default
-- Found vision_detector: 0.0.0 (/home/kevin/radar_ws/install/vision_detector/share/vision_detector/cmake)
-- Found ament_lint_auto: 0.17.5 (/opt/ros/jazzy/share/ament_lint_auto/cmake)
-- Added test 'cppcheck' to perform static code analysis on C / C++ code
-- Configured cppcheck include dirs: /home/kevin/radar_ws/src/radar_controllers/..
-- Configured cppcheck exclude dirs and/or files: 
-- Added test 'lint_cmake' to check CMake code style
-- Added test 'uncrustify' to check C / C++ code style
-- Configured uncrustify additional arguments: 
-- Added test 'xmllint' to check XML markup files
-- Configuring done (1.0s)
-- Generating done (0.0s)
-- Build files have been written to: /home/kevin/radar_ws/build/radar_controllers
[ 25%] [32mBuilding CXX object CMakeFiles/node_stm_serial.dir/src/SerialPort.cpp.o[0m
[ 50%] [32mBuilding CXX object CMakeFiles/node_stm_serial.dir/src/node_stm_serial.cpp.o[0m
[ 75%] [32mBuilding CXX object CMakeFiles/node_stm_serial.dir/src/serial.cpp.o[0m
[01m[K/home/kevin/radar_ws/src/radar_controllers/src/serial.cpp:[m[K In function ‘[01m[Kint[01;32m[K parse_receive_packet[m[K(const uint8_t*, to_pc_packet_t*)[m[K’:
[01m[K/home/kevin/radar_ws/src/radar_controllers/src/serial.cpp:68:22:[m[K [01;35m[Kwarning: [m[Kcomparison of integer expressions of different signedness: ‘[01m[Kint[m[K’ and ‘[01m[Klong unsigned int[m[K’ [[01;35m[K]8;;https://gcc.gnu.org/onlinedocs/gcc/Warning-Options.html#index-Wsign-compare-Wsign-compare]8;;[m[K]
   68 |         for(int i=0;[01;35m[Ki<sizeof(to_pc_packet_t)[m[K;i++){
      |                     [01;35m[K~^~~~~~~~~~~~~~~~~~~~~~~[m[K
[01m[K/home/kevin/radar_ws/src/radar_controllers/src/SerialPort.cpp:[m[K In member function ‘[01m[Kssize_t SerialPort::[01;32m[Kwrite[m[K(const void*, size_t)[m[K’:
[01m[K/home/kevin/radar_ws/src/radar_controllers/src/SerialPort.cpp:197:18:[m[K [01;35m[Kwarning: [m[Kcomparison of integer expressions of different signedness: ‘[01m[Kint[m[K’ and ‘[01m[Ksize_t[m[K’ {aka ‘[01m[Klong unsigned int[m[K’} [[01;35m[K]8;;https://gcc.gnu.org/onlinedocs/gcc/Warning-Options.html#index-Wsign-compare-Wsign-compare]8;;[m[K]
  197 |     for(int i=0;[01;35m[Ki<len[m[K;i++){
      |                 [01;35m[K~^~~~[m[K
[100%] [32m[1mLinking CXX executable node_stm_serial[0m
[100%] Built target node_stm_serial
-- Install configuration: ""
-- Installing: /home/kevin/radar_ws/install/radar_controllers/lib/radar_controllers/node_stm_serial
-- Set non-toolchain portion of runtime path of "/home/kevin/radar_ws/install/radar_controllers/lib/radar_controllers/node_stm_serial" to ""
-- Installing: /home/kevin/radar_ws/install/radar_controllers/share/ament_index/resource_index/package_run_dependencies/radar_controllers
-- Installing: /home/kevin/radar_ws/install/radar_controllers/share/ament_index/resource_index/parent_prefix_path/radar_controllers
-- Installing: /home/kevin/radar_ws/install/radar_controllers/share/radar_controllers/environment/ament_prefix_path.sh
-- Installing: /home/kevin/radar_ws/install/radar_controllers/share/radar_controllers/environment/ament_prefix_path.dsv
-- Installing: /home/kevin/radar_ws/install/radar_controllers/share/radar_controllers/environment/path.sh
-- Installing: /home/kevin/radar_ws/install/radar_controllers/share/radar_controllers/environment/path.dsv
-- Installing: /home/kevin/radar_ws/install/radar_controllers/share/radar_controllers/local_setup.bash
-- Installing: /home/kevin/radar_ws/install/radar_controllers/share/radar_controllers/local_setup.sh
-- Installing: /home/kevin/radar_ws/install/radar_controllers/share/radar_controllers/local_setup.zsh
-- Installing: /home/kevin/radar_ws/install/radar_controllers/share/radar_controllers/local_setup.dsv
-- Installing: /home/kevin/radar_ws/install/radar_controllers/share/radar_controllers/package.dsv
-- Installing: /home/kevin/radar_ws/install/radar_controllers/share/ament_index/resource_index/packages/radar_controllers
-- Installing: /home/kevin/radar_ws/install/radar_controllers/share/radar_controllers/cmake/radar_controllersConfig.cmake
-- Installing: /home/kevin/radar_ws/install/radar_controllers/share/radar_controllers/cmake/radar_controllersConfig-version.cmake
-- Installing: /home/kevin/radar_ws/install/radar_controllers/share/radar_controllers/package.xml
