[0.007s] Invoking command in '/home/kevin/radar_ws/build/camera_stream': CMAKE_PREFIX_PATH=${CMAKE_PREFIX_PATH}:/opt/ros/jazzy DEBUGINFOD_URLS=https://debuginfod.ubuntu.com /usr/bin/cmake --build /home/kevin/radar_ws/build/camera_stream -- -j32 -l32
[0.047s] [  2%] Built target camera_stream__rs
[0.047s] [  5%] Built target camera_stream__rosidl_generator_type_description
[0.056s] [  5%] Built target ament_cmake_python_copy_camera_stream
[0.064s] [  7%] Built target camera_stream__cpp
[0.065s] [ 20%] Built target camera_stream__rosidl_generator_c
[0.081s] [ 27%] Built target camera_stream__rosidl_typesupport_c
[0.082s] [ 40%] Built target camera_stream__rosidl_typesupport_fastrtps_c
[0.082s] [ 42%] Built target camera_stream__rosidl_typesupport_introspection_c
[0.082s] [ 50%] Built target camera_stream__rosidl_typesupport_introspection_cpp
[0.083s] [ 65%] Built target camera_stream__rosidl_typesupport_fastrtps_cpp
[0.084s] [ 62%] Built target camera_stream__rosidl_typesupport_cpp
[0.102s] [ 65%] Built target camera_stream
[0.105s] [ 70%] Built target camera_stream_receiver
[0.105s] [ 77%] Built target camera_stream_publisher
[0.123s] [ 80%] Built target camera_stream__py
[0.145s] [ 85%] Built target camera_stream__rosidl_generator_py
[0.162s] [ 90%] Built target camera_stream_s__rosidl_typesupport_fastrtps_c
[0.165s] [ 95%] Built target camera_stream_s__rosidl_typesupport_c
[0.165s] [100%] Built target camera_stream_s__rosidl_typesupport_introspection_c
[0.208s] running egg_info
[0.219s] writing camera_stream.egg-info/PKG-INFO
[0.219s] writing dependency_links to camera_stream.egg-info/dependency_links.txt
[0.219s] writing top-level names to camera_stream.egg-info/top_level.txt
[0.251s] reading manifest file 'camera_stream.egg-info/SOURCES.txt'
[0.251s] writing manifest file 'camera_stream.egg-info/SOURCES.txt'
[0.273s] [100%] Built target ament_cmake_python_build_camera_stream_egg
[0.282s] Invoked command in '/home/kevin/radar_ws/build/camera_stream' returned '0': CMAKE_PREFIX_PATH=${CMAKE_PREFIX_PATH}:/opt/ros/jazzy DEBUGINFOD_URLS=https://debuginfod.ubuntu.com /usr/bin/cmake --build /home/kevin/radar_ws/build/camera_stream -- -j32 -l32
[0.290s] Invoking command in '/home/kevin/radar_ws/build/camera_stream': CMAKE_PREFIX_PATH=${CMAKE_PREFIX_PATH}:/opt/ros/jazzy DEBUGINFOD_URLS=https://debuginfod.ubuntu.com /usr/bin/cmake --install /home/kevin/radar_ws/build/camera_stream
[0.296s] -- Install configuration: ""
[0.297s] -- Up-to-date: /home/kevin/radar_ws/install/camera_stream/share/ament_index/resource_index/rosidl_interfaces/camera_stream
[0.297s] -- Up-to-date: /home/kevin/radar_ws/install/camera_stream/share/camera_stream/msg/ShareImage.json
[0.297s] -- Up-to-date: /home/kevin/radar_ws/install/camera_stream/include/camera_stream/camera_stream
[0.297s] -- Up-to-date: /home/kevin/radar_ws/install/camera_stream/include/camera_stream/camera_stream/msg
[0.297s] -- Up-to-date: /home/kevin/radar_ws/install/camera_stream/include/camera_stream/camera_stream/msg/rosidl_generator_c__visibility_control.h
[0.297s] -- Up-to-date: /home/kevin/radar_ws/install/camera_stream/include/camera_stream/camera_stream/msg/share_image.h
[0.297s] -- Up-to-date: /home/kevin/radar_ws/install/camera_stream/include/camera_stream/camera_stream/msg/detail
[0.297s] -- Up-to-date: /home/kevin/radar_ws/install/camera_stream/include/camera_stream/camera_stream/msg/detail/share_image__type_support.h
[0.297s] -- Up-to-date: /home/kevin/radar_ws/install/camera_stream/include/camera_stream/camera_stream/msg/detail/share_image__functions.c
[0.297s] -- Up-to-date: /home/kevin/radar_ws/install/camera_stream/include/camera_stream/camera_stream/msg/detail/share_image__description.c
[0.297s] -- Up-to-date: /home/kevin/radar_ws/install/camera_stream/include/camera_stream/camera_stream/msg/detail/share_image__functions.h
[0.297s] -- Up-to-date: /home/kevin/radar_ws/install/camera_stream/include/camera_stream/camera_stream/msg/detail/share_image__type_support.c
[0.297s] -- Up-to-date: /home/kevin/radar_ws/install/camera_stream/include/camera_stream/camera_stream/msg/detail/share_image__struct.h
[0.297s] -- Up-to-date: /home/kevin/radar_ws/install/camera_stream/share/camera_stream/environment/library_path.sh
[0.297s] -- Up-to-date: /home/kevin/radar_ws/install/camera_stream/share/camera_stream/environment/library_path.dsv
[0.297s] -- Up-to-date: /home/kevin/radar_ws/install/camera_stream/lib/libcamera_stream__rosidl_generator_c.so
[0.297s] -- Up-to-date: /home/kevin/radar_ws/install/camera_stream/include/camera_stream/camera_stream
[0.297s] -- Up-to-date: /home/kevin/radar_ws/install/camera_stream/include/camera_stream/camera_stream/msg
[0.297s] -- Up-to-date: /home/kevin/radar_ws/install/camera_stream/include/camera_stream/camera_stream/msg/rosidl_typesupport_fastrtps_c__visibility_control.h
[0.297s] -- Up-to-date: /home/kevin/radar_ws/install/camera_stream/include/camera_stream/camera_stream/msg/detail
[0.297s] -- Up-to-date: /home/kevin/radar_ws/install/camera_stream/include/camera_stream/camera_stream/msg/detail/share_image__rosidl_typesupport_fastrtps_c.h
[0.297s] -- Up-to-date: /home/kevin/radar_ws/install/camera_stream/lib/libcamera_stream__rosidl_typesupport_fastrtps_c.so
[0.298s] -- Up-to-date: /home/kevin/radar_ws/install/camera_stream/include/camera_stream/camera_stream
[0.298s] -- Up-to-date: /home/kevin/radar_ws/install/camera_stream/include/camera_stream/camera_stream/msg
[0.298s] -- Up-to-date: /home/kevin/radar_ws/install/camera_stream/include/camera_stream/camera_stream/msg/rosidl_generator_cpp__visibility_control.hpp
[0.298s] -- Up-to-date: /home/kevin/radar_ws/install/camera_stream/include/camera_stream/camera_stream/msg/share_image.hpp
[0.298s] -- Up-to-date: /home/kevin/radar_ws/install/camera_stream/include/camera_stream/camera_stream/msg/detail
[0.298s] -- Up-to-date: /home/kevin/radar_ws/install/camera_stream/include/camera_stream/camera_stream/msg/detail/share_image__builder.hpp
[0.298s] -- Up-to-date: /home/kevin/radar_ws/install/camera_stream/include/camera_stream/camera_stream/msg/detail/share_image__struct.hpp
[0.298s] -- Up-to-date: /home/kevin/radar_ws/install/camera_stream/include/camera_stream/camera_stream/msg/detail/share_image__type_support.hpp
[0.298s] -- Up-to-date: /home/kevin/radar_ws/install/camera_stream/include/camera_stream/camera_stream/msg/detail/share_image__traits.hpp
[0.298s] -- Up-to-date: /home/kevin/radar_ws/install/camera_stream/include/camera_stream/camera_stream
[0.298s] -- Up-to-date: /home/kevin/radar_ws/install/camera_stream/include/camera_stream/camera_stream/msg
[0.298s] -- Up-to-date: /home/kevin/radar_ws/install/camera_stream/include/camera_stream/camera_stream/msg/rosidl_typesupport_fastrtps_cpp__visibility_control.h
[0.298s] -- Up-to-date: /home/kevin/radar_ws/install/camera_stream/include/camera_stream/camera_stream/msg/detail
[0.298s] -- Up-to-date: /home/kevin/radar_ws/install/camera_stream/include/camera_stream/camera_stream/msg/detail/share_image__rosidl_typesupport_fastrtps_cpp.hpp
[0.298s] -- Up-to-date: /home/kevin/radar_ws/install/camera_stream/include/camera_stream/camera_stream/msg/detail/dds_fastrtps
[0.298s] -- Up-to-date: /home/kevin/radar_ws/install/camera_stream/lib/libcamera_stream__rosidl_typesupport_fastrtps_cpp.so
[0.298s] -- Up-to-date: /home/kevin/radar_ws/install/camera_stream/include/camera_stream/camera_stream
[0.298s] -- Up-to-date: /home/kevin/radar_ws/install/camera_stream/include/camera_stream/camera_stream/msg
[0.298s] -- Up-to-date: /home/kevin/radar_ws/install/camera_stream/include/camera_stream/camera_stream/msg/rosidl_typesupport_introspection_c__visibility_control.h
[0.298s] -- Up-to-date: /home/kevin/radar_ws/install/camera_stream/include/camera_stream/camera_stream/msg/detail
[0.298s] -- Up-to-date: /home/kevin/radar_ws/install/camera_stream/include/camera_stream/camera_stream/msg/detail/share_image__rosidl_typesupport_introspection_c.h
[0.298s] -- Up-to-date: /home/kevin/radar_ws/install/camera_stream/include/camera_stream/camera_stream/msg/detail/share_image__type_support.c
[0.298s] -- Up-to-date: /home/kevin/radar_ws/install/camera_stream/lib/libcamera_stream__rosidl_typesupport_introspection_c.so
[0.298s] -- Up-to-date: /home/kevin/radar_ws/install/camera_stream/lib/libcamera_stream__rosidl_typesupport_c.so
[0.299s] -- Up-to-date: /home/kevin/radar_ws/install/camera_stream/include/camera_stream/camera_stream
[0.299s] -- Up-to-date: /home/kevin/radar_ws/install/camera_stream/include/camera_stream/camera_stream/msg
[0.299s] -- Up-to-date: /home/kevin/radar_ws/install/camera_stream/include/camera_stream/camera_stream/msg/detail
[0.299s] -- Up-to-date: /home/kevin/radar_ws/install/camera_stream/include/camera_stream/camera_stream/msg/detail/share_image__rosidl_typesupport_introspection_cpp.hpp
[0.299s] -- Up-to-date: /home/kevin/radar_ws/install/camera_stream/include/camera_stream/camera_stream/msg/detail/share_image__type_support.cpp
[0.299s] -- Up-to-date: /home/kevin/radar_ws/install/camera_stream/lib/libcamera_stream__rosidl_typesupport_introspection_cpp.so
[0.299s] -- Up-to-date: /home/kevin/radar_ws/install/camera_stream/lib/libcamera_stream__rosidl_typesupport_cpp.so
[0.299s] -- Up-to-date: /home/kevin/radar_ws/install/camera_stream/share/camera_stream/environment/pythonpath.sh
[0.299s] -- Up-to-date: /home/kevin/radar_ws/install/camera_stream/share/camera_stream/environment/pythonpath.dsv
[0.299s] -- Up-to-date: /home/kevin/radar_ws/install/camera_stream/lib/python3.12/site-packages/camera_stream-0.0.0-py3.12.egg-info
[0.299s] -- Installing: /home/kevin/radar_ws/install/camera_stream/lib/python3.12/site-packages/camera_stream-0.0.0-py3.12.egg-info/SOURCES.txt
[0.299s] -- Installing: /home/kevin/radar_ws/install/camera_stream/lib/python3.12/site-packages/camera_stream-0.0.0-py3.12.egg-info/top_level.txt
[0.299s] -- Installing: /home/kevin/radar_ws/install/camera_stream/lib/python3.12/site-packages/camera_stream-0.0.0-py3.12.egg-info/PKG-INFO
[0.299s] -- Installing: /home/kevin/radar_ws/install/camera_stream/lib/python3.12/site-packages/camera_stream-0.0.0-py3.12.egg-info/dependency_links.txt
[0.299s] -- Up-to-date: /home/kevin/radar_ws/install/camera_stream/lib/python3.12/site-packages/camera_stream
[0.299s] -- Up-to-date: /home/kevin/radar_ws/install/camera_stream/lib/python3.12/site-packages/camera_stream/camera_stream_s__rosidl_typesupport_c.so
[0.299s] -- Up-to-date: /home/kevin/radar_ws/install/camera_stream/lib/python3.12/site-packages/camera_stream/_camera_stream_s.ep.rosidl_typesupport_c.c
[0.299s] -- Up-to-date: /home/kevin/radar_ws/install/camera_stream/lib/python3.12/site-packages/camera_stream/_camera_stream_s.ep.rosidl_typesupport_introspection_c.c
[0.299s] -- Up-to-date: /home/kevin/radar_ws/install/camera_stream/lib/python3.12/site-packages/camera_stream/__init__.py
[0.299s] -- Up-to-date: /home/kevin/radar_ws/install/camera_stream/lib/python3.12/site-packages/camera_stream/_camera_stream_s.ep.rosidl_typesupport_fastrtps_c.c
[0.299s] -- Up-to-date: /home/kevin/radar_ws/install/camera_stream/lib/python3.12/site-packages/camera_stream/camera_stream_s__rosidl_typesupport_fastrtps_c.so
[0.299s] -- Up-to-date: /home/kevin/radar_ws/install/camera_stream/lib/python3.12/site-packages/camera_stream/msg
[0.299s] -- Up-to-date: /home/kevin/radar_ws/install/camera_stream/lib/python3.12/site-packages/camera_stream/msg/_share_image.py
[0.299s] -- Up-to-date: /home/kevin/radar_ws/install/camera_stream/lib/python3.12/site-packages/camera_stream/msg/__init__.py
[0.299s] -- Up-to-date: /home/kevin/radar_ws/install/camera_stream/lib/python3.12/site-packages/camera_stream/msg/_share_image_s.c
[0.299s] -- Up-to-date: /home/kevin/radar_ws/install/camera_stream/lib/python3.12/site-packages/camera_stream/camera_stream_s__rosidl_typesupport_introspection_c.so
[0.324s] Listing '/home/kevin/radar_ws/install/camera_stream/lib/python3.12/site-packages/camera_stream'...
[0.324s] Listing '/home/kevin/radar_ws/install/camera_stream/lib/python3.12/site-packages/camera_stream/msg'...
[0.327s] -- Up-to-date: /home/kevin/radar_ws/install/camera_stream/lib/python3.12/site-packages/camera_stream/camera_stream_s__rosidl_typesupport_fastrtps_c.so
[0.327s] -- Up-to-date: /home/kevin/radar_ws/install/camera_stream/lib/python3.12/site-packages/camera_stream/camera_stream_s__rosidl_typesupport_introspection_c.so
[0.327s] -- Up-to-date: /home/kevin/radar_ws/install/camera_stream/lib/python3.12/site-packages/camera_stream/camera_stream_s__rosidl_typesupport_c.so
[0.327s] -- Up-to-date: /home/kevin/radar_ws/install/camera_stream/lib/libcamera_stream__rosidl_generator_py.so
[0.328s] -- Up-to-date: /home/kevin/radar_ws/install/camera_stream/share/ament_index/resource_index/rust_packages/camera_stream
[0.328s] -- Up-to-date: /home/kevin/radar_ws/install/camera_stream/share/camera_stream/rust
[0.328s] -- Up-to-date: /home/kevin/radar_ws/install/camera_stream/share/camera_stream/rust/Cargo.toml
[0.328s] -- Up-to-date: /home/kevin/radar_ws/install/camera_stream/share/camera_stream/rust/src
[0.328s] -- Up-to-date: /home/kevin/radar_ws/install/camera_stream/share/camera_stream/rust/src/msg.rs
[0.328s] -- Up-to-date: /home/kevin/radar_ws/install/camera_stream/share/camera_stream/rust/src/lib.rs
[0.328s] -- Up-to-date: /home/kevin/radar_ws/install/camera_stream/share/camera_stream/rust/src/msg
[0.328s] -- Up-to-date: /home/kevin/radar_ws/install/camera_stream/share/camera_stream/rust/src/msg/rmw.rs
[0.328s] -- Up-to-date: /home/kevin/radar_ws/install/camera_stream/share/camera_stream/rust/build.rs
[0.328s] -- Up-to-date: /home/kevin/radar_ws/install/camera_stream/share/camera_stream/msg/ShareImage.idl
[0.328s] -- Up-to-date: /home/kevin/radar_ws/install/camera_stream/share/camera_stream/msg/ShareImage.msg
[0.328s] -- Up-to-date: /home/kevin/radar_ws/install/camera_stream/lib/camera_stream/camera_stream_publisher
[0.328s] -- Up-to-date: /home/kevin/radar_ws/install/camera_stream/lib/camera_stream/camera_stream_receiver
[0.328s] -- Up-to-date: /home/kevin/radar_ws/install/camera_stream/include/
[0.328s] -- Up-to-date: /home/kevin/radar_ws/install/camera_stream/include//MvCameraControl.h
[0.328s] -- Up-to-date: /home/kevin/radar_ws/install/camera_stream/include//CameraParams.h
[0.328s] -- Up-to-date: /home/kevin/radar_ws/install/camera_stream/include//MvISPErrorDefine.h
[0.328s] -- Up-to-date: /home/kevin/radar_ws/install/camera_stream/include//MvErrorDefine.h
[0.328s] -- Up-to-date: /home/kevin/radar_ws/install/camera_stream/include//HKCamera.h
[0.328s] -- Up-to-date: /home/kevin/radar_ws/install/camera_stream/include//MvObsoleteInterfaces.h
[0.328s] -- Up-to-date: /home/kevin/radar_ws/install/camera_stream/include//ObsoleteCamParams.h
[0.328s] -- Up-to-date: /home/kevin/radar_ws/install/camera_stream/include//PixelType.h
[0.328s] -- Up-to-date: /home/kevin/radar_ws/install/camera_stream/lib/camera_stream/libMvCameraControl.so
[0.329s] -- Up-to-date: /home/kevin/radar_ws/install/camera_stream/share/ament_index/resource_index/package_run_dependencies/camera_stream
[0.329s] -- Up-to-date: /home/kevin/radar_ws/install/camera_stream/share/ament_index/resource_index/parent_prefix_path/camera_stream
[0.329s] -- Up-to-date: /home/kevin/radar_ws/install/camera_stream/share/camera_stream/environment/ament_prefix_path.sh
[0.329s] -- Up-to-date: /home/kevin/radar_ws/install/camera_stream/share/camera_stream/environment/ament_prefix_path.dsv
[0.329s] -- Up-to-date: /home/kevin/radar_ws/install/camera_stream/share/camera_stream/environment/path.sh
[0.329s] -- Up-to-date: /home/kevin/radar_ws/install/camera_stream/share/camera_stream/environment/path.dsv
[0.329s] -- Up-to-date: /home/kevin/radar_ws/install/camera_stream/share/camera_stream/local_setup.bash
[0.329s] -- Up-to-date: /home/kevin/radar_ws/install/camera_stream/share/camera_stream/local_setup.sh
[0.329s] -- Up-to-date: /home/kevin/radar_ws/install/camera_stream/share/camera_stream/local_setup.zsh
[0.329s] -- Up-to-date: /home/kevin/radar_ws/install/camera_stream/share/camera_stream/local_setup.dsv
[0.329s] -- Installing: /home/kevin/radar_ws/install/camera_stream/share/camera_stream/package.dsv
[0.329s] -- Up-to-date: /home/kevin/radar_ws/install/camera_stream/share/ament_index/resource_index/packages/camera_stream
[0.329s] -- Up-to-date: /home/kevin/radar_ws/install/camera_stream/share/camera_stream/cmake/export_camera_stream__rosidl_generator_cExport.cmake
[0.329s] -- Up-to-date: /home/kevin/radar_ws/install/camera_stream/share/camera_stream/cmake/export_camera_stream__rosidl_generator_cExport-noconfig.cmake
[0.329s] -- Up-to-date: /home/kevin/radar_ws/install/camera_stream/share/camera_stream/cmake/export_camera_stream__rosidl_typesupport_fastrtps_cExport.cmake
[0.329s] -- Up-to-date: /home/kevin/radar_ws/install/camera_stream/share/camera_stream/cmake/export_camera_stream__rosidl_typesupport_fastrtps_cExport-noconfig.cmake
[0.329s] -- Up-to-date: /home/kevin/radar_ws/install/camera_stream/share/camera_stream/cmake/export_camera_stream__rosidl_generator_cppExport.cmake
[0.329s] -- Up-to-date: /home/kevin/radar_ws/install/camera_stream/share/camera_stream/cmake/export_camera_stream__rosidl_typesupport_fastrtps_cppExport.cmake
[0.329s] -- Up-to-date: /home/kevin/radar_ws/install/camera_stream/share/camera_stream/cmake/export_camera_stream__rosidl_typesupport_fastrtps_cppExport-noconfig.cmake
[0.329s] -- Up-to-date: /home/kevin/radar_ws/install/camera_stream/share/camera_stream/cmake/camera_stream__rosidl_typesupport_introspection_cExport.cmake
[0.329s] -- Up-to-date: /home/kevin/radar_ws/install/camera_stream/share/camera_stream/cmake/camera_stream__rosidl_typesupport_introspection_cExport-noconfig.cmake
[0.329s] -- Up-to-date: /home/kevin/radar_ws/install/camera_stream/share/camera_stream/cmake/camera_stream__rosidl_typesupport_cExport.cmake
[0.329s] -- Up-to-date: /home/kevin/radar_ws/install/camera_stream/share/camera_stream/cmake/camera_stream__rosidl_typesupport_cExport-noconfig.cmake
[0.330s] -- Up-to-date: /home/kevin/radar_ws/install/camera_stream/share/camera_stream/cmake/camera_stream__rosidl_typesupport_introspection_cppExport.cmake
[0.330s] -- Up-to-date: /home/kevin/radar_ws/install/camera_stream/share/camera_stream/cmake/camera_stream__rosidl_typesupport_introspection_cppExport-noconfig.cmake
[0.330s] -- Up-to-date: /home/kevin/radar_ws/install/camera_stream/share/camera_stream/cmake/camera_stream__rosidl_typesupport_cppExport.cmake
[0.330s] -- Up-to-date: /home/kevin/radar_ws/install/camera_stream/share/camera_stream/cmake/camera_stream__rosidl_typesupport_cppExport-noconfig.cmake
[0.330s] -- Up-to-date: /home/kevin/radar_ws/install/camera_stream/share/camera_stream/cmake/export_camera_stream__rosidl_generator_pyExport.cmake
[0.330s] -- Up-to-date: /home/kevin/radar_ws/install/camera_stream/share/camera_stream/cmake/export_camera_stream__rosidl_generator_pyExport-noconfig.cmake
[0.330s] -- Up-to-date: /home/kevin/radar_ws/install/camera_stream/share/camera_stream/cmake/rosidl_cmake-extras.cmake
[0.330s] -- Up-to-date: /home/kevin/radar_ws/install/camera_stream/share/camera_stream/cmake/ament_cmake_export_dependencies-extras.cmake
[0.330s] -- Up-to-date: /home/kevin/radar_ws/install/camera_stream/share/camera_stream/cmake/ament_cmake_export_include_directories-extras.cmake
[0.330s] -- Up-to-date: /home/kevin/radar_ws/install/camera_stream/share/camera_stream/cmake/ament_cmake_export_libraries-extras.cmake
[0.330s] -- Up-to-date: /home/kevin/radar_ws/install/camera_stream/share/camera_stream/cmake/ament_cmake_export_targets-extras.cmake
[0.330s] -- Up-to-date: /home/kevin/radar_ws/install/camera_stream/share/camera_stream/cmake/rosidl_cmake_export_typesupport_targets-extras.cmake
[0.330s] -- Up-to-date: /home/kevin/radar_ws/install/camera_stream/share/camera_stream/cmake/rosidl_cmake_export_typesupport_libraries-extras.cmake
[0.330s] -- Up-to-date: /home/kevin/radar_ws/install/camera_stream/share/camera_stream/cmake/camera_streamConfig.cmake
[0.330s] -- Up-to-date: /home/kevin/radar_ws/install/camera_stream/share/camera_stream/cmake/camera_streamConfig-version.cmake
[0.330s] -- Up-to-date: /home/kevin/radar_ws/install/camera_stream/share/camera_stream/package.xml
[0.331s] Invoked command in '/home/kevin/radar_ws/build/camera_stream' returned '0': CMAKE_PREFIX_PATH=${CMAKE_PREFIX_PATH}:/opt/ros/jazzy DEBUGINFOD_URLS=https://debuginfod.ubuntu.com /usr/bin/cmake --install /home/kevin/radar_ws/build/camera_stream
