[0mCMake Deprecation Warning at /opt/ros/jazzy/share/rosidl_cmake/cmake/rosidl_target_interfaces.cmake:32 (message):
  Use rosidl_get_typesupport_target() and target_link_libraries() instead of
  rosidl_target_interfaces().  i.e:

    rosidl_get_typesupport_target(cpp_typesupport_target "${PROJECT_NAME}" "rosidl_typesupport_cpp")
    target_link_libraries(${PROJECT_NAME}_node "${cpp_typesupport_target}")

Call Stack (most recent call first):
  CMakeLists.txt:60 (rosidl_target_interfaces)

[0m
gmake[2]: *** 没有规则可制作目标“/home/seaber/onnxruntime-linux-x64-gpu-1.23.2/lib/libonnxruntime.so”，由“node_vision_drone_detector” 需求。 停止。
gmake[2]: *** 正在等待未完成的任务....
[01m[K/home/kevin/radar_ws/src/vision_detector/src/target_detector.cpp:[m[K In function ‘[01m[Kstd::vector<cv::Point_<float> >[01;32m[K detectLaserModule[m[K(const cv::Mat&)[m[K’:
[01m[K/home/kevin/radar_ws/src/vision_detector/src/target_detector.cpp:276:9:[m[K [01;35m[Kwarning: [m[Kunused variable ‘[01m[Kmax_area[m[K’ [[01;35m[K]8;;https://gcc.gnu.org/onlinedocs/gcc/Warning-Options.html#index-Wunused-variable-Wunused-variable]8;;[m[K]
  276 |     int [01;35m[Kmax_area[m[K = (motion > 2.0f) ? 320 : 220;  // 原 260/180
      |         [01;35m[K^~~~~~~~[m[K
[01m[K/home/kevin/radar_ws/src/vision_detector/src/node_vision_drone_detector.cpp:[m[K In function ‘[01m[Kvoid[01;32m[K mouseCallback[m[K(int, int, int, int, void*)[m[K’:
[01m[K/home/kevin/radar_ws/src/vision_detector/src/node_vision_drone_detector.cpp:561:56:[m[K [01;35m[Kwarning: [m[Kunused parameter ‘[01m[Kflags[m[K’ [[01;35m[K]8;;https://gcc.gnu.org/onlinedocs/gcc/Warning-Options.html#index-Wunused-parameter-Wunused-parameter]8;;[m[K]
  561 | static void mouseCallback(int event, int x, int y, [01;35m[Kint flags[m[K, void* userdata) {
      |                                                    [01;35m[K~~~~^~~~~[m[K
gmake[1]: *** [CMakeFiles/Makefile2:645：CMakeFiles/node_vision_drone_detector.dir/all] 错误 2
gmake: *** [Makefile:146：all] 错误 2
