-- The C compiler identification is GNU 13.3.0
-- The CXX compiler identification is GNU 13.3.0
-- Detecting C compiler ABI info
-- Detecting C compiler ABI info - done
-- Check for working C compiler: /usr/bin/cc - skipped
-- Detecting C compile features
-- Detecting C compile features - done
-- Detecting CXX compiler ABI info
-- Detecting CXX compiler ABI info - done
-- Check for working CXX compiler: /usr/bin/c++ - skipped
-- Detecting CXX compile features
-- Detecting CXX compile features - done
-- Found ament_cmake: 2.5.6 (/opt/ros/jazzy/share/ament_cmake/cmake)
-- Found Python3: /usr/bin/python3 (found version "3.12.3") found components: Interpreter 
-- Found rclcpp: 28.1.18 (/opt/ros/jazzy/share/rclcpp/cmake)
-- Found rosidl_generator_c: 4.6.7 (/opt/ros/jazzy/share/rosidl_generator_c/cmake)
-- Found rosidl_generator_cpp: 4.6.7 (/opt/ros/jazzy/share/rosidl_generator_cpp/cmake)
-- Using all available rosidl_typesupport_c: rosidl_typesupport_fastrtps_c;rosidl_typesupport_introspection_c
-- Using all available rosidl_typesupport_cpp: rosidl_typesupport_fastrtps_cpp;rosidl_typesupport_introspection_cpp
-- Found rmw_implementation_cmake: 7.3.3 (/opt/ros/jazzy/share/rmw_implementation_cmake/cmake)
-- Found rmw_fastrtps_cpp: 8.4.3 (/opt/ros/jazzy/share/rmw_fastrtps_cpp/cmake)
-- Found OpenSSL: /usr/lib/x86_64-linux-gnu/libcrypto.so (found version "3.0.13")  
-- Found FastRTPS: /opt/ros/jazzy/include (Required is at least version "2.13") 
-- Using RMW implementation 'rmw_fastrtps_cpp' as default
-- Found OpenCV: /usr (found version "4.6.0") 
-- Found camera_stream: 0.0.0 (/home/kevin/radar_ws/install/camera_stream/share/camera_stream/cmake)
-- Found rosidl_default_generators: 1.6.0 (/opt/ros/jazzy/share/rosidl_default_generators/cmake)
-- Found rosidl_adapter: 4.6.7 (/opt/ros/jazzy/share/rosidl_adapter/cmake)
-- Found ament_lint_auto: 0.17.5 (/opt/ros/jazzy/share/ament_lint_auto/cmake)
-- Found ament_cmake_ros: 0.12.0 (/opt/ros/jazzy/share/ament_cmake_ros/cmake)
-- Using all available rosidl_typesupport_c: rosidl_typesupport_fastrtps_c;rosidl_typesupport_introspection_c
-- Using all available rosidl_typesupport_cpp: rosidl_typesupport_fastrtps_cpp;rosidl_typesupport_introspection_cpp
-- Found python_cmake_module: 0.11.1 (/opt/ros/jazzy/share/python_cmake_module/cmake)
-- Found PythonExtra: /usr/bin/python3  
-- Found Python3: /usr/bin/python3 (found version "3.12.3") found components: Interpreter Development NumPy Development.Module Development.Embed 
-- Found Python3: /usr/bin/python3 (found version "3.12.3") found components: Interpreter 
[0mCMake Deprecation Warning at /opt/ros/jazzy/share/rosidl_cmake/cmake/rosidl_target_interfaces.cmake:32 (message):
  Use rosidl_get_typesupport_target() and target_link_libraries() instead of
  rosidl_target_interfaces().  i.e:

    rosidl_get_typesupport_target(cpp_typesupport_target "${PROJECT_NAME}" "rosidl_typesupport_cpp")
    target_link_libraries(${PROJECT_NAME}_node "${cpp_typesupport_target}")

Call Stack (most recent call first):
  CMakeLists.txt:60 (rosidl_target_interfaces)

[0m
-- Added test 'cppcheck' to perform static code analysis on C / C++ code
-- Configured cppcheck include dirs: /home/kevin/radar_ws/src/vision_detector/include;/home/kevin/radar_ws/src/vision_detector/..
-- Configured cppcheck exclude dirs and/or files: 
-- Added test 'lint_cmake' to check CMake code style
-- Added test 'uncrustify' to check C / C++ code style
-- Configured uncrustify additional arguments: 
-- Added test 'xmllint' to check XML markup files
-- Configuring done (2.7s)
-- Generating done (0.0s)
-- Build files have been written to: /home/kevin/radar_ws/build/vision_detector
[  2%] [34m[1mGenerating type hashes for ROS interfaces[0m
[  4%] [34m[1mGenerating Rust code for ROS interfaces[0m
[  4%] Built target ament_cmake_python_copy_vision_detector
[  4%] Built target vision_detector__rosidl_generator_type_description
running egg_info
creating vision_detector.egg-info
[  6%] [34m[1mGenerating C code for ROS interfaces[0m
[  6%] Built target vision_detector__rs
writing vision_detector.egg-info/PKG-INFO
writing dependency_links to vision_detector.egg-info/dependency_links.txt
writing top-level names to vision_detector.egg-info/top_level.txt
writing manifest file 'vision_detector.egg-info/SOURCES.txt'
[  8%] [34m[1mGenerating C++ code for ROS interfaces[0m
reading manifest file 'vision_detector.egg-info/SOURCES.txt'
writing manifest file 'vision_detector.egg-info/SOURCES.txt'
[  8%] Built target ament_cmake_python_build_vision_detector_egg
[  8%] Built target vision_detector__cpp
[ 10%] [32mBuilding C object CMakeFiles/vision_detector__rosidl_generator_c.dir/rosidl_generator_c/vision_detector/msg/detail/drone_diff__functions.c.o[0m
[ 12%] [32mBuilding C object CMakeFiles/vision_detector__rosidl_generator_c.dir/rosidl_generator_c/vision_detector/msg/detail/gimbal_info__description.c.o[0m
[ 14%] [32mBuilding C object CMakeFiles/vision_detector__rosidl_generator_c.dir/rosidl_generator_c/vision_detector/msg/detail/drone_diff__description.c.o[0m
[ 16%] [32mBuilding C object CMakeFiles/vision_detector__rosidl_generator_c.dir/rosidl_generator_c/vision_detector/msg/detail/drone_diff__type_support.c.o[0m
[ 18%] [32mBuilding C object CMakeFiles/vision_detector__rosidl_generator_c.dir/rosidl_generator_c/vision_detector/msg/detail/gimbal_info__functions.c.o[0m
[ 20%] [32mBuilding C object CMakeFiles/vision_detector__rosidl_generator_c.dir/rosidl_generator_c/vision_detector/msg/detail/gimbal_info__type_support.c.o[0m
[ 22%] [32m[1mLinking C shared library libvision_detector__rosidl_generator_c.so[0m
[ 22%] Built target vision_detector__rosidl_generator_c
[ 26%] [34m[1mGenerating C introspection for ROS interfaces[0m
[ 26%] [34m[1mGenerating C++ type support dispatch for ROS interfaces[0m
[ 28%] [34m[1mGenerating C type support for eProsima Fast-RTPS[0m
[ 30%] [34m[1mGenerating C++ type support for eProsima Fast-RTPS[0m
[ 32%] [34m[1mGenerating C++ introspection for ROS interfaces[0m
[ 34%] [34m[1mGenerating C type support dispatch for ROS interfaces[0m
[ 36%] [32mBuilding CXX object CMakeFiles/vision_detector__rosidl_typesupport_cpp.dir/rosidl_typesupport_cpp/vision_detector/msg/drone_diff__type_support.cpp.o[0m
[ 38%] [32mBuilding CXX object CMakeFiles/vision_detector__rosidl_typesupport_cpp.dir/rosidl_typesupport_cpp/vision_detector/msg/gimbal_info__type_support.cpp.o[0m
[ 40%] [32mBuilding CXX object CMakeFiles/vision_detector__rosidl_typesupport_c.dir/rosidl_typesupport_c/vision_detector/msg/gimbal_info__type_support.cpp.o[0m
[ 42%] [32mBuilding CXX object CMakeFiles/vision_detector__rosidl_typesupport_c.dir/rosidl_typesupport_c/vision_detector/msg/drone_diff__type_support.cpp.o[0m
[ 44%] [32mBuilding C object CMakeFiles/vision_detector__rosidl_typesupport_introspection_c.dir/rosidl_typesupport_introspection_c/vision_detector/msg/detail/drone_diff__type_support.c.o[0m
[ 46%] [32mBuilding C object CMakeFiles/vision_detector__rosidl_typesupport_introspection_c.dir/rosidl_typesupport_introspection_c/vision_detector/msg/detail/gimbal_info__type_support.c.o[0m
[ 48%] [32mBuilding CXX object CMakeFiles/vision_detector__rosidl_typesupport_introspection_cpp.dir/rosidl_typesupport_introspection_cpp/vision_detector/msg/detail/drone_diff__type_support.cpp.o[0m
[ 51%] [32mBuilding CXX object CMakeFiles/vision_detector__rosidl_typesupport_introspection_cpp.dir/rosidl_typesupport_introspection_cpp/vision_detector/msg/detail/gimbal_info__type_support.cpp.o[0m
[ 53%] [32mBuilding CXX object CMakeFiles/vision_detector__rosidl_typesupport_fastrtps_cpp.dir/rosidl_typesupport_fastrtps_cpp/vision_detector/msg/detail/dds_fastrtps/gimbal_info__type_support.cpp.o[0m
[ 55%] [32mBuilding CXX object CMakeFiles/vision_detector__rosidl_typesupport_fastrtps_cpp.dir/rosidl_typesupport_fastrtps_cpp/vision_detector/msg/detail/dds_fastrtps/drone_diff__type_support.cpp.o[0m
[ 57%] [32mBuilding CXX object CMakeFiles/vision_detector__rosidl_typesupport_fastrtps_c.dir/rosidl_typesupport_fastrtps_c/vision_detector/msg/detail/drone_diff__type_support_c.cpp.o[0m
[ 59%] [32m[1mLinking C shared library libvision_detector__rosidl_typesupport_introspection_c.so[0m
[ 61%] [32mBuilding CXX object CMakeFiles/vision_detector__rosidl_typesupport_fastrtps_c.dir/rosidl_typesupport_fastrtps_c/vision_detector/msg/detail/gimbal_info__type_support_c.cpp.o[0m
[ 63%] [32m[1mLinking CXX shared library libvision_detector__rosidl_typesupport_c.so[0m
[ 63%] Built target vision_detector__rosidl_typesupport_introspection_c
[ 63%] Built target vision_detector__rosidl_typesupport_c
[ 65%] [32m[1mLinking CXX shared library libvision_detector__rosidl_typesupport_cpp.so[0m
[ 65%] Built target vision_detector__rosidl_typesupport_cpp
[ 67%] [32m[1mLinking CXX shared library libvision_detector__rosidl_typesupport_introspection_cpp.so[0m
[ 69%] [32m[1mLinking CXX shared library libvision_detector__rosidl_typesupport_fastrtps_cpp.so[0m
[ 71%] [32m[1mLinking CXX shared library libvision_detector__rosidl_typesupport_fastrtps_c.so[0m
[ 71%] Built target vision_detector__rosidl_typesupport_introspection_cpp
[ 71%] Built target vision_detector__rosidl_typesupport_fastrtps_cpp
[ 71%] Built target vision_detector__rosidl_typesupport_fastrtps_c
[ 71%] Built target vision_detector
gmake[2]: *** 没有规则可制作目标“/home/seaber/onnxruntime-linux-x64-gpu-1.23.2/lib/libonnxruntime.so”，由“node_vision_drone_detector” 需求。 停止。
gmake[2]: *** 正在等待未完成的任务....
[ 73%] [34m[1mGenerating Python code for ROS interfaces[0m
[ 75%] [32mBuilding CXX object CMakeFiles/node_vision_drone_detector.dir/src/ekf_tracker.cpp.o[0m
[ 77%] [32mBuilding CXX object CMakeFiles/node_vision_drone_detector.dir/src/node_vision_drone_detector.cpp.o[0m
[ 79%] [32mBuilding CXX object CMakeFiles/node_vision_drone_detector.dir/src/target_detector.cpp.o[0m
[ 79%] Built target vision_detector__py
[ 83%] [32mBuilding C object CMakeFiles/vision_detector__rosidl_generator_py.dir/rosidl_generator_py/vision_detector/msg/_drone_diff_s.c.o[0m
[ 83%] [32mBuilding C object CMakeFiles/vision_detector__rosidl_generator_py.dir/rosidl_generator_py/vision_detector/msg/_gimbal_info_s.c.o[0m
[ 85%] [32m[1mLinking C shared library libvision_detector__rosidl_generator_py.so[0m
[ 85%] Built target vision_detector__rosidl_generator_py
[ 87%] [32mBuilding C object CMakeFiles/vision_detector_s__rosidl_typesupport_fastrtps_c.dir/rosidl_generator_py/vision_detector/_vision_detector_s.ep.rosidl_typesupport_fastrtps_c.c.o[0m
[ 89%] [32mBuilding C object CMakeFiles/vision_detector_s__rosidl_typesupport_c.dir/rosidl_generator_py/vision_detector/_vision_detector_s.ep.rosidl_typesupport_c.c.o[0m
[ 91%] [32mBuilding C object CMakeFiles/vision_detector_s__rosidl_typesupport_introspection_c.dir/rosidl_generator_py/vision_detector/_vision_detector_s.ep.rosidl_typesupport_introspection_c.c.o[0m
[ 93%] [32m[1mLinking C shared module rosidl_generator_py/vision_detector/vision_detector_s__rosidl_typesupport_introspection_c.so[0m
[ 95%] [32m[1mLinking C shared module rosidl_generator_py/vision_detector/vision_detector_s__rosidl_typesupport_fastrtps_c.so[0m
[ 97%] [32m[1mLinking C shared module rosidl_generator_py/vision_detector/vision_detector_s__rosidl_typesupport_c.so[0m
[ 97%] Built target vision_detector_s__rosidl_typesupport_fastrtps_c
[ 97%] Built target vision_detector_s__rosidl_typesupport_introspection_c
[ 97%] Built target vision_detector_s__rosidl_typesupport_c
[01m[K/home/kevin/radar_ws/src/vision_detector/src/target_detector.cpp:[m[K In function ‘[01m[Kstd::vector<cv::Point_<float> >[01;32m[K detectLaserModule[m[K(const cv::Mat&)[m[K’:
[01m[K/home/kevin/radar_ws/src/vision_detector/src/target_detector.cpp:276:9:[m[K [01;35m[Kwarning: [m[Kunused variable ‘[01m[Kmax_area[m[K’ [[01;35m[K]8;;https://gcc.gnu.org/onlinedocs/gcc/Warning-Options.html#index-Wunused-variable-Wunused-variable]8;;[m[K]
  276 |     int [01;35m[Kmax_area[m[K = (motion > 2.0f) ? 320 : 220;  // 原 260/180
      |         [01;35m[K^~~~~~~~[m[K
[01m[K/home/kevin/radar_ws/src/vision_detector/src/node_vision_drone_detector.cpp:[m[K In function ‘[01m[Kvoid[01;32m[K mouseCallback[m[K(int, int, int, int, void*)[m[K’:
[01m[K/home/kevin/radar_ws/src/vision_detector/src/node_vision_drone_detector.cpp:561:56:[m[K [01;35m[Kwarning: [m[Kunused parameter ‘[01m[Kflags[m[K’ [[01;35m[K]8;;https://gcc.gnu.org/onlinedocs/gcc/Warning-Options.html#index-Wunused-parameter-Wunused-parameter]8;;[m[K]
  561 | static void mouseCallback(int event, int x, int y, [01;35m[Kint flags[m[K, void* userdata) {
      |                                                    [01;35m[K~~~~^~~~~[m[K
gmake[1]: *** [CMakeFiles/Makefile2:645：CMakeFiles/node_vision_drone_detector.dir/all] 错误 2
gmake: *** [Makefile:146：all] 错误 2
