[0.006s] Invoking command in '/home/kevin/radar_ws/build/vision_detector': AMENT_PREFIX_PATH=/home/kevin/radar_ws/install/camera_stream:${AMENT_PREFIX_PATH} CMAKE_PREFIX_PATH=/home/kevin/radar_ws/install/camera_stream:/opt/ros/jazzy/opt/gz_math_vendor:/opt/ros/jazzy/opt/gz_utils_vendor:/opt/ros/jazzy/opt/gz_cmake_vendor:/opt/ros/jazzy DEBUGINFOD_URLS=https://debuginfod.ubuntu.com LD_LIBRARY_PATH=/home/kevin/radar_ws/install/camera_stream/lib:${LD_LIBRARY_PATH} PYTHONPATH=/home/kevin/radar_ws/install/camera_stream/lib/python3.12/site-packages:${PYTHONPATH} /usr/bin/cmake /home/kevin/radar_ws/src/vision_detector -DCMAKE_INSTALL_PREFIX=/home/kevin/radar_ws/install/vision_detector
[0.057s] -- The C compiler identification is GNU 13.3.0
[0.105s] -- The CXX compiler identification is GNU 13.3.0
[0.126s] -- Detecting C compiler ABI info
[0.229s] -- Detecting C compiler ABI info - done
[0.239s] -- Check for working C compiler: /usr/bin/cc - skipped
[0.239s] -- Detecting C compile features
[0.240s] -- Detecting C compile features - done
[0.249s] -- Detecting CXX compiler ABI info
[0.359s] -- Detecting CXX compiler ABI info - done
[0.365s] -- Check for working CXX compiler: /usr/bin/c++ - skipped
[0.365s] -- Detecting CXX compile features
[0.366s] -- Detecting CXX compile features - done
[0.367s] -- Found ament_cmake: 2.5.6 (/opt/ros/jazzy/share/ament_cmake/cmake)
[0.481s] -- Found Python3: /usr/bin/python3 (found version "3.12.3") found components: Interpreter 
[0.555s] -- Found rclcpp: 28.1.18 (/opt/ros/jazzy/share/rclcpp/cmake)
[0.584s] -- Found rosidl_generator_c: 4.6.7 (/opt/ros/jazzy/share/rosidl_generator_c/cmake)
[0.593s] -- Found rosidl_generator_cpp: 4.6.7 (/opt/ros/jazzy/share/rosidl_generator_cpp/cmake)
[0.607s] -- Using all available rosidl_typesupport_c: rosidl_typesupport_fastrtps_c;rosidl_typesupport_introspection_c
[0.626s] -- Using all available rosidl_typesupport_cpp: rosidl_typesupport_fastrtps_cpp;rosidl_typesupport_introspection_cpp
[0.677s] -- Found rmw_implementation_cmake: 7.3.3 (/opt/ros/jazzy/share/rmw_implementation_cmake/cmake)
[0.679s] -- Found rmw_fastrtps_cpp: 8.4.3 (/opt/ros/jazzy/share/rmw_fastrtps_cpp/cmake)
[0.750s] -- Found OpenSSL: /usr/lib/x86_64-linux-gnu/libcrypto.so (found version "3.0.13")  
[0.768s] -- Found FastRTPS: /opt/ros/jazzy/include (Required is at least version "2.13") 
[0.787s] -- Using RMW implementation 'rmw_fastrtps_cpp' as default
[0.843s] -- Found OpenCV: /usr (found version "4.6.0") 
[0.843s] -- Found camera_stream: 0.0.0 (/home/kevin/radar_ws/install/camera_stream/share/camera_stream/cmake)
[0.866s] -- Found rosidl_default_generators: 1.6.0 (/opt/ros/jazzy/share/rosidl_default_generators/cmake)
[0.877s] -- Found rosidl_adapter: 4.6.7 (/opt/ros/jazzy/share/rosidl_adapter/cmake)
[0.879s] -- Found ament_lint_auto: 0.17.5 (/opt/ros/jazzy/share/ament_lint_auto/cmake)
[1.343s] -- Found ament_cmake_ros: 0.12.0 (/opt/ros/jazzy/share/ament_cmake_ros/cmake)
[1.976s] -- Using all available rosidl_typesupport_c: rosidl_typesupport_fastrtps_c;rosidl_typesupport_introspection_c
[2.211s] -- Using all available rosidl_typesupport_cpp: rosidl_typesupport_fastrtps_cpp;rosidl_typesupport_introspection_cpp
[2.212s] -- Found python_cmake_module: 0.11.1 (/opt/ros/jazzy/share/python_cmake_module/cmake)
[2.316s] -- Found PythonExtra: /usr/bin/python3  
[2.641s] -- Found Python3: /usr/bin/python3 (found version "3.12.3") found components: Interpreter Development NumPy Development.Module Development.Embed 
[2.710s] -- Found Python3: /usr/bin/python3 (found version "3.12.3") found components: Interpreter 
[2.712s] [0mCMake Deprecation Warning at /opt/ros/jazzy/share/rosidl_cmake/cmake/rosidl_target_interfaces.cmake:32 (message):
[2.712s]   Use rosidl_get_typesupport_target() and target_link_libraries() instead of
[2.712s]   rosidl_target_interfaces().  i.e:
[2.712s] 
[2.712s]     rosidl_get_typesupport_target(cpp_typesupport_target "${PROJECT_NAME}" "rosidl_typesupport_cpp")
[2.712s]     target_link_libraries(${PROJECT_NAME}_node "${cpp_typesupport_target}")
[2.712s] 
[2.713s] Call Stack (most recent call first):
[2.713s]   CMakeLists.txt:60 (rosidl_target_interfaces)
[2.713s] 
[2.713s] [0m
[2.714s] -- Added test 'cppcheck' to perform static code analysis on C / C++ code
[2.714s] -- Configured cppcheck include dirs: /home/kevin/radar_ws/src/vision_detector/include;/home/kevin/radar_ws/src/vision_detector/..
[2.714s] -- Configured cppcheck exclude dirs and/or files: 
[2.715s] -- Added test 'lint_cmake' to check CMake code style
[2.716s] -- Added test 'uncrustify' to check C / C++ code style
[2.716s] -- Configured uncrustify additional arguments: 
[2.716s] -- Added test 'xmllint' to check XML markup files
[2.720s] -- Configuring done (2.7s)
[2.756s] -- Generating done (0.0s)
[2.765s] -- Build files have been written to: /home/kevin/radar_ws/build/vision_detector
[2.774s] Invoked command in '/home/kevin/radar_ws/build/vision_detector' returned '0': AMENT_PREFIX_PATH=/home/kevin/radar_ws/install/camera_stream:${AMENT_PREFIX_PATH} CMAKE_PREFIX_PATH=/home/kevin/radar_ws/install/camera_stream:/opt/ros/jazzy/opt/gz_math_vendor:/opt/ros/jazzy/opt/gz_utils_vendor:/opt/ros/jazzy/opt/gz_cmake_vendor:/opt/ros/jazzy DEBUGINFOD_URLS=https://debuginfod.ubuntu.com LD_LIBRARY_PATH=/home/kevin/radar_ws/install/camera_stream/lib:${LD_LIBRARY_PATH} PYTHONPATH=/home/kevin/radar_ws/install/camera_stream/lib/python3.12/site-packages:${PYTHONPATH} /usr/bin/cmake /home/kevin/radar_ws/src/vision_detector -DCMAKE_INSTALL_PREFIX=/home/kevin/radar_ws/install/vision_detector
[2.774s] Invoking command in '/home/kevin/radar_ws/build/vision_detector': AMENT_PREFIX_PATH=/home/kevin/radar_ws/install/camera_stream:${AMENT_PREFIX_PATH} CMAKE_PREFIX_PATH=/home/kevin/radar_ws/install/camera_stream:/opt/ros/jazzy/opt/gz_math_vendor:/opt/ros/jazzy/opt/gz_utils_vendor:/opt/ros/jazzy/opt/gz_cmake_vendor:/opt/ros/jazzy DEBUGINFOD_URLS=https://debuginfod.ubuntu.com LD_LIBRARY_PATH=/home/kevin/radar_ws/install/camera_stream/lib:${LD_LIBRARY_PATH} PYTHONPATH=/home/kevin/radar_ws/install/camera_stream/lib/python3.12/site-packages:${PYTHONPATH} /usr/bin/cmake --build /home/kevin/radar_ws/build/vision_detector -- -j32 -l32
[2.814s] [  2%] [34m[1mGenerating type hashes for ROS interfaces[0m
[2.815s] [  4%] [34m[1mGenerating Rust code for ROS interfaces[0m
[2.822s] [  4%] Built target ament_cmake_python_copy_vision_detector
[2.955s] [  4%] Built target vision_detector__rosidl_generator_type_description
[2.958s] running egg_info
[2.959s] creating vision_detector.egg-info
[2.963s] [  6%] [34m[1mGenerating C code for ROS interfaces[0m
[2.964s] [  6%] Built target vision_detector__rs
[2.969s] writing vision_detector.egg-info/PKG-INFO
[2.969s] writing dependency_links to vision_detector.egg-info/dependency_links.txt
[2.969s] writing top-level names to vision_detector.egg-info/top_level.txt
[2.969s] writing manifest file 'vision_detector.egg-info/SOURCES.txt'
[2.971s] [  8%] [34m[1mGenerating C++ code for ROS interfaces[0m
[2.999s] reading manifest file 'vision_detector.egg-info/SOURCES.txt'
[2.999s] writing manifest file 'vision_detector.egg-info/SOURCES.txt'
[3.019s] [  8%] Built target ament_cmake_python_build_vision_detector_egg
[3.145s] [  8%] Built target vision_detector__cpp
[3.160s] [ 10%] [32mBuilding C object CMakeFiles/vision_detector__rosidl_generator_c.dir/rosidl_generator_c/vision_detector/msg/detail/drone_diff__functions.c.o[0m
[3.161s] [ 12%] [32mBuilding C object CMakeFiles/vision_detector__rosidl_generator_c.dir/rosidl_generator_c/vision_detector/msg/detail/gimbal_info__description.c.o[0m
[3.161s] [ 14%] [32mBuilding C object CMakeFiles/vision_detector__rosidl_generator_c.dir/rosidl_generator_c/vision_detector/msg/detail/drone_diff__description.c.o[0m
[3.162s] [ 16%] [32mBuilding C object CMakeFiles/vision_detector__rosidl_generator_c.dir/rosidl_generator_c/vision_detector/msg/detail/drone_diff__type_support.c.o[0m
[3.162s] [ 18%] [32mBuilding C object CMakeFiles/vision_detector__rosidl_generator_c.dir/rosidl_generator_c/vision_detector/msg/detail/gimbal_info__functions.c.o[0m
[3.163s] [ 20%] [32mBuilding C object CMakeFiles/vision_detector__rosidl_generator_c.dir/rosidl_generator_c/vision_detector/msg/detail/gimbal_info__type_support.c.o[0m
[3.195s] [ 22%] [32m[1mLinking C shared library libvision_detector__rosidl_generator_c.so[0m
[3.231s] [ 22%] Built target vision_detector__rosidl_generator_c
[3.241s] [ 26%] [34m[1mGenerating C introspection for ROS interfaces[0m
[3.241s] [ 26%] [34m[1mGenerating C++ type support dispatch for ROS interfaces[0m
[3.241s] [ 28%] [34m[1mGenerating C type support for eProsima Fast-RTPS[0m
[3.241s] [ 30%] [34m[1mGenerating C++ type support for eProsima Fast-RTPS[0m
[3.242s] [ 32%] [34m[1mGenerating C++ introspection for ROS interfaces[0m
[3.242s] [ 34%] [34m[1mGenerating C type support dispatch for ROS interfaces[0m
[3.399s] [ 36%] [32mBuilding CXX object CMakeFiles/vision_detector__rosidl_typesupport_cpp.dir/rosidl_typesupport_cpp/vision_detector/msg/drone_diff__type_support.cpp.o[0m
[3.399s] [ 38%] [32mBuilding CXX object CMakeFiles/vision_detector__rosidl_typesupport_cpp.dir/rosidl_typesupport_cpp/vision_detector/msg/gimbal_info__type_support.cpp.o[0m
[3.408s] [ 40%] [32mBuilding CXX object CMakeFiles/vision_detector__rosidl_typesupport_c.dir/rosidl_typesupport_c/vision_detector/msg/gimbal_info__type_support.cpp.o[0m
[3.409s] [ 42%] [32mBuilding CXX object CMakeFiles/vision_detector__rosidl_typesupport_c.dir/rosidl_typesupport_c/vision_detector/msg/drone_diff__type_support.cpp.o[0m
[3.413s] [ 44%] [32mBuilding C object CMakeFiles/vision_detector__rosidl_typesupport_introspection_c.dir/rosidl_typesupport_introspection_c/vision_detector/msg/detail/drone_diff__type_support.c.o[0m
[3.413s] [ 46%] [32mBuilding C object CMakeFiles/vision_detector__rosidl_typesupport_introspection_c.dir/rosidl_typesupport_introspection_c/vision_detector/msg/detail/gimbal_info__type_support.c.o[0m
[3.423s] [ 48%] [32mBuilding CXX object CMakeFiles/vision_detector__rosidl_typesupport_introspection_cpp.dir/rosidl_typesupport_introspection_cpp/vision_detector/msg/detail/drone_diff__type_support.cpp.o[0m
[3.423s] [ 51%] [32mBuilding CXX object CMakeFiles/vision_detector__rosidl_typesupport_introspection_cpp.dir/rosidl_typesupport_introspection_cpp/vision_detector/msg/detail/gimbal_info__type_support.cpp.o[0m
[3.427s] [ 53%] [32mBuilding CXX object CMakeFiles/vision_detector__rosidl_typesupport_fastrtps_cpp.dir/rosidl_typesupport_fastrtps_cpp/vision_detector/msg/detail/dds_fastrtps/gimbal_info__type_support.cpp.o[0m
[3.432s] [ 55%] [32mBuilding CXX object CMakeFiles/vision_detector__rosidl_typesupport_fastrtps_cpp.dir/rosidl_typesupport_fastrtps_cpp/vision_detector/msg/detail/dds_fastrtps/drone_diff__type_support.cpp.o[0m
[3.436s] [ 57%] [32mBuilding CXX object CMakeFiles/vision_detector__rosidl_typesupport_fastrtps_c.dir/rosidl_typesupport_fastrtps_c/vision_detector/msg/detail/drone_diff__type_support_c.cpp.o[0m
[3.439s] [ 59%] [32m[1mLinking C shared library libvision_detector__rosidl_typesupport_introspection_c.so[0m
[3.439s] [ 61%] [32mBuilding CXX object CMakeFiles/vision_detector__rosidl_typesupport_fastrtps_c.dir/rosidl_typesupport_fastrtps_c/vision_detector/msg/detail/gimbal_info__type_support_c.cpp.o[0m
[3.446s] [ 63%] [32m[1mLinking CXX shared library libvision_detector__rosidl_typesupport_c.so[0m
[3.462s] [ 63%] Built target vision_detector__rosidl_typesupport_introspection_c
[3.479s] [ 63%] Built target vision_detector__rosidl_typesupport_c
[3.604s] [ 65%] [32m[1mLinking CXX shared library libvision_detector__rosidl_typesupport_cpp.so[0m
[3.642s] [ 65%] Built target vision_detector__rosidl_typesupport_cpp
[3.700s] [ 67%] [32m[1mLinking CXX shared library libvision_detector__rosidl_typesupport_introspection_cpp.so[0m
[3.708s] [ 69%] [32m[1mLinking CXX shared library libvision_detector__rosidl_typesupport_fastrtps_cpp.so[0m
[3.725s] [ 71%] [32m[1mLinking CXX shared library libvision_detector__rosidl_typesupport_fastrtps_c.so[0m
[3.739s] [ 71%] Built target vision_detector__rosidl_typesupport_introspection_cpp
[3.748s] [ 71%] Built target vision_detector__rosidl_typesupport_fastrtps_cpp
[3.763s] [ 71%] Built target vision_detector__rosidl_typesupport_fastrtps_c
[3.780s] [ 71%] Built target vision_detector
[3.793s] gmake[2]: *** 没有规则可制作目标“/home/seaber/onnxruntime-linux-x64-gpu-1.23.2/lib/libonnxruntime.so”，由“node_vision_drone_detector” 需求。 停止。
[3.793s] gmake[2]: *** 正在等待未完成的任务....
[3.797s] [ 73%] [34m[1mGenerating Python code for ROS interfaces[0m
[3.798s] [ 75%] [32mBuilding CXX object CMakeFiles/node_vision_drone_detector.dir/src/ekf_tracker.cpp.o[0m
[3.798s] [ 77%] [32mBuilding CXX object CMakeFiles/node_vision_drone_detector.dir/src/node_vision_drone_detector.cpp.o[0m
[3.799s] [ 79%] [32mBuilding CXX object CMakeFiles/node_vision_drone_detector.dir/src/target_detector.cpp.o[0m
[4.010s] [ 79%] Built target vision_detector__py
[4.028s] [ 83%] [32mBuilding C object CMakeFiles/vision_detector__rosidl_generator_py.dir/rosidl_generator_py/vision_detector/msg/_drone_diff_s.c.o[0m
[4.028s] [ 83%] [32mBuilding C object CMakeFiles/vision_detector__rosidl_generator_py.dir/rosidl_generator_py/vision_detector/msg/_gimbal_info_s.c.o[0m
[4.118s] [ 85%] [32m[1mLinking C shared library libvision_detector__rosidl_generator_py.so[0m
[4.153s] [ 85%] Built target vision_detector__rosidl_generator_py
[4.171s] [ 87%] [32mBuilding C object CMakeFiles/vision_detector_s__rosidl_typesupport_fastrtps_c.dir/rosidl_generator_py/vision_detector/_vision_detector_s.ep.rosidl_typesupport_fastrtps_c.c.o[0m
[4.173s] [ 89%] [32mBuilding C object CMakeFiles/vision_detector_s__rosidl_typesupport_c.dir/rosidl_generator_py/vision_detector/_vision_detector_s.ep.rosidl_typesupport_c.c.o[0m
[4.173s] [ 91%] [32mBuilding C object CMakeFiles/vision_detector_s__rosidl_typesupport_introspection_c.dir/rosidl_generator_py/vision_detector/_vision_detector_s.ep.rosidl_typesupport_introspection_c.c.o[0m
[4.245s] [ 93%] [32m[1mLinking C shared module rosidl_generator_py/vision_detector/vision_detector_s__rosidl_typesupport_introspection_c.so[0m
[4.247s] [ 95%] [32m[1mLinking C shared module rosidl_generator_py/vision_detector/vision_detector_s__rosidl_typesupport_fastrtps_c.so[0m
[4.252s] [ 97%] [32m[1mLinking C shared module rosidl_generator_py/vision_detector/vision_detector_s__rosidl_typesupport_c.so[0m
[4.272s] [ 97%] Built target vision_detector_s__rosidl_typesupport_fastrtps_c
[4.273s] [ 97%] Built target vision_detector_s__rosidl_typesupport_introspection_c
[4.277s] [ 97%] Built target vision_detector_s__rosidl_typesupport_c
[4.560s] [01m[K/home/kevin/radar_ws/src/vision_detector/src/target_detector.cpp:[m[K In function ‘[01m[Kstd::vector<cv::Point_<float> >[01;32m[K detectLaserModule[m[K(const cv::Mat&)[m[K’:
[4.560s] [01m[K/home/kevin/radar_ws/src/vision_detector/src/target_detector.cpp:276:9:[m[K [01;35m[Kwarning: [m[Kunused variable ‘[01m[Kmax_area[m[K’ [[01;35m[K]8;;https://gcc.gnu.org/onlinedocs/gcc/Warning-Options.html#index-Wunused-variable-Wunused-variable]8;;[m[K]
[4.560s]   276 |     int [01;35m[Kmax_area[m[K = (motion > 2.0f) ? 320 : 220;  // 原 260/180
[4.560s]       |         [01;35m[K^~~~~~~~[m[K
[5.557s] [01m[K/home/kevin/radar_ws/src/vision_detector/src/node_vision_drone_detector.cpp:[m[K In function ‘[01m[Kvoid[01;32m[K mouseCallback[m[K(int, int, int, int, void*)[m[K’:
[5.557s] [01m[K/home/kevin/radar_ws/src/vision_detector/src/node_vision_drone_detector.cpp:561:56:[m[K [01;35m[Kwarning: [m[Kunused parameter ‘[01m[Kflags[m[K’ [[01;35m[K]8;;https://gcc.gnu.org/onlinedocs/gcc/Warning-Options.html#index-Wunused-parameter-Wunused-parameter]8;;[m[K]
[5.557s]   561 | static void mouseCallback(int event, int x, int y, [01;35m[Kint flags[m[K, void* userdata) {
[5.557s]       |                                                    [01;35m[K~~~~^~~~~[m[K
[11.194s] gmake[1]: *** [CMakeFiles/Makefile2:645：CMakeFiles/node_vision_drone_detector.dir/all] 错误 2
[11.194s] gmake: *** [Makefile:146：all] 错误 2
[11.196s] Invoked command in '/home/kevin/radar_ws/build/vision_detector' returned '2': AMENT_PREFIX_PATH=/home/kevin/radar_ws/install/camera_stream:${AMENT_PREFIX_PATH} CMAKE_PREFIX_PATH=/home/kevin/radar_ws/install/camera_stream:/opt/ros/jazzy/opt/gz_math_vendor:/opt/ros/jazzy/opt/gz_utils_vendor:/opt/ros/jazzy/opt/gz_cmake_vendor:/opt/ros/jazzy DEBUGINFOD_URLS=https://debuginfod.ubuntu.com LD_LIBRARY_PATH=/home/kevin/radar_ws/install/camera_stream/lib:${LD_LIBRARY_PATH} PYTHONPATH=/home/kevin/radar_ws/install/camera_stream/lib/python3.12/site-packages:${PYTHONPATH} /usr/bin/cmake --build /home/kevin/radar_ws/build/vision_detector -- -j32 -l32
