-- The C compiler identification is GNU 13.3.0
-- The CXX compiler identification is GNU 13.3.0
-- Detecting C compiler ABI info
-- Detecting C compiler ABI info - done
-- Check for working C compiler: /usr/bin/cc - skipped
-- Detecting C compile features
-- Detecting C compile features - done
-- Detecting CXX compiler ABI info
-- Detecting CXX compiler ABI info - done
-- Check for working CXX compiler: /usr/bin/c++ - skipped
-- Detecting CXX compile features
-- Detecting CXX compile features - done
-- Found ament_cmake: 2.5.6 (/opt/ros/jazzy/share/ament_cmake/cmake)
-- Found Python3: /usr/bin/python3 (found version "3.12.3") found components: Interpreter 
-- Found rclcpp: 28.1.18 (/opt/ros/jazzy/share/rclcpp/cmake)
-- Found rosidl_generator_c: 4.6.7 (/opt/ros/jazzy/share/rosidl_generator_c/cmake)
-- Found rosidl_generator_cpp: 4.6.7 (/opt/ros/jazzy/share/rosidl_generator_cpp/cmake)
-- Using all available rosidl_typesupport_c: rosidl_typesupport_fastrtps_c;rosidl_typesupport_introspection_c
-- Using all available rosidl_typesupport_cpp: rosidl_typesupport_fastrtps_cpp;rosidl_typesupport_introspection_cpp
-- Found rmw_implementation_cmake: 7.3.3 (/opt/ros/jazzy/share/rmw_implementation_cmake/cmake)
-- Found rmw_fastrtps_cpp: 8.4.3 (/opt/ros/jazzy/share/rmw_fastrtps_cpp/cmake)
-- Found OpenSSL: /usr/lib/x86_64-linux-gnu/libcrypto.so (found version "3.0.13")  
-- Found FastRTPS: /opt/ros/jazzy/include (Required is at least version "2.13") 
-- Using RMW implementation 'rmw_fastrtps_cpp' as default
-- Found OpenCV: /usr (found version "4.6.0") 
-- Found std_msgs: 5.3.7 (/opt/ros/jazzy/share/std_msgs/cmake)
-- Found rosidl_default_generators: 1.6.0 (/opt/ros/jazzy/share/rosidl_default_generators/cmake)
-- Found rosidl_adapter: 4.6.7 (/opt/ros/jazzy/share/rosidl_adapter/cmake)
-- Found ament_cmake_ros: 0.12.0 (/opt/ros/jazzy/share/ament_cmake_ros/cmake)
-- Using all available rosidl_typesupport_c: rosidl_typesupport_fastrtps_c;rosidl_typesupport_introspection_c
-- Using all available rosidl_typesupport_cpp: rosidl_typesupport_fastrtps_cpp;rosidl_typesupport_introspection_cpp
-- Found python_cmake_module: 0.11.1 (/opt/ros/jazzy/share/python_cmake_module/cmake)
-- Found PythonExtra: /usr/bin/python3  
-- Found Python3: /usr/bin/python3 (found version "3.12.3") found components: Interpreter Development NumPy Development.Module Development.Embed 
-- Found Python3: /usr/bin/python3 (found version "3.12.3") found components: Interpreter 
-- Found ament_lint_auto: 0.17.5 (/opt/ros/jazzy/share/ament_lint_auto/cmake)
-- Added test 'cppcheck' to perform static code analysis on C / C++ code
-- Configured cppcheck include dirs: /home/kevin/radar_ws/src/camera_stream/include;/home/kevin/radar_ws/src/camera_stream/..
-- Configured cppcheck exclude dirs and/or files: 
-- Added test 'lint_cmake' to check CMake code style
-- Added test 'uncrustify' to check C / C++ code style
-- Configured uncrustify additional arguments: 
-- Added test 'xmllint' to check XML markup files
-- Configuring done (3.0s)
-- Generating done (0.0s)
-- Build files have been written to: /home/kevin/radar_ws/build/camera_stream
[  2%] [34m[1mGenerating type hashes for ROS interfaces[0m
[  5%] [34m[1mGenerating Rust code for ROS interfaces[0m
[  5%] Built target ament_cmake_python_copy_camera_stream
[  5%] Built target camera_stream__rosidl_generator_type_description
[  7%] [34m[1mGenerating C code for ROS interfaces[0m
running egg_info
creating camera_stream.egg-info
[ 10%] [34m[1mGenerating C++ code for ROS interfaces[0m
[ 10%] Built target camera_stream__rs
writing camera_stream.egg-info/PKG-INFO
writing dependency_links to camera_stream.egg-info/dependency_links.txt
writing top-level names to camera_stream.egg-info/top_level.txt
writing manifest file 'camera_stream.egg-info/SOURCES.txt'
reading manifest file 'camera_stream.egg-info/SOURCES.txt'
writing manifest file 'camera_stream.egg-info/SOURCES.txt'
[ 10%] Built target ament_cmake_python_build_camera_stream_egg
[ 10%] Built target camera_stream__cpp
[ 12%] [32mBuilding C object CMakeFiles/camera_stream__rosidl_generator_c.dir/rosidl_generator_c/camera_stream/msg/detail/share_image__functions.c.o[0m
[ 15%] [32mBuilding C object CMakeFiles/camera_stream__rosidl_generator_c.dir/rosidl_generator_c/camera_stream/msg/detail/share_image__description.c.o[0m
[ 17%] [32mBuilding C object CMakeFiles/camera_stream__rosidl_generator_c.dir/rosidl_generator_c/camera_stream/msg/detail/share_image__type_support.c.o[0m
[ 20%] [32m[1mLinking C shared library libcamera_stream__rosidl_generator_c.so[0m
[ 20%] Built target camera_stream__rosidl_generator_c
[ 22%] [34m[1mGenerating C++ type support for eProsima Fast-RTPS[0m
[ 25%] [34m[1mGenerating C type support for eProsima Fast-RTPS[0m
[ 27%] [34m[1mGenerating C introspection for ROS interfaces[0m
[ 30%] [34m[1mGenerating C type support dispatch for ROS interfaces[0m
[ 35%] [34m[1mGenerating C++ introspection for ROS interfaces[0m
[ 35%] [34m[1mGenerating C++ type support dispatch for ROS interfaces[0m
[ 37%] [32mBuilding CXX object CMakeFiles/camera_stream__rosidl_typesupport_c.dir/rosidl_typesupport_c/camera_stream/msg/share_image__type_support.cpp.o[0m
[ 40%] [32mBuilding CXX object CMakeFiles/camera_stream__rosidl_typesupport_cpp.dir/rosidl_typesupport_cpp/camera_stream/msg/share_image__type_support.cpp.o[0m
[ 42%] [32mBuilding C object CMakeFiles/camera_stream__rosidl_typesupport_introspection_c.dir/rosidl_typesupport_introspection_c/camera_stream/msg/detail/share_image__type_support.c.o[0m
[ 45%] [32mBuilding CXX object CMakeFiles/camera_stream__rosidl_typesupport_introspection_cpp.dir/rosidl_typesupport_introspection_cpp/camera_stream/msg/detail/share_image__type_support.cpp.o[0m
[ 47%] [32mBuilding CXX object CMakeFiles/camera_stream__rosidl_typesupport_fastrtps_cpp.dir/rosidl_typesupport_fastrtps_cpp/camera_stream/msg/detail/dds_fastrtps/share_image__type_support.cpp.o[0m
[ 50%] [32mBuilding CXX object CMakeFiles/camera_stream__rosidl_typesupport_fastrtps_c.dir/rosidl_typesupport_fastrtps_c/camera_stream/msg/detail/share_image__type_support_c.cpp.o[0m
[ 52%] [32m[1mLinking CXX shared library libcamera_stream__rosidl_typesupport_c.so[0m
[ 55%] [32m[1mLinking C shared library libcamera_stream__rosidl_typesupport_introspection_c.so[0m
[ 55%] Built target camera_stream__rosidl_typesupport_introspection_c
[ 55%] Built target camera_stream__rosidl_typesupport_c
[ 57%] [32m[1mLinking CXX shared library libcamera_stream__rosidl_typesupport_cpp.so[0m
[ 60%] [32m[1mLinking CXX shared library libcamera_stream__rosidl_typesupport_introspection_cpp.so[0m
[ 60%] Built target camera_stream__rosidl_typesupport_cpp
[ 62%] [32mBuilding CXX object CMakeFiles/camera_stream_receiver.dir/src/camera_stream_receiver.cpp.o[0m
[ 65%] [32mBuilding CXX object CMakeFiles/camera_stream_publisher.dir/src/HKCamera.cpp.o[0m
[ 65%] Built target camera_stream__rosidl_typesupport_introspection_cpp
[ 67%] [32mBuilding CXX object CMakeFiles/camera_stream_publisher.dir/src/camera_stream_publisher.cpp.o[0m
[ 70%] [32m[1mLinking CXX shared library libcamera_stream__rosidl_typesupport_fastrtps_c.so[0m
[ 72%] [32m[1mLinking CXX shared library libcamera_stream__rosidl_typesupport_fastrtps_cpp.so[0m
[ 72%] Built target camera_stream__rosidl_typesupport_fastrtps_c
[ 72%] Built target camera_stream__rosidl_typesupport_fastrtps_cpp
[ 72%] Built target camera_stream
[ 75%] [34m[1mGenerating Python code for ROS interfaces[0m
[ 75%] Built target camera_stream__py
[ 77%] [32mBuilding C object CMakeFiles/camera_stream__rosidl_generator_py.dir/rosidl_generator_py/camera_stream/msg/_share_image_s.c.o[0m
[ 80%] [32m[1mLinking C shared library libcamera_stream__rosidl_generator_py.so[0m
[ 80%] Built target camera_stream__rosidl_generator_py
[ 82%] [32mBuilding C object CMakeFiles/camera_stream_s__rosidl_typesupport_introspection_c.dir/rosidl_generator_py/camera_stream/_camera_stream_s.ep.rosidl_typesupport_introspection_c.c.o[0m
[ 85%] [32mBuilding C object CMakeFiles/camera_stream_s__rosidl_typesupport_fastrtps_c.dir/rosidl_generator_py/camera_stream/_camera_stream_s.ep.rosidl_typesupport_fastrtps_c.c.o[0m
[ 87%] [32mBuilding C object CMakeFiles/camera_stream_s__rosidl_typesupport_c.dir/rosidl_generator_py/camera_stream/_camera_stream_s.ep.rosidl_typesupport_c.c.o[0m
[ 90%] [32m[1mLinking C shared module rosidl_generator_py/camera_stream/camera_stream_s__rosidl_typesupport_fastrtps_c.so[0m
[ 92%] [32m[1mLinking C shared module rosidl_generator_py/camera_stream/camera_stream_s__rosidl_typesupport_introspection_c.so[0m
[ 95%] [32m[1mLinking C shared module rosidl_generator_py/camera_stream/camera_stream_s__rosidl_typesupport_c.so[0m
[ 95%] Built target camera_stream_s__rosidl_typesupport_fastrtps_c
[ 95%] Built target camera_stream_s__rosidl_typesupport_introspection_c
[ 95%] Built target camera_stream_s__rosidl_typesupport_c
[ 97%] [32m[1mLinking CXX executable camera_stream_publisher[0m
[ 97%] Built target camera_stream_publisher
[100%] [32m[1mLinking CXX executable camera_stream_receiver[0m
[100%] Built target camera_stream_receiver
-- Install configuration: ""
-- Installing: /home/kevin/radar_ws/install/camera_stream/share/ament_index/resource_index/rosidl_interfaces/camera_stream
-- Installing: /home/kevin/radar_ws/install/camera_stream/share/camera_stream/msg/ShareImage.json
-- Installing: /home/kevin/radar_ws/install/camera_stream/include/camera_stream/camera_stream
-- Installing: /home/kevin/radar_ws/install/camera_stream/include/camera_stream/camera_stream/msg
-- Installing: /home/kevin/radar_ws/install/camera_stream/include/camera_stream/camera_stream/msg/rosidl_generator_c__visibility_control.h
-- Installing: /home/kevin/radar_ws/install/camera_stream/include/camera_stream/camera_stream/msg/share_image.h
-- Installing: /home/kevin/radar_ws/install/camera_stream/include/camera_stream/camera_stream/msg/detail
-- Installing: /home/kevin/radar_ws/install/camera_stream/include/camera_stream/camera_stream/msg/detail/share_image__type_support.h
-- Installing: /home/kevin/radar_ws/install/camera_stream/include/camera_stream/camera_stream/msg/detail/share_image__functions.c
-- Installing: /home/kevin/radar_ws/install/camera_stream/include/camera_stream/camera_stream/msg/detail/share_image__description.c
-- Installing: /home/kevin/radar_ws/install/camera_stream/include/camera_stream/camera_stream/msg/detail/share_image__functions.h
-- Installing: /home/kevin/radar_ws/install/camera_stream/include/camera_stream/camera_stream/msg/detail/share_image__type_support.c
-- Installing: /home/kevin/radar_ws/install/camera_stream/include/camera_stream/camera_stream/msg/detail/share_image__struct.h
-- Installing: /home/kevin/radar_ws/install/camera_stream/share/camera_stream/environment/library_path.sh
-- Installing: /home/kevin/radar_ws/install/camera_stream/share/camera_stream/environment/library_path.dsv
-- Installing: /home/kevin/radar_ws/install/camera_stream/lib/libcamera_stream__rosidl_generator_c.so
-- Set non-toolchain portion of runtime path of "/home/kevin/radar_ws/install/camera_stream/lib/libcamera_stream__rosidl_generator_c.so" to ""
-- Up-to-date: /home/kevin/radar_ws/install/camera_stream/include/camera_stream/camera_stream
-- Up-to-date: /home/kevin/radar_ws/install/camera_stream/include/camera_stream/camera_stream/msg
-- Installing: /home/kevin/radar_ws/install/camera_stream/include/camera_stream/camera_stream/msg/rosidl_typesupport_fastrtps_c__visibility_control.h
-- Up-to-date: /home/kevin/radar_ws/install/camera_stream/include/camera_stream/camera_stream/msg/detail
-- Installing: /home/kevin/radar_ws/install/camera_stream/include/camera_stream/camera_stream/msg/detail/share_image__rosidl_typesupport_fastrtps_c.h
-- Installing: /home/kevin/radar_ws/install/camera_stream/lib/libcamera_stream__rosidl_typesupport_fastrtps_c.so
-- Set non-toolchain portion of runtime path of "/home/kevin/radar_ws/install/camera_stream/lib/libcamera_stream__rosidl_typesupport_fastrtps_c.so" to ""
-- Up-to-date: /home/kevin/radar_ws/install/camera_stream/include/camera_stream/camera_stream
-- Up-to-date: /home/kevin/radar_ws/install/camera_stream/include/camera_stream/camera_stream/msg
-- Installing: /home/kevin/radar_ws/install/camera_stream/include/camera_stream/camera_stream/msg/rosidl_generator_cpp__visibility_control.hpp
-- Installing: /home/kevin/radar_ws/install/camera_stream/include/camera_stream/camera_stream/msg/share_image.hpp
-- Up-to-date: /home/kevin/radar_ws/install/camera_stream/include/camera_stream/camera_stream/msg/detail
-- Installing: /home/kevin/radar_ws/install/camera_stream/include/camera_stream/camera_stream/msg/detail/share_image__builder.hpp
-- Installing: /home/kevin/radar_ws/install/camera_stream/include/camera_stream/camera_stream/msg/detail/share_image__struct.hpp
-- Installing: /home/kevin/radar_ws/install/camera_stream/include/camera_stream/camera_stream/msg/detail/share_image__type_support.hpp
-- Installing: /home/kevin/radar_ws/install/camera_stream/include/camera_stream/camera_stream/msg/detail/share_image__traits.hpp
-- Up-to-date: /home/kevin/radar_ws/install/camera_stream/include/camera_stream/camera_stream
-- Up-to-date: /home/kevin/radar_ws/install/camera_stream/include/camera_stream/camera_stream/msg
-- Installing: /home/kevin/radar_ws/install/camera_stream/include/camera_stream/camera_stream/msg/rosidl_typesupport_fastrtps_cpp__visibility_control.h
-- Up-to-date: /home/kevin/radar_ws/install/camera_stream/include/camera_stream/camera_stream/msg/detail
-- Installing: /home/kevin/radar_ws/install/camera_stream/include/camera_stream/camera_stream/msg/detail/share_image__rosidl_typesupport_fastrtps_cpp.hpp
-- Installing: /home/kevin/radar_ws/install/camera_stream/include/camera_stream/camera_stream/msg/detail/dds_fastrtps
-- Installing: /home/kevin/radar_ws/install/camera_stream/lib/libcamera_stream__rosidl_typesupport_fastrtps_cpp.so
-- Set non-toolchain portion of runtime path of "/home/kevin/radar_ws/install/camera_stream/lib/libcamera_stream__rosidl_typesupport_fastrtps_cpp.so" to ""
-- Up-to-date: /home/kevin/radar_ws/install/camera_stream/include/camera_stream/camera_stream
-- Up-to-date: /home/kevin/radar_ws/install/camera_stream/include/camera_stream/camera_stream/msg
-- Installing: /home/kevin/radar_ws/install/camera_stream/include/camera_stream/camera_stream/msg/rosidl_typesupport_introspection_c__visibility_control.h
-- Up-to-date: /home/kevin/radar_ws/install/camera_stream/include/camera_stream/camera_stream/msg/detail
-- Installing: /home/kevin/radar_ws/install/camera_stream/include/camera_stream/camera_stream/msg/detail/share_image__rosidl_typesupport_introspection_c.h
-- Up-to-date: /home/kevin/radar_ws/install/camera_stream/include/camera_stream/camera_stream/msg/detail/share_image__type_support.c
-- Installing: /home/kevin/radar_ws/install/camera_stream/lib/libcamera_stream__rosidl_typesupport_introspection_c.so
-- Set non-toolchain portion of runtime path of "/home/kevin/radar_ws/install/camera_stream/lib/libcamera_stream__rosidl_typesupport_introspection_c.so" to ""
-- Installing: /home/kevin/radar_ws/install/camera_stream/lib/libcamera_stream__rosidl_typesupport_c.so
-- Set non-toolchain portion of runtime path of "/home/kevin/radar_ws/install/camera_stream/lib/libcamera_stream__rosidl_typesupport_c.so" to ""
-- Up-to-date: /home/kevin/radar_ws/install/camera_stream/include/camera_stream/camera_stream
-- Up-to-date: /home/kevin/radar_ws/install/camera_stream/include/camera_stream/camera_stream/msg
-- Up-to-date: /home/kevin/radar_ws/install/camera_stream/include/camera_stream/camera_stream/msg/detail
-- Installing: /home/kevin/radar_ws/install/camera_stream/include/camera_stream/camera_stream/msg/detail/share_image__rosidl_typesupport_introspection_cpp.hpp
-- Installing: /home/kevin/radar_ws/install/camera_stream/include/camera_stream/camera_stream/msg/detail/share_image__type_support.cpp
-- Installing: /home/kevin/radar_ws/install/camera_stream/lib/libcamera_stream__rosidl_typesupport_introspection_cpp.so
-- Set non-toolchain portion of runtime path of "/home/kevin/radar_ws/install/camera_stream/lib/libcamera_stream__rosidl_typesupport_introspection_cpp.so" to ""
-- Installing: /home/kevin/radar_ws/install/camera_stream/lib/libcamera_stream__rosidl_typesupport_cpp.so
-- Set non-toolchain portion of runtime path of "/home/kevin/radar_ws/install/camera_stream/lib/libcamera_stream__rosidl_typesupport_cpp.so" to ""
-- Installing: /home/kevin/radar_ws/install/camera_stream/share/camera_stream/environment/pythonpath.sh
-- Installing: /home/kevin/radar_ws/install/camera_stream/share/camera_stream/environment/pythonpath.dsv
-- Installing: /home/kevin/radar_ws/install/camera_stream/lib/python3.12/site-packages/camera_stream-0.0.0-py3.12.egg-info
-- Installing: /home/kevin/radar_ws/install/camera_stream/lib/python3.12/site-packages/camera_stream-0.0.0-py3.12.egg-info/SOURCES.txt
-- Installing: /home/kevin/radar_ws/install/camera_stream/lib/python3.12/site-packages/camera_stream-0.0.0-py3.12.egg-info/top_level.txt
-- Installing: /home/kevin/radar_ws/install/camera_stream/lib/python3.12/site-packages/camera_stream-0.0.0-py3.12.egg-info/PKG-INFO
-- Installing: /home/kevin/radar_ws/install/camera_stream/lib/python3.12/site-packages/camera_stream-0.0.0-py3.12.egg-info/dependency_links.txt
-- Installing: /home/kevin/radar_ws/install/camera_stream/lib/python3.12/site-packages/camera_stream
-- Installing: /home/kevin/radar_ws/install/camera_stream/lib/python3.12/site-packages/camera_stream/camera_stream_s__rosidl_typesupport_c.so
-- Installing: /home/kevin/radar_ws/install/camera_stream/lib/python3.12/site-packages/camera_stream/_camera_stream_s.ep.rosidl_typesupport_c.c
-- Installing: /home/kevin/radar_ws/install/camera_stream/lib/python3.12/site-packages/camera_stream/_camera_stream_s.ep.rosidl_typesupport_introspection_c.c
-- Installing: /home/kevin/radar_ws/install/camera_stream/lib/python3.12/site-packages/camera_stream/__init__.py
-- Installing: /home/kevin/radar_ws/install/camera_stream/lib/python3.12/site-packages/camera_stream/_camera_stream_s.ep.rosidl_typesupport_fastrtps_c.c
-- Installing: /home/kevin/radar_ws/install/camera_stream/lib/python3.12/site-packages/camera_stream/camera_stream_s__rosidl_typesupport_fastrtps_c.so
-- Installing: /home/kevin/radar_ws/install/camera_stream/lib/python3.12/site-packages/camera_stream/msg
-- Installing: /home/kevin/radar_ws/install/camera_stream/lib/python3.12/site-packages/camera_stream/msg/_share_image.py
-- Installing: /home/kevin/radar_ws/install/camera_stream/lib/python3.12/site-packages/camera_stream/msg/__init__.py
-- Installing: /home/kevin/radar_ws/install/camera_stream/lib/python3.12/site-packages/camera_stream/msg/_share_image_s.c
-- Installing: /home/kevin/radar_ws/install/camera_stream/lib/python3.12/site-packages/camera_stream/camera_stream_s__rosidl_typesupport_introspection_c.so
Listing '/home/kevin/radar_ws/install/camera_stream/lib/python3.12/site-packages/camera_stream'...
Compiling '/home/kevin/radar_ws/install/camera_stream/lib/python3.12/site-packages/camera_stream/__init__.py'...
Listing '/home/kevin/radar_ws/install/camera_stream/lib/python3.12/site-packages/camera_stream/msg'...
Compiling '/home/kevin/radar_ws/install/camera_stream/lib/python3.12/site-packages/camera_stream/msg/__init__.py'...
Compiling '/home/kevin/radar_ws/install/camera_stream/lib/python3.12/site-packages/camera_stream/msg/_share_image.py'...
-- Installing: /home/kevin/radar_ws/install/camera_stream/lib/python3.12/site-packages/camera_stream/camera_stream_s__rosidl_typesupport_fastrtps_c.so
-- Set non-toolchain portion of runtime path of "/home/kevin/radar_ws/install/camera_stream/lib/python3.12/site-packages/camera_stream/camera_stream_s__rosidl_typesupport_fastrtps_c.so" to ""
-- Installing: /home/kevin/radar_ws/install/camera_stream/lib/python3.12/site-packages/camera_stream/camera_stream_s__rosidl_typesupport_introspection_c.so
-- Set non-toolchain portion of runtime path of "/home/kevin/radar_ws/install/camera_stream/lib/python3.12/site-packages/camera_stream/camera_stream_s__rosidl_typesupport_introspection_c.so" to ""
-- Installing: /home/kevin/radar_ws/install/camera_stream/lib/python3.12/site-packages/camera_stream/camera_stream_s__rosidl_typesupport_c.so
-- Set non-toolchain portion of runtime path of "/home/kevin/radar_ws/install/camera_stream/lib/python3.12/site-packages/camera_stream/camera_stream_s__rosidl_typesupport_c.so" to ""
-- Installing: /home/kevin/radar_ws/install/camera_stream/lib/libcamera_stream__rosidl_generator_py.so
-- Set non-toolchain portion of runtime path of "/home/kevin/radar_ws/install/camera_stream/lib/libcamera_stream__rosidl_generator_py.so" to ""
-- Installing: /home/kevin/radar_ws/install/camera_stream/share/ament_index/resource_index/rust_packages/camera_stream
-- Installing: /home/kevin/radar_ws/install/camera_stream/share/camera_stream/rust
-- Installing: /home/kevin/radar_ws/install/camera_stream/share/camera_stream/rust/Cargo.toml
-- Installing: /home/kevin/radar_ws/install/camera_stream/share/camera_stream/rust/src
-- Installing: /home/kevin/radar_ws/install/camera_stream/share/camera_stream/rust/src/msg.rs
-- Installing: /home/kevin/radar_ws/install/camera_stream/share/camera_stream/rust/src/lib.rs
-- Installing: /home/kevin/radar_ws/install/camera_stream/share/camera_stream/rust/src/msg
-- Installing: /home/kevin/radar_ws/install/camera_stream/share/camera_stream/rust/src/msg/rmw.rs
-- Installing: /home/kevin/radar_ws/install/camera_stream/share/camera_stream/rust/build.rs
-- Installing: /home/kevin/radar_ws/install/camera_stream/share/camera_stream/msg/ShareImage.idl
-- Installing: /home/kevin/radar_ws/install/camera_stream/share/camera_stream/msg/ShareImage.msg
-- Installing: /home/kevin/radar_ws/install/camera_stream/lib/camera_stream/camera_stream_publisher
-- Set non-toolchain portion of runtime path of "/home/kevin/radar_ws/install/camera_stream/lib/camera_stream/camera_stream_publisher" to ""
-- Installing: /home/kevin/radar_ws/install/camera_stream/lib/camera_stream/camera_stream_receiver
-- Set non-toolchain portion of runtime path of "/home/kevin/radar_ws/install/camera_stream/lib/camera_stream/camera_stream_receiver" to ""
-- Up-to-date: /home/kevin/radar_ws/install/camera_stream/include/
-- Installing: /home/kevin/radar_ws/install/camera_stream/include//MvCameraControl.h
-- Installing: /home/kevin/radar_ws/install/camera_stream/include//CameraParams.h
-- Installing: /home/kevin/radar_ws/install/camera_stream/include//MvISPErrorDefine.h
-- Installing: /home/kevin/radar_ws/install/camera_stream/include//MvErrorDefine.h
-- Installing: /home/kevin/radar_ws/install/camera_stream/include//HKCamera.h
-- Installing: /home/kevin/radar_ws/install/camera_stream/include//MvObsoleteInterfaces.h
-- Installing: /home/kevin/radar_ws/install/camera_stream/include//ObsoleteCamParams.h
-- Installing: /home/kevin/radar_ws/install/camera_stream/include//PixelType.h
-- Installing: /home/kevin/radar_ws/install/camera_stream/lib/camera_stream/libMvCameraControl.so
-- Installing: /home/kevin/radar_ws/install/camera_stream/share/ament_index/resource_index/package_run_dependencies/camera_stream
-- Installing: /home/kevin/radar_ws/install/camera_stream/share/ament_index/resource_index/parent_prefix_path/camera_stream
-- Installing: /home/kevin/radar_ws/install/camera_stream/share/camera_stream/environment/ament_prefix_path.sh
-- Installing: /home/kevin/radar_ws/install/camera_stream/share/camera_stream/environment/ament_prefix_path.dsv
-- Installing: /home/kevin/radar_ws/install/camera_stream/share/camera_stream/environment/path.sh
-- Installing: /home/kevin/radar_ws/install/camera_stream/share/camera_stream/environment/path.dsv
-- Installing: /home/kevin/radar_ws/install/camera_stream/share/camera_stream/local_setup.bash
-- Installing: /home/kevin/radar_ws/install/camera_stream/share/camera_stream/local_setup.sh
-- Installing: /home/kevin/radar_ws/install/camera_stream/share/camera_stream/local_setup.zsh
-- Installing: /home/kevin/radar_ws/install/camera_stream/share/camera_stream/local_setup.dsv
-- Installing: /home/kevin/radar_ws/install/camera_stream/share/camera_stream/package.dsv
-- Installing: /home/kevin/radar_ws/install/camera_stream/share/ament_index/resource_index/packages/camera_stream
-- Installing: /home/kevin/radar_ws/install/camera_stream/share/camera_stream/cmake/export_camera_stream__rosidl_generator_cExport.cmake
-- Installing: /home/kevin/radar_ws/install/camera_stream/share/camera_stream/cmake/export_camera_stream__rosidl_generator_cExport-noconfig.cmake
-- Installing: /home/kevin/radar_ws/install/camera_stream/share/camera_stream/cmake/export_camera_stream__rosidl_typesupport_fastrtps_cExport.cmake
-- Installing: /home/kevin/radar_ws/install/camera_stream/share/camera_stream/cmake/export_camera_stream__rosidl_typesupport_fastrtps_cExport-noconfig.cmake
-- Installing: /home/kevin/radar_ws/install/camera_stream/share/camera_stream/cmake/export_camera_stream__rosidl_generator_cppExport.cmake
-- Installing: /home/kevin/radar_ws/install/camera_stream/share/camera_stream/cmake/export_camera_stream__rosidl_typesupport_fastrtps_cppExport.cmake
-- Installing: /home/kevin/radar_ws/install/camera_stream/share/camera_stream/cmake/export_camera_stream__rosidl_typesupport_fastrtps_cppExport-noconfig.cmake
-- Installing: /home/kevin/radar_ws/install/camera_stream/share/camera_stream/cmake/camera_stream__rosidl_typesupport_introspection_cExport.cmake
-- Installing: /home/kevin/radar_ws/install/camera_stream/share/camera_stream/cmake/camera_stream__rosidl_typesupport_introspection_cExport-noconfig.cmake
-- Installing: /home/kevin/radar_ws/install/camera_stream/share/camera_stream/cmake/camera_stream__rosidl_typesupport_cExport.cmake
-- Installing: /home/kevin/radar_ws/install/camera_stream/share/camera_stream/cmake/camera_stream__rosidl_typesupport_cExport-noconfig.cmake
-- Installing: /home/kevin/radar_ws/install/camera_stream/share/camera_stream/cmake/camera_stream__rosidl_typesupport_introspection_cppExport.cmake
-- Installing: /home/kevin/radar_ws/install/camera_stream/share/camera_stream/cmake/camera_stream__rosidl_typesupport_introspection_cppExport-noconfig.cmake
-- Installing: /home/kevin/radar_ws/install/camera_stream/share/camera_stream/cmake/camera_stream__rosidl_typesupport_cppExport.cmake
-- Installing: /home/kevin/radar_ws/install/camera_stream/share/camera_stream/cmake/camera_stream__rosidl_typesupport_cppExport-noconfig.cmake
-- Installing: /home/kevin/radar_ws/install/camera_stream/share/camera_stream/cmake/export_camera_stream__rosidl_generator_pyExport.cmake
-- Installing: /home/kevin/radar_ws/install/camera_stream/share/camera_stream/cmake/export_camera_stream__rosidl_generator_pyExport-noconfig.cmake
-- Installing: /home/kevin/radar_ws/install/camera_stream/share/camera_stream/cmake/rosidl_cmake-extras.cmake
-- Installing: /home/kevin/radar_ws/install/camera_stream/share/camera_stream/cmake/ament_cmake_export_dependencies-extras.cmake
-- Installing: /home/kevin/radar_ws/install/camera_stream/share/camera_stream/cmake/ament_cmake_export_include_directories-extras.cmake
-- Installing: /home/kevin/radar_ws/install/camera_stream/share/camera_stream/cmake/ament_cmake_export_libraries-extras.cmake
-- Installing: /home/kevin/radar_ws/install/camera_stream/share/camera_stream/cmake/ament_cmake_export_targets-extras.cmake
-- Installing: /home/kevin/radar_ws/install/camera_stream/share/camera_stream/cmake/rosidl_cmake_export_typesupport_targets-extras.cmake
-- Installing: /home/kevin/radar_ws/install/camera_stream/share/camera_stream/cmake/rosidl_cmake_export_typesupport_libraries-extras.cmake
-- Installing: /home/kevin/radar_ws/install/camera_stream/share/camera_stream/cmake/camera_streamConfig.cmake
-- Installing: /home/kevin/radar_ws/install/camera_stream/share/camera_stream/cmake/camera_streamConfig-version.cmake
-- Installing: /home/kevin/radar_ws/install/camera_stream/share/camera_stream/package.xml
