[ 25%] [32mBuilding CXX object CMakeFiles/node_pnp_calibration.dir/src/ui.cpp.o[0m
[ 50%] [32mBuilding CXX object CMakeFiles/node_pnp_calibration.dir/src/calibration.cpp.o[0m
[ 75%] [32mBuilding CXX object CMakeFiles/node_pnp_calibration.dir/src/node_pnp_calibration.cpp.o[0m
[01m[K/home/kevin/radar_ws/src/pnp_calibration/src/ui.cpp:[m[K In function ‘[01m[Kvoid[01;32m[K cameraMouseCallback[m[K(int, int, int, int, void*)[m[K’:
[01m[K/home/kevin/radar_ws/src/pnp_calibration/src/ui.cpp:6:62:[m[K [01;35m[Kwarning: [m[Kunused parameter ‘[01m[Kflags[m[K’ [[01;35m[K]8;;https://gcc.gnu.org/onlinedocs/gcc/Warning-Options.html#index-Wunused-parameter-Wunused-parameter]8;;[m[K]
    6 | static void cameraMouseCallback(int event, int x, int y, [01;35m[Kint flags[m[K, void* userdata) {
      |                                                          [01;35m[K~~~~^~~~~[m[K
[01m[K/home/kevin/radar_ws/src/pnp_calibration/src/ui.cpp:[m[K In function ‘[01m[Kvoid[01;32m[K mapMouseCallback[m[K(int, int, int, int, void*)[m[K’:
[01m[K/home/kevin/radar_ws/src/pnp_calibration/src/ui.cpp:16:59:[m[K [01;35m[Kwarning: [m[Kunused parameter ‘[01m[Kflags[m[K’ [[01;35m[K]8;;https://gcc.gnu.org/onlinedocs/gcc/Warning-Options.html#index-Wunused-parameter-Wunused-parameter]8;;[m[K]
   16 | static void mapMouseCallback(int event, int x, int y, [01;35m[Kint flags[m[K, void* userdata) {
      |                                                       [01;35m[K~~~~^~~~~[m[K
[100%] [32m[1mLinking CXX executable node_pnp_calibration[0m
[100%] Built target node_pnp_calibration
-- Install configuration: ""
-- Up-to-date: /home/kevin/radar_ws/install/pnp_calibration/share/ament_index/resource_index/package_run_dependencies/pnp_calibration
-- Up-to-date: /home/kevin/radar_ws/install/pnp_calibration/share/ament_index/resource_index/parent_prefix_path/pnp_calibration
-- Up-to-date: /home/kevin/radar_ws/install/pnp_calibration/share/pnp_calibration/environment/ament_prefix_path.sh
-- Up-to-date: /home/kevin/radar_ws/install/pnp_calibration/share/pnp_calibration/environment/ament_prefix_path.dsv
-- Up-to-date: /home/kevin/radar_ws/install/pnp_calibration/share/pnp_calibration/environment/path.sh
-- Up-to-date: /home/kevin/radar_ws/install/pnp_calibration/share/pnp_calibration/environment/path.dsv
-- Up-to-date: /home/kevin/radar_ws/install/pnp_calibration/share/pnp_calibration/local_setup.bash
-- Up-to-date: /home/kevin/radar_ws/install/pnp_calibration/share/pnp_calibration/local_setup.sh
-- Up-to-date: /home/kevin/radar_ws/install/pnp_calibration/share/pnp_calibration/local_setup.zsh
-- Up-to-date: /home/kevin/radar_ws/install/pnp_calibration/share/pnp_calibration/local_setup.dsv
-- Installing: /home/kevin/radar_ws/install/pnp_calibration/share/pnp_calibration/package.dsv
-- Up-to-date: /home/kevin/radar_ws/install/pnp_calibration/share/ament_index/resource_index/packages/pnp_calibration
-- Up-to-date: /home/kevin/radar_ws/install/pnp_calibration/share/pnp_calibration/cmake/pnp_calibrationConfig.cmake
-- Up-to-date: /home/kevin/radar_ws/install/pnp_calibration/share/pnp_calibration/cmake/pnp_calibrationConfig-version.cmake
-- Up-to-date: /home/kevin/radar_ws/install/pnp_calibration/share/pnp_calibration/package.xml
-- Installing: /home/kevin/radar_ws/install/pnp_calibration/lib/pnp_calibration/node_pnp_calibration
-- Set non-toolchain portion of runtime path of "/home/kevin/radar_ws/install/pnp_calibration/lib/pnp_calibration/node_pnp_calibration" to ""
