[0.008s] Invoking command in '/home/kevin/radar_ws/build/pnp_calibration': CMAKE_PREFIX_PATH=/home/kevin/radar_ws/install/camera_stream:/home/kevin/radar_ws/install/radar_controllers:/home/kevin/radar_ws/install/vision_detector:/home/kevin/radar_ws/install/pnp_calibration:/opt/ros/jazzy/opt/gz_math_vendor:/opt/ros/jazzy/opt/gz_utils_vendor:/opt/ros/jazzy/opt/gz_cmake_vendor:/opt/ros/jazzy DEBUGINFOD_URLS=https://debuginfod.ubuntu.com LD_LIBRARY_PATH=/home/kevin/radar_ws/install/camera_stream/lib:/opt/MVS/lib/64:/opt/MVS/lib/32:/home/kevin/radar_ws/install/vision_detector/lib:/opt/ros/jazzy/opt/rviz_ogre_vendor/lib:/opt/ros/jazzy/lib/x86_64-linux-gnu:/opt/ros/jazzy/opt/gz_math_vendor/lib:/opt/ros/jazzy/opt/gz_utils_vendor/lib:/opt/ros/jazzy/opt/gz_cmake_vendor/lib:/opt/ros/jazzy/lib PYTHONPATH=/home/kevin/radar_ws/install/camera_stream/lib/python3.12/site-packages:/home/kevin/radar_ws/install/vision_detector/lib/python3.12/site-packages:/opt/ros/jazzy/lib/python3.12/site-packages /usr/bin/cmake --build /home/kevin/radar_ws/build/pnp_calibration -- -j32 -l32
[0.061s] [ 25%] [32mBuilding CXX object CMakeFiles/node_pnp_calibration.dir/src/ui.cpp.o[0m
[0.061s] [ 50%] [32mBuilding CXX object CMakeFiles/node_pnp_calibration.dir/src/calibration.cpp.o[0m
[0.062s] [ 75%] [32mBuilding CXX object CMakeFiles/node_pnp_calibration.dir/src/node_pnp_calibration.cpp.o[0m
[0.807s] [01m[K/home/kevin/radar_ws/src/pnp_calibration/src/ui.cpp:[m[K In function ‘[01m[Kvoid[01;32m[K cameraMouseCallback[m[K(int, int, int, int, void*)[m[K’:
[0.807s] [01m[K/home/kevin/radar_ws/src/pnp_calibration/src/ui.cpp:6:62:[m[K [01;35m[Kwarning: [m[Kunused parameter ‘[01m[Kflags[m[K’ [[01;35m[K]8;;https://gcc.gnu.org/onlinedocs/gcc/Warning-Options.html#index-Wunused-parameter-Wunused-parameter]8;;[m[K]
[0.807s]     6 | static void cameraMouseCallback(int event, int x, int y, [01;35m[Kint flags[m[K, void* userdata) {
[0.807s]       |                                                          [01;35m[K~~~~^~~~~[m[K
[0.807s] [01m[K/home/kevin/radar_ws/src/pnp_calibration/src/ui.cpp:[m[K In function ‘[01m[Kvoid[01;32m[K mapMouseCallback[m[K(int, int, int, int, void*)[m[K’:
[0.807s] [01m[K/home/kevin/radar_ws/src/pnp_calibration/src/ui.cpp:16:59:[m[K [01;35m[Kwarning: [m[Kunused parameter ‘[01m[Kflags[m[K’ [[01;35m[K]8;;https://gcc.gnu.org/onlinedocs/gcc/Warning-Options.html#index-Wunused-parameter-Wunused-parameter]8;;[m[K]
[0.807s]    16 | static void mapMouseCallback(int event, int x, int y, [01;35m[Kint flags[m[K, void* userdata) {
[0.808s]       |                                                       [01;35m[K~~~~^~~~~[m[K
[5.157s] [100%] [32m[1mLinking CXX executable node_pnp_calibration[0m
[5.597s] [100%] Built target node_pnp_calibration
[5.606s] Invoked command in '/home/kevin/radar_ws/build/pnp_calibration' returned '0': CMAKE_PREFIX_PATH=/home/kevin/radar_ws/install/camera_stream:/home/kevin/radar_ws/install/radar_controllers:/home/kevin/radar_ws/install/vision_detector:/home/kevin/radar_ws/install/pnp_calibration:/opt/ros/jazzy/opt/gz_math_vendor:/opt/ros/jazzy/opt/gz_utils_vendor:/opt/ros/jazzy/opt/gz_cmake_vendor:/opt/ros/jazzy DEBUGINFOD_URLS=https://debuginfod.ubuntu.com LD_LIBRARY_PATH=/home/kevin/radar_ws/install/camera_stream/lib:/opt/MVS/lib/64:/opt/MVS/lib/32:/home/kevin/radar_ws/install/vision_detector/lib:/opt/ros/jazzy/opt/rviz_ogre_vendor/lib:/opt/ros/jazzy/lib/x86_64-linux-gnu:/opt/ros/jazzy/opt/gz_math_vendor/lib:/opt/ros/jazzy/opt/gz_utils_vendor/lib:/opt/ros/jazzy/opt/gz_cmake_vendor/lib:/opt/ros/jazzy/lib PYTHONPATH=/home/kevin/radar_ws/install/camera_stream/lib/python3.12/site-packages:/home/kevin/radar_ws/install/vision_detector/lib/python3.12/site-packages:/opt/ros/jazzy/lib/python3.12/site-packages /usr/bin/cmake --build /home/kevin/radar_ws/build/pnp_calibration -- -j32 -l32
[5.607s] Invoking command in '/home/kevin/radar_ws/build/pnp_calibration': CMAKE_PREFIX_PATH=/home/kevin/radar_ws/install/camera_stream:/home/kevin/radar_ws/install/radar_controllers:/home/kevin/radar_ws/install/vision_detector:/home/kevin/radar_ws/install/pnp_calibration:/opt/ros/jazzy/opt/gz_math_vendor:/opt/ros/jazzy/opt/gz_utils_vendor:/opt/ros/jazzy/opt/gz_cmake_vendor:/opt/ros/jazzy DEBUGINFOD_URLS=https://debuginfod.ubuntu.com LD_LIBRARY_PATH=/home/kevin/radar_ws/install/camera_stream/lib:/opt/MVS/lib/64:/opt/MVS/lib/32:/home/kevin/radar_ws/install/vision_detector/lib:/opt/ros/jazzy/opt/rviz_ogre_vendor/lib:/opt/ros/jazzy/lib/x86_64-linux-gnu:/opt/ros/jazzy/opt/gz_math_vendor/lib:/opt/ros/jazzy/opt/gz_utils_vendor/lib:/opt/ros/jazzy/opt/gz_cmake_vendor/lib:/opt/ros/jazzy/lib PYTHONPATH=/home/kevin/radar_ws/install/camera_stream/lib/python3.12/site-packages:/home/kevin/radar_ws/install/vision_detector/lib/python3.12/site-packages:/opt/ros/jazzy/lib/python3.12/site-packages /usr/bin/cmake --install /home/kevin/radar_ws/build/pnp_calibration
[5.613s] -- Install configuration: ""
[5.613s] -- Up-to-date: /home/kevin/radar_ws/install/pnp_calibration/share/ament_index/resource_index/package_run_dependencies/pnp_calibration
[5.613s] -- Up-to-date: /home/kevin/radar_ws/install/pnp_calibration/share/ament_index/resource_index/parent_prefix_path/pnp_calibration
[5.613s] -- Up-to-date: /home/kevin/radar_ws/install/pnp_calibration/share/pnp_calibration/environment/ament_prefix_path.sh
[5.613s] -- Up-to-date: /home/kevin/radar_ws/install/pnp_calibration/share/pnp_calibration/environment/ament_prefix_path.dsv
[5.613s] -- Up-to-date: /home/kevin/radar_ws/install/pnp_calibration/share/pnp_calibration/environment/path.sh
[5.614s] -- Up-to-date: /home/kevin/radar_ws/install/pnp_calibration/share/pnp_calibration/environment/path.dsv
[5.614s] -- Up-to-date: /home/kevin/radar_ws/install/pnp_calibration/share/pnp_calibration/local_setup.bash
[5.614s] -- Up-to-date: /home/kevin/radar_ws/install/pnp_calibration/share/pnp_calibration/local_setup.sh
[5.614s] -- Up-to-date: /home/kevin/radar_ws/install/pnp_calibration/share/pnp_calibration/local_setup.zsh
[5.614s] -- Up-to-date: /home/kevin/radar_ws/install/pnp_calibration/share/pnp_calibration/local_setup.dsv
[5.614s] -- Installing: /home/kevin/radar_ws/install/pnp_calibration/share/pnp_calibration/package.dsv
[5.614s] -- Up-to-date: /home/kevin/radar_ws/install/pnp_calibration/share/ament_index/resource_index/packages/pnp_calibration
[5.614s] -- Up-to-date: /home/kevin/radar_ws/install/pnp_calibration/share/pnp_calibration/cmake/pnp_calibrationConfig.cmake
[5.614s] -- Up-to-date: /home/kevin/radar_ws/install/pnp_calibration/share/pnp_calibration/cmake/pnp_calibrationConfig-version.cmake
[5.614s] -- Up-to-date: /home/kevin/radar_ws/install/pnp_calibration/share/pnp_calibration/package.xml
[5.614s] -- Installing: /home/kevin/radar_ws/install/pnp_calibration/lib/pnp_calibration/node_pnp_calibration
[5.616s] -- Set non-toolchain portion of runtime path of "/home/kevin/radar_ws/install/pnp_calibration/lib/pnp_calibration/node_pnp_calibration" to ""
[5.618s] Invoked command in '/home/kevin/radar_ws/build/pnp_calibration' returned '0': CMAKE_PREFIX_PATH=/home/kevin/radar_ws/install/camera_stream:/home/kevin/radar_ws/install/radar_controllers:/home/kevin/radar_ws/install/vision_detector:/home/kevin/radar_ws/install/pnp_calibration:/opt/ros/jazzy/opt/gz_math_vendor:/opt/ros/jazzy/opt/gz_utils_vendor:/opt/ros/jazzy/opt/gz_cmake_vendor:/opt/ros/jazzy DEBUGINFOD_URLS=https://debuginfod.ubuntu.com LD_LIBRARY_PATH=/home/kevin/radar_ws/install/camera_stream/lib:/opt/MVS/lib/64:/opt/MVS/lib/32:/home/kevin/radar_ws/install/vision_detector/lib:/opt/ros/jazzy/opt/rviz_ogre_vendor/lib:/opt/ros/jazzy/lib/x86_64-linux-gnu:/opt/ros/jazzy/opt/gz_math_vendor/lib:/opt/ros/jazzy/opt/gz_utils_vendor/lib:/opt/ros/jazzy/opt/gz_cmake_vendor/lib:/opt/ros/jazzy/lib PYTHONPATH=/home/kevin/radar_ws/install/camera_stream/lib/python3.12/site-packages:/home/kevin/radar_ws/install/vision_detector/lib/python3.12/site-packages:/opt/ros/jazzy/lib/python3.12/site-packages /usr/bin/cmake --install /home/kevin/radar_ws/build/pnp_calibration
