[0.066s] DEBUG:colcon:Command line arguments: ['/usr/bin/colcon', 'build']
[0.066s] DEBUG:colcon:Parsed command line arguments: Namespace(log_base=None, log_level=None, verb_name='build', build_base='build', install_base='install', merge_install=False, symlink_install=False, test_result_base=None, continue_on_error=False, executor='parallel', parallel_workers=32, event_handlers=None, ignore_user_meta=False, metas=['./colcon.meta'], base_paths=['.'], packages_ignore=None, packages_ignore_regex=None, paths=None, packages_up_to=None, packages_up_to_regex=None, packages_above=None, packages_above_and_dependencies=None, packages_above_depth=None, packages_select_by_dep=None, packages_skip_by_dep=None, packages_skip_up_to=None, packages_select_build_failed=False, packages_skip_build_finished=False, packages_select_test_failures=False, packages_skip_test_passed=False, packages_select=None, packages_skip=None, packages_select_regex=None, packages_skip_regex=None, packages_start=None, packages_end=None, allow_overriding=[], cmake_args=None, cmake_target=None, cmake_target_skip_unavailable=False, cmake_clean_cache=False, cmake_clean_first=False, cmake_force_configure=False, ament_cmake_args=None, catkin_cmake_args=None, catkin_skip_building_tests=False, verb_parser=<colcon_defaults.argument_parser.defaults.DefaultArgumentsDecorator object at 0x752f13c7d460>, verb_extension=<colcon_core.verb.build.BuildVerb object at 0x752f14842930>, main=<bound method BuildVerb.main of <colcon_core.verb.build.BuildVerb object at 0x752f14842930>>)
[0.091s] Level 1:colcon.colcon_core.package_discovery:discover_packages(colcon_meta) check parameters
[0.091s] Level 1:colcon.colcon_core.package_discovery:discover_packages(recursive) check parameters
[0.091s] Level 1:colcon.colcon_core.package_discovery:discover_packages(ignore) check parameters
[0.091s] Level 1:colcon.colcon_core.package_discovery:discover_packages(path) check parameters
[0.091s] Level 1:colcon.colcon_core.package_discovery:discover_packages(colcon_meta) discover
[0.091s] Level 1:colcon.colcon_core.package_discovery:discover_packages(recursive) discover
[0.091s] INFO:colcon.colcon_core.package_discovery:Crawling recursively for packages in '/home/kevin/radar_ws'
[0.091s] Level 1:colcon.colcon_core.package_identification:_identify(.) by extensions ['ignore', 'ignore_ament_install']
[0.092s] Level 1:colcon.colcon_core.package_identification:_identify(.) by extension 'ignore'
[0.092s] Level 1:colcon.colcon_core.package_identification:_identify(.) by extension 'ignore_ament_install'
[0.092s] Level 1:colcon.colcon_core.package_identification:_identify(.) by extensions ['colcon_pkg']
[0.092s] Level 1:colcon.colcon_core.package_identification:_identify(.) by extension 'colcon_pkg'
[0.092s] Level 1:colcon.colcon_core.package_identification:_identify(.) by extensions ['colcon_meta']
[0.092s] Level 1:colcon.colcon_core.package_identification:_identify(.) by extension 'colcon_meta'
[0.092s] Level 1:colcon.colcon_core.package_identification:_identify(.) by extensions ['ros']
[0.092s] Level 1:colcon.colcon_core.package_identification:_identify(.) by extension 'ros'
[0.109s] Level 1:colcon.colcon_core.package_identification:_identify(.) by extensions ['cmake', 'python']
[0.109s] Level 1:colcon.colcon_core.package_identification:_identify(.) by extension 'cmake'
[0.109s] Level 1:colcon.colcon_core.package_identification:_identify(.) by extension 'python'
[0.109s] Level 1:colcon.colcon_core.package_identification:_identify(.) by extensions ['python_setup_py']
[0.109s] Level 1:colcon.colcon_core.package_identification:_identify(.) by extension 'python_setup_py'
[0.109s] Level 1:colcon.colcon_core.package_identification:_identify(build) by extensions ['ignore', 'ignore_ament_install']
[0.110s] Level 1:colcon.colcon_core.package_identification:_identify(build) by extension 'ignore'
[0.110s] Level 1:colcon.colcon_core.package_identification:_identify(build) ignored
[0.110s] Level 1:colcon.colcon_core.package_identification:_identify(image) by extensions ['ignore', 'ignore_ament_install']
[0.110s] Level 1:colcon.colcon_core.package_identification:_identify(image) by extension 'ignore'
[0.110s] Level 1:colcon.colcon_core.package_identification:_identify(image) by extension 'ignore_ament_install'
[0.110s] Level 1:colcon.colcon_core.package_identification:_identify(image) by extensions ['colcon_pkg']
[0.110s] Level 1:colcon.colcon_core.package_identification:_identify(image) by extension 'colcon_pkg'
[0.110s] Level 1:colcon.colcon_core.package_identification:_identify(image) by extensions ['colcon_meta']
[0.110s] Level 1:colcon.colcon_core.package_identification:_identify(image) by extension 'colcon_meta'
[0.110s] Level 1:colcon.colcon_core.package_identification:_identify(image) by extensions ['ros']
[0.110s] Level 1:colcon.colcon_core.package_identification:_identify(image) by extension 'ros'
[0.110s] Level 1:colcon.colcon_core.package_identification:_identify(image) by extensions ['cmake', 'python']
[0.110s] Level 1:colcon.colcon_core.package_identification:_identify(image) by extension 'cmake'
[0.110s] Level 1:colcon.colcon_core.package_identification:_identify(image) by extension 'python'
[0.110s] Level 1:colcon.colcon_core.package_identification:_identify(image) by extensions ['python_setup_py']
[0.110s] Level 1:colcon.colcon_core.package_identification:_identify(image) by extension 'python_setup_py'
[0.110s] Level 1:colcon.colcon_core.package_identification:_identify(install) by extensions ['ignore', 'ignore_ament_install']
[0.110s] Level 1:colcon.colcon_core.package_identification:_identify(install) by extension 'ignore'
[0.110s] Level 1:colcon.colcon_core.package_identification:_identify(install) ignored
[0.110s] Level 1:colcon.colcon_core.package_identification:_identify(log) by extensions ['ignore', 'ignore_ament_install']
[0.110s] Level 1:colcon.colcon_core.package_identification:_identify(log) by extension 'ignore'
[0.110s] Level 1:colcon.colcon_core.package_identification:_identify(log) ignored
[0.110s] Level 1:colcon.colcon_core.package_identification:_identify(src) by extensions ['ignore', 'ignore_ament_install']
[0.110s] Level 1:colcon.colcon_core.package_identification:_identify(src) by extension 'ignore'
[0.110s] Level 1:colcon.colcon_core.package_identification:_identify(src) by extension 'ignore_ament_install'
[0.110s] Level 1:colcon.colcon_core.package_identification:_identify(src) by extensions ['colcon_pkg']
[0.110s] Level 1:colcon.colcon_core.package_identification:_identify(src) by extension 'colcon_pkg'
[0.110s] Level 1:colcon.colcon_core.package_identification:_identify(src) by extensions ['colcon_meta']
[0.110s] Level 1:colcon.colcon_core.package_identification:_identify(src) by extension 'colcon_meta'
[0.110s] Level 1:colcon.colcon_core.package_identification:_identify(src) by extensions ['ros']
[0.110s] Level 1:colcon.colcon_core.package_identification:_identify(src) by extension 'ros'
[0.111s] Level 1:colcon.colcon_core.package_identification:_identify(src) by extensions ['cmake', 'python']
[0.111s] Level 1:colcon.colcon_core.package_identification:_identify(src) by extension 'cmake'
[0.111s] Level 1:colcon.colcon_core.package_identification:_identify(src) by extension 'python'
[0.111s] Level 1:colcon.colcon_core.package_identification:_identify(src) by extensions ['python_setup_py']
[0.111s] Level 1:colcon.colcon_core.package_identification:_identify(src) by extension 'python_setup_py'
[0.111s] Level 1:colcon.colcon_core.package_identification:_identify(src/camera_stream) by extensions ['ignore', 'ignore_ament_install']
[0.111s] Level 1:colcon.colcon_core.package_identification:_identify(src/camera_stream) by extension 'ignore'
[0.111s] Level 1:colcon.colcon_core.package_identification:_identify(src/camera_stream) by extension 'ignore_ament_install'
[0.111s] Level 1:colcon.colcon_core.package_identification:_identify(src/camera_stream) by extensions ['colcon_pkg']
[0.111s] Level 1:colcon.colcon_core.package_identification:_identify(src/camera_stream) by extension 'colcon_pkg'
[0.111s] Level 1:colcon.colcon_core.package_identification:_identify(src/camera_stream) by extensions ['colcon_meta']
[0.111s] Level 1:colcon.colcon_core.package_identification:_identify(src/camera_stream) by extension 'colcon_meta'
[0.111s] Level 1:colcon.colcon_core.package_identification:_identify(src/camera_stream) by extensions ['ros']
[0.111s] Level 1:colcon.colcon_core.package_identification:_identify(src/camera_stream) by extension 'ros'
[0.113s] DEBUG:colcon.colcon_core.package_identification:Package 'src/camera_stream' with type 'ros.ament_cmake' and name 'camera_stream'
[0.113s] Level 1:colcon.colcon_core.package_identification:_identify(src/config) by extensions ['ignore', 'ignore_ament_install']
[0.113s] Level 1:colcon.colcon_core.package_identification:_identify(src/config) by extension 'ignore'
[0.113s] Level 1:colcon.colcon_core.package_identification:_identify(src/config) by extension 'ignore_ament_install'
[0.113s] Level 1:colcon.colcon_core.package_identification:_identify(src/config) by extensions ['colcon_pkg']
[0.113s] Level 1:colcon.colcon_core.package_identification:_identify(src/config) by extension 'colcon_pkg'
[0.113s] Level 1:colcon.colcon_core.package_identification:_identify(src/config) by extensions ['colcon_meta']
[0.113s] Level 1:colcon.colcon_core.package_identification:_identify(src/config) by extension 'colcon_meta'
[0.113s] Level 1:colcon.colcon_core.package_identification:_identify(src/config) by extensions ['ros']
[0.113s] Level 1:colcon.colcon_core.package_identification:_identify(src/config) by extension 'ros'
[0.113s] Level 1:colcon.colcon_core.package_identification:_identify(src/config) by extensions ['cmake', 'python']
[0.113s] Level 1:colcon.colcon_core.package_identification:_identify(src/config) by extension 'cmake'
[0.113s] Level 1:colcon.colcon_core.package_identification:_identify(src/config) by extension 'python'
[0.113s] Level 1:colcon.colcon_core.package_identification:_identify(src/config) by extensions ['python_setup_py']
[0.113s] Level 1:colcon.colcon_core.package_identification:_identify(src/config) by extension 'python_setup_py'
[0.114s] Level 1:colcon.colcon_core.package_identification:_identify(src/pnp_calibration) by extensions ['ignore', 'ignore_ament_install']
[0.114s] Level 1:colcon.colcon_core.package_identification:_identify(src/pnp_calibration) by extension 'ignore'
[0.114s] Level 1:colcon.colcon_core.package_identification:_identify(src/pnp_calibration) by extension 'ignore_ament_install'
[0.114s] Level 1:colcon.colcon_core.package_identification:_identify(src/pnp_calibration) by extensions ['colcon_pkg']
[0.114s] Level 1:colcon.colcon_core.package_identification:_identify(src/pnp_calibration) by extension 'colcon_pkg'
[0.114s] Level 1:colcon.colcon_core.package_identification:_identify(src/pnp_calibration) by extensions ['colcon_meta']
[0.114s] Level 1:colcon.colcon_core.package_identification:_identify(src/pnp_calibration) by extension 'colcon_meta'
[0.114s] Level 1:colcon.colcon_core.package_identification:_identify(src/pnp_calibration) by extensions ['ros']
[0.114s] Level 1:colcon.colcon_core.package_identification:_identify(src/pnp_calibration) by extension 'ros'
[0.114s] DEBUG:colcon.colcon_core.package_identification:Package 'src/pnp_calibration' with type 'ros.ament_cmake' and name 'pnp_calibration'
[0.114s] Level 1:colcon.colcon_core.package_identification:_identify(src/radar_controllers) by extensions ['ignore', 'ignore_ament_install']
[0.114s] Level 1:colcon.colcon_core.package_identification:_identify(src/radar_controllers) by extension 'ignore'
[0.114s] Level 1:colcon.colcon_core.package_identification:_identify(src/radar_controllers) by extension 'ignore_ament_install'
[0.114s] Level 1:colcon.colcon_core.package_identification:_identify(src/radar_controllers) by extensions ['colcon_pkg']
[0.114s] Level 1:colcon.colcon_core.package_identification:_identify(src/radar_controllers) by extension 'colcon_pkg'
[0.114s] Level 1:colcon.colcon_core.package_identification:_identify(src/radar_controllers) by extensions ['colcon_meta']
[0.114s] Level 1:colcon.colcon_core.package_identification:_identify(src/radar_controllers) by extension 'colcon_meta'
[0.114s] Level 1:colcon.colcon_core.package_identification:_identify(src/radar_controllers) by extensions ['ros']
[0.114s] Level 1:colcon.colcon_core.package_identification:_identify(src/radar_controllers) by extension 'ros'
[0.115s] DEBUG:colcon.colcon_core.package_identification:Package 'src/radar_controllers' with type 'ros.ament_cmake' and name 'radar_controllers'
[0.115s] Level 1:colcon.colcon_core.package_identification:_identify(src/vision_detector) by extensions ['ignore', 'ignore_ament_install']
[0.115s] Level 1:colcon.colcon_core.package_identification:_identify(src/vision_detector) by extension 'ignore'
[0.115s] Level 1:colcon.colcon_core.package_identification:_identify(src/vision_detector) by extension 'ignore_ament_install'
[0.115s] Level 1:colcon.colcon_core.package_identification:_identify(src/vision_detector) by extensions ['colcon_pkg']
[0.115s] Level 1:colcon.colcon_core.package_identification:_identify(src/vision_detector) by extension 'colcon_pkg'
[0.115s] Level 1:colcon.colcon_core.package_identification:_identify(src/vision_detector) by extensions ['colcon_meta']
[0.115s] Level 1:colcon.colcon_core.package_identification:_identify(src/vision_detector) by extension 'colcon_meta'
[0.115s] Level 1:colcon.colcon_core.package_identification:_identify(src/vision_detector) by extensions ['ros']
[0.115s] Level 1:colcon.colcon_core.package_identification:_identify(src/vision_detector) by extension 'ros'
[0.115s] DEBUG:colcon.colcon_core.package_identification:Package 'src/vision_detector' with type 'ros.ament_cmake' and name 'vision_detector'
[0.115s] Level 1:colcon.colcon_core.package_identification:_identify(tools) by extensions ['ignore', 'ignore_ament_install']
[0.115s] Level 1:colcon.colcon_core.package_identification:_identify(tools) by extension 'ignore'
[0.116s] Level 1:colcon.colcon_core.package_identification:_identify(tools) by extension 'ignore_ament_install'
[0.116s] Level 1:colcon.colcon_core.package_identification:_identify(tools) by extensions ['colcon_pkg']
[0.116s] Level 1:colcon.colcon_core.package_identification:_identify(tools) by extension 'colcon_pkg'
[0.116s] Level 1:colcon.colcon_core.package_identification:_identify(tools) by extensions ['colcon_meta']
[0.116s] Level 1:colcon.colcon_core.package_identification:_identify(tools) by extension 'colcon_meta'
[0.116s] Level 1:colcon.colcon_core.package_identification:_identify(tools) by extensions ['ros']
[0.116s] Level 1:colcon.colcon_core.package_identification:_identify(tools) by extension 'ros'
[0.116s] Level 1:colcon.colcon_core.package_identification:_identify(tools) by extensions ['cmake', 'python']
[0.116s] Level 1:colcon.colcon_core.package_identification:_identify(tools) by extension 'cmake'
[0.116s] Level 1:colcon.colcon_core.package_identification:_identify(tools) by extension 'python'
[0.116s] Level 1:colcon.colcon_core.package_identification:_identify(tools) by extensions ['python_setup_py']
[0.116s] Level 1:colcon.colcon_core.package_identification:_identify(tools) by extension 'python_setup_py'
[0.116s] Level 1:colcon.colcon_core.package_discovery:discover_packages(recursive) using defaults
[0.116s] Level 1:colcon.colcon_core.package_discovery:discover_packages(ignore) discover
[0.116s] Level 1:colcon.colcon_core.package_discovery:discover_packages(ignore) using defaults
[0.116s] Level 1:colcon.colcon_core.package_discovery:discover_packages(path) discover
[0.116s] Level 1:colcon.colcon_core.package_discovery:discover_packages(path) using defaults
[0.128s] Level 1:colcon.colcon_core.package_discovery:discover_packages(prefix_path) check parameters
[0.128s] Level 1:colcon.colcon_core.package_discovery:discover_packages(prefix_path) discover
[0.129s] DEBUG:colcon.colcon_installed_package_information.package_discovery:Found 4 installed packages in /home/kevin/radar_ws/install
[0.130s] DEBUG:colcon.colcon_installed_package_information.package_discovery:Found 287 installed packages in /opt/ros/jazzy
[0.131s] Level 1:colcon.colcon_core.package_discovery:discover_packages(prefix_path) using defaults
[0.155s] Level 5:colcon.colcon_core.verb:set package 'camera_stream' build argument 'cmake_args' from command line to 'None'
[0.155s] Level 5:colcon.colcon_core.verb:set package 'camera_stream' build argument 'cmake_target' from command line to 'None'
[0.155s] Level 5:colcon.colcon_core.verb:set package 'camera_stream' build argument 'cmake_target_skip_unavailable' from command line to 'False'
[0.155s] Level 5:colcon.colcon_core.verb:set package 'camera_stream' build argument 'cmake_clean_cache' from command line to 'False'
[0.155s] Level 5:colcon.colcon_core.verb:set package 'camera_stream' build argument 'cmake_clean_first' from command line to 'False'
[0.155s] Level 5:colcon.colcon_core.verb:set package 'camera_stream' build argument 'cmake_force_configure' from command line to 'False'
[0.155s] Level 5:colcon.colcon_core.verb:set package 'camera_stream' build argument 'ament_cmake_args' from command line to 'None'
[0.155s] Level 5:colcon.colcon_core.verb:set package 'camera_stream' build argument 'catkin_cmake_args' from command line to 'None'
[0.155s] Level 5:colcon.colcon_core.verb:set package 'camera_stream' build argument 'catkin_skip_building_tests' from command line to 'False'
[0.155s] DEBUG:colcon.colcon_core.verb:Building package 'camera_stream' with the following arguments: {'ament_cmake_args': None, 'build_base': '/home/kevin/radar_ws/build/camera_stream', 'catkin_cmake_args': None, 'catkin_skip_building_tests': False, 'cmake_args': None, 'cmake_clean_cache': False, 'cmake_clean_first': False, 'cmake_force_configure': False, 'cmake_target': None, 'cmake_target_skip_unavailable': False, 'install_base': '/home/kevin/radar_ws/install/camera_stream', 'merge_install': False, 'path': '/home/kevin/radar_ws/src/camera_stream', 'symlink_install': False, 'test_result_base': None}
[0.155s] Level 5:colcon.colcon_core.verb:set package 'pnp_calibration' build argument 'cmake_args' from command line to 'None'
[0.155s] Level 5:colcon.colcon_core.verb:set package 'pnp_calibration' build argument 'cmake_target' from command line to 'None'
[0.155s] Level 5:colcon.colcon_core.verb:set package 'pnp_calibration' build argument 'cmake_target_skip_unavailable' from command line to 'False'
[0.155s] Level 5:colcon.colcon_core.verb:set package 'pnp_calibration' build argument 'cmake_clean_cache' from command line to 'False'
[0.155s] Level 5:colcon.colcon_core.verb:set package 'pnp_calibration' build argument 'cmake_clean_first' from command line to 'False'
[0.155s] Level 5:colcon.colcon_core.verb:set package 'pnp_calibration' build argument 'cmake_force_configure' from command line to 'False'
[0.155s] Level 5:colcon.colcon_core.verb:set package 'pnp_calibration' build argument 'ament_cmake_args' from command line to 'None'
[0.155s] Level 5:colcon.colcon_core.verb:set package 'pnp_calibration' build argument 'catkin_cmake_args' from command line to 'None'
[0.155s] Level 5:colcon.colcon_core.verb:set package 'pnp_calibration' build argument 'catkin_skip_building_tests' from command line to 'False'
[0.155s] DEBUG:colcon.colcon_core.verb:Building package 'pnp_calibration' with the following arguments: {'ament_cmake_args': None, 'build_base': '/home/kevin/radar_ws/build/pnp_calibration', 'catkin_cmake_args': None, 'catkin_skip_building_tests': False, 'cmake_args': None, 'cmake_clean_cache': False, 'cmake_clean_first': False, 'cmake_force_configure': False, 'cmake_target': None, 'cmake_target_skip_unavailable': False, 'install_base': '/home/kevin/radar_ws/install/pnp_calibration', 'merge_install': False, 'path': '/home/kevin/radar_ws/src/pnp_calibration', 'symlink_install': False, 'test_result_base': None}
[0.155s] Level 5:colcon.colcon_core.verb:set package 'vision_detector' build argument 'cmake_args' from command line to 'None'
[0.155s] Level 5:colcon.colcon_core.verb:set package 'vision_detector' build argument 'cmake_target' from command line to 'None'
[0.155s] Level 5:colcon.colcon_core.verb:set package 'vision_detector' build argument 'cmake_target_skip_unavailable' from command line to 'False'
[0.155s] Level 5:colcon.colcon_core.verb:set package 'vision_detector' build argument 'cmake_clean_cache' from command line to 'False'
[0.155s] Level 5:colcon.colcon_core.verb:set package 'vision_detector' build argument 'cmake_clean_first' from command line to 'False'
[0.155s] Level 5:colcon.colcon_core.verb:set package 'vision_detector' build argument 'cmake_force_configure' from command line to 'False'
[0.155s] Level 5:colcon.colcon_core.verb:set package 'vision_detector' build argument 'ament_cmake_args' from command line to 'None'
[0.155s] Level 5:colcon.colcon_core.verb:set package 'vision_detector' build argument 'catkin_cmake_args' from command line to 'None'
[0.155s] Level 5:colcon.colcon_core.verb:set package 'vision_detector' build argument 'catkin_skip_building_tests' from command line to 'False'
[0.155s] DEBUG:colcon.colcon_core.verb:Building package 'vision_detector' with the following arguments: {'ament_cmake_args': None, 'build_base': '/home/kevin/radar_ws/build/vision_detector', 'catkin_cmake_args': None, 'catkin_skip_building_tests': False, 'cmake_args': None, 'cmake_clean_cache': False, 'cmake_clean_first': False, 'cmake_force_configure': False, 'cmake_target': None, 'cmake_target_skip_unavailable': False, 'install_base': '/home/kevin/radar_ws/install/vision_detector', 'merge_install': False, 'path': '/home/kevin/radar_ws/src/vision_detector', 'symlink_install': False, 'test_result_base': None}
[0.156s] Level 5:colcon.colcon_core.verb:set package 'radar_controllers' build argument 'cmake_args' from command line to 'None'
[0.156s] Level 5:colcon.colcon_core.verb:set package 'radar_controllers' build argument 'cmake_target' from command line to 'None'
[0.156s] Level 5:colcon.colcon_core.verb:set package 'radar_controllers' build argument 'cmake_target_skip_unavailable' from command line to 'False'
[0.156s] Level 5:colcon.colcon_core.verb:set package 'radar_controllers' build argument 'cmake_clean_cache' from command line to 'False'
[0.156s] Level 5:colcon.colcon_core.verb:set package 'radar_controllers' build argument 'cmake_clean_first' from command line to 'False'
[0.156s] Level 5:colcon.colcon_core.verb:set package 'radar_controllers' build argument 'cmake_force_configure' from command line to 'False'
[0.156s] Level 5:colcon.colcon_core.verb:set package 'radar_controllers' build argument 'ament_cmake_args' from command line to 'None'
[0.156s] Level 5:colcon.colcon_core.verb:set package 'radar_controllers' build argument 'catkin_cmake_args' from command line to 'None'
[0.156s] Level 5:colcon.colcon_core.verb:set package 'radar_controllers' build argument 'catkin_skip_building_tests' from command line to 'False'
[0.156s] DEBUG:colcon.colcon_core.verb:Building package 'radar_controllers' with the following arguments: {'ament_cmake_args': None, 'build_base': '/home/kevin/radar_ws/build/radar_controllers', 'catkin_cmake_args': None, 'catkin_skip_building_tests': False, 'cmake_args': None, 'cmake_clean_cache': False, 'cmake_clean_first': False, 'cmake_force_configure': False, 'cmake_target': None, 'cmake_target_skip_unavailable': False, 'install_base': '/home/kevin/radar_ws/install/radar_controllers', 'merge_install': False, 'path': '/home/kevin/radar_ws/src/radar_controllers', 'symlink_install': False, 'test_result_base': None}
[0.156s] INFO:colcon.colcon_core.executor:Executing jobs using 'parallel' executor
[0.156s] DEBUG:colcon.colcon_parallel_executor.executor.parallel:run_until_complete
[0.157s] INFO:colcon.colcon_ros.task.ament_cmake.build:Building ROS package in '/home/kevin/radar_ws/src/camera_stream' with build type 'ament_cmake'
[0.157s] INFO:colcon.colcon_cmake.task.cmake.build:Building CMake package in '/home/kevin/radar_ws/src/camera_stream'
[0.158s] INFO:colcon.colcon_core.plugin_system:Skipping extension 'colcon_core.shell.bat': Not used on non-Windows systems
[0.158s] INFO:colcon.colcon_core.shell:Skip shell extension 'powershell' for command environment: Not usable outside of PowerShell
[0.158s] DEBUG:colcon.colcon_core.shell:Skip shell extension 'dsv' for command environment
[0.164s] DEBUG:colcon.colcon_core.event_handler.log_command:Invoking command in '/home/kevin/radar_ws/build/camera_stream': CMAKE_PREFIX_PATH=${CMAKE_PREFIX_PATH}:/opt/ros/jazzy DEBUGINFOD_URLS=https://debuginfod.ubuntu.com /usr/bin/cmake --build /home/kevin/radar_ws/build/camera_stream -- -j32 -l32
[0.422s] DEBUG:colcon.colcon_core.event_handler.log_command:Invoked command in '/home/kevin/radar_ws/build/camera_stream' returned '0': CMAKE_PREFIX_PATH=${CMAKE_PREFIX_PATH}:/opt/ros/jazzy DEBUGINFOD_URLS=https://debuginfod.ubuntu.com /usr/bin/cmake --build /home/kevin/radar_ws/build/camera_stream -- -j32 -l32
[0.431s] DEBUG:colcon.colcon_core.event_handler.log_command:Invoking command in '/home/kevin/radar_ws/build/camera_stream': CMAKE_PREFIX_PATH=${CMAKE_PREFIX_PATH}:/opt/ros/jazzy DEBUGINFOD_URLS=https://debuginfod.ubuntu.com /usr/bin/cmake --install /home/kevin/radar_ws/build/camera_stream
[0.471s] Level 1:colcon.colcon_core.environment:create_environment_scripts_only(camera_stream)
[0.471s] DEBUG:colcon.colcon_core.event_handler.log_command:Invoked command in '/home/kevin/radar_ws/build/camera_stream' returned '0': CMAKE_PREFIX_PATH=${CMAKE_PREFIX_PATH}:/opt/ros/jazzy DEBUGINFOD_URLS=https://debuginfod.ubuntu.com /usr/bin/cmake --install /home/kevin/radar_ws/build/camera_stream
[0.472s] Level 1:colcon.colcon_core.environment:checking '/home/kevin/radar_ws/install/camera_stream' for CMake module files
[0.473s] Level 1:colcon.colcon_core.environment:checking '/home/kevin/radar_ws/install/camera_stream' for CMake config files
[0.473s] Level 1:colcon.colcon_core.shell:create_environment_hook('camera_stream', 'cmake_prefix_path')
[0.473s] INFO:colcon.colcon_core.shell:Creating environment hook '/home/kevin/radar_ws/install/camera_stream/share/camera_stream/hook/cmake_prefix_path.ps1'
[0.473s] INFO:colcon.colcon_core.shell:Creating environment descriptor '/home/kevin/radar_ws/install/camera_stream/share/camera_stream/hook/cmake_prefix_path.dsv'
[0.474s] INFO:colcon.colcon_core.shell:Creating environment hook '/home/kevin/radar_ws/install/camera_stream/share/camera_stream/hook/cmake_prefix_path.sh'
[0.474s] Level 1:colcon.colcon_core.environment:checking '/home/kevin/radar_ws/install/camera_stream/lib'
[0.474s] Level 1:colcon.colcon_core.shell:create_environment_hook('camera_stream', 'ld_library_path_lib')
[0.474s] INFO:colcon.colcon_core.shell:Creating environment hook '/home/kevin/radar_ws/install/camera_stream/share/camera_stream/hook/ld_library_path_lib.ps1'
[0.475s] INFO:colcon.colcon_core.shell:Creating environment descriptor '/home/kevin/radar_ws/install/camera_stream/share/camera_stream/hook/ld_library_path_lib.dsv'
[0.475s] INFO:colcon.colcon_core.shell:Creating environment hook '/home/kevin/radar_ws/install/camera_stream/share/camera_stream/hook/ld_library_path_lib.sh'
[0.475s] Level 1:colcon.colcon_core.environment:checking '/home/kevin/radar_ws/install/camera_stream/bin'
[0.475s] Level 1:colcon.colcon_core.environment:checking '/home/kevin/radar_ws/install/camera_stream/lib/pkgconfig/camera_stream.pc'
[0.475s] Level 1:colcon.colcon_core.environment:checking '/home/kevin/radar_ws/install/camera_stream/lib/python3.12/site-packages'
[0.475s] Level 1:colcon.colcon_core.shell:create_environment_hook('camera_stream', 'pythonpath')
[0.475s] INFO:colcon.colcon_core.shell:Creating environment hook '/home/kevin/radar_ws/install/camera_stream/share/camera_stream/hook/pythonpath.ps1'
[0.476s] INFO:colcon.colcon_core.shell:Creating environment descriptor '/home/kevin/radar_ws/install/camera_stream/share/camera_stream/hook/pythonpath.dsv'
[0.476s] INFO:colcon.colcon_core.shell:Creating environment hook '/home/kevin/radar_ws/install/camera_stream/share/camera_stream/hook/pythonpath.sh'
[0.476s] Level 1:colcon.colcon_core.environment:checking '/home/kevin/radar_ws/install/camera_stream/bin'
[0.476s] INFO:colcon.colcon_core.shell:Creating package script '/home/kevin/radar_ws/install/camera_stream/share/camera_stream/package.ps1'
[0.477s] INFO:colcon.colcon_core.shell:Creating package descriptor '/home/kevin/radar_ws/install/camera_stream/share/camera_stream/package.dsv'
[0.477s] INFO:colcon.colcon_core.shell:Creating package script '/home/kevin/radar_ws/install/camera_stream/share/camera_stream/package.sh'
[0.478s] INFO:colcon.colcon_core.shell:Creating package script '/home/kevin/radar_ws/install/camera_stream/share/camera_stream/package.bash'
[0.478s] INFO:colcon.colcon_core.shell:Creating package script '/home/kevin/radar_ws/install/camera_stream/share/camera_stream/package.zsh'
[0.478s] Level 1:colcon.colcon_core.environment:create_file_with_runtime_dependencies(/home/kevin/radar_ws/install/camera_stream/share/colcon-core/packages/camera_stream)
[0.479s] Level 1:colcon.colcon_core.environment:create_environment_scripts_only(camera_stream)
[0.479s] Level 1:colcon.colcon_core.environment:checking '/home/kevin/radar_ws/install/camera_stream' for CMake module files
[0.479s] Level 1:colcon.colcon_core.environment:checking '/home/kevin/radar_ws/install/camera_stream' for CMake config files
[0.479s] Level 1:colcon.colcon_core.shell:create_environment_hook('camera_stream', 'cmake_prefix_path')
[0.479s] INFO:colcon.colcon_core.shell:Creating environment hook '/home/kevin/radar_ws/install/camera_stream/share/camera_stream/hook/cmake_prefix_path.ps1'
[0.479s] INFO:colcon.colcon_core.shell:Creating environment descriptor '/home/kevin/radar_ws/install/camera_stream/share/camera_stream/hook/cmake_prefix_path.dsv'
[0.480s] INFO:colcon.colcon_core.shell:Creating environment hook '/home/kevin/radar_ws/install/camera_stream/share/camera_stream/hook/cmake_prefix_path.sh'
[0.480s] Level 1:colcon.colcon_core.environment:checking '/home/kevin/radar_ws/install/camera_stream/lib'
[0.480s] Level 1:colcon.colcon_core.shell:create_environment_hook('camera_stream', 'ld_library_path_lib')
[0.480s] INFO:colcon.colcon_core.shell:Creating environment hook '/home/kevin/radar_ws/install/camera_stream/share/camera_stream/hook/ld_library_path_lib.ps1'
[0.481s] INFO:colcon.colcon_core.shell:Creating environment descriptor '/home/kevin/radar_ws/install/camera_stream/share/camera_stream/hook/ld_library_path_lib.dsv'
[0.481s] INFO:colcon.colcon_core.shell:Creating environment hook '/home/kevin/radar_ws/install/camera_stream/share/camera_stream/hook/ld_library_path_lib.sh'
[0.481s] Level 1:colcon.colcon_core.environment:checking '/home/kevin/radar_ws/install/camera_stream/bin'
[0.481s] Level 1:colcon.colcon_core.environment:checking '/home/kevin/radar_ws/install/camera_stream/lib/pkgconfig/camera_stream.pc'
[0.481s] Level 1:colcon.colcon_core.environment:checking '/home/kevin/radar_ws/install/camera_stream/lib/python3.12/site-packages'
[0.481s] Level 1:colcon.colcon_core.shell:create_environment_hook('camera_stream', 'pythonpath')
[0.481s] INFO:colcon.colcon_core.shell:Creating environment hook '/home/kevin/radar_ws/install/camera_stream/share/camera_stream/hook/pythonpath.ps1'
[0.482s] INFO:colcon.colcon_core.shell:Creating environment descriptor '/home/kevin/radar_ws/install/camera_stream/share/camera_stream/hook/pythonpath.dsv'
[0.482s] INFO:colcon.colcon_core.shell:Creating environment hook '/home/kevin/radar_ws/install/camera_stream/share/camera_stream/hook/pythonpath.sh'
[0.482s] Level 1:colcon.colcon_core.environment:checking '/home/kevin/radar_ws/install/camera_stream/bin'
[0.482s] INFO:colcon.colcon_core.shell:Creating package script '/home/kevin/radar_ws/install/camera_stream/share/camera_stream/package.ps1'
[0.483s] INFO:colcon.colcon_core.shell:Creating package descriptor '/home/kevin/radar_ws/install/camera_stream/share/camera_stream/package.dsv'
[0.483s] INFO:colcon.colcon_core.shell:Creating package script '/home/kevin/radar_ws/install/camera_stream/share/camera_stream/package.sh'
[0.484s] INFO:colcon.colcon_core.shell:Creating package script '/home/kevin/radar_ws/install/camera_stream/share/camera_stream/package.bash'
[0.484s] INFO:colcon.colcon_core.shell:Creating package script '/home/kevin/radar_ws/install/camera_stream/share/camera_stream/package.zsh'
[0.484s] Level 1:colcon.colcon_core.environment:create_file_with_runtime_dependencies(/home/kevin/radar_ws/install/camera_stream/share/colcon-core/packages/camera_stream)
[0.484s] INFO:colcon.colcon_ros.task.ament_cmake.build:Building ROS package in '/home/kevin/radar_ws/src/vision_detector' with build type 'ament_cmake'
[0.484s] INFO:colcon.colcon_cmake.task.cmake.build:Building CMake package in '/home/kevin/radar_ws/src/vision_detector'
[0.484s] INFO:colcon.colcon_core.shell:Skip shell extension 'powershell' for command environment: Not usable outside of PowerShell
[0.484s] DEBUG:colcon.colcon_core.shell:Skip shell extension 'dsv' for command environment
[0.487s] INFO:colcon.colcon_ros.task.ament_cmake.build:Building ROS package in '/home/kevin/radar_ws/src/pnp_calibration' with build type 'ament_cmake'
[0.487s] INFO:colcon.colcon_cmake.task.cmake.build:Building CMake package in '/home/kevin/radar_ws/src/pnp_calibration'
[0.487s] INFO:colcon.colcon_core.shell:Skip shell extension 'powershell' for command environment: Not usable outside of PowerShell
[0.487s] DEBUG:colcon.colcon_core.shell:Skip shell extension 'dsv' for command environment
[0.492s] DEBUG:colcon.colcon_core.event_handler.log_command:Invoking command in '/home/kevin/radar_ws/build/vision_detector': CMAKE_PREFIX_PATH=/home/kevin/radar_ws/install/camera_stream:/home/kevin/radar_ws/install/radar_controllers:/home/kevin/radar_ws/install/vision_detector:/home/kevin/radar_ws/install/pnp_calibration:/opt/ros/jazzy/opt/gz_math_vendor:/opt/ros/jazzy/opt/gz_utils_vendor:/opt/ros/jazzy/opt/gz_cmake_vendor:/opt/ros/jazzy DEBUGINFOD_URLS=https://debuginfod.ubuntu.com LD_LIBRARY_PATH=/home/kevin/radar_ws/install/camera_stream/lib:/home/kevin/radar_ws/install/vision_detector/lib:/opt/MVS/lib/64:/opt/MVS/lib/32:/opt/MVS/lib/64:/opt/MVS/lib/32:/opt/ros/jazzy/opt/rviz_ogre_vendor/lib:/opt/ros/jazzy/lib/x86_64-linux-gnu:/opt/ros/jazzy/opt/gz_math_vendor/lib:/opt/ros/jazzy/opt/gz_utils_vendor/lib:/opt/ros/jazzy/opt/gz_cmake_vendor/lib:/opt/ros/jazzy/lib:/opt/MVS/lib/64:/opt/MVS/lib/32:/opt/MVS/lib/64:/opt/MVS/lib/32 PYTHONPATH=/home/kevin/radar_ws/install/camera_stream/lib/python3.12/site-packages:/home/kevin/radar_ws/install/vision_detector/lib/python3.12/site-packages:/opt/ros/jazzy/lib/python3.12/site-packages /usr/bin/cmake --build /home/kevin/radar_ws/build/vision_detector -- -j32 -l32
[0.494s] DEBUG:colcon.colcon_core.event_handler.log_command:Invoking command in '/home/kevin/radar_ws/build/pnp_calibration': CMAKE_PREFIX_PATH=/home/kevin/radar_ws/install/camera_stream:/home/kevin/radar_ws/install/radar_controllers:/home/kevin/radar_ws/install/vision_detector:/home/kevin/radar_ws/install/pnp_calibration:/opt/ros/jazzy/opt/gz_math_vendor:/opt/ros/jazzy/opt/gz_utils_vendor:/opt/ros/jazzy/opt/gz_cmake_vendor:/opt/ros/jazzy DEBUGINFOD_URLS=https://debuginfod.ubuntu.com LD_LIBRARY_PATH=/home/kevin/radar_ws/install/camera_stream/lib:/home/kevin/radar_ws/install/vision_detector/lib:/opt/MVS/lib/64:/opt/MVS/lib/32:/opt/MVS/lib/64:/opt/MVS/lib/32:/opt/ros/jazzy/opt/rviz_ogre_vendor/lib:/opt/ros/jazzy/lib/x86_64-linux-gnu:/opt/ros/jazzy/opt/gz_math_vendor/lib:/opt/ros/jazzy/opt/gz_utils_vendor/lib:/opt/ros/jazzy/opt/gz_cmake_vendor/lib:/opt/ros/jazzy/lib:/opt/MVS/lib/64:/opt/MVS/lib/32:/opt/MVS/lib/64:/opt/MVS/lib/32 PYTHONPATH=/home/kevin/radar_ws/install/camera_stream/lib/python3.12/site-packages:/home/kevin/radar_ws/install/vision_detector/lib/python3.12/site-packages:/opt/ros/jazzy/lib/python3.12/site-packages /usr/bin/cmake --build /home/kevin/radar_ws/build/pnp_calibration -- -j32 -l32
[0.555s] DEBUG:colcon.colcon_core.event_handler.log_command:Invoked command in '/home/kevin/radar_ws/build/pnp_calibration' returned '0': CMAKE_PREFIX_PATH=/home/kevin/radar_ws/install/camera_stream:/home/kevin/radar_ws/install/radar_controllers:/home/kevin/radar_ws/install/vision_detector:/home/kevin/radar_ws/install/pnp_calibration:/opt/ros/jazzy/opt/gz_math_vendor:/opt/ros/jazzy/opt/gz_utils_vendor:/opt/ros/jazzy/opt/gz_cmake_vendor:/opt/ros/jazzy DEBUGINFOD_URLS=https://debuginfod.ubuntu.com LD_LIBRARY_PATH=/home/kevin/radar_ws/install/camera_stream/lib:/home/kevin/radar_ws/install/vision_detector/lib:/opt/MVS/lib/64:/opt/MVS/lib/32:/opt/MVS/lib/64:/opt/MVS/lib/32:/opt/ros/jazzy/opt/rviz_ogre_vendor/lib:/opt/ros/jazzy/lib/x86_64-linux-gnu:/opt/ros/jazzy/opt/gz_math_vendor/lib:/opt/ros/jazzy/opt/gz_utils_vendor/lib:/opt/ros/jazzy/opt/gz_cmake_vendor/lib:/opt/ros/jazzy/lib:/opt/MVS/lib/64:/opt/MVS/lib/32:/opt/MVS/lib/64:/opt/MVS/lib/32 PYTHONPATH=/home/kevin/radar_ws/install/camera_stream/lib/python3.12/site-packages:/home/kevin/radar_ws/install/vision_detector/lib/python3.12/site-packages:/opt/ros/jazzy/lib/python3.12/site-packages /usr/bin/cmake --build /home/kevin/radar_ws/build/pnp_calibration -- -j32 -l32
[0.556s] DEBUG:colcon.colcon_core.event_handler.log_command:Invoking command in '/home/kevin/radar_ws/build/pnp_calibration': CMAKE_PREFIX_PATH=/home/kevin/radar_ws/install/camera_stream:/home/kevin/radar_ws/install/radar_controllers:/home/kevin/radar_ws/install/vision_detector:/home/kevin/radar_ws/install/pnp_calibration:/opt/ros/jazzy/opt/gz_math_vendor:/opt/ros/jazzy/opt/gz_utils_vendor:/opt/ros/jazzy/opt/gz_cmake_vendor:/opt/ros/jazzy DEBUGINFOD_URLS=https://debuginfod.ubuntu.com LD_LIBRARY_PATH=/home/kevin/radar_ws/install/camera_stream/lib:/home/kevin/radar_ws/install/vision_detector/lib:/opt/MVS/lib/64:/opt/MVS/lib/32:/opt/MVS/lib/64:/opt/MVS/lib/32:/opt/ros/jazzy/opt/rviz_ogre_vendor/lib:/opt/ros/jazzy/lib/x86_64-linux-gnu:/opt/ros/jazzy/opt/gz_math_vendor/lib:/opt/ros/jazzy/opt/gz_utils_vendor/lib:/opt/ros/jazzy/opt/gz_cmake_vendor/lib:/opt/ros/jazzy/lib:/opt/MVS/lib/64:/opt/MVS/lib/32:/opt/MVS/lib/64:/opt/MVS/lib/32 PYTHONPATH=/home/kevin/radar_ws/install/camera_stream/lib/python3.12/site-packages:/home/kevin/radar_ws/install/vision_detector/lib/python3.12/site-packages:/opt/ros/jazzy/lib/python3.12/site-packages /usr/bin/cmake --install /home/kevin/radar_ws/build/pnp_calibration
[0.563s] Level 1:colcon.colcon_core.environment:create_environment_scripts_only(pnp_calibration)
[0.563s] Level 1:colcon.colcon_core.environment:checking '/home/kevin/radar_ws/install/pnp_calibration' for CMake module files
[0.564s] DEBUG:colcon.colcon_core.event_handler.log_command:Invoked command in '/home/kevin/radar_ws/build/pnp_calibration' returned '0': CMAKE_PREFIX_PATH=/home/kevin/radar_ws/install/camera_stream:/home/kevin/radar_ws/install/radar_controllers:/home/kevin/radar_ws/install/vision_detector:/home/kevin/radar_ws/install/pnp_calibration:/opt/ros/jazzy/opt/gz_math_vendor:/opt/ros/jazzy/opt/gz_utils_vendor:/opt/ros/jazzy/opt/gz_cmake_vendor:/opt/ros/jazzy DEBUGINFOD_URLS=https://debuginfod.ubuntu.com LD_LIBRARY_PATH=/home/kevin/radar_ws/install/camera_stream/lib:/home/kevin/radar_ws/install/vision_detector/lib:/opt/MVS/lib/64:/opt/MVS/lib/32:/opt/MVS/lib/64:/opt/MVS/lib/32:/opt/ros/jazzy/opt/rviz_ogre_vendor/lib:/opt/ros/jazzy/lib/x86_64-linux-gnu:/opt/ros/jazzy/opt/gz_math_vendor/lib:/opt/ros/jazzy/opt/gz_utils_vendor/lib:/opt/ros/jazzy/opt/gz_cmake_vendor/lib:/opt/ros/jazzy/lib:/opt/MVS/lib/64:/opt/MVS/lib/32:/opt/MVS/lib/64:/opt/MVS/lib/32 PYTHONPATH=/home/kevin/radar_ws/install/camera_stream/lib/python3.12/site-packages:/home/kevin/radar_ws/install/vision_detector/lib/python3.12/site-packages:/opt/ros/jazzy/lib/python3.12/site-packages /usr/bin/cmake --install /home/kevin/radar_ws/build/pnp_calibration
[0.564s] Level 1:colcon.colcon_core.environment:checking '/home/kevin/radar_ws/install/pnp_calibration' for CMake config files
[0.564s] Level 1:colcon.colcon_core.shell:create_environment_hook('pnp_calibration', 'cmake_prefix_path')
[0.564s] INFO:colcon.colcon_core.shell:Creating environment hook '/home/kevin/radar_ws/install/pnp_calibration/share/pnp_calibration/hook/cmake_prefix_path.ps1'
[0.565s] INFO:colcon.colcon_core.shell:Creating environment descriptor '/home/kevin/radar_ws/install/pnp_calibration/share/pnp_calibration/hook/cmake_prefix_path.dsv'
[0.565s] INFO:colcon.colcon_core.shell:Creating environment hook '/home/kevin/radar_ws/install/pnp_calibration/share/pnp_calibration/hook/cmake_prefix_path.sh'
[0.565s] Level 1:colcon.colcon_core.environment:checking '/home/kevin/radar_ws/install/pnp_calibration/lib'
[0.565s] Level 1:colcon.colcon_core.environment:checking '/home/kevin/radar_ws/install/pnp_calibration/bin'
[0.565s] Level 1:colcon.colcon_core.environment:checking '/home/kevin/radar_ws/install/pnp_calibration/lib/pkgconfig/pnp_calibration.pc'
[0.565s] Level 1:colcon.colcon_core.environment:checking '/home/kevin/radar_ws/install/pnp_calibration/lib/python3.12/site-packages'
[0.566s] Level 1:colcon.colcon_core.environment:checking '/home/kevin/radar_ws/install/pnp_calibration/bin'
[0.566s] INFO:colcon.colcon_core.shell:Creating package script '/home/kevin/radar_ws/install/pnp_calibration/share/pnp_calibration/package.ps1'
[0.566s] INFO:colcon.colcon_core.shell:Creating package descriptor '/home/kevin/radar_ws/install/pnp_calibration/share/pnp_calibration/package.dsv'
[0.567s] INFO:colcon.colcon_core.shell:Creating package script '/home/kevin/radar_ws/install/pnp_calibration/share/pnp_calibration/package.sh'
[0.567s] INFO:colcon.colcon_core.shell:Creating package script '/home/kevin/radar_ws/install/pnp_calibration/share/pnp_calibration/package.bash'
[0.567s] INFO:colcon.colcon_core.shell:Creating package script '/home/kevin/radar_ws/install/pnp_calibration/share/pnp_calibration/package.zsh'
[0.567s] Level 1:colcon.colcon_core.environment:create_file_with_runtime_dependencies(/home/kevin/radar_ws/install/pnp_calibration/share/colcon-core/packages/pnp_calibration)
[0.568s] Level 1:colcon.colcon_core.environment:create_environment_scripts_only(pnp_calibration)
[0.568s] Level 1:colcon.colcon_core.environment:checking '/home/kevin/radar_ws/install/pnp_calibration' for CMake module files
[0.568s] Level 1:colcon.colcon_core.environment:checking '/home/kevin/radar_ws/install/pnp_calibration' for CMake config files
[0.568s] Level 1:colcon.colcon_core.shell:create_environment_hook('pnp_calibration', 'cmake_prefix_path')
[0.568s] INFO:colcon.colcon_core.shell:Creating environment hook '/home/kevin/radar_ws/install/pnp_calibration/share/pnp_calibration/hook/cmake_prefix_path.ps1'
[0.568s] INFO:colcon.colcon_core.shell:Creating environment descriptor '/home/kevin/radar_ws/install/pnp_calibration/share/pnp_calibration/hook/cmake_prefix_path.dsv'
[0.569s] INFO:colcon.colcon_core.shell:Creating environment hook '/home/kevin/radar_ws/install/pnp_calibration/share/pnp_calibration/hook/cmake_prefix_path.sh'
[0.569s] Level 1:colcon.colcon_core.environment:checking '/home/kevin/radar_ws/install/pnp_calibration/lib'
[0.569s] Level 1:colcon.colcon_core.environment:checking '/home/kevin/radar_ws/install/pnp_calibration/bin'
[0.569s] Level 1:colcon.colcon_core.environment:checking '/home/kevin/radar_ws/install/pnp_calibration/lib/pkgconfig/pnp_calibration.pc'
[0.569s] Level 1:colcon.colcon_core.environment:checking '/home/kevin/radar_ws/install/pnp_calibration/lib/python3.12/site-packages'
[0.569s] Level 1:colcon.colcon_core.environment:checking '/home/kevin/radar_ws/install/pnp_calibration/bin'
[0.570s] INFO:colcon.colcon_core.shell:Creating package script '/home/kevin/radar_ws/install/pnp_calibration/share/pnp_calibration/package.ps1'
[0.570s] INFO:colcon.colcon_core.shell:Creating package descriptor '/home/kevin/radar_ws/install/pnp_calibration/share/pnp_calibration/package.dsv'
[0.571s] INFO:colcon.colcon_core.shell:Creating package script '/home/kevin/radar_ws/install/pnp_calibration/share/pnp_calibration/package.sh'
[0.571s] INFO:colcon.colcon_core.shell:Creating package script '/home/kevin/radar_ws/install/pnp_calibration/share/pnp_calibration/package.bash'
[0.571s] INFO:colcon.colcon_core.shell:Creating package script '/home/kevin/radar_ws/install/pnp_calibration/share/pnp_calibration/package.zsh'
[0.571s] Level 1:colcon.colcon_core.environment:create_file_with_runtime_dependencies(/home/kevin/radar_ws/install/pnp_calibration/share/colcon-core/packages/pnp_calibration)
[2.537s] DEBUG:colcon.colcon_core.event_handler.log_command:Invoked command in '/home/kevin/radar_ws/build/vision_detector' returned '0': CMAKE_PREFIX_PATH=/home/kevin/radar_ws/install/camera_stream:/home/kevin/radar_ws/install/radar_controllers:/home/kevin/radar_ws/install/vision_detector:/home/kevin/radar_ws/install/pnp_calibration:/opt/ros/jazzy/opt/gz_math_vendor:/opt/ros/jazzy/opt/gz_utils_vendor:/opt/ros/jazzy/opt/gz_cmake_vendor:/opt/ros/jazzy DEBUGINFOD_URLS=https://debuginfod.ubuntu.com LD_LIBRARY_PATH=/home/kevin/radar_ws/install/camera_stream/lib:/home/kevin/radar_ws/install/vision_detector/lib:/opt/MVS/lib/64:/opt/MVS/lib/32:/opt/MVS/lib/64:/opt/MVS/lib/32:/opt/ros/jazzy/opt/rviz_ogre_vendor/lib:/opt/ros/jazzy/lib/x86_64-linux-gnu:/opt/ros/jazzy/opt/gz_math_vendor/lib:/opt/ros/jazzy/opt/gz_utils_vendor/lib:/opt/ros/jazzy/opt/gz_cmake_vendor/lib:/opt/ros/jazzy/lib:/opt/MVS/lib/64:/opt/MVS/lib/32:/opt/MVS/lib/64:/opt/MVS/lib/32 PYTHONPATH=/home/kevin/radar_ws/install/camera_stream/lib/python3.12/site-packages:/home/kevin/radar_ws/install/vision_detector/lib/python3.12/site-packages:/opt/ros/jazzy/lib/python3.12/site-packages /usr/bin/cmake --build /home/kevin/radar_ws/build/vision_detector -- -j32 -l32
[2.538s] DEBUG:colcon.colcon_core.event_handler.log_command:Invoking command in '/home/kevin/radar_ws/build/vision_detector': CMAKE_PREFIX_PATH=/home/kevin/radar_ws/install/camera_stream:/home/kevin/radar_ws/install/radar_controllers:/home/kevin/radar_ws/install/vision_detector:/home/kevin/radar_ws/install/pnp_calibration:/opt/ros/jazzy/opt/gz_math_vendor:/opt/ros/jazzy/opt/gz_utils_vendor:/opt/ros/jazzy/opt/gz_cmake_vendor:/opt/ros/jazzy DEBUGINFOD_URLS=https://debuginfod.ubuntu.com LD_LIBRARY_PATH=/home/kevin/radar_ws/install/camera_stream/lib:/home/kevin/radar_ws/install/vision_detector/lib:/opt/MVS/lib/64:/opt/MVS/lib/32:/opt/MVS/lib/64:/opt/MVS/lib/32:/opt/ros/jazzy/opt/rviz_ogre_vendor/lib:/opt/ros/jazzy/lib/x86_64-linux-gnu:/opt/ros/jazzy/opt/gz_math_vendor/lib:/opt/ros/jazzy/opt/gz_utils_vendor/lib:/opt/ros/jazzy/opt/gz_cmake_vendor/lib:/opt/ros/jazzy/lib:/opt/MVS/lib/64:/opt/MVS/lib/32:/opt/MVS/lib/64:/opt/MVS/lib/32 PYTHONPATH=/home/kevin/radar_ws/install/camera_stream/lib/python3.12/site-packages:/home/kevin/radar_ws/install/vision_detector/lib/python3.12/site-packages:/opt/ros/jazzy/lib/python3.12/site-packages /usr/bin/cmake --install /home/kevin/radar_ws/build/vision_detector
[2.582s] Level 1:colcon.colcon_core.environment:create_environment_scripts_only(vision_detector)
[2.582s] Level 1:colcon.colcon_core.environment:checking '/home/kevin/radar_ws/install/vision_detector' for CMake module files
[2.583s] DEBUG:colcon.colcon_core.event_handler.log_command:Invoked command in '/home/kevin/radar_ws/build/vision_detector' returned '0': CMAKE_PREFIX_PATH=/home/kevin/radar_ws/install/camera_stream:/home/kevin/radar_ws/install/radar_controllers:/home/kevin/radar_ws/install/vision_detector:/home/kevin/radar_ws/install/pnp_calibration:/opt/ros/jazzy/opt/gz_math_vendor:/opt/ros/jazzy/opt/gz_utils_vendor:/opt/ros/jazzy/opt/gz_cmake_vendor:/opt/ros/jazzy DEBUGINFOD_URLS=https://debuginfod.ubuntu.com LD_LIBRARY_PATH=/home/kevin/radar_ws/install/camera_stream/lib:/home/kevin/radar_ws/install/vision_detector/lib:/opt/MVS/lib/64:/opt/MVS/lib/32:/opt/MVS/lib/64:/opt/MVS/lib/32:/opt/ros/jazzy/opt/rviz_ogre_vendor/lib:/opt/ros/jazzy/lib/x86_64-linux-gnu:/opt/ros/jazzy/opt/gz_math_vendor/lib:/opt/ros/jazzy/opt/gz_utils_vendor/lib:/opt/ros/jazzy/opt/gz_cmake_vendor/lib:/opt/ros/jazzy/lib:/opt/MVS/lib/64:/opt/MVS/lib/32:/opt/MVS/lib/64:/opt/MVS/lib/32 PYTHONPATH=/home/kevin/radar_ws/install/camera_stream/lib/python3.12/site-packages:/home/kevin/radar_ws/install/vision_detector/lib/python3.12/site-packages:/opt/ros/jazzy/lib/python3.12/site-packages /usr/bin/cmake --install /home/kevin/radar_ws/build/vision_detector
[2.583s] Level 1:colcon.colcon_core.environment:checking '/home/kevin/radar_ws/install/vision_detector' for CMake config files
[2.583s] Level 1:colcon.colcon_core.shell:create_environment_hook('vision_detector', 'cmake_prefix_path')
[2.583s] INFO:colcon.colcon_core.shell:Creating environment hook '/home/kevin/radar_ws/install/vision_detector/share/vision_detector/hook/cmake_prefix_path.ps1'
[2.584s] INFO:colcon.colcon_core.shell:Creating environment descriptor '/home/kevin/radar_ws/install/vision_detector/share/vision_detector/hook/cmake_prefix_path.dsv'
[2.584s] INFO:colcon.colcon_core.shell:Creating environment hook '/home/kevin/radar_ws/install/vision_detector/share/vision_detector/hook/cmake_prefix_path.sh'
[2.584s] Level 1:colcon.colcon_core.environment:checking '/home/kevin/radar_ws/install/vision_detector/lib'
[2.584s] Level 1:colcon.colcon_core.shell:create_environment_hook('vision_detector', 'ld_library_path_lib')
[2.584s] INFO:colcon.colcon_core.shell:Creating environment hook '/home/kevin/radar_ws/install/vision_detector/share/vision_detector/hook/ld_library_path_lib.ps1'
[2.584s] INFO:colcon.colcon_core.shell:Creating environment descriptor '/home/kevin/radar_ws/install/vision_detector/share/vision_detector/hook/ld_library_path_lib.dsv'
[2.585s] INFO:colcon.colcon_core.shell:Creating environment hook '/home/kevin/radar_ws/install/vision_detector/share/vision_detector/hook/ld_library_path_lib.sh'
[2.585s] Level 1:colcon.colcon_core.environment:checking '/home/kevin/radar_ws/install/vision_detector/bin'
[2.585s] Level 1:colcon.colcon_core.environment:checking '/home/kevin/radar_ws/install/vision_detector/lib/pkgconfig/vision_detector.pc'
[2.585s] Level 1:colcon.colcon_core.environment:checking '/home/kevin/radar_ws/install/vision_detector/lib/python3.12/site-packages'
[2.585s] Level 1:colcon.colcon_core.shell:create_environment_hook('vision_detector', 'pythonpath')
[2.585s] INFO:colcon.colcon_core.shell:Creating environment hook '/home/kevin/radar_ws/install/vision_detector/share/vision_detector/hook/pythonpath.ps1'
[2.585s] INFO:colcon.colcon_core.shell:Creating environment descriptor '/home/kevin/radar_ws/install/vision_detector/share/vision_detector/hook/pythonpath.dsv'
[2.586s] INFO:colcon.colcon_core.shell:Creating environment hook '/home/kevin/radar_ws/install/vision_detector/share/vision_detector/hook/pythonpath.sh'
[2.586s] Level 1:colcon.colcon_core.environment:checking '/home/kevin/radar_ws/install/vision_detector/bin'
[2.586s] INFO:colcon.colcon_core.shell:Creating package script '/home/kevin/radar_ws/install/vision_detector/share/vision_detector/package.ps1'
[2.586s] INFO:colcon.colcon_core.shell:Creating package descriptor '/home/kevin/radar_ws/install/vision_detector/share/vision_detector/package.dsv'
[2.587s] INFO:colcon.colcon_core.shell:Creating package script '/home/kevin/radar_ws/install/vision_detector/share/vision_detector/package.sh'
[2.587s] INFO:colcon.colcon_core.shell:Creating package script '/home/kevin/radar_ws/install/vision_detector/share/vision_detector/package.bash'
[2.587s] INFO:colcon.colcon_core.shell:Creating package script '/home/kevin/radar_ws/install/vision_detector/share/vision_detector/package.zsh'
[2.587s] Level 1:colcon.colcon_core.environment:create_file_with_runtime_dependencies(/home/kevin/radar_ws/install/vision_detector/share/colcon-core/packages/vision_detector)
[2.588s] Level 1:colcon.colcon_core.environment:create_environment_scripts_only(vision_detector)
[2.588s] Level 1:colcon.colcon_core.environment:checking '/home/kevin/radar_ws/install/vision_detector' for CMake module files
[2.588s] Level 1:colcon.colcon_core.environment:checking '/home/kevin/radar_ws/install/vision_detector' for CMake config files
[2.588s] Level 1:colcon.colcon_core.shell:create_environment_hook('vision_detector', 'cmake_prefix_path')
[2.588s] INFO:colcon.colcon_core.shell:Creating environment hook '/home/kevin/radar_ws/install/vision_detector/share/vision_detector/hook/cmake_prefix_path.ps1'
[2.589s] INFO:colcon.colcon_core.shell:Creating environment descriptor '/home/kevin/radar_ws/install/vision_detector/share/vision_detector/hook/cmake_prefix_path.dsv'
[2.589s] INFO:colcon.colcon_core.shell:Creating environment hook '/home/kevin/radar_ws/install/vision_detector/share/vision_detector/hook/cmake_prefix_path.sh'
[2.589s] Level 1:colcon.colcon_core.environment:checking '/home/kevin/radar_ws/install/vision_detector/lib'
[2.589s] Level 1:colcon.colcon_core.shell:create_environment_hook('vision_detector', 'ld_library_path_lib')
[2.589s] INFO:colcon.colcon_core.shell:Creating environment hook '/home/kevin/radar_ws/install/vision_detector/share/vision_detector/hook/ld_library_path_lib.ps1'
[2.589s] INFO:colcon.colcon_core.shell:Creating environment descriptor '/home/kevin/radar_ws/install/vision_detector/share/vision_detector/hook/ld_library_path_lib.dsv'
[2.590s] INFO:colcon.colcon_core.shell:Creating environment hook '/home/kevin/radar_ws/install/vision_detector/share/vision_detector/hook/ld_library_path_lib.sh'
[2.590s] Level 1:colcon.colcon_core.environment:checking '/home/kevin/radar_ws/install/vision_detector/bin'
[2.590s] Level 1:colcon.colcon_core.environment:checking '/home/kevin/radar_ws/install/vision_detector/lib/pkgconfig/vision_detector.pc'
[2.590s] Level 1:colcon.colcon_core.environment:checking '/home/kevin/radar_ws/install/vision_detector/lib/python3.12/site-packages'
[2.590s] Level 1:colcon.colcon_core.shell:create_environment_hook('vision_detector', 'pythonpath')
[2.590s] INFO:colcon.colcon_core.shell:Creating environment hook '/home/kevin/radar_ws/install/vision_detector/share/vision_detector/hook/pythonpath.ps1'
[2.590s] INFO:colcon.colcon_core.shell:Creating environment descriptor '/home/kevin/radar_ws/install/vision_detector/share/vision_detector/hook/pythonpath.dsv'
[2.590s] INFO:colcon.colcon_core.shell:Creating environment hook '/home/kevin/radar_ws/install/vision_detector/share/vision_detector/hook/pythonpath.sh'
[2.591s] Level 1:colcon.colcon_core.environment:checking '/home/kevin/radar_ws/install/vision_detector/bin'
[2.591s] INFO:colcon.colcon_core.shell:Creating package script '/home/kevin/radar_ws/install/vision_detector/share/vision_detector/package.ps1'
[2.591s] INFO:colcon.colcon_core.shell:Creating package descriptor '/home/kevin/radar_ws/install/vision_detector/share/vision_detector/package.dsv'
[2.592s] INFO:colcon.colcon_core.shell:Creating package script '/home/kevin/radar_ws/install/vision_detector/share/vision_detector/package.sh'
[2.592s] INFO:colcon.colcon_core.shell:Creating package script '/home/kevin/radar_ws/install/vision_detector/share/vision_detector/package.bash'
[2.592s] INFO:colcon.colcon_core.shell:Creating package script '/home/kevin/radar_ws/install/vision_detector/share/vision_detector/package.zsh'
[2.592s] Level 1:colcon.colcon_core.environment:create_file_with_runtime_dependencies(/home/kevin/radar_ws/install/vision_detector/share/colcon-core/packages/vision_detector)
[2.592s] INFO:colcon.colcon_ros.task.ament_cmake.build:Building ROS package in '/home/kevin/radar_ws/src/radar_controllers' with build type 'ament_cmake'
[2.593s] INFO:colcon.colcon_cmake.task.cmake.build:Building CMake package in '/home/kevin/radar_ws/src/radar_controllers'
[2.593s] INFO:colcon.colcon_core.shell:Skip shell extension 'powershell' for command environment: Not usable outside of PowerShell
[2.593s] DEBUG:colcon.colcon_core.shell:Skip shell extension 'dsv' for command environment
[2.602s] DEBUG:colcon.colcon_core.event_handler.log_command:Invoking command in '/home/kevin/radar_ws/build/radar_controllers': CMAKE_PREFIX_PATH=/home/kevin/radar_ws/install/vision_detector:/home/kevin/radar_ws/install/camera_stream:/home/kevin/radar_ws/install/radar_controllers:/home/kevin/radar_ws/install/pnp_calibration:/opt/ros/jazzy/opt/gz_math_vendor:/opt/ros/jazzy/opt/gz_utils_vendor:/opt/ros/jazzy/opt/gz_cmake_vendor:/opt/ros/jazzy DEBUGINFOD_URLS=https://debuginfod.ubuntu.com LD_LIBRARY_PATH=/home/kevin/radar_ws/install/vision_detector/lib:/home/kevin/radar_ws/install/camera_stream/lib:/opt/MVS/lib/64:/opt/MVS/lib/32:/opt/MVS/lib/64:/opt/MVS/lib/32:/opt/ros/jazzy/opt/rviz_ogre_vendor/lib:/opt/ros/jazzy/lib/x86_64-linux-gnu:/opt/ros/jazzy/opt/gz_math_vendor/lib:/opt/ros/jazzy/opt/gz_utils_vendor/lib:/opt/ros/jazzy/opt/gz_cmake_vendor/lib:/opt/ros/jazzy/lib:/opt/MVS/lib/64:/opt/MVS/lib/32:/opt/MVS/lib/64:/opt/MVS/lib/32 /usr/bin/cmake --build /home/kevin/radar_ws/build/radar_controllers -- -j32 -l32
[2.659s] DEBUG:colcon.colcon_core.event_handler.log_command:Invoked command in '/home/kevin/radar_ws/build/radar_controllers' returned '0': CMAKE_PREFIX_PATH=/home/kevin/radar_ws/install/vision_detector:/home/kevin/radar_ws/install/camera_stream:/home/kevin/radar_ws/install/radar_controllers:/home/kevin/radar_ws/install/pnp_calibration:/opt/ros/jazzy/opt/gz_math_vendor:/opt/ros/jazzy/opt/gz_utils_vendor:/opt/ros/jazzy/opt/gz_cmake_vendor:/opt/ros/jazzy DEBUGINFOD_URLS=https://debuginfod.ubuntu.com LD_LIBRARY_PATH=/home/kevin/radar_ws/install/vision_detector/lib:/home/kevin/radar_ws/install/camera_stream/lib:/opt/MVS/lib/64:/opt/MVS/lib/32:/opt/MVS/lib/64:/opt/MVS/lib/32:/opt/ros/jazzy/opt/rviz_ogre_vendor/lib:/opt/ros/jazzy/lib/x86_64-linux-gnu:/opt/ros/jazzy/opt/gz_math_vendor/lib:/opt/ros/jazzy/opt/gz_utils_vendor/lib:/opt/ros/jazzy/opt/gz_cmake_vendor/lib:/opt/ros/jazzy/lib:/opt/MVS/lib/64:/opt/MVS/lib/32:/opt/MVS/lib/64:/opt/MVS/lib/32 /usr/bin/cmake --build /home/kevin/radar_ws/build/radar_controllers -- -j32 -l32
[2.660s] DEBUG:colcon.colcon_core.event_handler.log_command:Invoking command in '/home/kevin/radar_ws/build/radar_controllers': CMAKE_PREFIX_PATH=/home/kevin/radar_ws/install/vision_detector:/home/kevin/radar_ws/install/camera_stream:/home/kevin/radar_ws/install/radar_controllers:/home/kevin/radar_ws/install/pnp_calibration:/opt/ros/jazzy/opt/gz_math_vendor:/opt/ros/jazzy/opt/gz_utils_vendor:/opt/ros/jazzy/opt/gz_cmake_vendor:/opt/ros/jazzy DEBUGINFOD_URLS=https://debuginfod.ubuntu.com LD_LIBRARY_PATH=/home/kevin/radar_ws/install/vision_detector/lib:/home/kevin/radar_ws/install/camera_stream/lib:/opt/MVS/lib/64:/opt/MVS/lib/32:/opt/MVS/lib/64:/opt/MVS/lib/32:/opt/ros/jazzy/opt/rviz_ogre_vendor/lib:/opt/ros/jazzy/lib/x86_64-linux-gnu:/opt/ros/jazzy/opt/gz_math_vendor/lib:/opt/ros/jazzy/opt/gz_utils_vendor/lib:/opt/ros/jazzy/opt/gz_cmake_vendor/lib:/opt/ros/jazzy/lib:/opt/MVS/lib/64:/opt/MVS/lib/32:/opt/MVS/lib/64:/opt/MVS/lib/32 /usr/bin/cmake --install /home/kevin/radar_ws/build/radar_controllers
[2.667s] Level 1:colcon.colcon_core.environment:create_environment_scripts_only(radar_controllers)
[2.667s] Level 1:colcon.colcon_core.environment:checking '/home/kevin/radar_ws/install/radar_controllers' for CMake module files
[2.668s] DEBUG:colcon.colcon_core.event_handler.log_command:Invoked command in '/home/kevin/radar_ws/build/radar_controllers' returned '0': CMAKE_PREFIX_PATH=/home/kevin/radar_ws/install/vision_detector:/home/kevin/radar_ws/install/camera_stream:/home/kevin/radar_ws/install/radar_controllers:/home/kevin/radar_ws/install/pnp_calibration:/opt/ros/jazzy/opt/gz_math_vendor:/opt/ros/jazzy/opt/gz_utils_vendor:/opt/ros/jazzy/opt/gz_cmake_vendor:/opt/ros/jazzy DEBUGINFOD_URLS=https://debuginfod.ubuntu.com LD_LIBRARY_PATH=/home/kevin/radar_ws/install/vision_detector/lib:/home/kevin/radar_ws/install/camera_stream/lib:/opt/MVS/lib/64:/opt/MVS/lib/32:/opt/MVS/lib/64:/opt/MVS/lib/32:/opt/ros/jazzy/opt/rviz_ogre_vendor/lib:/opt/ros/jazzy/lib/x86_64-linux-gnu:/opt/ros/jazzy/opt/gz_math_vendor/lib:/opt/ros/jazzy/opt/gz_utils_vendor/lib:/opt/ros/jazzy/opt/gz_cmake_vendor/lib:/opt/ros/jazzy/lib:/opt/MVS/lib/64:/opt/MVS/lib/32:/opt/MVS/lib/64:/opt/MVS/lib/32 /usr/bin/cmake --install /home/kevin/radar_ws/build/radar_controllers
[2.668s] Level 1:colcon.colcon_core.environment:checking '/home/kevin/radar_ws/install/radar_controllers' for CMake config files
[2.668s] Level 1:colcon.colcon_core.shell:create_environment_hook('radar_controllers', 'cmake_prefix_path')
[2.669s] INFO:colcon.colcon_core.shell:Creating environment hook '/home/kevin/radar_ws/install/radar_controllers/share/radar_controllers/hook/cmake_prefix_path.ps1'
[2.669s] INFO:colcon.colcon_core.shell:Creating environment descriptor '/home/kevin/radar_ws/install/radar_controllers/share/radar_controllers/hook/cmake_prefix_path.dsv'
[2.670s] INFO:colcon.colcon_core.shell:Creating environment hook '/home/kevin/radar_ws/install/radar_controllers/share/radar_controllers/hook/cmake_prefix_path.sh'
[2.670s] Level 1:colcon.colcon_core.environment:checking '/home/kevin/radar_ws/install/radar_controllers/lib'
[2.670s] Level 1:colcon.colcon_core.environment:checking '/home/kevin/radar_ws/install/radar_controllers/bin'
[2.670s] Level 1:colcon.colcon_core.environment:checking '/home/kevin/radar_ws/install/radar_controllers/lib/pkgconfig/radar_controllers.pc'
[2.671s] Level 1:colcon.colcon_core.environment:checking '/home/kevin/radar_ws/install/radar_controllers/lib/python3.12/site-packages'
[2.671s] Level 1:colcon.colcon_core.environment:checking '/home/kevin/radar_ws/install/radar_controllers/bin'
[2.671s] INFO:colcon.colcon_core.shell:Creating package script '/home/kevin/radar_ws/install/radar_controllers/share/radar_controllers/package.ps1'
[2.672s] INFO:colcon.colcon_core.shell:Creating package descriptor '/home/kevin/radar_ws/install/radar_controllers/share/radar_controllers/package.dsv'
[2.672s] INFO:colcon.colcon_core.shell:Creating package script '/home/kevin/radar_ws/install/radar_controllers/share/radar_controllers/package.sh'
[2.672s] INFO:colcon.colcon_core.shell:Creating package script '/home/kevin/radar_ws/install/radar_controllers/share/radar_controllers/package.bash'
[2.673s] INFO:colcon.colcon_core.shell:Creating package script '/home/kevin/radar_ws/install/radar_controllers/share/radar_controllers/package.zsh'
[2.673s] Level 1:colcon.colcon_core.environment:create_file_with_runtime_dependencies(/home/kevin/radar_ws/install/radar_controllers/share/colcon-core/packages/radar_controllers)
[2.674s] Level 1:colcon.colcon_core.environment:create_environment_scripts_only(radar_controllers)
[2.674s] Level 1:colcon.colcon_core.environment:checking '/home/kevin/radar_ws/install/radar_controllers' for CMake module files
[2.674s] Level 1:colcon.colcon_core.environment:checking '/home/kevin/radar_ws/install/radar_controllers' for CMake config files
[2.674s] Level 1:colcon.colcon_core.shell:create_environment_hook('radar_controllers', 'cmake_prefix_path')
[2.675s] INFO:colcon.colcon_core.shell:Creating environment hook '/home/kevin/radar_ws/install/radar_controllers/share/radar_controllers/hook/cmake_prefix_path.ps1'
[2.675s] INFO:colcon.colcon_core.shell:Creating environment descriptor '/home/kevin/radar_ws/install/radar_controllers/share/radar_controllers/hook/cmake_prefix_path.dsv'
[2.675s] INFO:colcon.colcon_core.shell:Creating environment hook '/home/kevin/radar_ws/install/radar_controllers/share/radar_controllers/hook/cmake_prefix_path.sh'
[2.676s] Level 1:colcon.colcon_core.environment:checking '/home/kevin/radar_ws/install/radar_controllers/lib'
[2.676s] Level 1:colcon.colcon_core.environment:checking '/home/kevin/radar_ws/install/radar_controllers/bin'
[2.676s] Level 1:colcon.colcon_core.environment:checking '/home/kevin/radar_ws/install/radar_controllers/lib/pkgconfig/radar_controllers.pc'
[2.676s] Level 1:colcon.colcon_core.environment:checking '/home/kevin/radar_ws/install/radar_controllers/lib/python3.12/site-packages'
[2.677s] Level 1:colcon.colcon_core.environment:checking '/home/kevin/radar_ws/install/radar_controllers/bin'
[2.677s] INFO:colcon.colcon_core.shell:Creating package script '/home/kevin/radar_ws/install/radar_controllers/share/radar_controllers/package.ps1'
[2.677s] INFO:colcon.colcon_core.shell:Creating package descriptor '/home/kevin/radar_ws/install/radar_controllers/share/radar_controllers/package.dsv'
[2.678s] INFO:colcon.colcon_core.shell:Creating package script '/home/kevin/radar_ws/install/radar_controllers/share/radar_controllers/package.sh'
[2.678s] INFO:colcon.colcon_core.shell:Creating package script '/home/kevin/radar_ws/install/radar_controllers/share/radar_controllers/package.bash'
[2.679s] INFO:colcon.colcon_core.shell:Creating package script '/home/kevin/radar_ws/install/radar_controllers/share/radar_controllers/package.zsh'
[2.679s] Level 1:colcon.colcon_core.environment:create_file_with_runtime_dependencies(/home/kevin/radar_ws/install/radar_controllers/share/colcon-core/packages/radar_controllers)
[2.679s] DEBUG:colcon.colcon_parallel_executor.executor.parallel:closing loop
[2.680s] DEBUG:colcon.colcon_parallel_executor.executor.parallel:loop closed
[2.680s] DEBUG:colcon.colcon_parallel_executor.executor.parallel:run_until_complete finished with '0'
[2.680s] DEBUG:colcon.colcon_core.event_reactor:joining thread
[2.686s] INFO:colcon.colcon_core.plugin_system:Skipping extension 'colcon_notification.desktop_notification.terminal_notifier': Not used on non-Darwin systems
[2.686s] INFO:colcon.colcon_core.plugin_system:Skipping extension 'colcon_notification.desktop_notification.win32': Not used on non-Windows systems
[2.686s] INFO:colcon.colcon_notification.desktop_notification:Sending desktop notification using 'notify2'
[2.697s] DEBUG:colcon.colcon_core.event_reactor:joined thread
[2.697s] INFO:colcon.colcon_core.shell:Creating prefix script '/home/kevin/radar_ws/install/local_setup.ps1'
[2.698s] INFO:colcon.colcon_core.shell:Creating prefix util module '/home/kevin/radar_ws/install/_local_setup_util_ps1.py'
[2.699s] INFO:colcon.colcon_core.shell:Creating prefix chain script '/home/kevin/radar_ws/install/setup.ps1'
[2.700s] INFO:colcon.colcon_core.shell:Creating prefix script '/home/kevin/radar_ws/install/local_setup.sh'
[2.701s] INFO:colcon.colcon_core.shell:Creating prefix util module '/home/kevin/radar_ws/install/_local_setup_util_sh.py'
[2.701s] INFO:colcon.colcon_core.shell:Creating prefix chain script '/home/kevin/radar_ws/install/setup.sh'
[2.702s] INFO:colcon.colcon_core.shell:Creating prefix script '/home/kevin/radar_ws/install/local_setup.bash'
[2.703s] INFO:colcon.colcon_core.shell:Creating prefix chain script '/home/kevin/radar_ws/install/setup.bash'
[2.704s] INFO:colcon.colcon_core.shell:Creating prefix script '/home/kevin/radar_ws/install/local_setup.zsh'
[2.704s] INFO:colcon.colcon_core.shell:Creating prefix chain script '/home/kevin/radar_ws/install/setup.zsh'
