[ 25%] [32mBuilding CXX object CMakeFiles/node_stm_serial.dir/src/SerialPort.cpp.o[0m
[ 50%] [32m[1mLinking CXX executable node_stm_serial[0m
[100%] Built target node_stm_serial
-- Install configuration: ""
-- Installing: /home/kevin/radar_ws/install/radar_controllers/lib/radar_controllers/node_stm_serial
-- Set non-toolchain portion of runtime path of "/home/kevin/radar_ws/install/radar_controllers/lib/radar_controllers/node_stm_serial" to ""
-- Up-to-date: /home/kevin/radar_ws/install/radar_controllers/share/ament_index/resource_index/package_run_dependencies/radar_controllers
-- Up-to-date: /home/kevin/radar_ws/install/radar_controllers/share/ament_index/resource_index/parent_prefix_path/radar_controllers
-- Up-to-date: /home/kevin/radar_ws/install/radar_controllers/share/radar_controllers/environment/ament_prefix_path.sh
-- Up-to-date: /home/kevin/radar_ws/install/radar_controllers/share/radar_controllers/environment/ament_prefix_path.dsv
-- Up-to-date: /home/kevin/radar_ws/install/radar_controllers/share/radar_controllers/environment/path.sh
-- Up-to-date: /home/kevin/radar_ws/install/radar_controllers/share/radar_controllers/environment/path.dsv
-- Up-to-date: /home/kevin/radar_ws/install/radar_controllers/share/radar_controllers/local_setup.bash
-- Up-to-date: /home/kevin/radar_ws/install/radar_controllers/share/radar_controllers/local_setup.sh
-- Up-to-date: /home/kevin/radar_ws/install/radar_controllers/share/radar_controllers/local_setup.zsh
-- Up-to-date: /home/kevin/radar_ws/install/radar_controllers/share/radar_controllers/local_setup.dsv
-- Installing: /home/kevin/radar_ws/install/radar_controllers/share/radar_controllers/package.dsv
-- Up-to-date: /home/kevin/radar_ws/install/radar_controllers/share/ament_index/resource_index/packages/radar_controllers
-- Up-to-date: /home/kevin/radar_ws/install/radar_controllers/share/radar_controllers/cmake/radar_controllersConfig.cmake
-- Up-to-date: /home/kevin/radar_ws/install/radar_controllers/share/radar_controllers/cmake/radar_controllersConfig-version.cmake
-- Up-to-date: /home/kevin/radar_ws/install/radar_controllers/share/radar_controllers/package.xml
