[ 25%] [32mBuilding CXX object CMakeFiles/node_pnp_calibration.dir/src/node_pnp_calibration.cpp.o[0m
[ 50%] [32mBuilding CXX object CMakeFiles/node_pnp_calibration.dir/src/ui.cpp.o[0m
[ 75%] [32mBuilding CXX object CMakeFiles/node_pnp_calibration.dir/src/calibration.cpp.o[0m
[100%] [32m[1mLinking CXX executable node_pnp_calibration[0m
[100%] Built target node_pnp_calibration
-- Install configuration: ""
-- Up-to-date: /home/kevin/radar_ws/install/pnp_calibration/share/ament_index/resource_index/package_run_dependencies/pnp_calibration
-- Up-to-date: /home/kevin/radar_ws/install/pnp_calibration/share/ament_index/resource_index/parent_prefix_path/pnp_calibration
-- Up-to-date: /home/kevin/radar_ws/install/pnp_calibration/share/pnp_calibration/environment/ament_prefix_path.sh
-- Up-to-date: /home/kevin/radar_ws/install/pnp_calibration/share/pnp_calibration/environment/ament_prefix_path.dsv
-- Up-to-date: /home/kevin/radar_ws/install/pnp_calibration/share/pnp_calibration/environment/path.sh
-- Up-to-date: /home/kevin/radar_ws/install/pnp_calibration/share/pnp_calibration/environment/path.dsv
-- Up-to-date: /home/kevin/radar_ws/install/pnp_calibration/share/pnp_calibration/local_setup.bash
-- Up-to-date: /home/kevin/radar_ws/install/pnp_calibration/share/pnp_calibration/local_setup.sh
-- Up-to-date: /home/kevin/radar_ws/install/pnp_calibration/share/pnp_calibration/local_setup.zsh
-- Up-to-date: /home/kevin/radar_ws/install/pnp_calibration/share/pnp_calibration/local_setup.dsv
-- Installing: /home/kevin/radar_ws/install/pnp_calibration/share/pnp_calibration/package.dsv
-- Up-to-date: /home/kevin/radar_ws/install/pnp_calibration/share/ament_index/resource_index/packages/pnp_calibration
-- Up-to-date: /home/kevin/radar_ws/install/pnp_calibration/share/pnp_calibration/cmake/pnp_calibrationConfig.cmake
-- Up-to-date: /home/kevin/radar_ws/install/pnp_calibration/share/pnp_calibration/cmake/pnp_calibrationConfig-version.cmake
-- Up-to-date: /home/kevin/radar_ws/install/pnp_calibration/share/pnp_calibration/package.xml
-- Installing: /home/kevin/radar_ws/install/pnp_calibration/lib/pnp_calibration/node_pnp_calibration
-- Set non-toolchain portion of runtime path of "/home/kevin/radar_ws/install/pnp_calibration/lib/pnp_calibration/node_pnp_calibration" to ""
